[3.218s] Invoking command in '/home/ncpa/tr1200_ws/tr1200_ros/tr1200_modules': PYTHONPATH=/home/ncpa/tr1200_ws/build/tr1200_modules/prefix_override:/usr/lib/python3/dist-packages/colcon_core/task/python/colcon_distutils_commands:/home/ncpa/tr1200_ws/install/tr1200_modules/lib/python3.10/site-packages:${PYTHONPATH} /usr/bin/python3 -W ignore:setup.py install is deprecated setup.py egg_info --egg-base ../../build/tr1200_modules build --build-base /home/ncpa/tr1200_ws/build/tr1200_modules/build install --record /home/ncpa/tr1200_ws/build/tr1200_modules/install.log --single-version-externally-managed install_data
[4.123s] running egg_info
[4.126s] writing ../../build/tr1200_modules/tr1200_modules.egg-info/PKG-INFO
[4.151s] writing dependency_links to ../../build/tr1200_modules/tr1200_modules.egg-info/dependency_links.txt
[4.152s] writing entry points to ../../build/tr1200_modules/tr1200_modules.egg-info/entry_points.txt
[4.153s] writing requirements to ../../build/tr1200_modules/tr1200_modules.egg-info/requires.txt
[4.154s] writing top-level names to ../../build/tr1200_modules/tr1200_modules.egg-info/top_level.txt
[4.160s] reading manifest file '../../build/tr1200_modules/tr1200_modules.egg-info/SOURCES.txt'
[4.164s] writing manifest file '../../build/tr1200_modules/tr1200_modules.egg-info/SOURCES.txt'
[4.164s] running build
[4.165s] running build_py
[4.167s] running install
[4.168s] running install_lib
[4.173s] running install_data
[4.174s] running install_egg_info
[4.180s] removing '/home/ncpa/tr1200_ws/install/tr1200_modules/lib/python3.10/site-packages/tr1200_modules-0.0.0-py3.10.egg-info' (and everything under it)
[4.181s] Copying ../../build/tr1200_modules/tr1200_modules.egg-info to /home/ncpa/tr1200_ws/install/tr1200_modules/lib/python3.10/site-packages/tr1200_modules-0.0.0-py3.10.egg-info
[4.185s] running install_scripts
[4.254s] writing list of installed files to '/home/ncpa/tr1200_ws/build/tr1200_modules/install.log'
[4.386s] Invoked command in '/home/ncpa/tr1200_ws/tr1200_ros/tr1200_modules' returned '0': PYTHONPATH=/home/ncpa/tr1200_ws/build/tr1200_modules/prefix_override:/usr/lib/python3/dist-packages/colcon_core/task/python/colcon_distutils_commands:/home/ncpa/tr1200_ws/install/tr1200_modules/lib/python3.10/site-packages:${PYTHONPATH} /usr/bin/python3 -W ignore:setup.py install is deprecated setup.py egg_info --egg-base ../../build/tr1200_modules build --build-base /home/ncpa/tr1200_ws/build/tr1200_modules/build install --record /home/ncpa/tr1200_ws/build/tr1200_modules/install.log --single-version-externally-managed install_data
