[0.824s] Invoking command in '/home/ncpa/tr1200_ws/build/tr1200_teleop': /usr/bin/cmake --build /home/ncpa/tr1200_ws/build/tr1200_teleop -- -j4 -l4
[0.917s] Invoked command in '/home/ncpa/tr1200_ws/build/tr1200_teleop' returned '0': /usr/bin/cmake --build /home/ncpa/tr1200_ws/build/tr1200_teleop -- -j4 -l4
[0.996s] Invoking command in '/home/ncpa/tr1200_ws/build/tr1200_teleop': /usr/bin/cmake --install /home/ncpa/tr1200_ws/build/tr1200_teleop
[1.016s] -- Install configuration: ""
[1.016s] -- Up-to-date: /home/ncpa/tr1200_ws/install/tr1200_teleop/share/tr1200_teleop/launch
[1.017s] -- Up-to-date: /home/ncpa/tr1200_ws/install/tr1200_teleop/share/tr1200_teleop/launch/keyop.launch.py
[1.018s] -- Up-to-date: /home/ncpa/tr1200_ws/install/tr1200_teleop/share/ament_index/resource_index/package_run_dependencies/tr1200_teleop
[1.018s] -- Up-to-date: /home/ncpa/tr1200_ws/install/tr1200_teleop/share/ament_index/resource_index/parent_prefix_path/tr1200_teleop
[1.018s] -- Up-to-date: /home/ncpa/tr1200_ws/install/tr1200_teleop/share/tr1200_teleop/environment/ament_prefix_path.sh
[1.019s] -- Up-to-date: /home/ncpa/tr1200_ws/install/tr1200_teleop/share/tr1200_teleop/environment/ament_prefix_path.dsv
[1.019s] -- Up-to-date: /home/ncpa/tr1200_ws/install/tr1200_teleop/share/tr1200_teleop/environment/path.sh
[1.019s] -- Up-to-date: /home/ncpa/tr1200_ws/install/tr1200_teleop/share/tr1200_teleop/environment/path.dsv
[1.020s] -- Up-to-date: /home/ncpa/tr1200_ws/install/tr1200_teleop/share/tr1200_teleop/local_setup.bash
[1.021s] -- Up-to-date: /home/ncpa/tr1200_ws/install/tr1200_teleop/share/tr1200_teleop/local_setup.sh
[1.021s] -- Up-to-date: /home/ncpa/tr1200_ws/install/tr1200_teleop/share/tr1200_teleop/local_setup.zsh
[1.021s] -- Up-to-date: /home/ncpa/tr1200_ws/install/tr1200_teleop/share/tr1200_teleop/local_setup.dsv
[1.022s] -- Installing: /home/ncpa/tr1200_ws/install/tr1200_teleop/share/tr1200_teleop/package.dsv
[1.046s] -- Up-to-date: /home/ncpa/tr1200_ws/install/tr1200_teleop/share/ament_index/resource_index/packages/tr1200_teleop
[1.047s] -- Up-to-date: /home/ncpa/tr1200_ws/install/tr1200_teleop/share/tr1200_teleop/cmake/tr1200_teleopConfig.cmake
[1.047s] -- Up-to-date: /home/ncpa/tr1200_ws/install/tr1200_teleop/share/tr1200_teleop/cmake/tr1200_teleopConfig-version.cmake
[1.048s] -- Up-to-date: /home/ncpa/tr1200_ws/install/tr1200_teleop/share/tr1200_teleop/package.xml
[1.051s] Invoked command in '/home/ncpa/tr1200_ws/build/tr1200_teleop' returned '0': /usr/bin/cmake --install /home/ncpa/tr1200_ws/build/tr1200_teleop
