-- Install configuration: ""
-- Up-to-date: /home/ncpa/tr1200_ws/install/tr1200_description/share/tr1200_description/urdf
-- Up-to-date: /home/ncpa/tr1200_ws/install/tr1200_description/share/tr1200_description/urdf/tr1200.urdf.xacro
-- Up-to-date: /home/ncpa/tr1200_ws/install/tr1200_description/share/tr1200_description/urdf/tr1200_base.urdf.xacro
-- Up-to-date: /home/ncpa/tr1200_ws/install/tr1200_description/share/tr1200_description/urdf/tr1200.ros2_control.xacro
-- Up-to-date: /home/ncpa/tr1200_ws/install/tr1200_description/share/tr1200_description/urdf/wheel.urdf.xacro
-- Up-to-date: /home/ncpa/tr1200_ws/install/tr1200_description/share/tr1200_description/launch
-- Up-to-date: /home/ncpa/tr1200_ws/install/tr1200_description/share/tr1200_description/launch/description.launch.py
-- Up-to-date: /home/ncpa/tr1200_ws/install/tr1200_description/share/ament_index/resource_index/package_run_dependencies/tr1200_description
-- Up-to-date: /home/ncpa/tr1200_ws/install/tr1200_description/share/ament_index/resource_index/parent_prefix_path/tr1200_description
-- Up-to-date: /home/ncpa/tr1200_ws/install/tr1200_description/share/tr1200_description/environment/ament_prefix_path.sh
-- Up-to-date: /home/ncpa/tr1200_ws/install/tr1200_description/share/tr1200_description/environment/ament_prefix_path.dsv
-- Up-to-date: /home/ncpa/tr1200_ws/install/tr1200_description/share/tr1200_description/environment/path.sh
-- Up-to-date: /home/ncpa/tr1200_ws/install/tr1200_description/share/tr1200_description/environment/path.dsv
-- Up-to-date: /home/ncpa/tr1200_ws/install/tr1200_description/share/tr1200_description/local_setup.bash
-- Up-to-date: /home/ncpa/tr1200_ws/install/tr1200_description/share/tr1200_description/local_setup.sh
-- Up-to-date: /home/ncpa/tr1200_ws/install/tr1200_description/share/tr1200_description/local_setup.zsh
-- Up-to-date: /home/ncpa/tr1200_ws/install/tr1200_description/share/tr1200_description/local_setup.dsv
-- Installing: /home/ncpa/tr1200_ws/install/tr1200_description/share/tr1200_description/package.dsv
-- Up-to-date: /home/ncpa/tr1200_ws/install/tr1200_description/share/ament_index/resource_index/packages/tr1200_description
-- Up-to-date: /home/ncpa/tr1200_ws/install/tr1200_description/share/tr1200_description/cmake/tr1200_descriptionConfig.cmake
-- Up-to-date: /home/ncpa/tr1200_ws/install/tr1200_description/share/tr1200_description/cmake/tr1200_descriptionConfig-version.cmake
-- Up-to-date: /home/ncpa/tr1200_ws/install/tr1200_description/share/tr1200_description/package.xml
