[2.048s] Invoking command in '/home/ncpa/tr1200_ws/tr1200_ros/tr1200_modules': PYTHONPATH=/home/ncpa/tr1200_ws/build/tr1200_modules/prefix_override:/usr/lib/python3/dist-packages/colcon_core/task/python/colcon_distutils_commands:/home/ncpa/tr1200_ws/install/tr1200_modules/lib/python3.10/site-packages: /usr/bin/python3 -W ignore:setup.py install is deprecated setup.py egg_info --egg-base ../../build/tr1200_modules build --build-base /home/ncpa/tr1200_ws/build/tr1200_modules/build install --record /home/ncpa/tr1200_ws/build/tr1200_modules/install.log --single-version-externally-managed install_data
[2.756s] running egg_info
[2.758s] writing ../../build/tr1200_modules/tr1200_modules.egg-info/PKG-INFO
[2.787s] writing dependency_links to ../../build/tr1200_modules/tr1200_modules.egg-info/dependency_links.txt
[2.787s] writing entry points to ../../build/tr1200_modules/tr1200_modules.egg-info/entry_points.txt
[2.788s] writing requirements to ../../build/tr1200_modules/tr1200_modules.egg-info/requires.txt
[2.789s] writing top-level names to ../../build/tr1200_modules/tr1200_modules.egg-info/top_level.txt
[2.795s] reading manifest file '../../build/tr1200_modules/tr1200_modules.egg-info/SOURCES.txt'
[2.799s] writing manifest file '../../build/tr1200_modules/tr1200_modules.egg-info/SOURCES.txt'
[2.799s] running build
[2.800s] running build_py
[2.800s] running install
[2.802s] running install_lib
[2.806s] running install_data
[2.807s] running install_egg_info
[2.812s] removing '/home/ncpa/tr1200_ws/install/tr1200_modules/lib/python3.10/site-packages/tr1200_modules-0.0.0-py3.10.egg-info' (and everything under it)
[2.813s] Copying ../../build/tr1200_modules/tr1200_modules.egg-info to /home/ncpa/tr1200_ws/install/tr1200_modules/lib/python3.10/site-packages/tr1200_modules-0.0.0-py3.10.egg-info
[2.816s] running install_scripts
[2.883s] writing list of installed files to '/home/ncpa/tr1200_ws/build/tr1200_modules/install.log'
[2.997s] Invoked command in '/home/ncpa/tr1200_ws/tr1200_ros/tr1200_modules' returned '0': PYTHONPATH=/home/ncpa/tr1200_ws/build/tr1200_modules/prefix_override:/usr/lib/python3/dist-packages/colcon_core/task/python/colcon_distutils_commands:/home/ncpa/tr1200_ws/install/tr1200_modules/lib/python3.10/site-packages: /usr/bin/python3 -W ignore:setup.py install is deprecated setup.py egg_info --egg-base ../../build/tr1200_modules build --build-base /home/ncpa/tr1200_ws/build/tr1200_modules/build install --record /home/ncpa/tr1200_ws/build/tr1200_modules/install.log --single-version-externally-managed install_data
