[0.847s] Invoking command in '/home/ncpa/tr1200_ws/build/tr1200_teleop': /usr/bin/cmake /home/ncpa/tr1200_ws/tr1200_ros/tr1200_teleop -DCMAKE_INSTALL_PREFIX=/home/ncpa/tr1200_ws/install/tr1200_teleop
[1.271s] -- The C compiler identification is GNU 11.4.0
[1.592s] -- The CXX compiler identification is GNU 11.4.0
[1.650s] -- Detecting C compiler ABI info
[1.872s] -- Detecting C compiler ABI info - done
[1.899s] -- Check for working C compiler: /usr/bin/cc - skipped
[1.899s] -- Detecting C compile features
[1.901s] -- Detecting C compile features - done
[1.912s] -- Detecting CXX compiler ABI info
[2.167s] -- Detecting CXX compiler ABI info - done
[2.196s] -- Check for working CXX compiler: /usr/bin/c++ - skipped
[2.196s] -- Detecting CXX compile features
[2.198s] -- Detecting CXX compile features - done
[2.225s] [31mCMake Error at CMakeLists.txt:8 (find_package):
[2.226s]   By not providing "Findament_cmake.cmake" in CMAKE_MODULE_PATH this project
[2.226s]   has asked CMake to find a package configuration file provided by
[2.228s]   "ament_cmake", but CMake did not find one.
[2.229s] 
[2.230s]   Could not find a package configuration file provided by "ament_cmake" with
[2.232s]   any of the following names:
[2.237s] 
[2.239s]     ament_cmakeConfig.cmake
[2.242s]     ament_cmake-config.cmake
[2.245s] 
[2.246s]   Add the installation prefix of "ament_cmake" to CMAKE_PREFIX_PATH or set
[2.246s]   "ament_cmake_DIR" to a directory containing one of the above files.  If
[2.246s]   "ament_cmake" provides a separate development package or SDK, be sure it
[2.247s]   has been installed.
[2.247s] 
[2.250s] [0m
[2.250s] -- Configuring incomplete, errors occurred!
[2.251s] See also "/home/ncpa/tr1200_ws/build/tr1200_teleop/CMakeFiles/CMakeOutput.log".
[2.252s] Invoked command in '/home/ncpa/tr1200_ws/build/tr1200_teleop' returned '1': /usr/bin/cmake /home/ncpa/tr1200_ws/tr1200_ros/tr1200_teleop -DCMAKE_INSTALL_PREFIX=/home/ncpa/tr1200_ws/install/tr1200_teleop
