running egg_info
creating ../../build/tr1200_modules/tr1200_modules.egg-info
writing ../../build/tr1200_modules/tr1200_modules.egg-info/PKG-INFO
writing dependency_links to ../../build/tr1200_modules/tr1200_modules.egg-info/dependency_links.txt
writing entry points to ../../build/tr1200_modules/tr1200_modules.egg-info/entry_points.txt
writing requirements to ../../build/tr1200_modules/tr1200_modules.egg-info/requires.txt
writing top-level names to ../../build/tr1200_modules/tr1200_modules.egg-info/top_level.txt
writing manifest file '../../build/tr1200_modules/tr1200_modules.egg-info/SOURCES.txt'
reading manifest file '../../build/tr1200_modules/tr1200_modules.egg-info/SOURCES.txt'
writing manifest file '../../build/tr1200_modules/tr1200_modules.egg-info/SOURCES.txt'
running build
running build_py
creating /home/ncpa/tr1200_ws/build/tr1200_modules/build
creating /home/ncpa/tr1200_ws/build/tr1200_modules/build/lib
creating /home/ncpa/tr1200_ws/build/tr1200_modules/build/lib/tr1200_modules
copying tr1200_modules/__init__.py -> /home/ncpa/tr1200_ws/build/tr1200_modules/build/lib/tr1200_modules
copying tr1200_modules/launch.py -> /home/ncpa/tr1200_ws/build/tr1200_modules/build/lib/tr1200_modules
running install
running install_lib
creating /home/ncpa/tr1200_ws/install/tr1200_modules/lib/python3.10/site-packages/tr1200_modules
copying /home/ncpa/tr1200_ws/build/tr1200_modules/build/lib/tr1200_modules/__init__.py -> /home/ncpa/tr1200_ws/install/tr1200_modules/lib/python3.10/site-packages/tr1200_modules
copying /home/ncpa/tr1200_ws/build/tr1200_modules/build/lib/tr1200_modules/launch.py -> /home/ncpa/tr1200_ws/install/tr1200_modules/lib/python3.10/site-packages/tr1200_modules
byte-compiling /home/ncpa/tr1200_ws/install/tr1200_modules/lib/python3.10/site-packages/tr1200_modules/__init__.py to __init__.cpython-310.pyc
byte-compiling /home/ncpa/tr1200_ws/install/tr1200_modules/lib/python3.10/site-packages/tr1200_modules/launch.py to launch.cpython-310.pyc
running install_data
creating /home/ncpa/tr1200_ws/install/tr1200_modules/share/ament_index
creating /home/ncpa/tr1200_ws/install/tr1200_modules/share/ament_index/resource_index
creating /home/ncpa/tr1200_ws/install/tr1200_modules/share/ament_index/resource_index/packages
copying resource/tr1200_modules -> /home/ncpa/tr1200_ws/install/tr1200_modules/share/ament_index/resource_index/packages
copying package.xml -> /home/ncpa/tr1200_ws/install/tr1200_modules/share/tr1200_modules
running install_egg_info
Copying ../../build/tr1200_modules/tr1200_modules.egg-info to /home/ncpa/tr1200_ws/install/tr1200_modules/lib/python3.10/site-packages/tr1200_modules-0.0.0-py3.10.egg-info
running install_scripts
writing list of installed files to '/home/ncpa/tr1200_ws/build/tr1200_modules/install.log'
