[2.568s] Invoking command in '/home/ncpa/tr1200_ws/tr1200_ros/tr1200_modules': PYTHONPATH=/home/ncpa/tr1200_ws/build/tr1200_modules/prefix_override:/usr/lib/python3/dist-packages/colcon_core/task/python/colcon_distutils_commands:/home/ncpa/tr1200_ws/install/tr1200_modules/lib/python3.10/site-packages:${PYTHONPATH} /usr/bin/python3 -W ignore:setup.py install is deprecated setup.py egg_info --egg-base ../../build/tr1200_modules build --build-base /home/ncpa/tr1200_ws/build/tr1200_modules/build install --record /home/ncpa/tr1200_ws/build/tr1200_modules/install.log --single-version-externally-managed install_data
[3.474s] running egg_info
[3.476s] creating ../../build/tr1200_modules/tr1200_modules.egg-info
[3.477s] writing ../../build/tr1200_modules/tr1200_modules.egg-info/PKG-INFO
[3.478s] writing dependency_links to ../../build/tr1200_modules/tr1200_modules.egg-info/dependency_links.txt
[3.479s] writing entry points to ../../build/tr1200_modules/tr1200_modules.egg-info/entry_points.txt
[3.479s] writing requirements to ../../build/tr1200_modules/tr1200_modules.egg-info/requires.txt
[3.480s] writing top-level names to ../../build/tr1200_modules/tr1200_modules.egg-info/top_level.txt
[3.480s] writing manifest file '../../build/tr1200_modules/tr1200_modules.egg-info/SOURCES.txt'
[3.486s] reading manifest file '../../build/tr1200_modules/tr1200_modules.egg-info/SOURCES.txt'
[3.488s] writing manifest file '../../build/tr1200_modules/tr1200_modules.egg-info/SOURCES.txt'
[3.489s] running build
[3.490s] running build_py
[3.490s] creating /home/ncpa/tr1200_ws/build/tr1200_modules/build
[3.491s] creating /home/ncpa/tr1200_ws/build/tr1200_modules/build/lib
[3.491s] creating /home/ncpa/tr1200_ws/build/tr1200_modules/build/lib/tr1200_modules
[3.492s] copying tr1200_modules/__init__.py -> /home/ncpa/tr1200_ws/build/tr1200_modules/build/lib/tr1200_modules
[3.492s] copying tr1200_modules/launch.py -> /home/ncpa/tr1200_ws/build/tr1200_modules/build/lib/tr1200_modules
[3.493s] running install
[3.494s] running install_lib
[3.496s] creating /home/ncpa/tr1200_ws/install/tr1200_modules/lib/python3.10/site-packages/tr1200_modules
[3.497s] copying /home/ncpa/tr1200_ws/build/tr1200_modules/build/lib/tr1200_modules/__init__.py -> /home/ncpa/tr1200_ws/install/tr1200_modules/lib/python3.10/site-packages/tr1200_modules
[3.497s] copying /home/ncpa/tr1200_ws/build/tr1200_modules/build/lib/tr1200_modules/launch.py -> /home/ncpa/tr1200_ws/install/tr1200_modules/lib/python3.10/site-packages/tr1200_modules
[3.499s] byte-compiling /home/ncpa/tr1200_ws/install/tr1200_modules/lib/python3.10/site-packages/tr1200_modules/__init__.py to __init__.cpython-310.pyc
[3.500s] byte-compiling /home/ncpa/tr1200_ws/install/tr1200_modules/lib/python3.10/site-packages/tr1200_modules/launch.py to launch.cpython-310.pyc
[3.502s] running install_data
[3.503s] creating /home/ncpa/tr1200_ws/install/tr1200_modules/share/ament_index
[3.503s] creating /home/ncpa/tr1200_ws/install/tr1200_modules/share/ament_index/resource_index
[3.504s] creating /home/ncpa/tr1200_ws/install/tr1200_modules/share/ament_index/resource_index/packages
[3.504s] copying resource/tr1200_modules -> /home/ncpa/tr1200_ws/install/tr1200_modules/share/ament_index/resource_index/packages
[3.505s] copying package.xml -> /home/ncpa/tr1200_ws/install/tr1200_modules/share/tr1200_modules
[3.505s] running install_egg_info
[3.510s] Copying ../../build/tr1200_modules/tr1200_modules.egg-info to /home/ncpa/tr1200_ws/install/tr1200_modules/lib/python3.10/site-packages/tr1200_modules-0.0.0-py3.10.egg-info
[3.513s] running install_scripts
[3.582s] writing list of installed files to '/home/ncpa/tr1200_ws/build/tr1200_modules/install.log'
[3.671s] Invoked command in '/home/ncpa/tr1200_ws/tr1200_ros/tr1200_modules' returned '0': PYTHONPATH=/home/ncpa/tr1200_ws/build/tr1200_modules/prefix_override:/usr/lib/python3/dist-packages/colcon_core/task/python/colcon_distutils_commands:/home/ncpa/tr1200_ws/install/tr1200_modules/lib/python3.10/site-packages:${PYTHONPATH} /usr/bin/python3 -W ignore:setup.py install is deprecated setup.py egg_info --egg-base ../../build/tr1200_modules build --build-base /home/ncpa/tr1200_ws/build/tr1200_modules/build install --record /home/ncpa/tr1200_ws/build/tr1200_modules/install.log --single-version-externally-managed install_data
