[4.025s] Invoking command in '/home/ncpa/tr1200_ws/tr1200_ros/tr1200_WASD': PYTHONPATH=/home/ncpa/tr1200_ws/build/tr1200_WASD/prefix_override:/usr/lib/python3/dist-packages/colcon_core/task/python/colcon_distutils_commands:/home/ncpa/tr1200_ws/install/tr1200_WASD/lib/python3.10/site-packages:${PYTHONPATH} /usr/bin/python3 -W ignore:setup.py install is deprecated setup.py egg_info --egg-base ../../build/tr1200_WASD build --build-base /home/ncpa/tr1200_ws/build/tr1200_WASD/build install --record /home/ncpa/tr1200_ws/build/tr1200_WASD/install.log --single-version-externally-managed install_data
[5.022s] running egg_info
[5.024s] writing ../../build/tr1200_WASD/tr1200_WASD.egg-info/PKG-INFO
[5.048s] writing dependency_links to ../../build/tr1200_WASD/tr1200_WASD.egg-info/dependency_links.txt
[5.049s] writing entry points to ../../build/tr1200_WASD/tr1200_WASD.egg-info/entry_points.txt
[5.050s] writing requirements to ../../build/tr1200_WASD/tr1200_WASD.egg-info/requires.txt
[5.050s] writing top-level names to ../../build/tr1200_WASD/tr1200_WASD.egg-info/top_level.txt
[5.056s] reading manifest file '../../build/tr1200_WASD/tr1200_WASD.egg-info/SOURCES.txt'
[5.060s] writing manifest file '../../build/tr1200_WASD/tr1200_WASD.egg-info/SOURCES.txt'
[5.061s] running build
[5.061s] running build_py
[5.062s] copying tr1200_WASD/teleop_node.py -> /home/ncpa/tr1200_ws/build/tr1200_WASD/build/lib/tr1200_WASD
[5.063s] running install
[5.064s] running install_lib
[5.067s] copying /home/ncpa/tr1200_ws/build/tr1200_WASD/build/lib/tr1200_WASD/teleop_node.py -> /home/ncpa/tr1200_ws/install/tr1200_WASD/lib/python3.10/site-packages/tr1200_WASD
[5.069s] byte-compiling /home/ncpa/tr1200_ws/install/tr1200_WASD/lib/python3.10/site-packages/tr1200_WASD/teleop_node.py to teleop_node.cpython-310.pyc
[5.070s]   File "/home/ncpa/tr1200_ws/install/tr1200_WASD/lib/python3.10/site-packages/tr1200_WASD/teleop_node.py", line 1
[5.071s]     mport rclpy
[5.072s]           ^^^^^
[5.072s] SyntaxError: invalid syntax
[5.073s] 
[5.073s] running install_data
[5.073s] running install_egg_info
[5.078s] removing '/home/ncpa/tr1200_ws/install/tr1200_WASD/lib/python3.10/site-packages/tr1200_WASD-0.0.0-py3.10.egg-info' (and everything under it)
[5.078s] Copying ../../build/tr1200_WASD/tr1200_WASD.egg-info to /home/ncpa/tr1200_ws/install/tr1200_WASD/lib/python3.10/site-packages/tr1200_WASD-0.0.0-py3.10.egg-info
[5.082s] running install_scripts
[5.153s] Installing teleop_node script to /home/ncpa/tr1200_ws/install/tr1200_WASD/lib/tr1200_WASD
[5.178s] writing list of installed files to '/home/ncpa/tr1200_ws/build/tr1200_WASD/install.log'
[5.270s] Invoked command in '/home/ncpa/tr1200_ws/tr1200_ros/tr1200_WASD' returned '0': PYTHONPATH=/home/ncpa/tr1200_ws/build/tr1200_WASD/prefix_override:/usr/lib/python3/dist-packages/colcon_core/task/python/colcon_distutils_commands:/home/ncpa/tr1200_ws/install/tr1200_WASD/lib/python3.10/site-packages:${PYTHONPATH} /usr/bin/python3 -W ignore:setup.py install is deprecated setup.py egg_info --egg-base ../../build/tr1200_WASD build --build-base /home/ncpa/tr1200_ws/build/tr1200_WASD/build install --record /home/ncpa/tr1200_ws/build/tr1200_WASD/install.log --single-version-externally-managed install_data
