[0.031s] Invoking command in '/home/ncpa/tr1200_ws/build/tr1200_ros': AMENT_PREFIX_PATH=/home/ncpa/tr1200_ws/install/tr1200_control:/home/ncpa/tr1200_ws/install/tr1200_description:/home/ncpa/tr1200_ws/install/tr1200_teleop:/home/ncpa/tr1200_ws/install/tr1200_modules:/home/ncpa/tr1200_ws/install/tr1200_base:${AMENT_PREFIX_PATH} CMAKE_PREFIX_PATH=/home/ncpa/tr1200_ws/install/tr1200_control:/home/ncpa/tr1200_ws/install/tr1200_description:/home/ncpa/tr1200_ws/install/tr1200_teleop:/home/ncpa/tr1200_ws/install/tr1200_base:/opt/ros/humble LD_LIBRARY_PATH=/home/ncpa/tr1200_ws/install/tr1200_base/lib:${LD_LIBRARY_PATH} PYTHONPATH=/home/ncpa/tr1200_ws/install/tr1200_modules/lib/python3.10/site-packages:${PYTHONPATH} /usr/bin/cmake /home/ncpa/tr1200_ws/tr1200_ros/tr1200_ros -DCMAKE_INSTALL_PREFIX=/home/ncpa/tr1200_ws/install/tr1200_ros
[0.227s] -- The C compiler identification is GNU 11.4.0
[0.436s] -- The CXX compiler identification is GNU 11.4.0
[0.461s] -- Detecting C compiler ABI info
[0.695s] -- Detecting C compiler ABI info - done
[0.721s] -- Check for working C compiler: /usr/bin/cc - skipped
[0.722s] -- Detecting C compile features
[0.724s] -- Detecting C compile features - done
[0.735s] -- Detecting CXX compiler ABI info
[0.997s] -- Detecting CXX compiler ABI info - done
[1.024s] -- Check for working CXX compiler: /usr/bin/c++ - skipped
[1.024s] -- Detecting CXX compile features
[1.026s] -- Detecting CXX compile features - done
[1.033s] -- Found ament_cmake: 1.3.10 (/opt/ros/humble/share/ament_cmake/cmake)
[1.524s] -- Found Python3: /usr/bin/python3 (found version "3.10.12") found components: Interpreter 
[2.022s] -- Configuring done
[2.029s] -- Generating done
[2.058s] -- Build files have been written to: /home/ncpa/tr1200_ws/build/tr1200_ros
[2.076s] Invoked command in '/home/ncpa/tr1200_ws/build/tr1200_ros' returned '0': AMENT_PREFIX_PATH=/home/ncpa/tr1200_ws/install/tr1200_control:/home/ncpa/tr1200_ws/install/tr1200_description:/home/ncpa/tr1200_ws/install/tr1200_teleop:/home/ncpa/tr1200_ws/install/tr1200_modules:/home/ncpa/tr1200_ws/install/tr1200_base:${AMENT_PREFIX_PATH} CMAKE_PREFIX_PATH=/home/ncpa/tr1200_ws/install/tr1200_control:/home/ncpa/tr1200_ws/install/tr1200_description:/home/ncpa/tr1200_ws/install/tr1200_teleop:/home/ncpa/tr1200_ws/install/tr1200_base:/opt/ros/humble LD_LIBRARY_PATH=/home/ncpa/tr1200_ws/install/tr1200_base/lib:${LD_LIBRARY_PATH} PYTHONPATH=/home/ncpa/tr1200_ws/install/tr1200_modules/lib/python3.10/site-packages:${PYTHONPATH} /usr/bin/cmake /home/ncpa/tr1200_ws/tr1200_ros/tr1200_ros -DCMAKE_INSTALL_PREFIX=/home/ncpa/tr1200_ws/install/tr1200_ros
[2.083s] Invoking command in '/home/ncpa/tr1200_ws/build/tr1200_ros': AMENT_PREFIX_PATH=/home/ncpa/tr1200_ws/install/tr1200_control:/home/ncpa/tr1200_ws/install/tr1200_description:/home/ncpa/tr1200_ws/install/tr1200_teleop:/home/ncpa/tr1200_ws/install/tr1200_modules:/home/ncpa/tr1200_ws/install/tr1200_base:${AMENT_PREFIX_PATH} CMAKE_PREFIX_PATH=/home/ncpa/tr1200_ws/install/tr1200_control:/home/ncpa/tr1200_ws/install/tr1200_description:/home/ncpa/tr1200_ws/install/tr1200_teleop:/home/ncpa/tr1200_ws/install/tr1200_base:/opt/ros/humble LD_LIBRARY_PATH=/home/ncpa/tr1200_ws/install/tr1200_base/lib:${LD_LIBRARY_PATH} PYTHONPATH=/home/ncpa/tr1200_ws/install/tr1200_modules/lib/python3.10/site-packages:${PYTHONPATH} /usr/bin/cmake --build /home/ncpa/tr1200_ws/build/tr1200_ros -- -j4 -l4
[2.189s] Invoked command in '/home/ncpa/tr1200_ws/build/tr1200_ros' returned '0': AMENT_PREFIX_PATH=/home/ncpa/tr1200_ws/install/tr1200_control:/home/ncpa/tr1200_ws/install/tr1200_description:/home/ncpa/tr1200_ws/install/tr1200_teleop:/home/ncpa/tr1200_ws/install/tr1200_modules:/home/ncpa/tr1200_ws/install/tr1200_base:${AMENT_PREFIX_PATH} CMAKE_PREFIX_PATH=/home/ncpa/tr1200_ws/install/tr1200_control:/home/ncpa/tr1200_ws/install/tr1200_description:/home/ncpa/tr1200_ws/install/tr1200_teleop:/home/ncpa/tr1200_ws/install/tr1200_base:/opt/ros/humble LD_LIBRARY_PATH=/home/ncpa/tr1200_ws/install/tr1200_base/lib:${LD_LIBRARY_PATH} PYTHONPATH=/home/ncpa/tr1200_ws/install/tr1200_modules/lib/python3.10/site-packages:${PYTHONPATH} /usr/bin/cmake --build /home/ncpa/tr1200_ws/build/tr1200_ros -- -j4 -l4
[2.247s] Invoking command in '/home/ncpa/tr1200_ws/build/tr1200_ros': AMENT_PREFIX_PATH=/home/ncpa/tr1200_ws/install/tr1200_control:/home/ncpa/tr1200_ws/install/tr1200_description:/home/ncpa/tr1200_ws/install/tr1200_teleop:/home/ncpa/tr1200_ws/install/tr1200_modules:/home/ncpa/tr1200_ws/install/tr1200_base:${AMENT_PREFIX_PATH} CMAKE_PREFIX_PATH=/home/ncpa/tr1200_ws/install/tr1200_control:/home/ncpa/tr1200_ws/install/tr1200_description:/home/ncpa/tr1200_ws/install/tr1200_teleop:/home/ncpa/tr1200_ws/install/tr1200_base:/opt/ros/humble LD_LIBRARY_PATH=/home/ncpa/tr1200_ws/install/tr1200_base/lib:${LD_LIBRARY_PATH} PYTHONPATH=/home/ncpa/tr1200_ws/install/tr1200_modules/lib/python3.10/site-packages:${PYTHONPATH} /usr/bin/cmake --install /home/ncpa/tr1200_ws/build/tr1200_ros
[2.265s] -- Install configuration: ""
[2.265s] -- Installing: /home/ncpa/tr1200_ws/install/tr1200_ros/share/ament_index/resource_index/package_run_dependencies/tr1200_ros
[2.266s] -- Installing: /home/ncpa/tr1200_ws/install/tr1200_ros/share/ament_index/resource_index/parent_prefix_path/tr1200_ros
[2.267s] -- Installing: /home/ncpa/tr1200_ws/install/tr1200_ros/share/tr1200_ros/environment/ament_prefix_path.sh
[2.267s] -- Installing: /home/ncpa/tr1200_ws/install/tr1200_ros/share/tr1200_ros/environment/ament_prefix_path.dsv
[2.268s] -- Installing: /home/ncpa/tr1200_ws/install/tr1200_ros/share/tr1200_ros/environment/path.sh
[2.268s] -- Installing: /home/ncpa/tr1200_ws/install/tr1200_ros/share/tr1200_ros/environment/path.dsv
[2.269s] -- Installing: /home/ncpa/tr1200_ws/install/tr1200_ros/share/tr1200_ros/local_setup.bash
[2.269s] -- Installing: /home/ncpa/tr1200_ws/install/tr1200_ros/share/tr1200_ros/local_setup.sh
[2.269s] -- Installing: /home/ncpa/tr1200_ws/install/tr1200_ros/share/tr1200_ros/local_setup.zsh
[2.270s] -- Installing: /home/ncpa/tr1200_ws/install/tr1200_ros/share/tr1200_ros/local_setup.dsv
[2.270s] -- Installing: /home/ncpa/tr1200_ws/install/tr1200_ros/share/tr1200_ros/package.dsv
[2.271s] -- Installing: /home/ncpa/tr1200_ws/install/tr1200_ros/share/ament_index/resource_index/packages/tr1200_ros
[2.271s] -- Installing: /home/ncpa/tr1200_ws/install/tr1200_ros/share/tr1200_ros/cmake/tr1200_rosConfig.cmake
[2.271s] -- Installing: /home/ncpa/tr1200_ws/install/tr1200_ros/share/tr1200_ros/cmake/tr1200_rosConfig-version.cmake
[2.272s] -- Installing: /home/ncpa/tr1200_ws/install/tr1200_ros/share/tr1200_ros/package.xml
[2.279s] Invoked command in '/home/ncpa/tr1200_ws/build/tr1200_ros' returned '0': AMENT_PREFIX_PATH=/home/ncpa/tr1200_ws/install/tr1200_control:/home/ncpa/tr1200_ws/install/tr1200_description:/home/ncpa/tr1200_ws/install/tr1200_teleop:/home/ncpa/tr1200_ws/install/tr1200_modules:/home/ncpa/tr1200_ws/install/tr1200_base:${AMENT_PREFIX_PATH} CMAKE_PREFIX_PATH=/home/ncpa/tr1200_ws/install/tr1200_control:/home/ncpa/tr1200_ws/install/tr1200_description:/home/ncpa/tr1200_ws/install/tr1200_teleop:/home/ncpa/tr1200_ws/install/tr1200_base:/opt/ros/humble LD_LIBRARY_PATH=/home/ncpa/tr1200_ws/install/tr1200_base/lib:${LD_LIBRARY_PATH} PYTHONPATH=/home/ncpa/tr1200_ws/install/tr1200_modules/lib/python3.10/site-packages:${PYTHONPATH} /usr/bin/cmake --install /home/ncpa/tr1200_ws/build/tr1200_ros
