-- Install configuration: ""
-- Up-to-date: /home/ncpa/tr1200_ws/install/tr1200_control/share/tr1200_control/config
-- Up-to-date: /home/ncpa/tr1200_ws/install/tr1200_control/share/tr1200_control/config/tr1200_controllers.yaml
-- Up-to-date: /home/ncpa/tr1200_ws/install/tr1200_control/share/tr1200_control/launch
-- Up-to-date: /home/ncpa/tr1200_ws/install/tr1200_control/share/tr1200_control/launch/control.launch.py
-- Up-to-date: /home/ncpa/tr1200_ws/install/tr1200_control/share/ament_index/resource_index/package_run_dependencies/tr1200_control
-- Up-to-date: /home/ncpa/tr1200_ws/install/tr1200_control/share/ament_index/resource_index/parent_prefix_path/tr1200_control
-- Up-to-date: /home/ncpa/tr1200_ws/install/tr1200_control/share/tr1200_control/environment/ament_prefix_path.sh
-- Up-to-date: /home/ncpa/tr1200_ws/install/tr1200_control/share/tr1200_control/environment/ament_prefix_path.dsv
-- Up-to-date: /home/ncpa/tr1200_ws/install/tr1200_control/share/tr1200_control/environment/path.sh
-- Up-to-date: /home/ncpa/tr1200_ws/install/tr1200_control/share/tr1200_control/environment/path.dsv
-- Up-to-date: /home/ncpa/tr1200_ws/install/tr1200_control/share/tr1200_control/local_setup.bash
-- Up-to-date: /home/ncpa/tr1200_ws/install/tr1200_control/share/tr1200_control/local_setup.sh
-- Up-to-date: /home/ncpa/tr1200_ws/install/tr1200_control/share/tr1200_control/local_setup.zsh
-- Up-to-date: /home/ncpa/tr1200_ws/install/tr1200_control/share/tr1200_control/local_setup.dsv
-- Up-to-date: /home/ncpa/tr1200_ws/install/tr1200_control/share/tr1200_control/package.dsv
-- Up-to-date: /home/ncpa/tr1200_ws/install/tr1200_control/share/ament_index/resource_index/packages/tr1200_control
-- Up-to-date: /home/ncpa/tr1200_ws/install/tr1200_control/share/tr1200_control/cmake/tr1200_controlConfig.cmake
-- Up-to-date: /home/ncpa/tr1200_ws/install/tr1200_control/share/tr1200_control/cmake/tr1200_controlConfig-version.cmake
-- Up-to-date: /home/ncpa/tr1200_ws/install/tr1200_control/share/tr1200_control/package.xml
