[0.022s] Invoking command in '/home/ncpa/tr1200_ws/build/tr1200_description': AMENT_PREFIX_PATH=/home/ncpa/tr1200_ws/install/tr1200_modules:${AMENT_PREFIX_PATH} CMAKE_PREFIX_PATH=/opt/ros/humble PYTHONPATH=/home/ncpa/tr1200_ws/install/tr1200_modules/lib/python3.10/site-packages:${PYTHONPATH} /usr/bin/cmake /home/ncpa/tr1200_ws/tr1200_ros/tr1200_description -DCMAKE_INSTALL_PREFIX=/home/ncpa/tr1200_ws/install/tr1200_description
[0.184s] -- The C compiler identification is GNU 11.4.0
[0.380s] -- The CXX compiler identification is GNU 11.4.0
[0.398s] -- Detecting C compiler ABI info
[0.594s] -- Detecting C compiler ABI info - done
[0.620s] -- Check for working C compiler: /usr/bin/cc - skipped
[0.621s] -- Detecting C compile features
[0.621s] -- Detecting C compile features - done
[0.629s] -- Detecting CXX compiler ABI info
[0.860s] -- Detecting CXX compiler ABI info - done
[0.886s] -- Check for working CXX compiler: /usr/bin/c++ - skipped
[0.887s] -- Detecting CXX compile features
[0.888s] -- Detecting CXX compile features - done
[0.893s] -- Found ament_cmake: 1.3.10 (/opt/ros/humble/share/ament_cmake/cmake)
[1.377s] -- Found Python3: /usr/bin/python3 (found version "3.10.12") found components: Interpreter 
[1.635s] -- Found ament_lint_auto: 0.12.11 (/opt/ros/humble/share/ament_lint_auto/cmake)
[1.883s] -- Added test 'copyright' to check source files copyright and LICENSE
[1.888s] -- Added test 'flake8' to check Python code syntax and style conventions
[1.890s] -- Added test 'lint_cmake' to check CMake code style
[1.891s] -- Added test 'pep257' to check Python code against some of the docstring style conventions in PEP 257
[1.894s] -- Added test 'xmllint' to check XML markup files
[1.897s] -- Configuring done
[1.905s] -- Generating done
[1.908s] -- Build files have been written to: /home/ncpa/tr1200_ws/build/tr1200_description
[1.923s] Invoked command in '/home/ncpa/tr1200_ws/build/tr1200_description' returned '0': AMENT_PREFIX_PATH=/home/ncpa/tr1200_ws/install/tr1200_modules:${AMENT_PREFIX_PATH} CMAKE_PREFIX_PATH=/opt/ros/humble PYTHONPATH=/home/ncpa/tr1200_ws/install/tr1200_modules/lib/python3.10/site-packages:${PYTHONPATH} /usr/bin/cmake /home/ncpa/tr1200_ws/tr1200_ros/tr1200_description -DCMAKE_INSTALL_PREFIX=/home/ncpa/tr1200_ws/install/tr1200_description
[1.926s] Invoking command in '/home/ncpa/tr1200_ws/build/tr1200_description': AMENT_PREFIX_PATH=/home/ncpa/tr1200_ws/install/tr1200_modules:${AMENT_PREFIX_PATH} CMAKE_PREFIX_PATH=/opt/ros/humble PYTHONPATH=/home/ncpa/tr1200_ws/install/tr1200_modules/lib/python3.10/site-packages:${PYTHONPATH} /usr/bin/cmake --build /home/ncpa/tr1200_ws/build/tr1200_description -- -j4 -l4
[2.021s] Invoked command in '/home/ncpa/tr1200_ws/build/tr1200_description' returned '0': AMENT_PREFIX_PATH=/home/ncpa/tr1200_ws/install/tr1200_modules:${AMENT_PREFIX_PATH} CMAKE_PREFIX_PATH=/opt/ros/humble PYTHONPATH=/home/ncpa/tr1200_ws/install/tr1200_modules/lib/python3.10/site-packages:${PYTHONPATH} /usr/bin/cmake --build /home/ncpa/tr1200_ws/build/tr1200_description -- -j4 -l4
[2.076s] Invoking command in '/home/ncpa/tr1200_ws/build/tr1200_description': AMENT_PREFIX_PATH=/home/ncpa/tr1200_ws/install/tr1200_modules:${AMENT_PREFIX_PATH} CMAKE_PREFIX_PATH=/opt/ros/humble PYTHONPATH=/home/ncpa/tr1200_ws/install/tr1200_modules/lib/python3.10/site-packages:${PYTHONPATH} /usr/bin/cmake --install /home/ncpa/tr1200_ws/build/tr1200_description
[2.097s] -- Install configuration: ""
[2.097s] -- Installing: /home/ncpa/tr1200_ws/install/tr1200_description/share/tr1200_description/urdf
[2.098s] -- Installing: /home/ncpa/tr1200_ws/install/tr1200_description/share/tr1200_description/urdf/tr1200.urdf.xacro
[2.099s] -- Installing: /home/ncpa/tr1200_ws/install/tr1200_description/share/tr1200_description/urdf/tr1200_base.urdf.xacro
[2.100s] -- Installing: /home/ncpa/tr1200_ws/install/tr1200_description/share/tr1200_description/urdf/tr1200.ros2_control.xacro
[2.100s] -- Installing: /home/ncpa/tr1200_ws/install/tr1200_description/share/tr1200_description/urdf/wheel.urdf.xacro
[2.101s] -- Installing: /home/ncpa/tr1200_ws/install/tr1200_description/share/tr1200_description/launch
[2.101s] -- Installing: /home/ncpa/tr1200_ws/install/tr1200_description/share/tr1200_description/launch/description.launch.py
[2.102s] -- Installing: /home/ncpa/tr1200_ws/install/tr1200_description/share/ament_index/resource_index/package_run_dependencies/tr1200_description
[2.102s] -- Installing: /home/ncpa/tr1200_ws/install/tr1200_description/share/ament_index/resource_index/parent_prefix_path/tr1200_description
[2.103s] -- Installing: /home/ncpa/tr1200_ws/install/tr1200_description/share/tr1200_description/environment/ament_prefix_path.sh
[2.103s] -- Installing: /home/ncpa/tr1200_ws/install/tr1200_description/share/tr1200_description/environment/ament_prefix_path.dsv
[2.103s] -- Installing: /home/ncpa/tr1200_ws/install/tr1200_description/share/tr1200_description/environment/path.sh
[2.104s] -- Installing: /home/ncpa/tr1200_ws/install/tr1200_description/share/tr1200_description/environment/path.dsv
[2.104s] -- Installing: /home/ncpa/tr1200_ws/install/tr1200_description/share/tr1200_description/local_setup.bash
[2.104s] -- Installing: /home/ncpa/tr1200_ws/install/tr1200_description/share/tr1200_description/local_setup.sh
[2.105s] -- Installing: /home/ncpa/tr1200_ws/install/tr1200_description/share/tr1200_description/local_setup.zsh
[2.105s] -- Installing: /home/ncpa/tr1200_ws/install/tr1200_description/share/tr1200_description/local_setup.dsv
[2.106s] -- Installing: /home/ncpa/tr1200_ws/install/tr1200_description/share/tr1200_description/package.dsv
[2.106s] -- Installing: /home/ncpa/tr1200_ws/install/tr1200_description/share/ament_index/resource_index/packages/tr1200_description
[2.107s] -- Installing: /home/ncpa/tr1200_ws/install/tr1200_description/share/tr1200_description/cmake/tr1200_descriptionConfig.cmake
[2.107s] -- Installing: /home/ncpa/tr1200_ws/install/tr1200_description/share/tr1200_description/cmake/tr1200_descriptionConfig-version.cmake
[2.107s] -- Installing: /home/ncpa/tr1200_ws/install/tr1200_description/share/tr1200_description/package.xml
[2.113s] Invoked command in '/home/ncpa/tr1200_ws/build/tr1200_description' returned '0': AMENT_PREFIX_PATH=/home/ncpa/tr1200_ws/install/tr1200_modules:${AMENT_PREFIX_PATH} CMAKE_PREFIX_PATH=/opt/ros/humble PYTHONPATH=/home/ncpa/tr1200_ws/install/tr1200_modules/lib/python3.10/site-packages:${PYTHONPATH} /usr/bin/cmake --install /home/ncpa/tr1200_ws/build/tr1200_description
