running egg_info
writing ../../build/tr1200_WASD/tr1200_WASD.egg-info/PKG-INFO
writing dependency_links to ../../build/tr1200_WASD/tr1200_WASD.egg-info/dependency_links.txt
writing entry points to ../../build/tr1200_WASD/tr1200_WASD.egg-info/entry_points.txt
writing requirements to ../../build/tr1200_WASD/tr1200_WASD.egg-info/requires.txt
writing top-level names to ../../build/tr1200_WASD/tr1200_WASD.egg-info/top_level.txt
reading manifest file '../../build/tr1200_WASD/tr1200_WASD.egg-info/SOURCES.txt'
writing manifest file '../../build/tr1200_WASD/tr1200_WASD.egg-info/SOURCES.txt'
running build
running build_py
copying tr1200_WASD/teleop_node.py -> /home/ncpa/tr1200_ws/build/tr1200_WASD/build/lib/tr1200_WASD
running install
running install_lib
copying /home/ncpa/tr1200_ws/build/tr1200_WASD/build/lib/tr1200_WASD/teleop_node.py -> /home/ncpa/tr1200_ws/install/tr1200_WASD/lib/python3.10/site-packages/tr1200_WASD
byte-compiling /home/ncpa/tr1200_ws/install/tr1200_WASD/lib/python3.10/site-packages/tr1200_WASD/teleop_node.py to teleop_node.cpython-310.pyc
running install_data
running install_egg_info
removing '/home/ncpa/tr1200_ws/install/tr1200_WASD/lib/python3.10/site-packages/tr1200_WASD-0.0.0-py3.10.egg-info' (and everything under it)
Copying ../../build/tr1200_WASD/tr1200_WASD.egg-info to /home/ncpa/tr1200_ws/install/tr1200_WASD/lib/python3.10/site-packages/tr1200_WASD-0.0.0-py3.10.egg-info
running install_scripts
Installing teleop_node script to /home/ncpa/tr1200_ws/install/tr1200_WASD/lib/tr1200_WASD
writing list of installed files to '/home/ncpa/tr1200_ws/build/tr1200_WASD/install.log'
