[0.571s] DEBUG:colcon:Command line arguments: ['/usr/bin/colcon', 'build']
[0.572s] DEBUG:colcon:Parsed command line arguments: Namespace(log_base=None, log_level=None, verb_name='build', build_base='build', install_base='install', merge_install=False, symlink_install=False, test_result_base=None, continue_on_error=False, executor='parallel', parallel_workers=4, event_handlers=None, ignore_user_meta=False, metas=['./colcon.meta'], base_paths=['.'], packages_ignore=None, packages_ignore_regex=None, paths=None, packages_up_to=None, packages_up_to_regex=None, packages_above=None, packages_above_and_dependencies=None, packages_above_depth=None, packages_select_by_dep=None, packages_skip_by_dep=None, packages_skip_up_to=None, packages_select_build_failed=False, packages_skip_build_finished=False, packages_select_test_failures=False, packages_skip_test_passed=False, packages_select=None, packages_skip=None, packages_select_regex=None, packages_skip_regex=None, packages_start=None, packages_end=None, allow_overriding=[], cmake_args=None, cmake_target=None, cmake_target_skip_unavailable=False, cmake_clean_cache=False, cmake_clean_first=False, cmake_force_configure=False, ament_cmake_args=None, catkin_cmake_args=None, catkin_skip_building_tests=False, mixin_files=None, mixin=None, verb_parser=<colcon_mixin.mixin.mixin_argument.MixinArgumentDecorator object at 0x720317f32620>, verb_extension=<colcon_core.verb.build.BuildVerb object at 0x7203180afac0>, main=<bound method BuildVerb.main of <colcon_core.verb.build.BuildVerb object at 0x7203180afac0>>, mixin_verb=('build',))
[1.538s] Level 1:colcon.colcon_core.package_discovery:discover_packages(colcon_meta) check parameters
[1.539s] Level 1:colcon.colcon_core.package_discovery:discover_packages(recursive) check parameters
[1.539s] Level 1:colcon.colcon_core.package_discovery:discover_packages(ignore) check parameters
[1.539s] Level 1:colcon.colcon_core.package_discovery:discover_packages(path) check parameters
[1.539s] Level 1:colcon.colcon_core.package_discovery:discover_packages(colcon_meta) discover
[1.539s] Level 1:colcon.colcon_core.package_discovery:discover_packages(recursive) discover
[1.539s] INFO:colcon.colcon_core.package_discovery:Crawling recursively for packages in '/home/ncpa/tr1200_ws'
[1.540s] Level 1:colcon.colcon_core.package_identification:_identify(.) by extensions ['ignore', 'ignore_ament_install']
[1.540s] Level 1:colcon.colcon_core.package_identification:_identify(.) by extension 'ignore'
[1.540s] Level 1:colcon.colcon_core.package_identification:_identify(.) by extension 'ignore_ament_install'
[1.541s] Level 1:colcon.colcon_core.package_identification:_identify(.) by extensions ['colcon_pkg']
[1.541s] Level 1:colcon.colcon_core.package_identification:_identify(.) by extension 'colcon_pkg'
[1.541s] Level 1:colcon.colcon_core.package_identification:_identify(.) by extensions ['colcon_meta']
[1.541s] Level 1:colcon.colcon_core.package_identification:_identify(.) by extension 'colcon_meta'
[1.541s] Level 1:colcon.colcon_core.package_identification:_identify(.) by extensions ['ros']
[1.541s] Level 1:colcon.colcon_core.package_identification:_identify(.) by extension 'ros'
[1.586s] Level 1:colcon.colcon_core.package_identification:_identify(.) by extensions ['cmake', 'python']
[1.586s] Level 1:colcon.colcon_core.package_identification:_identify(.) by extension 'cmake'
[1.586s] Level 1:colcon.colcon_core.package_identification:_identify(.) by extension 'python'
[1.586s] Level 1:colcon.colcon_core.package_identification:_identify(.) by extensions ['python_setup_py']
[1.586s] Level 1:colcon.colcon_core.package_identification:_identify(.) by extension 'python_setup_py'
[1.587s] Level 1:colcon.colcon_core.package_identification:_identify(build) by extensions ['ignore', 'ignore_ament_install']
[1.588s] Level 1:colcon.colcon_core.package_identification:_identify(build) by extension 'ignore'
[1.588s] Level 1:colcon.colcon_core.package_identification:_identify(build) ignored
[1.589s] Level 1:colcon.colcon_core.package_identification:_identify(install) by extensions ['ignore', 'ignore_ament_install']
[1.590s] Level 1:colcon.colcon_core.package_identification:_identify(install) by extension 'ignore'
[1.590s] Level 1:colcon.colcon_core.package_identification:_identify(install) ignored
[1.590s] Level 1:colcon.colcon_core.package_identification:_identify(log) by extensions ['ignore', 'ignore_ament_install']
[1.591s] Level 1:colcon.colcon_core.package_identification:_identify(log) by extension 'ignore'
[1.591s] Level 1:colcon.colcon_core.package_identification:_identify(log) ignored
[1.592s] Level 1:colcon.colcon_core.package_identification:_identify(src) by extensions ['ignore', 'ignore_ament_install']
[1.592s] Level 1:colcon.colcon_core.package_identification:_identify(src) by extension 'ignore'
[1.592s] Level 1:colcon.colcon_core.package_identification:_identify(src) by extension 'ignore_ament_install'
[1.593s] Level 1:colcon.colcon_core.package_identification:_identify(src) by extensions ['colcon_pkg']
[1.593s] Level 1:colcon.colcon_core.package_identification:_identify(src) by extension 'colcon_pkg'
[1.593s] Level 1:colcon.colcon_core.package_identification:_identify(src) by extensions ['colcon_meta']
[1.593s] Level 1:colcon.colcon_core.package_identification:_identify(src) by extension 'colcon_meta'
[1.593s] Level 1:colcon.colcon_core.package_identification:_identify(src) by extensions ['ros']
[1.593s] Level 1:colcon.colcon_core.package_identification:_identify(src) by extension 'ros'
[1.594s] Level 1:colcon.colcon_core.package_identification:_identify(src) by extensions ['cmake', 'python']
[1.594s] Level 1:colcon.colcon_core.package_identification:_identify(src) by extension 'cmake'
[1.594s] Level 1:colcon.colcon_core.package_identification:_identify(src) by extension 'python'
[1.594s] Level 1:colcon.colcon_core.package_identification:_identify(src) by extensions ['python_setup_py']
[1.594s] Level 1:colcon.colcon_core.package_identification:_identify(src) by extension 'python_setup_py'
[1.594s] Level 1:colcon.colcon_core.package_identification:_identify(tr1200_ros) by extensions ['ignore', 'ignore_ament_install']
[1.595s] Level 1:colcon.colcon_core.package_identification:_identify(tr1200_ros) by extension 'ignore'
[1.595s] Level 1:colcon.colcon_core.package_identification:_identify(tr1200_ros) by extension 'ignore_ament_install'
[1.595s] Level 1:colcon.colcon_core.package_identification:_identify(tr1200_ros) by extensions ['colcon_pkg']
[1.596s] Level 1:colcon.colcon_core.package_identification:_identify(tr1200_ros) by extension 'colcon_pkg'
[1.596s] Level 1:colcon.colcon_core.package_identification:_identify(tr1200_ros) by extensions ['colcon_meta']
[1.596s] Level 1:colcon.colcon_core.package_identification:_identify(tr1200_ros) by extension 'colcon_meta'
[1.596s] Level 1:colcon.colcon_core.package_identification:_identify(tr1200_ros) by extensions ['ros']
[1.596s] Level 1:colcon.colcon_core.package_identification:_identify(tr1200_ros) by extension 'ros'
[1.597s] Level 1:colcon.colcon_core.package_identification:_identify(tr1200_ros) by extensions ['cmake', 'python']
[1.597s] Level 1:colcon.colcon_core.package_identification:_identify(tr1200_ros) by extension 'cmake'
[1.597s] Level 1:colcon.colcon_core.package_identification:_identify(tr1200_ros) by extension 'python'
[1.597s] Level 1:colcon.colcon_core.package_identification:_identify(tr1200_ros) by extensions ['python_setup_py']
[1.597s] Level 1:colcon.colcon_core.package_identification:_identify(tr1200_ros) by extension 'python_setup_py'
[1.598s] Level 1:colcon.colcon_core.package_identification:_identify(tr1200_ros/tr1200_WASD) by extensions ['ignore', 'ignore_ament_install']
[1.598s] Level 1:colcon.colcon_core.package_identification:_identify(tr1200_ros/tr1200_WASD) by extension 'ignore'
[1.598s] Level 1:colcon.colcon_core.package_identification:_identify(tr1200_ros/tr1200_WASD) by extension 'ignore_ament_install'
[1.598s] Level 1:colcon.colcon_core.package_identification:_identify(tr1200_ros/tr1200_WASD) by extensions ['colcon_pkg']
[1.598s] Level 1:colcon.colcon_core.package_identification:_identify(tr1200_ros/tr1200_WASD) by extension 'colcon_pkg'
[1.599s] Level 1:colcon.colcon_core.package_identification:_identify(tr1200_ros/tr1200_WASD) by extensions ['colcon_meta']
[1.599s] Level 1:colcon.colcon_core.package_identification:_identify(tr1200_ros/tr1200_WASD) by extension 'colcon_meta'
[1.599s] Level 1:colcon.colcon_core.package_identification:_identify(tr1200_ros/tr1200_WASD) by extensions ['ros']
[1.599s] Level 1:colcon.colcon_core.package_identification:_identify(tr1200_ros/tr1200_WASD) by extension 'ros'
[1.608s] DEBUG:colcon.colcon_core.package_identification:Package 'tr1200_ros/tr1200_WASD' with type 'ros.ament_python' and name 'tr1200_WASD'
[1.609s] Level 1:colcon.colcon_core.package_identification:_identify(tr1200_ros/tr1200_base) by extensions ['ignore', 'ignore_ament_install']
[1.609s] Level 1:colcon.colcon_core.package_identification:_identify(tr1200_ros/tr1200_base) by extension 'ignore'
[1.610s] Level 1:colcon.colcon_core.package_identification:_identify(tr1200_ros/tr1200_base) by extension 'ignore_ament_install'
[1.610s] Level 1:colcon.colcon_core.package_identification:_identify(tr1200_ros/tr1200_base) by extensions ['colcon_pkg']
[1.610s] Level 1:colcon.colcon_core.package_identification:_identify(tr1200_ros/tr1200_base) by extension 'colcon_pkg'
[1.610s] Level 1:colcon.colcon_core.package_identification:_identify(tr1200_ros/tr1200_base) by extensions ['colcon_meta']
[1.610s] Level 1:colcon.colcon_core.package_identification:_identify(tr1200_ros/tr1200_base) by extension 'colcon_meta'
[1.610s] Level 1:colcon.colcon_core.package_identification:_identify(tr1200_ros/tr1200_base) by extensions ['ros']
[1.610s] Level 1:colcon.colcon_core.package_identification:_identify(tr1200_ros/tr1200_base) by extension 'ros'
[1.613s] DEBUG:colcon.colcon_core.package_identification:Package 'tr1200_ros/tr1200_base' with type 'ros.ament_cmake' and name 'tr1200_base'
[1.614s] Level 1:colcon.colcon_core.package_identification:_identify(tr1200_ros/tr1200_control) by extensions ['ignore', 'ignore_ament_install']
[1.615s] Level 1:colcon.colcon_core.package_identification:_identify(tr1200_ros/tr1200_control) by extension 'ignore'
[1.615s] Level 1:colcon.colcon_core.package_identification:_identify(tr1200_ros/tr1200_control) by extension 'ignore_ament_install'
[1.615s] Level 1:colcon.colcon_core.package_identification:_identify(tr1200_ros/tr1200_control) by extensions ['colcon_pkg']
[1.616s] Level 1:colcon.colcon_core.package_identification:_identify(tr1200_ros/tr1200_control) by extension 'colcon_pkg'
[1.616s] Level 1:colcon.colcon_core.package_identification:_identify(tr1200_ros/tr1200_control) by extensions ['colcon_meta']
[1.616s] Level 1:colcon.colcon_core.package_identification:_identify(tr1200_ros/tr1200_control) by extension 'colcon_meta'
[1.616s] Level 1:colcon.colcon_core.package_identification:_identify(tr1200_ros/tr1200_control) by extensions ['ros']
[1.616s] Level 1:colcon.colcon_core.package_identification:_identify(tr1200_ros/tr1200_control) by extension 'ros'
[1.620s] DEBUG:colcon.colcon_core.package_identification:Package 'tr1200_ros/tr1200_control' with type 'ros.ament_cmake' and name 'tr1200_control'
[1.622s] Level 1:colcon.colcon_core.package_identification:_identify(tr1200_ros/tr1200_description) by extensions ['ignore', 'ignore_ament_install']
[1.622s] Level 1:colcon.colcon_core.package_identification:_identify(tr1200_ros/tr1200_description) by extension 'ignore'
[1.622s] Level 1:colcon.colcon_core.package_identification:_identify(tr1200_ros/tr1200_description) by extension 'ignore_ament_install'
[1.622s] Level 1:colcon.colcon_core.package_identification:_identify(tr1200_ros/tr1200_description) by extensions ['colcon_pkg']
[1.622s] Level 1:colcon.colcon_core.package_identification:_identify(tr1200_ros/tr1200_description) by extension 'colcon_pkg'
[1.623s] Level 1:colcon.colcon_core.package_identification:_identify(tr1200_ros/tr1200_description) by extensions ['colcon_meta']
[1.623s] Level 1:colcon.colcon_core.package_identification:_identify(tr1200_ros/tr1200_description) by extension 'colcon_meta'
[1.623s] Level 1:colcon.colcon_core.package_identification:_identify(tr1200_ros/tr1200_description) by extensions ['ros']
[1.623s] Level 1:colcon.colcon_core.package_identification:_identify(tr1200_ros/tr1200_description) by extension 'ros'
[1.626s] DEBUG:colcon.colcon_core.package_identification:Package 'tr1200_ros/tr1200_description' with type 'ros.ament_cmake' and name 'tr1200_description'
[1.627s] Level 1:colcon.colcon_core.package_identification:_identify(tr1200_ros/tr1200_modules) by extensions ['ignore', 'ignore_ament_install']
[1.627s] Level 1:colcon.colcon_core.package_identification:_identify(tr1200_ros/tr1200_modules) by extension 'ignore'
[1.627s] Level 1:colcon.colcon_core.package_identification:_identify(tr1200_ros/tr1200_modules) by extension 'ignore_ament_install'
[1.628s] Level 1:colcon.colcon_core.package_identification:_identify(tr1200_ros/tr1200_modules) by extensions ['colcon_pkg']
[1.628s] Level 1:colcon.colcon_core.package_identification:_identify(tr1200_ros/tr1200_modules) by extension 'colcon_pkg'
[1.628s] Level 1:colcon.colcon_core.package_identification:_identify(tr1200_ros/tr1200_modules) by extensions ['colcon_meta']
[1.628s] Level 1:colcon.colcon_core.package_identification:_identify(tr1200_ros/tr1200_modules) by extension 'colcon_meta'
[1.628s] Level 1:colcon.colcon_core.package_identification:_identify(tr1200_ros/tr1200_modules) by extensions ['ros']
[1.628s] Level 1:colcon.colcon_core.package_identification:_identify(tr1200_ros/tr1200_modules) by extension 'ros'
[1.630s] DEBUG:colcon.colcon_core.package_identification:Package 'tr1200_ros/tr1200_modules' with type 'ros.ament_python' and name 'tr1200_modules'
[1.631s] Level 1:colcon.colcon_core.package_identification:_identify(tr1200_ros/tr1200_ros) by extensions ['ignore', 'ignore_ament_install']
[1.632s] Level 1:colcon.colcon_core.package_identification:_identify(tr1200_ros/tr1200_ros) by extension 'ignore'
[1.632s] Level 1:colcon.colcon_core.package_identification:_identify(tr1200_ros/tr1200_ros) by extension 'ignore_ament_install'
[1.632s] Level 1:colcon.colcon_core.package_identification:_identify(tr1200_ros/tr1200_ros) by extensions ['colcon_pkg']
[1.632s] Level 1:colcon.colcon_core.package_identification:_identify(tr1200_ros/tr1200_ros) by extension 'colcon_pkg'
[1.632s] Level 1:colcon.colcon_core.package_identification:_identify(tr1200_ros/tr1200_ros) by extensions ['colcon_meta']
[1.632s] Level 1:colcon.colcon_core.package_identification:_identify(tr1200_ros/tr1200_ros) by extension 'colcon_meta'
[1.633s] Level 1:colcon.colcon_core.package_identification:_identify(tr1200_ros/tr1200_ros) by extensions ['ros']
[1.633s] Level 1:colcon.colcon_core.package_identification:_identify(tr1200_ros/tr1200_ros) by extension 'ros'
[1.636s] DEBUG:colcon.colcon_core.package_identification:Package 'tr1200_ros/tr1200_ros' with type 'ros.ament_cmake' and name 'tr1200_ros'
[1.637s] Level 1:colcon.colcon_core.package_identification:_identify(tr1200_ros/tr1200_teleop) by extensions ['ignore', 'ignore_ament_install']
[1.637s] Level 1:colcon.colcon_core.package_identification:_identify(tr1200_ros/tr1200_teleop) by extension 'ignore'
[1.638s] Level 1:colcon.colcon_core.package_identification:_identify(tr1200_ros/tr1200_teleop) by extension 'ignore_ament_install'
[1.638s] Level 1:colcon.colcon_core.package_identification:_identify(tr1200_ros/tr1200_teleop) by extensions ['colcon_pkg']
[1.638s] Level 1:colcon.colcon_core.package_identification:_identify(tr1200_ros/tr1200_teleop) by extension 'colcon_pkg'
[1.638s] Level 1:colcon.colcon_core.package_identification:_identify(tr1200_ros/tr1200_teleop) by extensions ['colcon_meta']
[1.638s] Level 1:colcon.colcon_core.package_identification:_identify(tr1200_ros/tr1200_teleop) by extension 'colcon_meta'
[1.638s] Level 1:colcon.colcon_core.package_identification:_identify(tr1200_ros/tr1200_teleop) by extensions ['ros']
[1.638s] Level 1:colcon.colcon_core.package_identification:_identify(tr1200_ros/tr1200_teleop) by extension 'ros'
[1.640s] DEBUG:colcon.colcon_core.package_identification:Package 'tr1200_ros/tr1200_teleop' with type 'ros.ament_cmake' and name 'tr1200_teleop'
[1.641s] Level 1:colcon.colcon_core.package_discovery:discover_packages(recursive) using defaults
[1.641s] Level 1:colcon.colcon_core.package_discovery:discover_packages(ignore) discover
[1.641s] Level 1:colcon.colcon_core.package_discovery:discover_packages(ignore) using defaults
[1.641s] Level 1:colcon.colcon_core.package_discovery:discover_packages(path) discover
[1.641s] Level 1:colcon.colcon_core.package_discovery:discover_packages(path) using defaults
[1.751s] Level 1:colcon.colcon_core.package_discovery:discover_packages(prefix_path) check parameters
[1.752s] Level 1:colcon.colcon_core.package_discovery:discover_packages(prefix_path) discover
[1.764s] DEBUG:colcon.colcon_installed_package_information.package_discovery:Found 7 installed packages in /home/ncpa/tr1200_ws/install
[1.770s] DEBUG:colcon.colcon_installed_package_information.package_discovery:Found 291 installed packages in /opt/ros/humble
[1.778s] Level 1:colcon.colcon_core.package_discovery:discover_packages(prefix_path) using defaults
[2.055s] Level 5:colcon.colcon_core.verb:set package 'tr1200_WASD' build argument 'cmake_args' from command line to 'None'
[2.055s] Level 5:colcon.colcon_core.verb:set package 'tr1200_WASD' build argument 'cmake_target' from command line to 'None'
[2.055s] Level 5:colcon.colcon_core.verb:set package 'tr1200_WASD' build argument 'cmake_target_skip_unavailable' from command line to 'False'
[2.055s] Level 5:colcon.colcon_core.verb:set package 'tr1200_WASD' build argument 'cmake_clean_cache' from command line to 'False'
[2.055s] Level 5:colcon.colcon_core.verb:set package 'tr1200_WASD' build argument 'cmake_clean_first' from command line to 'False'
[2.055s] Level 5:colcon.colcon_core.verb:set package 'tr1200_WASD' build argument 'cmake_force_configure' from command line to 'False'
[2.055s] Level 5:colcon.colcon_core.verb:set package 'tr1200_WASD' build argument 'ament_cmake_args' from command line to 'None'
[2.055s] Level 5:colcon.colcon_core.verb:set package 'tr1200_WASD' build argument 'catkin_cmake_args' from command line to 'None'
[2.055s] Level 5:colcon.colcon_core.verb:set package 'tr1200_WASD' build argument 'catkin_skip_building_tests' from command line to 'False'
[2.056s] DEBUG:colcon.colcon_core.verb:Building package 'tr1200_WASD' with the following arguments: {'ament_cmake_args': None, 'build_base': '/home/ncpa/tr1200_ws/build/tr1200_WASD', 'catkin_cmake_args': None, 'catkin_skip_building_tests': False, 'cmake_args': None, 'cmake_clean_cache': False, 'cmake_clean_first': False, 'cmake_force_configure': False, 'cmake_target': None, 'cmake_target_skip_unavailable': False, 'install_base': '/home/ncpa/tr1200_ws/install/tr1200_WASD', 'merge_install': False, 'path': '/home/ncpa/tr1200_ws/tr1200_ros/tr1200_WASD', 'symlink_install': False, 'test_result_base': None}
[2.057s] Level 5:colcon.colcon_core.verb:set package 'tr1200_base' build argument 'cmake_args' from command line to 'None'
[2.058s] Level 5:colcon.colcon_core.verb:set package 'tr1200_base' build argument 'cmake_target' from command line to 'None'
[2.058s] Level 5:colcon.colcon_core.verb:set package 'tr1200_base' build argument 'cmake_target_skip_unavailable' from command line to 'False'
[2.058s] Level 5:colcon.colcon_core.verb:set package 'tr1200_base' build argument 'cmake_clean_cache' from command line to 'False'
[2.058s] Level 5:colcon.colcon_core.verb:set package 'tr1200_base' build argument 'cmake_clean_first' from command line to 'False'
[2.058s] Level 5:colcon.colcon_core.verb:set package 'tr1200_base' build argument 'cmake_force_configure' from command line to 'False'
[2.058s] Level 5:colcon.colcon_core.verb:set package 'tr1200_base' build argument 'ament_cmake_args' from command line to 'None'
[2.058s] Level 5:colcon.colcon_core.verb:set package 'tr1200_base' build argument 'catkin_cmake_args' from command line to 'None'
[2.058s] Level 5:colcon.colcon_core.verb:set package 'tr1200_base' build argument 'catkin_skip_building_tests' from command line to 'False'
[2.058s] DEBUG:colcon.colcon_core.verb:Building package 'tr1200_base' with the following arguments: {'ament_cmake_args': None, 'build_base': '/home/ncpa/tr1200_ws/build/tr1200_base', 'catkin_cmake_args': None, 'catkin_skip_building_tests': False, 'cmake_args': None, 'cmake_clean_cache': False, 'cmake_clean_first': False, 'cmake_force_configure': False, 'cmake_target': None, 'cmake_target_skip_unavailable': False, 'install_base': '/home/ncpa/tr1200_ws/install/tr1200_base', 'merge_install': False, 'path': '/home/ncpa/tr1200_ws/tr1200_ros/tr1200_base', 'symlink_install': False, 'test_result_base': None}
[2.060s] Level 5:colcon.colcon_core.verb:set package 'tr1200_modules' build argument 'cmake_args' from command line to 'None'
[2.060s] Level 5:colcon.colcon_core.verb:set package 'tr1200_modules' build argument 'cmake_target' from command line to 'None'
[2.060s] Level 5:colcon.colcon_core.verb:set package 'tr1200_modules' build argument 'cmake_target_skip_unavailable' from command line to 'False'
[2.060s] Level 5:colcon.colcon_core.verb:set package 'tr1200_modules' build argument 'cmake_clean_cache' from command line to 'False'
[2.060s] Level 5:colcon.colcon_core.verb:set package 'tr1200_modules' build argument 'cmake_clean_first' from command line to 'False'
[2.060s] Level 5:colcon.colcon_core.verb:set package 'tr1200_modules' build argument 'cmake_force_configure' from command line to 'False'
[2.060s] Level 5:colcon.colcon_core.verb:set package 'tr1200_modules' build argument 'ament_cmake_args' from command line to 'None'
[2.061s] Level 5:colcon.colcon_core.verb:set package 'tr1200_modules' build argument 'catkin_cmake_args' from command line to 'None'
[2.061s] Level 5:colcon.colcon_core.verb:set package 'tr1200_modules' build argument 'catkin_skip_building_tests' from command line to 'False'
[2.061s] DEBUG:colcon.colcon_core.verb:Building package 'tr1200_modules' with the following arguments: {'ament_cmake_args': None, 'build_base': '/home/ncpa/tr1200_ws/build/tr1200_modules', 'catkin_cmake_args': None, 'catkin_skip_building_tests': False, 'cmake_args': None, 'cmake_clean_cache': False, 'cmake_clean_first': False, 'cmake_force_configure': False, 'cmake_target': None, 'cmake_target_skip_unavailable': False, 'install_base': '/home/ncpa/tr1200_ws/install/tr1200_modules', 'merge_install': False, 'path': '/home/ncpa/tr1200_ws/tr1200_ros/tr1200_modules', 'symlink_install': False, 'test_result_base': None}
[2.062s] Level 5:colcon.colcon_core.verb:set package 'tr1200_teleop' build argument 'cmake_args' from command line to 'None'
[2.063s] Level 5:colcon.colcon_core.verb:set package 'tr1200_teleop' build argument 'cmake_target' from command line to 'None'
[2.063s] Level 5:colcon.colcon_core.verb:set package 'tr1200_teleop' build argument 'cmake_target_skip_unavailable' from command line to 'False'
[2.063s] Level 5:colcon.colcon_core.verb:set package 'tr1200_teleop' build argument 'cmake_clean_cache' from command line to 'False'
[2.063s] Level 5:colcon.colcon_core.verb:set package 'tr1200_teleop' build argument 'cmake_clean_first' from command line to 'False'
[2.063s] Level 5:colcon.colcon_core.verb:set package 'tr1200_teleop' build argument 'cmake_force_configure' from command line to 'False'
[2.063s] Level 5:colcon.colcon_core.verb:set package 'tr1200_teleop' build argument 'ament_cmake_args' from command line to 'None'
[2.063s] Level 5:colcon.colcon_core.verb:set package 'tr1200_teleop' build argument 'catkin_cmake_args' from command line to 'None'
[2.063s] Level 5:colcon.colcon_core.verb:set package 'tr1200_teleop' build argument 'catkin_skip_building_tests' from command line to 'False'
[2.063s] DEBUG:colcon.colcon_core.verb:Building package 'tr1200_teleop' with the following arguments: {'ament_cmake_args': None, 'build_base': '/home/ncpa/tr1200_ws/build/tr1200_teleop', 'catkin_cmake_args': None, 'catkin_skip_building_tests': False, 'cmake_args': None, 'cmake_clean_cache': False, 'cmake_clean_first': False, 'cmake_force_configure': False, 'cmake_target': None, 'cmake_target_skip_unavailable': False, 'install_base': '/home/ncpa/tr1200_ws/install/tr1200_teleop', 'merge_install': False, 'path': '/home/ncpa/tr1200_ws/tr1200_ros/tr1200_teleop', 'symlink_install': False, 'test_result_base': None}
[2.065s] Level 5:colcon.colcon_core.verb:set package 'tr1200_description' build argument 'cmake_args' from command line to 'None'
[2.065s] Level 5:colcon.colcon_core.verb:set package 'tr1200_description' build argument 'cmake_target' from command line to 'None'
[2.065s] Level 5:colcon.colcon_core.verb:set package 'tr1200_description' build argument 'cmake_target_skip_unavailable' from command line to 'False'
[2.065s] Level 5:colcon.colcon_core.verb:set package 'tr1200_description' build argument 'cmake_clean_cache' from command line to 'False'
[2.065s] Level 5:colcon.colcon_core.verb:set package 'tr1200_description' build argument 'cmake_clean_first' from command line to 'False'
[2.065s] Level 5:colcon.colcon_core.verb:set package 'tr1200_description' build argument 'cmake_force_configure' from command line to 'False'
[2.065s] Level 5:colcon.colcon_core.verb:set package 'tr1200_description' build argument 'ament_cmake_args' from command line to 'None'
[2.066s] Level 5:colcon.colcon_core.verb:set package 'tr1200_description' build argument 'catkin_cmake_args' from command line to 'None'
[2.066s] Level 5:colcon.colcon_core.verb:set package 'tr1200_description' build argument 'catkin_skip_building_tests' from command line to 'False'
[2.066s] DEBUG:colcon.colcon_core.verb:Building package 'tr1200_description' with the following arguments: {'ament_cmake_args': None, 'build_base': '/home/ncpa/tr1200_ws/build/tr1200_description', 'catkin_cmake_args': None, 'catkin_skip_building_tests': False, 'cmake_args': None, 'cmake_clean_cache': False, 'cmake_clean_first': False, 'cmake_force_configure': False, 'cmake_target': None, 'cmake_target_skip_unavailable': False, 'install_base': '/home/ncpa/tr1200_ws/install/tr1200_description', 'merge_install': False, 'path': '/home/ncpa/tr1200_ws/tr1200_ros/tr1200_description', 'symlink_install': False, 'test_result_base': None}
[2.067s] Level 5:colcon.colcon_core.verb:set package 'tr1200_control' build argument 'cmake_args' from command line to 'None'
[2.068s] Level 5:colcon.colcon_core.verb:set package 'tr1200_control' build argument 'cmake_target' from command line to 'None'
[2.068s] Level 5:colcon.colcon_core.verb:set package 'tr1200_control' build argument 'cmake_target_skip_unavailable' from command line to 'False'
[2.068s] Level 5:colcon.colcon_core.verb:set package 'tr1200_control' build argument 'cmake_clean_cache' from command line to 'False'
[2.068s] Level 5:colcon.colcon_core.verb:set package 'tr1200_control' build argument 'cmake_clean_first' from command line to 'False'
[2.068s] Level 5:colcon.colcon_core.verb:set package 'tr1200_control' build argument 'cmake_force_configure' from command line to 'False'
[2.068s] Level 5:colcon.colcon_core.verb:set package 'tr1200_control' build argument 'ament_cmake_args' from command line to 'None'
[2.068s] Level 5:colcon.colcon_core.verb:set package 'tr1200_control' build argument 'catkin_cmake_args' from command line to 'None'
[2.068s] Level 5:colcon.colcon_core.verb:set package 'tr1200_control' build argument 'catkin_skip_building_tests' from command line to 'False'
[2.068s] DEBUG:colcon.colcon_core.verb:Building package 'tr1200_control' with the following arguments: {'ament_cmake_args': None, 'build_base': '/home/ncpa/tr1200_ws/build/tr1200_control', 'catkin_cmake_args': None, 'catkin_skip_building_tests': False, 'cmake_args': None, 'cmake_clean_cache': False, 'cmake_clean_first': False, 'cmake_force_configure': False, 'cmake_target': None, 'cmake_target_skip_unavailable': False, 'install_base': '/home/ncpa/tr1200_ws/install/tr1200_control', 'merge_install': False, 'path': '/home/ncpa/tr1200_ws/tr1200_ros/tr1200_control', 'symlink_install': False, 'test_result_base': None}
[2.070s] Level 5:colcon.colcon_core.verb:set package 'tr1200_ros' build argument 'cmake_args' from command line to 'None'
[2.070s] Level 5:colcon.colcon_core.verb:set package 'tr1200_ros' build argument 'cmake_target' from command line to 'None'
[2.070s] Level 5:colcon.colcon_core.verb:set package 'tr1200_ros' build argument 'cmake_target_skip_unavailable' from command line to 'False'
[2.070s] Level 5:colcon.colcon_core.verb:set package 'tr1200_ros' build argument 'cmake_clean_cache' from command line to 'False'
[2.070s] Level 5:colcon.colcon_core.verb:set package 'tr1200_ros' build argument 'cmake_clean_first' from command line to 'False'
[2.070s] Level 5:colcon.colcon_core.verb:set package 'tr1200_ros' build argument 'cmake_force_configure' from command line to 'False'
[2.071s] Level 5:colcon.colcon_core.verb:set package 'tr1200_ros' build argument 'ament_cmake_args' from command line to 'None'
[2.071s] Level 5:colcon.colcon_core.verb:set package 'tr1200_ros' build argument 'catkin_cmake_args' from command line to 'None'
[2.071s] Level 5:colcon.colcon_core.verb:set package 'tr1200_ros' build argument 'catkin_skip_building_tests' from command line to 'False'
[2.071s] DEBUG:colcon.colcon_core.verb:Building package 'tr1200_ros' with the following arguments: {'ament_cmake_args': None, 'build_base': '/home/ncpa/tr1200_ws/build/tr1200_ros', 'catkin_cmake_args': None, 'catkin_skip_building_tests': False, 'cmake_args': None, 'cmake_clean_cache': False, 'cmake_clean_first': False, 'cmake_force_configure': False, 'cmake_target': None, 'cmake_target_skip_unavailable': False, 'install_base': '/home/ncpa/tr1200_ws/install/tr1200_ros', 'merge_install': False, 'path': '/home/ncpa/tr1200_ws/tr1200_ros/tr1200_ros', 'symlink_install': False, 'test_result_base': None}
[2.071s] INFO:colcon.colcon_core.executor:Executing jobs using 'parallel' executor
[2.075s] DEBUG:colcon.colcon_parallel_executor.executor.parallel:run_until_complete
[2.076s] INFO:colcon.colcon_ros.task.ament_python.build:Building ROS package in '/home/ncpa/tr1200_ws/tr1200_ros/tr1200_modules' with build type 'ament_python'
[2.077s] Level 1:colcon.colcon_core.shell:create_environment_hook('tr1200_modules', 'ament_prefix_path')
[2.110s] INFO:colcon.colcon_core.plugin_system:Skipping extension 'colcon_core.shell.bat': Not used on non-Windows systems
[2.111s] INFO:colcon.colcon_core.shell:Creating environment hook '/home/ncpa/tr1200_ws/install/tr1200_modules/share/tr1200_modules/hook/ament_prefix_path.ps1'
[2.114s] INFO:colcon.colcon_core.shell:Creating environment descriptor '/home/ncpa/tr1200_ws/install/tr1200_modules/share/tr1200_modules/hook/ament_prefix_path.dsv'
[2.116s] INFO:colcon.colcon_core.shell:Creating environment hook '/home/ncpa/tr1200_ws/install/tr1200_modules/share/tr1200_modules/hook/ament_prefix_path.sh'
[2.119s] INFO:colcon.colcon_core.shell:Skip shell extension 'powershell' for command environment: Not usable outside of PowerShell
[2.120s] DEBUG:colcon.colcon_core.shell:Skip shell extension 'dsv' for command environment
[2.133s] INFO:colcon.colcon_ros.task.ament_cmake.build:Building ROS package in '/home/ncpa/tr1200_ws/tr1200_ros/tr1200_base' with build type 'ament_cmake'
[2.133s] INFO:colcon.colcon_cmake.task.cmake.build:Building CMake package in '/home/ncpa/tr1200_ws/tr1200_ros/tr1200_base'
[2.134s] INFO:colcon.colcon_core.shell:Skip shell extension 'powershell' for command environment: Not usable outside of PowerShell
[2.135s] DEBUG:colcon.colcon_core.shell:Skip shell extension 'dsv' for command environment
[2.148s] INFO:colcon.colcon_ros.task.ament_cmake.build:Building ROS package in '/home/ncpa/tr1200_ws/tr1200_ros/tr1200_teleop' with build type 'ament_cmake'
[2.149s] INFO:colcon.colcon_cmake.task.cmake.build:Building CMake package in '/home/ncpa/tr1200_ws/tr1200_ros/tr1200_teleop'
[2.150s] INFO:colcon.colcon_core.shell:Skip shell extension 'powershell' for command environment: Not usable outside of PowerShell
[2.150s] DEBUG:colcon.colcon_core.shell:Skip shell extension 'dsv' for command environment
[2.164s] INFO:colcon.colcon_ros.task.ament_python.build:Building ROS package in '/home/ncpa/tr1200_ws/tr1200_ros/tr1200_WASD' with build type 'ament_python'
[2.164s] Level 1:colcon.colcon_core.shell:create_environment_hook('tr1200_WASD', 'ament_prefix_path')
[2.166s] INFO:colcon.colcon_core.shell:Creating environment hook '/home/ncpa/tr1200_ws/install/tr1200_WASD/share/tr1200_WASD/hook/ament_prefix_path.ps1'
[2.168s] INFO:colcon.colcon_core.shell:Creating environment descriptor '/home/ncpa/tr1200_ws/install/tr1200_WASD/share/tr1200_WASD/hook/ament_prefix_path.dsv'
[2.170s] INFO:colcon.colcon_core.shell:Creating environment hook '/home/ncpa/tr1200_ws/install/tr1200_WASD/share/tr1200_WASD/hook/ament_prefix_path.sh'
[2.173s] INFO:colcon.colcon_core.shell:Skip shell extension 'powershell' for command environment: Not usable outside of PowerShell
[2.173s] DEBUG:colcon.colcon_core.shell:Skip shell extension 'dsv' for command environment
[3.246s] INFO:colcon.colcon_core.task.python.build:Building Python package in '/home/ncpa/tr1200_ws/tr1200_ros/tr1200_modules'
[3.247s] INFO:colcon.colcon_core.shell:Skip shell extension 'powershell' for command environment: Not usable outside of PowerShell
[3.247s] DEBUG:colcon.colcon_core.shell:Skip shell extension 'dsv' for command environment
[3.302s] DEBUG:colcon.colcon_core.event_handler.log_command:Invoking command in '/home/ncpa/tr1200_ws/build/tr1200_base': CMAKE_PREFIX_PATH=${CMAKE_PREFIX_PATH}:/home/ncpa/tr1200_ws/install/tr1200_modules:/home/ncpa/tr1200_ws/install/tr1200_WASD:/opt/ros/humble /usr/bin/cmake --build /home/ncpa/tr1200_ws/build/tr1200_base -- -j4 -l4
[3.322s] DEBUG:colcon.colcon_core.event_handler.log_command:Invoking command in '/home/ncpa/tr1200_ws/build/tr1200_teleop': CMAKE_PREFIX_PATH=${CMAKE_PREFIX_PATH}:/home/ncpa/tr1200_ws/install/tr1200_modules:/home/ncpa/tr1200_ws/install/tr1200_WASD:/opt/ros/humble /usr/bin/cmake --build /home/ncpa/tr1200_ws/build/tr1200_teleop -- -j4 -l4
[4.401s] INFO:colcon.colcon_core.task.python.build:Building Python package in '/home/ncpa/tr1200_ws/tr1200_ros/tr1200_WASD'
[4.402s] INFO:colcon.colcon_core.shell:Skip shell extension 'powershell' for command environment: Not usable outside of PowerShell
[4.402s] DEBUG:colcon.colcon_core.shell:Skip shell extension 'dsv' for command environment
[4.450s] DEBUG:colcon.colcon_core.event_handler.log_command:Invoked command in '/home/ncpa/tr1200_ws/build/tr1200_base' returned '0': CMAKE_PREFIX_PATH=${CMAKE_PREFIX_PATH}:/home/ncpa/tr1200_ws/install/tr1200_modules:/home/ncpa/tr1200_ws/install/tr1200_WASD:/opt/ros/humble /usr/bin/cmake --build /home/ncpa/tr1200_ws/build/tr1200_base -- -j4 -l4
[4.455s] DEBUG:colcon.colcon_core.event_handler.log_command:Invoked command in '/home/ncpa/tr1200_ws/build/tr1200_teleop' returned '0': CMAKE_PREFIX_PATH=${CMAKE_PREFIX_PATH}:/home/ncpa/tr1200_ws/install/tr1200_modules:/home/ncpa/tr1200_ws/install/tr1200_WASD:/opt/ros/humble /usr/bin/cmake --build /home/ncpa/tr1200_ws/build/tr1200_teleop -- -j4 -l4
[4.596s] DEBUG:colcon.colcon_core.event_handler.log_command:Invoking command in '/home/ncpa/tr1200_ws/build/tr1200_teleop': CMAKE_PREFIX_PATH=${CMAKE_PREFIX_PATH}:/home/ncpa/tr1200_ws/install/tr1200_modules:/home/ncpa/tr1200_ws/install/tr1200_WASD:/opt/ros/humble /usr/bin/cmake --install /home/ncpa/tr1200_ws/build/tr1200_teleop
[4.613s] DEBUG:colcon.colcon_core.event_handler.log_command:Invoking command in '/home/ncpa/tr1200_ws/build/tr1200_base': CMAKE_PREFIX_PATH=${CMAKE_PREFIX_PATH}:/home/ncpa/tr1200_ws/install/tr1200_modules:/home/ncpa/tr1200_ws/install/tr1200_WASD:/opt/ros/humble /usr/bin/cmake --install /home/ncpa/tr1200_ws/build/tr1200_base
[4.632s] Level 1:colcon.colcon_core.environment:create_environment_scripts_only(tr1200_teleop)
[4.635s] DEBUG:colcon.colcon_core.event_handler.log_command:Invoked command in '/home/ncpa/tr1200_ws/build/tr1200_teleop' returned '0': CMAKE_PREFIX_PATH=${CMAKE_PREFIX_PATH}:/home/ncpa/tr1200_ws/install/tr1200_modules:/home/ncpa/tr1200_ws/install/tr1200_WASD:/opt/ros/humble /usr/bin/cmake --install /home/ncpa/tr1200_ws/build/tr1200_teleop
[4.661s] Level 1:colcon.colcon_core.environment:checking '/home/ncpa/tr1200_ws/install/tr1200_teleop' for CMake module files
[4.668s] Level 1:colcon.colcon_core.environment:checking '/home/ncpa/tr1200_ws/install/tr1200_teleop' for CMake config files
[4.673s] Level 1:colcon.colcon_core.shell:create_environment_hook('tr1200_teleop', 'cmake_prefix_path')
[4.675s] INFO:colcon.colcon_core.shell:Creating environment hook '/home/ncpa/tr1200_ws/install/tr1200_teleop/share/tr1200_teleop/hook/cmake_prefix_path.ps1'
[4.682s] INFO:colcon.colcon_core.shell:Creating environment descriptor '/home/ncpa/tr1200_ws/install/tr1200_teleop/share/tr1200_teleop/hook/cmake_prefix_path.dsv'
[4.688s] INFO:colcon.colcon_core.shell:Creating environment hook '/home/ncpa/tr1200_ws/install/tr1200_teleop/share/tr1200_teleop/hook/cmake_prefix_path.sh'
[4.707s] Level 1:colcon.colcon_core.environment:checking '/home/ncpa/tr1200_ws/install/tr1200_teleop/bin'
[4.709s] Level 1:colcon.colcon_core.environment:checking '/home/ncpa/tr1200_ws/install/tr1200_teleop/lib/pkgconfig/tr1200_teleop.pc'
[4.714s] Level 1:colcon.colcon_core.environment:checking '/home/ncpa/tr1200_ws/install/tr1200_teleop/lib/python3.10/site-packages'
[4.717s] Level 1:colcon.colcon_core.environment:checking '/home/ncpa/tr1200_ws/install/tr1200_teleop/bin'
[4.718s] INFO:colcon.colcon_core.shell:Creating package script '/home/ncpa/tr1200_ws/install/tr1200_teleop/share/tr1200_teleop/package.ps1'
[4.729s] INFO:colcon.colcon_core.shell:Creating package descriptor '/home/ncpa/tr1200_ws/install/tr1200_teleop/share/tr1200_teleop/package.dsv'
[4.734s] INFO:colcon.colcon_core.shell:Creating package script '/home/ncpa/tr1200_ws/install/tr1200_teleop/share/tr1200_teleop/package.sh'
[4.741s] INFO:colcon.colcon_core.shell:Creating package script '/home/ncpa/tr1200_ws/install/tr1200_teleop/share/tr1200_teleop/package.bash'
[4.747s] INFO:colcon.colcon_core.shell:Creating package script '/home/ncpa/tr1200_ws/install/tr1200_teleop/share/tr1200_teleop/package.zsh'
[4.753s] Level 1:colcon.colcon_core.environment:create_file_with_runtime_dependencies(/home/ncpa/tr1200_ws/install/tr1200_teleop/share/colcon-core/packages/tr1200_teleop)
[4.769s] Level 1:colcon.colcon_core.environment:create_environment_scripts_only(tr1200_base)
[4.772s] DEBUG:colcon.colcon_core.event_handler.log_command:Invoked command in '/home/ncpa/tr1200_ws/build/tr1200_base' returned '0': CMAKE_PREFIX_PATH=${CMAKE_PREFIX_PATH}:/home/ncpa/tr1200_ws/install/tr1200_modules:/home/ncpa/tr1200_ws/install/tr1200_WASD:/opt/ros/humble /usr/bin/cmake --install /home/ncpa/tr1200_ws/build/tr1200_base
[4.775s] Level 1:colcon.colcon_core.environment:checking '/home/ncpa/tr1200_ws/install/tr1200_base' for CMake module files
[4.784s] Level 1:colcon.colcon_core.environment:checking '/home/ncpa/tr1200_ws/install/tr1200_base' for CMake config files
[4.794s] Level 1:colcon.colcon_core.shell:create_environment_hook('tr1200_base', 'cmake_prefix_path')
[4.799s] INFO:colcon.colcon_core.shell:Creating environment hook '/home/ncpa/tr1200_ws/install/tr1200_base/share/tr1200_base/hook/cmake_prefix_path.ps1'
[4.805s] INFO:colcon.colcon_core.shell:Creating environment descriptor '/home/ncpa/tr1200_ws/install/tr1200_base/share/tr1200_base/hook/cmake_prefix_path.dsv'
[4.810s] INFO:colcon.colcon_core.shell:Creating environment hook '/home/ncpa/tr1200_ws/install/tr1200_base/share/tr1200_base/hook/cmake_prefix_path.sh'
[4.819s] Level 1:colcon.colcon_core.environment:checking '/home/ncpa/tr1200_ws/install/tr1200_base/lib'
[4.821s] Level 1:colcon.colcon_core.shell:create_environment_hook('tr1200_base', 'ld_library_path_lib')
[4.824s] INFO:colcon.colcon_core.shell:Creating environment hook '/home/ncpa/tr1200_ws/install/tr1200_base/share/tr1200_base/hook/ld_library_path_lib.ps1'
[4.829s] INFO:colcon.colcon_core.shell:Creating environment descriptor '/home/ncpa/tr1200_ws/install/tr1200_base/share/tr1200_base/hook/ld_library_path_lib.dsv'
[4.831s] INFO:colcon.colcon_core.shell:Creating environment hook '/home/ncpa/tr1200_ws/install/tr1200_base/share/tr1200_base/hook/ld_library_path_lib.sh'
[4.837s] Level 1:colcon.colcon_core.environment:checking '/home/ncpa/tr1200_ws/install/tr1200_base/bin'
[4.837s] Level 1:colcon.colcon_core.environment:checking '/home/ncpa/tr1200_ws/install/tr1200_base/lib/pkgconfig/tr1200_base.pc'
[4.838s] Level 1:colcon.colcon_core.environment:checking '/home/ncpa/tr1200_ws/install/tr1200_base/lib/python3.10/site-packages'
[4.840s] Level 1:colcon.colcon_core.environment:checking '/home/ncpa/tr1200_ws/install/tr1200_base/bin'
[4.842s] INFO:colcon.colcon_core.shell:Creating package script '/home/ncpa/tr1200_ws/install/tr1200_base/share/tr1200_base/package.ps1'
[4.846s] INFO:colcon.colcon_core.shell:Creating package descriptor '/home/ncpa/tr1200_ws/install/tr1200_base/share/tr1200_base/package.dsv'
[4.850s] INFO:colcon.colcon_core.shell:Creating package script '/home/ncpa/tr1200_ws/install/tr1200_base/share/tr1200_base/package.sh'
[4.853s] INFO:colcon.colcon_core.shell:Creating package script '/home/ncpa/tr1200_ws/install/tr1200_base/share/tr1200_base/package.bash'
[4.856s] INFO:colcon.colcon_core.shell:Creating package script '/home/ncpa/tr1200_ws/install/tr1200_base/share/tr1200_base/package.zsh'
[4.859s] Level 1:colcon.colcon_core.environment:create_file_with_runtime_dependencies(/home/ncpa/tr1200_ws/install/tr1200_base/share/colcon-core/packages/tr1200_base)
[4.920s] Level 1:colcon.colcon_core.environment:create_environment_scripts_only(tr1200_teleop)
[4.924s] Level 1:colcon.colcon_core.environment:checking '/home/ncpa/tr1200_ws/install/tr1200_teleop' for CMake module files
[4.930s] Level 1:colcon.colcon_core.environment:checking '/home/ncpa/tr1200_ws/install/tr1200_teleop' for CMake config files
[4.932s] Level 1:colcon.colcon_core.shell:create_environment_hook('tr1200_teleop', 'cmake_prefix_path')
[4.936s] INFO:colcon.colcon_core.shell:Creating environment hook '/home/ncpa/tr1200_ws/install/tr1200_teleop/share/tr1200_teleop/hook/cmake_prefix_path.ps1'
[4.940s] INFO:colcon.colcon_core.shell:Creating environment descriptor '/home/ncpa/tr1200_ws/install/tr1200_teleop/share/tr1200_teleop/hook/cmake_prefix_path.dsv'
[4.943s] INFO:colcon.colcon_core.shell:Creating environment hook '/home/ncpa/tr1200_ws/install/tr1200_teleop/share/tr1200_teleop/hook/cmake_prefix_path.sh'
[4.945s] Level 1:colcon.colcon_core.environment:checking '/home/ncpa/tr1200_ws/install/tr1200_teleop/bin'
[4.946s] Level 1:colcon.colcon_core.environment:checking '/home/ncpa/tr1200_ws/install/tr1200_teleop/lib/pkgconfig/tr1200_teleop.pc'
[4.948s] Level 1:colcon.colcon_core.environment:checking '/home/ncpa/tr1200_ws/install/tr1200_teleop/lib/python3.10/site-packages'
[4.951s] Level 1:colcon.colcon_core.environment:checking '/home/ncpa/tr1200_ws/install/tr1200_teleop/bin'
[4.952s] INFO:colcon.colcon_core.shell:Creating package script '/home/ncpa/tr1200_ws/install/tr1200_teleop/share/tr1200_teleop/package.ps1'
[4.956s] INFO:colcon.colcon_core.shell:Creating package descriptor '/home/ncpa/tr1200_ws/install/tr1200_teleop/share/tr1200_teleop/package.dsv'
[4.959s] INFO:colcon.colcon_core.shell:Creating package script '/home/ncpa/tr1200_ws/install/tr1200_teleop/share/tr1200_teleop/package.sh'
[4.961s] INFO:colcon.colcon_core.shell:Creating package script '/home/ncpa/tr1200_ws/install/tr1200_teleop/share/tr1200_teleop/package.bash'
[4.964s] INFO:colcon.colcon_core.shell:Creating package script '/home/ncpa/tr1200_ws/install/tr1200_teleop/share/tr1200_teleop/package.zsh'
[4.966s] Level 1:colcon.colcon_core.environment:create_file_with_runtime_dependencies(/home/ncpa/tr1200_ws/install/tr1200_teleop/share/colcon-core/packages/tr1200_teleop)
[4.970s] Level 1:colcon.colcon_core.environment:create_environment_scripts_only(tr1200_base)
[4.972s] Level 1:colcon.colcon_core.environment:checking '/home/ncpa/tr1200_ws/install/tr1200_base' for CMake module files
[4.976s] Level 1:colcon.colcon_core.environment:checking '/home/ncpa/tr1200_ws/install/tr1200_base' for CMake config files
[4.978s] Level 1:colcon.colcon_core.shell:create_environment_hook('tr1200_base', 'cmake_prefix_path')
[4.979s] INFO:colcon.colcon_core.shell:Creating environment hook '/home/ncpa/tr1200_ws/install/tr1200_base/share/tr1200_base/hook/cmake_prefix_path.ps1'
[4.981s] INFO:colcon.colcon_core.shell:Creating environment descriptor '/home/ncpa/tr1200_ws/install/tr1200_base/share/tr1200_base/hook/cmake_prefix_path.dsv'
[4.983s] INFO:colcon.colcon_core.shell:Creating environment hook '/home/ncpa/tr1200_ws/install/tr1200_base/share/tr1200_base/hook/cmake_prefix_path.sh'
[4.985s] Level 1:colcon.colcon_core.environment:checking '/home/ncpa/tr1200_ws/install/tr1200_base/lib'
[4.986s] Level 1:colcon.colcon_core.shell:create_environment_hook('tr1200_base', 'ld_library_path_lib')
[4.987s] INFO:colcon.colcon_core.shell:Creating environment hook '/home/ncpa/tr1200_ws/install/tr1200_base/share/tr1200_base/hook/ld_library_path_lib.ps1'
[4.989s] INFO:colcon.colcon_core.shell:Creating environment descriptor '/home/ncpa/tr1200_ws/install/tr1200_base/share/tr1200_base/hook/ld_library_path_lib.dsv'
[4.991s] INFO:colcon.colcon_core.shell:Creating environment hook '/home/ncpa/tr1200_ws/install/tr1200_base/share/tr1200_base/hook/ld_library_path_lib.sh'
[4.993s] Level 1:colcon.colcon_core.environment:checking '/home/ncpa/tr1200_ws/install/tr1200_base/bin'
[4.993s] Level 1:colcon.colcon_core.environment:checking '/home/ncpa/tr1200_ws/install/tr1200_base/lib/pkgconfig/tr1200_base.pc'
[4.994s] Level 1:colcon.colcon_core.environment:checking '/home/ncpa/tr1200_ws/install/tr1200_base/lib/python3.10/site-packages'
[4.996s] Level 1:colcon.colcon_core.environment:checking '/home/ncpa/tr1200_ws/install/tr1200_base/bin'
[4.997s] INFO:colcon.colcon_core.shell:Creating package script '/home/ncpa/tr1200_ws/install/tr1200_base/share/tr1200_base/package.ps1'
[5.000s] INFO:colcon.colcon_core.shell:Creating package descriptor '/home/ncpa/tr1200_ws/install/tr1200_base/share/tr1200_base/package.dsv'
[5.002s] INFO:colcon.colcon_core.shell:Creating package script '/home/ncpa/tr1200_ws/install/tr1200_base/share/tr1200_base/package.sh'
[5.005s] INFO:colcon.colcon_core.shell:Creating package script '/home/ncpa/tr1200_ws/install/tr1200_base/share/tr1200_base/package.bash'
[5.008s] INFO:colcon.colcon_core.shell:Creating package script '/home/ncpa/tr1200_ws/install/tr1200_base/share/tr1200_base/package.zsh'
[5.010s] Level 1:colcon.colcon_core.environment:create_file_with_runtime_dependencies(/home/ncpa/tr1200_ws/install/tr1200_base/share/colcon-core/packages/tr1200_base)
[6.379s] DEBUG:colcon.colcon_core.event_handler.log_command:Invoking command in '/home/ncpa/tr1200_ws/tr1200_ros/tr1200_modules': PYTHONPATH=/home/ncpa/tr1200_ws/build/tr1200_modules/prefix_override:/usr/lib/python3/dist-packages/colcon_core/task/python/colcon_distutils_commands:/home/ncpa/tr1200_ws/install/tr1200_modules/lib/python3.10/site-packages:${PYTHONPATH} /usr/bin/python3 -W ignore:setup.py install is deprecated setup.py egg_info --egg-base ../../build/tr1200_modules build --build-base /home/ncpa/tr1200_ws/build/tr1200_modules/build install --record /home/ncpa/tr1200_ws/build/tr1200_modules/install.log --single-version-externally-managed install_data
[6.383s] DEBUG:colcon.colcon_core.event_handler.log_command:Invoking command in '/home/ncpa/tr1200_ws/tr1200_ros/tr1200_WASD': PYTHONPATH=/home/ncpa/tr1200_ws/build/tr1200_WASD/prefix_override:/usr/lib/python3/dist-packages/colcon_core/task/python/colcon_distutils_commands:/home/ncpa/tr1200_ws/install/tr1200_WASD/lib/python3.10/site-packages:${PYTHONPATH} /usr/bin/python3 -W ignore:setup.py install is deprecated setup.py egg_info --egg-base ../../build/tr1200_WASD build --build-base /home/ncpa/tr1200_ws/build/tr1200_WASD/build install --record /home/ncpa/tr1200_ws/build/tr1200_WASD/install.log --single-version-externally-managed install_data
[7.710s] Level 1:colcon.colcon_core.environment:checking '/home/ncpa/tr1200_ws/install/tr1200_WASD' for CMake module files
[7.713s] DEBUG:colcon.colcon_core.event_handler.log_command:Invoked command in '/home/ncpa/tr1200_ws/tr1200_ros/tr1200_WASD' returned '0': PYTHONPATH=/home/ncpa/tr1200_ws/build/tr1200_WASD/prefix_override:/usr/lib/python3/dist-packages/colcon_core/task/python/colcon_distutils_commands:/home/ncpa/tr1200_ws/install/tr1200_WASD/lib/python3.10/site-packages:${PYTHONPATH} /usr/bin/python3 -W ignore:setup.py install is deprecated setup.py egg_info --egg-base ../../build/tr1200_WASD build --build-base /home/ncpa/tr1200_ws/build/tr1200_WASD/build install --record /home/ncpa/tr1200_ws/build/tr1200_WASD/install.log --single-version-externally-managed install_data
[7.736s] Level 1:colcon.colcon_core.environment:checking '/home/ncpa/tr1200_ws/install/tr1200_WASD' for CMake config files
[7.743s] Level 1:colcon.colcon_core.environment:checking '/home/ncpa/tr1200_ws/install/tr1200_WASD/lib'
[7.743s] Level 1:colcon.colcon_core.environment:checking '/home/ncpa/tr1200_ws/install/tr1200_WASD/bin'
[7.744s] Level 1:colcon.colcon_core.environment:checking '/home/ncpa/tr1200_ws/install/tr1200_WASD/lib/pkgconfig/tr1200_WASD.pc'
[7.745s] Level 1:colcon.colcon_core.environment:checking '/home/ncpa/tr1200_ws/install/tr1200_WASD/lib/python3.10/site-packages'
[7.745s] Level 1:colcon.colcon_core.shell:create_environment_hook('tr1200_WASD', 'pythonpath')
[7.746s] INFO:colcon.colcon_core.shell:Creating environment hook '/home/ncpa/tr1200_ws/install/tr1200_WASD/share/tr1200_WASD/hook/pythonpath.ps1'
[7.748s] INFO:colcon.colcon_core.shell:Creating environment descriptor '/home/ncpa/tr1200_ws/install/tr1200_WASD/share/tr1200_WASD/hook/pythonpath.dsv'
[7.750s] INFO:colcon.colcon_core.shell:Creating environment hook '/home/ncpa/tr1200_ws/install/tr1200_WASD/share/tr1200_WASD/hook/pythonpath.sh'
[7.753s] Level 1:colcon.colcon_core.environment:checking '/home/ncpa/tr1200_ws/install/tr1200_WASD/bin'
[7.753s] Level 1:colcon.colcon_core.environment:create_environment_scripts_only(tr1200_WASD)
[7.755s] INFO:colcon.colcon_core.shell:Creating package script '/home/ncpa/tr1200_ws/install/tr1200_WASD/share/tr1200_WASD/package.ps1'
[7.758s] INFO:colcon.colcon_core.shell:Creating package descriptor '/home/ncpa/tr1200_ws/install/tr1200_WASD/share/tr1200_WASD/package.dsv'
[7.760s] INFO:colcon.colcon_core.shell:Creating package script '/home/ncpa/tr1200_ws/install/tr1200_WASD/share/tr1200_WASD/package.sh'
[7.763s] INFO:colcon.colcon_core.shell:Creating package script '/home/ncpa/tr1200_ws/install/tr1200_WASD/share/tr1200_WASD/package.bash'
[7.765s] INFO:colcon.colcon_core.shell:Creating package script '/home/ncpa/tr1200_ws/install/tr1200_WASD/share/tr1200_WASD/package.zsh'
[7.768s] Level 1:colcon.colcon_core.environment:create_file_with_runtime_dependencies(/home/ncpa/tr1200_ws/install/tr1200_WASD/share/colcon-core/packages/tr1200_WASD)
[7.774s] Level 1:colcon.colcon_core.environment:checking '/home/ncpa/tr1200_ws/install/tr1200_modules' for CMake module files
[7.775s] DEBUG:colcon.colcon_core.event_handler.log_command:Invoked command in '/home/ncpa/tr1200_ws/tr1200_ros/tr1200_modules' returned '0': PYTHONPATH=/home/ncpa/tr1200_ws/build/tr1200_modules/prefix_override:/usr/lib/python3/dist-packages/colcon_core/task/python/colcon_distutils_commands:/home/ncpa/tr1200_ws/install/tr1200_modules/lib/python3.10/site-packages:${PYTHONPATH} /usr/bin/python3 -W ignore:setup.py install is deprecated setup.py egg_info --egg-base ../../build/tr1200_modules build --build-base /home/ncpa/tr1200_ws/build/tr1200_modules/build install --record /home/ncpa/tr1200_ws/build/tr1200_modules/install.log --single-version-externally-managed install_data
[7.777s] Level 1:colcon.colcon_core.environment:checking '/home/ncpa/tr1200_ws/install/tr1200_modules' for CMake config files
[7.783s] Level 1:colcon.colcon_core.environment:checking '/home/ncpa/tr1200_ws/install/tr1200_modules/lib'
[7.783s] Level 1:colcon.colcon_core.environment:checking '/home/ncpa/tr1200_ws/install/tr1200_modules/bin'
[7.783s] Level 1:colcon.colcon_core.environment:checking '/home/ncpa/tr1200_ws/install/tr1200_modules/lib/pkgconfig/tr1200_modules.pc'
[7.784s] Level 1:colcon.colcon_core.environment:checking '/home/ncpa/tr1200_ws/install/tr1200_modules/lib/python3.10/site-packages'
[7.784s] Level 1:colcon.colcon_core.shell:create_environment_hook('tr1200_modules', 'pythonpath')
[7.785s] INFO:colcon.colcon_core.shell:Creating environment hook '/home/ncpa/tr1200_ws/install/tr1200_modules/share/tr1200_modules/hook/pythonpath.ps1'
[7.787s] INFO:colcon.colcon_core.shell:Creating environment descriptor '/home/ncpa/tr1200_ws/install/tr1200_modules/share/tr1200_modules/hook/pythonpath.dsv'
[7.789s] INFO:colcon.colcon_core.shell:Creating environment hook '/home/ncpa/tr1200_ws/install/tr1200_modules/share/tr1200_modules/hook/pythonpath.sh'
[7.791s] Level 1:colcon.colcon_core.environment:checking '/home/ncpa/tr1200_ws/install/tr1200_modules/bin'
[7.792s] Level 1:colcon.colcon_core.environment:create_environment_scripts_only(tr1200_modules)
[7.793s] INFO:colcon.colcon_core.shell:Creating package script '/home/ncpa/tr1200_ws/install/tr1200_modules/share/tr1200_modules/package.ps1'
[7.795s] INFO:colcon.colcon_core.shell:Creating package descriptor '/home/ncpa/tr1200_ws/install/tr1200_modules/share/tr1200_modules/package.dsv'
[7.797s] INFO:colcon.colcon_core.shell:Creating package script '/home/ncpa/tr1200_ws/install/tr1200_modules/share/tr1200_modules/package.sh'
[7.799s] INFO:colcon.colcon_core.shell:Creating package script '/home/ncpa/tr1200_ws/install/tr1200_modules/share/tr1200_modules/package.bash'
[7.801s] INFO:colcon.colcon_core.shell:Creating package script '/home/ncpa/tr1200_ws/install/tr1200_modules/share/tr1200_modules/package.zsh'
[7.803s] Level 1:colcon.colcon_core.environment:create_file_with_runtime_dependencies(/home/ncpa/tr1200_ws/install/tr1200_modules/share/colcon-core/packages/tr1200_modules)
[7.804s] INFO:colcon.colcon_ros.task.ament_cmake.build:Building ROS package in '/home/ncpa/tr1200_ws/tr1200_ros/tr1200_description' with build type 'ament_cmake'
[7.805s] INFO:colcon.colcon_cmake.task.cmake.build:Building CMake package in '/home/ncpa/tr1200_ws/tr1200_ros/tr1200_description'
[7.806s] INFO:colcon.colcon_core.shell:Skip shell extension 'powershell' for command environment: Not usable outside of PowerShell
[7.806s] DEBUG:colcon.colcon_core.shell:Skip shell extension 'dsv' for command environment
[7.840s] DEBUG:colcon.colcon_core.event_handler.log_command:Invoking command in '/home/ncpa/tr1200_ws/build/tr1200_description': AMENT_PREFIX_PATH=/home/ncpa/tr1200_ws/install/tr1200_modules:/home/ncpa/tr1200_ws/install/tr1200_ros:/home/ncpa/tr1200_ws/install/tr1200_teleop:/home/ncpa/tr1200_ws/install/tr1200_control:/home/ncpa/tr1200_ws/install/tr1200_description:/home/ncpa/tr1200_ws/install/tr1200_base:/home/ncpa/tr1200_ws/install/tr1200_WASD:/opt/ros/humble CMAKE_PREFIX_PATH=${CMAKE_PREFIX_PATH}:/home/ncpa/tr1200_ws/install/tr1200_modules:/home/ncpa/tr1200_ws/install/tr1200_WASD:/opt/ros/humble /usr/bin/cmake --build /home/ncpa/tr1200_ws/build/tr1200_description -- -j4 -l4
[7.933s] DEBUG:colcon.colcon_core.event_handler.log_command:Invoked command in '/home/ncpa/tr1200_ws/build/tr1200_description' returned '0': AMENT_PREFIX_PATH=/home/ncpa/tr1200_ws/install/tr1200_modules:/home/ncpa/tr1200_ws/install/tr1200_ros:/home/ncpa/tr1200_ws/install/tr1200_teleop:/home/ncpa/tr1200_ws/install/tr1200_control:/home/ncpa/tr1200_ws/install/tr1200_description:/home/ncpa/tr1200_ws/install/tr1200_base:/home/ncpa/tr1200_ws/install/tr1200_WASD:/opt/ros/humble CMAKE_PREFIX_PATH=${CMAKE_PREFIX_PATH}:/home/ncpa/tr1200_ws/install/tr1200_modules:/home/ncpa/tr1200_ws/install/tr1200_WASD:/opt/ros/humble /usr/bin/cmake --build /home/ncpa/tr1200_ws/build/tr1200_description -- -j4 -l4
[7.997s] DEBUG:colcon.colcon_core.event_handler.log_command:Invoking command in '/home/ncpa/tr1200_ws/build/tr1200_description': AMENT_PREFIX_PATH=/home/ncpa/tr1200_ws/install/tr1200_modules:/home/ncpa/tr1200_ws/install/tr1200_ros:/home/ncpa/tr1200_ws/install/tr1200_teleop:/home/ncpa/tr1200_ws/install/tr1200_control:/home/ncpa/tr1200_ws/install/tr1200_description:/home/ncpa/tr1200_ws/install/tr1200_base:/home/ncpa/tr1200_ws/install/tr1200_WASD:/opt/ros/humble CMAKE_PREFIX_PATH=${CMAKE_PREFIX_PATH}:/home/ncpa/tr1200_ws/install/tr1200_modules:/home/ncpa/tr1200_ws/install/tr1200_WASD:/opt/ros/humble /usr/bin/cmake --install /home/ncpa/tr1200_ws/build/tr1200_description
[8.047s] Level 1:colcon.colcon_core.environment:create_environment_scripts_only(tr1200_description)
[8.048s] Level 1:colcon.colcon_core.environment:checking '/home/ncpa/tr1200_ws/install/tr1200_description' for CMake module files
[8.051s] DEBUG:colcon.colcon_core.event_handler.log_command:Invoked command in '/home/ncpa/tr1200_ws/build/tr1200_description' returned '0': AMENT_PREFIX_PATH=/home/ncpa/tr1200_ws/install/tr1200_modules:/home/ncpa/tr1200_ws/install/tr1200_ros:/home/ncpa/tr1200_ws/install/tr1200_teleop:/home/ncpa/tr1200_ws/install/tr1200_control:/home/ncpa/tr1200_ws/install/tr1200_description:/home/ncpa/tr1200_ws/install/tr1200_base:/home/ncpa/tr1200_ws/install/tr1200_WASD:/opt/ros/humble CMAKE_PREFIX_PATH=${CMAKE_PREFIX_PATH}:/home/ncpa/tr1200_ws/install/tr1200_modules:/home/ncpa/tr1200_ws/install/tr1200_WASD:/opt/ros/humble /usr/bin/cmake --install /home/ncpa/tr1200_ws/build/tr1200_description
[8.053s] Level 1:colcon.colcon_core.environment:checking '/home/ncpa/tr1200_ws/install/tr1200_description' for CMake config files
[8.060s] Level 1:colcon.colcon_core.shell:create_environment_hook('tr1200_description', 'cmake_prefix_path')
[8.062s] INFO:colcon.colcon_core.shell:Creating environment hook '/home/ncpa/tr1200_ws/install/tr1200_description/share/tr1200_description/hook/cmake_prefix_path.ps1'
[8.064s] INFO:colcon.colcon_core.shell:Creating environment descriptor '/home/ncpa/tr1200_ws/install/tr1200_description/share/tr1200_description/hook/cmake_prefix_path.dsv'
[8.066s] INFO:colcon.colcon_core.shell:Creating environment hook '/home/ncpa/tr1200_ws/install/tr1200_description/share/tr1200_description/hook/cmake_prefix_path.sh'
[8.068s] Level 1:colcon.colcon_core.environment:checking '/home/ncpa/tr1200_ws/install/tr1200_description/bin'
[8.069s] Level 1:colcon.colcon_core.environment:checking '/home/ncpa/tr1200_ws/install/tr1200_description/lib/pkgconfig/tr1200_description.pc'
[8.070s] Level 1:colcon.colcon_core.environment:checking '/home/ncpa/tr1200_ws/install/tr1200_description/lib/python3.10/site-packages'
[8.071s] Level 1:colcon.colcon_core.environment:checking '/home/ncpa/tr1200_ws/install/tr1200_description/bin'
[8.072s] INFO:colcon.colcon_core.shell:Creating package script '/home/ncpa/tr1200_ws/install/tr1200_description/share/tr1200_description/package.ps1'
[8.074s] INFO:colcon.colcon_core.shell:Creating package descriptor '/home/ncpa/tr1200_ws/install/tr1200_description/share/tr1200_description/package.dsv'
[8.076s] INFO:colcon.colcon_core.shell:Creating package script '/home/ncpa/tr1200_ws/install/tr1200_description/share/tr1200_description/package.sh'
[8.078s] INFO:colcon.colcon_core.shell:Creating package script '/home/ncpa/tr1200_ws/install/tr1200_description/share/tr1200_description/package.bash'
[8.080s] INFO:colcon.colcon_core.shell:Creating package script '/home/ncpa/tr1200_ws/install/tr1200_description/share/tr1200_description/package.zsh'
[8.082s] Level 1:colcon.colcon_core.environment:create_file_with_runtime_dependencies(/home/ncpa/tr1200_ws/install/tr1200_description/share/colcon-core/packages/tr1200_description)
[8.141s] Level 1:colcon.colcon_core.environment:create_environment_scripts_only(tr1200_description)
[8.142s] Level 1:colcon.colcon_core.environment:checking '/home/ncpa/tr1200_ws/install/tr1200_description' for CMake module files
[8.144s] Level 1:colcon.colcon_core.environment:checking '/home/ncpa/tr1200_ws/install/tr1200_description' for CMake config files
[8.146s] Level 1:colcon.colcon_core.shell:create_environment_hook('tr1200_description', 'cmake_prefix_path')
[8.147s] INFO:colcon.colcon_core.shell:Creating environment hook '/home/ncpa/tr1200_ws/install/tr1200_description/share/tr1200_description/hook/cmake_prefix_path.ps1'
[8.189s] INFO:colcon.colcon_core.shell:Creating environment descriptor '/home/ncpa/tr1200_ws/install/tr1200_description/share/tr1200_description/hook/cmake_prefix_path.dsv'
[8.191s] INFO:colcon.colcon_core.shell:Creating environment hook '/home/ncpa/tr1200_ws/install/tr1200_description/share/tr1200_description/hook/cmake_prefix_path.sh'
[8.194s] Level 1:colcon.colcon_core.environment:checking '/home/ncpa/tr1200_ws/install/tr1200_description/bin'
[8.194s] Level 1:colcon.colcon_core.environment:checking '/home/ncpa/tr1200_ws/install/tr1200_description/lib/pkgconfig/tr1200_description.pc'
[8.195s] Level 1:colcon.colcon_core.environment:checking '/home/ncpa/tr1200_ws/install/tr1200_description/lib/python3.10/site-packages'
[8.196s] Level 1:colcon.colcon_core.environment:checking '/home/ncpa/tr1200_ws/install/tr1200_description/bin'
[8.198s] INFO:colcon.colcon_core.shell:Creating package script '/home/ncpa/tr1200_ws/install/tr1200_description/share/tr1200_description/package.ps1'
[8.200s] INFO:colcon.colcon_core.shell:Creating package descriptor '/home/ncpa/tr1200_ws/install/tr1200_description/share/tr1200_description/package.dsv'
[8.202s] INFO:colcon.colcon_core.shell:Creating package script '/home/ncpa/tr1200_ws/install/tr1200_description/share/tr1200_description/package.sh'
[8.205s] INFO:colcon.colcon_core.shell:Creating package script '/home/ncpa/tr1200_ws/install/tr1200_description/share/tr1200_description/package.bash'
[8.207s] INFO:colcon.colcon_core.shell:Creating package script '/home/ncpa/tr1200_ws/install/tr1200_description/share/tr1200_description/package.zsh'
[8.209s] Level 1:colcon.colcon_core.environment:create_file_with_runtime_dependencies(/home/ncpa/tr1200_ws/install/tr1200_description/share/colcon-core/packages/tr1200_description)
[8.210s] INFO:colcon.colcon_ros.task.ament_cmake.build:Building ROS package in '/home/ncpa/tr1200_ws/tr1200_ros/tr1200_control' with build type 'ament_cmake'
[8.212s] INFO:colcon.colcon_cmake.task.cmake.build:Building CMake package in '/home/ncpa/tr1200_ws/tr1200_ros/tr1200_control'
[8.213s] INFO:colcon.colcon_core.shell:Skip shell extension 'powershell' for command environment: Not usable outside of PowerShell
[8.214s] DEBUG:colcon.colcon_core.shell:Skip shell extension 'dsv' for command environment
[8.254s] DEBUG:colcon.colcon_core.event_handler.log_command:Invoking command in '/home/ncpa/tr1200_ws/build/tr1200_control': AMENT_PREFIX_PATH=/home/ncpa/tr1200_ws/install/tr1200_modules:/home/ncpa/tr1200_ws/install/tr1200_ros:/home/ncpa/tr1200_ws/install/tr1200_teleop:/home/ncpa/tr1200_ws/install/tr1200_control:/home/ncpa/tr1200_ws/install/tr1200_description:/home/ncpa/tr1200_ws/install/tr1200_base:/home/ncpa/tr1200_ws/install/tr1200_WASD:/opt/ros/humble CMAKE_PREFIX_PATH=/home/ncpa/tr1200_ws/install/tr1200_description:/home/ncpa/tr1200_ws/install/tr1200_base:/home/ncpa/tr1200_ws/install/tr1200_ros:/home/ncpa/tr1200_ws/install/tr1200_teleop:/home/ncpa/tr1200_ws/install/tr1200_control:/home/ncpa/tr1200_ws/install/tr1200_modules:/home/ncpa/tr1200_ws/install/tr1200_WASD:/opt/ros/humble /usr/bin/cmake --build /home/ncpa/tr1200_ws/build/tr1200_control -- -j4 -l4
[8.348s] DEBUG:colcon.colcon_core.event_handler.log_command:Invoked command in '/home/ncpa/tr1200_ws/build/tr1200_control' returned '0': AMENT_PREFIX_PATH=/home/ncpa/tr1200_ws/install/tr1200_modules:/home/ncpa/tr1200_ws/install/tr1200_ros:/home/ncpa/tr1200_ws/install/tr1200_teleop:/home/ncpa/tr1200_ws/install/tr1200_control:/home/ncpa/tr1200_ws/install/tr1200_description:/home/ncpa/tr1200_ws/install/tr1200_base:/home/ncpa/tr1200_ws/install/tr1200_WASD:/opt/ros/humble CMAKE_PREFIX_PATH=/home/ncpa/tr1200_ws/install/tr1200_description:/home/ncpa/tr1200_ws/install/tr1200_base:/home/ncpa/tr1200_ws/install/tr1200_ros:/home/ncpa/tr1200_ws/install/tr1200_teleop:/home/ncpa/tr1200_ws/install/tr1200_control:/home/ncpa/tr1200_ws/install/tr1200_modules:/home/ncpa/tr1200_ws/install/tr1200_WASD:/opt/ros/humble /usr/bin/cmake --build /home/ncpa/tr1200_ws/build/tr1200_control -- -j4 -l4
[8.409s] DEBUG:colcon.colcon_core.event_handler.log_command:Invoking command in '/home/ncpa/tr1200_ws/build/tr1200_control': AMENT_PREFIX_PATH=/home/ncpa/tr1200_ws/install/tr1200_modules:/home/ncpa/tr1200_ws/install/tr1200_ros:/home/ncpa/tr1200_ws/install/tr1200_teleop:/home/ncpa/tr1200_ws/install/tr1200_control:/home/ncpa/tr1200_ws/install/tr1200_description:/home/ncpa/tr1200_ws/install/tr1200_base:/home/ncpa/tr1200_ws/install/tr1200_WASD:/opt/ros/humble CMAKE_PREFIX_PATH=/home/ncpa/tr1200_ws/install/tr1200_description:/home/ncpa/tr1200_ws/install/tr1200_base:/home/ncpa/tr1200_ws/install/tr1200_ros:/home/ncpa/tr1200_ws/install/tr1200_teleop:/home/ncpa/tr1200_ws/install/tr1200_control:/home/ncpa/tr1200_ws/install/tr1200_modules:/home/ncpa/tr1200_ws/install/tr1200_WASD:/opt/ros/humble /usr/bin/cmake --install /home/ncpa/tr1200_ws/build/tr1200_control
[8.462s] Level 1:colcon.colcon_core.environment:create_environment_scripts_only(tr1200_control)
[8.463s] Level 1:colcon.colcon_core.environment:checking '/home/ncpa/tr1200_ws/install/tr1200_control' for CMake module files
[8.465s] DEBUG:colcon.colcon_core.event_handler.log_command:Invoked command in '/home/ncpa/tr1200_ws/build/tr1200_control' returned '0': AMENT_PREFIX_PATH=/home/ncpa/tr1200_ws/install/tr1200_modules:/home/ncpa/tr1200_ws/install/tr1200_ros:/home/ncpa/tr1200_ws/install/tr1200_teleop:/home/ncpa/tr1200_ws/install/tr1200_control:/home/ncpa/tr1200_ws/install/tr1200_description:/home/ncpa/tr1200_ws/install/tr1200_base:/home/ncpa/tr1200_ws/install/tr1200_WASD:/opt/ros/humble CMAKE_PREFIX_PATH=/home/ncpa/tr1200_ws/install/tr1200_description:/home/ncpa/tr1200_ws/install/tr1200_base:/home/ncpa/tr1200_ws/install/tr1200_ros:/home/ncpa/tr1200_ws/install/tr1200_teleop:/home/ncpa/tr1200_ws/install/tr1200_control:/home/ncpa/tr1200_ws/install/tr1200_modules:/home/ncpa/tr1200_ws/install/tr1200_WASD:/opt/ros/humble /usr/bin/cmake --install /home/ncpa/tr1200_ws/build/tr1200_control
[8.467s] Level 1:colcon.colcon_core.environment:checking '/home/ncpa/tr1200_ws/install/tr1200_control' for CMake config files
[8.470s] Level 1:colcon.colcon_core.shell:create_environment_hook('tr1200_control', 'cmake_prefix_path')
[8.471s] INFO:colcon.colcon_core.shell:Creating environment hook '/home/ncpa/tr1200_ws/install/tr1200_control/share/tr1200_control/hook/cmake_prefix_path.ps1'
[8.473s] INFO:colcon.colcon_core.shell:Creating environment descriptor '/home/ncpa/tr1200_ws/install/tr1200_control/share/tr1200_control/hook/cmake_prefix_path.dsv'
[8.475s] INFO:colcon.colcon_core.shell:Creating environment hook '/home/ncpa/tr1200_ws/install/tr1200_control/share/tr1200_control/hook/cmake_prefix_path.sh'
[8.477s] Level 1:colcon.colcon_core.environment:checking '/home/ncpa/tr1200_ws/install/tr1200_control/bin'
[8.478s] Level 1:colcon.colcon_core.environment:checking '/home/ncpa/tr1200_ws/install/tr1200_control/lib/pkgconfig/tr1200_control.pc'
[8.478s] Level 1:colcon.colcon_core.environment:checking '/home/ncpa/tr1200_ws/install/tr1200_control/lib/python3.10/site-packages'
[8.479s] Level 1:colcon.colcon_core.environment:checking '/home/ncpa/tr1200_ws/install/tr1200_control/bin'
[8.480s] INFO:colcon.colcon_core.shell:Creating package script '/home/ncpa/tr1200_ws/install/tr1200_control/share/tr1200_control/package.ps1'
[8.482s] INFO:colcon.colcon_core.shell:Creating package descriptor '/home/ncpa/tr1200_ws/install/tr1200_control/share/tr1200_control/package.dsv'
[8.484s] INFO:colcon.colcon_core.shell:Creating package script '/home/ncpa/tr1200_ws/install/tr1200_control/share/tr1200_control/package.sh'
[8.486s] INFO:colcon.colcon_core.shell:Creating package script '/home/ncpa/tr1200_ws/install/tr1200_control/share/tr1200_control/package.bash'
[8.488s] INFO:colcon.colcon_core.shell:Creating package script '/home/ncpa/tr1200_ws/install/tr1200_control/share/tr1200_control/package.zsh'
[8.490s] Level 1:colcon.colcon_core.environment:create_file_with_runtime_dependencies(/home/ncpa/tr1200_ws/install/tr1200_control/share/colcon-core/packages/tr1200_control)
[8.547s] Level 1:colcon.colcon_core.environment:create_environment_scripts_only(tr1200_control)
[8.548s] Level 1:colcon.colcon_core.environment:checking '/home/ncpa/tr1200_ws/install/tr1200_control' for CMake module files
[8.550s] Level 1:colcon.colcon_core.environment:checking '/home/ncpa/tr1200_ws/install/tr1200_control' for CMake config files
[8.551s] Level 1:colcon.colcon_core.shell:create_environment_hook('tr1200_control', 'cmake_prefix_path')
[8.552s] INFO:colcon.colcon_core.shell:Creating environment hook '/home/ncpa/tr1200_ws/install/tr1200_control/share/tr1200_control/hook/cmake_prefix_path.ps1'
[8.597s] INFO:colcon.colcon_core.shell:Creating environment descriptor '/home/ncpa/tr1200_ws/install/tr1200_control/share/tr1200_control/hook/cmake_prefix_path.dsv'
[8.599s] INFO:colcon.colcon_core.shell:Creating environment hook '/home/ncpa/tr1200_ws/install/tr1200_control/share/tr1200_control/hook/cmake_prefix_path.sh'
[8.601s] Level 1:colcon.colcon_core.environment:checking '/home/ncpa/tr1200_ws/install/tr1200_control/bin'
[8.602s] Level 1:colcon.colcon_core.environment:checking '/home/ncpa/tr1200_ws/install/tr1200_control/lib/pkgconfig/tr1200_control.pc'
[8.602s] Level 1:colcon.colcon_core.environment:checking '/home/ncpa/tr1200_ws/install/tr1200_control/lib/python3.10/site-packages'
[8.603s] Level 1:colcon.colcon_core.environment:checking '/home/ncpa/tr1200_ws/install/tr1200_control/bin'
[8.604s] INFO:colcon.colcon_core.shell:Creating package script '/home/ncpa/tr1200_ws/install/tr1200_control/share/tr1200_control/package.ps1'
[8.607s] INFO:colcon.colcon_core.shell:Creating package descriptor '/home/ncpa/tr1200_ws/install/tr1200_control/share/tr1200_control/package.dsv'
[8.609s] INFO:colcon.colcon_core.shell:Creating package script '/home/ncpa/tr1200_ws/install/tr1200_control/share/tr1200_control/package.sh'
[8.611s] INFO:colcon.colcon_core.shell:Creating package script '/home/ncpa/tr1200_ws/install/tr1200_control/share/tr1200_control/package.bash'
[8.613s] INFO:colcon.colcon_core.shell:Creating package script '/home/ncpa/tr1200_ws/install/tr1200_control/share/tr1200_control/package.zsh'
[8.615s] Level 1:colcon.colcon_core.environment:create_file_with_runtime_dependencies(/home/ncpa/tr1200_ws/install/tr1200_control/share/colcon-core/packages/tr1200_control)
[8.616s] INFO:colcon.colcon_ros.task.ament_cmake.build:Building ROS package in '/home/ncpa/tr1200_ws/tr1200_ros/tr1200_ros' with build type 'ament_cmake'
[8.617s] INFO:colcon.colcon_cmake.task.cmake.build:Building CMake package in '/home/ncpa/tr1200_ws/tr1200_ros/tr1200_ros'
[8.618s] INFO:colcon.colcon_core.shell:Skip shell extension 'powershell' for command environment: Not usable outside of PowerShell
[8.618s] DEBUG:colcon.colcon_core.shell:Skip shell extension 'dsv' for command environment
[8.661s] DEBUG:colcon.colcon_core.event_handler.log_command:Invoking command in '/home/ncpa/tr1200_ws/build/tr1200_ros': AMENT_PREFIX_PATH=/home/ncpa/tr1200_ws/install/tr1200_modules:/home/ncpa/tr1200_ws/install/tr1200_ros:/home/ncpa/tr1200_ws/install/tr1200_teleop:/home/ncpa/tr1200_ws/install/tr1200_control:/home/ncpa/tr1200_ws/install/tr1200_description:/home/ncpa/tr1200_ws/install/tr1200_base:/home/ncpa/tr1200_ws/install/tr1200_WASD:/opt/ros/humble CMAKE_PREFIX_PATH=/home/ncpa/tr1200_ws/install/tr1200_control:/home/ncpa/tr1200_ws/install/tr1200_description:/home/ncpa/tr1200_ws/install/tr1200_teleop:/home/ncpa/tr1200_ws/install/tr1200_base:/home/ncpa/tr1200_ws/install/tr1200_ros:/home/ncpa/tr1200_ws/install/tr1200_modules:/home/ncpa/tr1200_ws/install/tr1200_WASD:/opt/ros/humble /usr/bin/cmake --build /home/ncpa/tr1200_ws/build/tr1200_ros -- -j4 -l4
[8.752s] DEBUG:colcon.colcon_core.event_handler.log_command:Invoked command in '/home/ncpa/tr1200_ws/build/tr1200_ros' returned '0': AMENT_PREFIX_PATH=/home/ncpa/tr1200_ws/install/tr1200_modules:/home/ncpa/tr1200_ws/install/tr1200_ros:/home/ncpa/tr1200_ws/install/tr1200_teleop:/home/ncpa/tr1200_ws/install/tr1200_control:/home/ncpa/tr1200_ws/install/tr1200_description:/home/ncpa/tr1200_ws/install/tr1200_base:/home/ncpa/tr1200_ws/install/tr1200_WASD:/opt/ros/humble CMAKE_PREFIX_PATH=/home/ncpa/tr1200_ws/install/tr1200_control:/home/ncpa/tr1200_ws/install/tr1200_description:/home/ncpa/tr1200_ws/install/tr1200_teleop:/home/ncpa/tr1200_ws/install/tr1200_base:/home/ncpa/tr1200_ws/install/tr1200_ros:/home/ncpa/tr1200_ws/install/tr1200_modules:/home/ncpa/tr1200_ws/install/tr1200_WASD:/opt/ros/humble /usr/bin/cmake --build /home/ncpa/tr1200_ws/build/tr1200_ros -- -j4 -l4
[8.817s] DEBUG:colcon.colcon_core.event_handler.log_command:Invoking command in '/home/ncpa/tr1200_ws/build/tr1200_ros': AMENT_PREFIX_PATH=/home/ncpa/tr1200_ws/install/tr1200_modules:/home/ncpa/tr1200_ws/install/tr1200_ros:/home/ncpa/tr1200_ws/install/tr1200_teleop:/home/ncpa/tr1200_ws/install/tr1200_control:/home/ncpa/tr1200_ws/install/tr1200_description:/home/ncpa/tr1200_ws/install/tr1200_base:/home/ncpa/tr1200_ws/install/tr1200_WASD:/opt/ros/humble CMAKE_PREFIX_PATH=/home/ncpa/tr1200_ws/install/tr1200_control:/home/ncpa/tr1200_ws/install/tr1200_description:/home/ncpa/tr1200_ws/install/tr1200_teleop:/home/ncpa/tr1200_ws/install/tr1200_base:/home/ncpa/tr1200_ws/install/tr1200_ros:/home/ncpa/tr1200_ws/install/tr1200_modules:/home/ncpa/tr1200_ws/install/tr1200_WASD:/opt/ros/humble /usr/bin/cmake --install /home/ncpa/tr1200_ws/build/tr1200_ros
[8.867s] Level 1:colcon.colcon_core.environment:create_environment_scripts_only(tr1200_ros)
[8.868s] Level 1:colcon.colcon_core.environment:checking '/home/ncpa/tr1200_ws/install/tr1200_ros' for CMake module files
[8.871s] DEBUG:colcon.colcon_core.event_handler.log_command:Invoked command in '/home/ncpa/tr1200_ws/build/tr1200_ros' returned '0': AMENT_PREFIX_PATH=/home/ncpa/tr1200_ws/install/tr1200_modules:/home/ncpa/tr1200_ws/install/tr1200_ros:/home/ncpa/tr1200_ws/install/tr1200_teleop:/home/ncpa/tr1200_ws/install/tr1200_control:/home/ncpa/tr1200_ws/install/tr1200_description:/home/ncpa/tr1200_ws/install/tr1200_base:/home/ncpa/tr1200_ws/install/tr1200_WASD:/opt/ros/humble CMAKE_PREFIX_PATH=/home/ncpa/tr1200_ws/install/tr1200_control:/home/ncpa/tr1200_ws/install/tr1200_description:/home/ncpa/tr1200_ws/install/tr1200_teleop:/home/ncpa/tr1200_ws/install/tr1200_base:/home/ncpa/tr1200_ws/install/tr1200_ros:/home/ncpa/tr1200_ws/install/tr1200_modules:/home/ncpa/tr1200_ws/install/tr1200_WASD:/opt/ros/humble /usr/bin/cmake --install /home/ncpa/tr1200_ws/build/tr1200_ros
[8.873s] Level 1:colcon.colcon_core.environment:checking '/home/ncpa/tr1200_ws/install/tr1200_ros' for CMake config files
[8.875s] Level 1:colcon.colcon_core.shell:create_environment_hook('tr1200_ros', 'cmake_prefix_path')
[8.876s] INFO:colcon.colcon_core.shell:Creating environment hook '/home/ncpa/tr1200_ws/install/tr1200_ros/share/tr1200_ros/hook/cmake_prefix_path.ps1'
[8.879s] INFO:colcon.colcon_core.shell:Creating environment descriptor '/home/ncpa/tr1200_ws/install/tr1200_ros/share/tr1200_ros/hook/cmake_prefix_path.dsv'
[8.881s] INFO:colcon.colcon_core.shell:Creating environment hook '/home/ncpa/tr1200_ws/install/tr1200_ros/share/tr1200_ros/hook/cmake_prefix_path.sh'
[8.884s] Level 1:colcon.colcon_core.environment:checking '/home/ncpa/tr1200_ws/install/tr1200_ros/bin'
[8.884s] Level 1:colcon.colcon_core.environment:checking '/home/ncpa/tr1200_ws/install/tr1200_ros/lib/pkgconfig/tr1200_ros.pc'
[8.885s] Level 1:colcon.colcon_core.environment:checking '/home/ncpa/tr1200_ws/install/tr1200_ros/lib/python3.10/site-packages'
[8.886s] Level 1:colcon.colcon_core.environment:checking '/home/ncpa/tr1200_ws/install/tr1200_ros/bin'
[8.887s] INFO:colcon.colcon_core.shell:Creating package script '/home/ncpa/tr1200_ws/install/tr1200_ros/share/tr1200_ros/package.ps1'
[8.889s] INFO:colcon.colcon_core.shell:Creating package descriptor '/home/ncpa/tr1200_ws/install/tr1200_ros/share/tr1200_ros/package.dsv'
[8.891s] INFO:colcon.colcon_core.shell:Creating package script '/home/ncpa/tr1200_ws/install/tr1200_ros/share/tr1200_ros/package.sh'
[8.893s] INFO:colcon.colcon_core.shell:Creating package script '/home/ncpa/tr1200_ws/install/tr1200_ros/share/tr1200_ros/package.bash'
[8.895s] INFO:colcon.colcon_core.shell:Creating package script '/home/ncpa/tr1200_ws/install/tr1200_ros/share/tr1200_ros/package.zsh'
[8.897s] Level 1:colcon.colcon_core.environment:create_file_with_runtime_dependencies(/home/ncpa/tr1200_ws/install/tr1200_ros/share/colcon-core/packages/tr1200_ros)
[8.955s] Level 1:colcon.colcon_core.environment:create_environment_scripts_only(tr1200_ros)
[8.956s] Level 1:colcon.colcon_core.environment:checking '/home/ncpa/tr1200_ws/install/tr1200_ros' for CMake module files
[8.958s] Level 1:colcon.colcon_core.environment:checking '/home/ncpa/tr1200_ws/install/tr1200_ros' for CMake config files
[8.958s] Level 1:colcon.colcon_core.shell:create_environment_hook('tr1200_ros', 'cmake_prefix_path')
[8.959s] INFO:colcon.colcon_core.shell:Creating environment hook '/home/ncpa/tr1200_ws/install/tr1200_ros/share/tr1200_ros/hook/cmake_prefix_path.ps1'
[8.961s] INFO:colcon.colcon_core.shell:Creating environment descriptor '/home/ncpa/tr1200_ws/install/tr1200_ros/share/tr1200_ros/hook/cmake_prefix_path.dsv'
[8.963s] INFO:colcon.colcon_core.shell:Creating environment hook '/home/ncpa/tr1200_ws/install/tr1200_ros/share/tr1200_ros/hook/cmake_prefix_path.sh'
[8.966s] Level 1:colcon.colcon_core.environment:checking '/home/ncpa/tr1200_ws/install/tr1200_ros/bin'
[8.966s] Level 1:colcon.colcon_core.environment:checking '/home/ncpa/tr1200_ws/install/tr1200_ros/lib/pkgconfig/tr1200_ros.pc'
[8.967s] Level 1:colcon.colcon_core.environment:checking '/home/ncpa/tr1200_ws/install/tr1200_ros/lib/python3.10/site-packages'
[8.968s] Level 1:colcon.colcon_core.environment:checking '/home/ncpa/tr1200_ws/install/tr1200_ros/bin'
[8.969s] INFO:colcon.colcon_core.shell:Creating package script '/home/ncpa/tr1200_ws/install/tr1200_ros/share/tr1200_ros/package.ps1'
[8.972s] INFO:colcon.colcon_core.shell:Creating package descriptor '/home/ncpa/tr1200_ws/install/tr1200_ros/share/tr1200_ros/package.dsv'
[8.974s] INFO:colcon.colcon_core.shell:Creating package script '/home/ncpa/tr1200_ws/install/tr1200_ros/share/tr1200_ros/package.sh'
[8.976s] INFO:colcon.colcon_core.shell:Creating package script '/home/ncpa/tr1200_ws/install/tr1200_ros/share/tr1200_ros/package.bash'
[8.978s] INFO:colcon.colcon_core.shell:Creating package script '/home/ncpa/tr1200_ws/install/tr1200_ros/share/tr1200_ros/package.zsh'
[8.980s] Level 1:colcon.colcon_core.environment:create_file_with_runtime_dependencies(/home/ncpa/tr1200_ws/install/tr1200_ros/share/colcon-core/packages/tr1200_ros)
[8.981s] DEBUG:colcon.colcon_parallel_executor.executor.parallel:closing loop
[8.983s] DEBUG:colcon.colcon_parallel_executor.executor.parallel:loop closed
[8.983s] DEBUG:colcon.colcon_parallel_executor.executor.parallel:run_until_complete finished with '0'
[8.983s] DEBUG:colcon.colcon_core.event_reactor:joining thread
[9.007s] INFO:colcon.colcon_core.plugin_system:Skipping extension 'colcon_notification.desktop_notification.terminal_notifier': Not used on non-Darwin systems
[9.007s] INFO:colcon.colcon_core.plugin_system:Skipping extension 'colcon_notification.desktop_notification.win32': Not used on non-Windows systems
[9.008s] INFO:colcon.colcon_notification.desktop_notification:Sending desktop notification using 'notify2'
[9.014s] DEBUG:colcon.colcon_notification.desktop_notification.notify2:Failed to initialize notify2: org.freedesktop.DBus.Error.ServiceUnknown: The name org.freedesktop.Notifications was not provided by any .service files
[9.014s] DEBUG:colcon.colcon_core.event_reactor:joined thread
[9.016s] INFO:colcon.colcon_core.shell:Creating prefix script '/home/ncpa/tr1200_ws/install/local_setup.ps1'
[9.019s] INFO:colcon.colcon_core.shell:Creating prefix util module '/home/ncpa/tr1200_ws/install/_local_setup_util_ps1.py'
[9.026s] INFO:colcon.colcon_core.shell:Creating prefix chain script '/home/ncpa/tr1200_ws/install/setup.ps1'
[9.031s] INFO:colcon.colcon_core.shell:Creating prefix script '/home/ncpa/tr1200_ws/install/local_setup.sh'
[9.033s] INFO:colcon.colcon_core.shell:Creating prefix util module '/home/ncpa/tr1200_ws/install/_local_setup_util_sh.py'
[9.037s] INFO:colcon.colcon_core.shell:Creating prefix chain script '/home/ncpa/tr1200_ws/install/setup.sh'
[9.042s] INFO:colcon.colcon_core.shell:Creating prefix script '/home/ncpa/tr1200_ws/install/local_setup.bash'
[9.044s] INFO:colcon.colcon_core.shell:Creating prefix chain script '/home/ncpa/tr1200_ws/install/setup.bash'
[9.049s] INFO:colcon.colcon_core.shell:Creating prefix script '/home/ncpa/tr1200_ws/install/local_setup.zsh'
[9.052s] INFO:colcon.colcon_core.shell:Creating prefix chain script '/home/ncpa/tr1200_ws/install/setup.zsh'
