[0.038s] Invoking command in '/home/ncpa/tr1200_ws/build/tr1200_control': AMENT_PREFIX_PATH=/home/ncpa/tr1200_ws/install/tr1200_modules:/home/ncpa/tr1200_ws/install/tr1200_ros:/home/ncpa/tr1200_ws/install/tr1200_teleop:/home/ncpa/tr1200_ws/install/tr1200_control:/home/ncpa/tr1200_ws/install/tr1200_description:/home/ncpa/tr1200_ws/install/tr1200_base:/opt/ros/humble CMAKE_PREFIX_PATH=/home/ncpa/tr1200_ws/install/tr1200_description:/home/ncpa/tr1200_ws/install/tr1200_base:/home/ncpa/tr1200_ws/install/tr1200_ros:/home/ncpa/tr1200_ws/install/tr1200_teleop:/home/ncpa/tr1200_ws/install/tr1200_control:/home/ncpa/tr1200_ws/install/tr1200_modules:/opt/ros/humble /usr/bin/cmake --build /home/ncpa/tr1200_ws/build/tr1200_control -- -j4 -l4
[0.140s] Invoked command in '/home/ncpa/tr1200_ws/build/tr1200_control' returned '0': AMENT_PREFIX_PATH=/home/ncpa/tr1200_ws/install/tr1200_modules:/home/ncpa/tr1200_ws/install/tr1200_ros:/home/ncpa/tr1200_ws/install/tr1200_teleop:/home/ncpa/tr1200_ws/install/tr1200_control:/home/ncpa/tr1200_ws/install/tr1200_description:/home/ncpa/tr1200_ws/install/tr1200_base:/opt/ros/humble CMAKE_PREFIX_PATH=/home/ncpa/tr1200_ws/install/tr1200_description:/home/ncpa/tr1200_ws/install/tr1200_base:/home/ncpa/tr1200_ws/install/tr1200_ros:/home/ncpa/tr1200_ws/install/tr1200_teleop:/home/ncpa/tr1200_ws/install/tr1200_control:/home/ncpa/tr1200_ws/install/tr1200_modules:/opt/ros/humble /usr/bin/cmake --build /home/ncpa/tr1200_ws/build/tr1200_control -- -j4 -l4
[0.203s] Invoking command in '/home/ncpa/tr1200_ws/build/tr1200_control': AMENT_PREFIX_PATH=/home/ncpa/tr1200_ws/install/tr1200_modules:/home/ncpa/tr1200_ws/install/tr1200_ros:/home/ncpa/tr1200_ws/install/tr1200_teleop:/home/ncpa/tr1200_ws/install/tr1200_control:/home/ncpa/tr1200_ws/install/tr1200_description:/home/ncpa/tr1200_ws/install/tr1200_base:/opt/ros/humble CMAKE_PREFIX_PATH=/home/ncpa/tr1200_ws/install/tr1200_description:/home/ncpa/tr1200_ws/install/tr1200_base:/home/ncpa/tr1200_ws/install/tr1200_ros:/home/ncpa/tr1200_ws/install/tr1200_teleop:/home/ncpa/tr1200_ws/install/tr1200_control:/home/ncpa/tr1200_ws/install/tr1200_modules:/opt/ros/humble /usr/bin/cmake --install /home/ncpa/tr1200_ws/build/tr1200_control
[0.249s] -- Install configuration: ""
[0.250s] -- Up-to-date: /home/ncpa/tr1200_ws/install/tr1200_control/share/tr1200_control/config
[0.251s] -- Up-to-date: /home/ncpa/tr1200_ws/install/tr1200_control/share/tr1200_control/config/tr1200_controllers.yaml
[0.252s] -- Up-to-date: /home/ncpa/tr1200_ws/install/tr1200_control/share/tr1200_control/launch
[0.253s] -- Up-to-date: /home/ncpa/tr1200_ws/install/tr1200_control/share/tr1200_control/launch/control.launch.py
[0.254s] -- Up-to-date: /home/ncpa/tr1200_ws/install/tr1200_control/share/ament_index/resource_index/package_run_dependencies/tr1200_control
[0.255s] -- Up-to-date: /home/ncpa/tr1200_ws/install/tr1200_control/share/ament_index/resource_index/parent_prefix_path/tr1200_control
[0.255s] -- Up-to-date: /home/ncpa/tr1200_ws/install/tr1200_control/share/tr1200_control/environment/ament_prefix_path.sh
[0.256s] -- Up-to-date: /home/ncpa/tr1200_ws/install/tr1200_control/share/tr1200_control/environment/ament_prefix_path.dsv
[0.257s] -- Up-to-date: /home/ncpa/tr1200_ws/install/tr1200_control/share/tr1200_control/environment/path.sh
[0.258s] -- Up-to-date: /home/ncpa/tr1200_ws/install/tr1200_control/share/tr1200_control/environment/path.dsv
[0.258s] -- Up-to-date: /home/ncpa/tr1200_ws/install/tr1200_control/share/tr1200_control/local_setup.bash
[0.259s] -- Up-to-date: /home/ncpa/tr1200_ws/install/tr1200_control/share/tr1200_control/local_setup.sh
[0.259s] -- Up-to-date: /home/ncpa/tr1200_ws/install/tr1200_control/share/tr1200_control/local_setup.zsh
[0.260s] -- Up-to-date: /home/ncpa/tr1200_ws/install/tr1200_control/share/tr1200_control/local_setup.dsv
[0.260s] -- Installing: /home/ncpa/tr1200_ws/install/tr1200_control/share/tr1200_control/package.dsv
[0.261s] -- Up-to-date: /home/ncpa/tr1200_ws/install/tr1200_control/share/ament_index/resource_index/packages/tr1200_control
[0.261s] -- Up-to-date: /home/ncpa/tr1200_ws/install/tr1200_control/share/tr1200_control/cmake/tr1200_controlConfig.cmake
[0.262s] -- Up-to-date: /home/ncpa/tr1200_ws/install/tr1200_control/share/tr1200_control/cmake/tr1200_controlConfig-version.cmake
[0.262s] -- Up-to-date: /home/ncpa/tr1200_ws/install/tr1200_control/share/tr1200_control/package.xml
[0.267s] Invoked command in '/home/ncpa/tr1200_ws/build/tr1200_control' returned '0': AMENT_PREFIX_PATH=/home/ncpa/tr1200_ws/install/tr1200_modules:/home/ncpa/tr1200_ws/install/tr1200_ros:/home/ncpa/tr1200_ws/install/tr1200_teleop:/home/ncpa/tr1200_ws/install/tr1200_control:/home/ncpa/tr1200_ws/install/tr1200_description:/home/ncpa/tr1200_ws/install/tr1200_base:/opt/ros/humble CMAKE_PREFIX_PATH=/home/ncpa/tr1200_ws/install/tr1200_description:/home/ncpa/tr1200_ws/install/tr1200_base:/home/ncpa/tr1200_ws/install/tr1200_ros:/home/ncpa/tr1200_ws/install/tr1200_teleop:/home/ncpa/tr1200_ws/install/tr1200_control:/home/ncpa/tr1200_ws/install/tr1200_modules:/opt/ros/humble /usr/bin/cmake --install /home/ncpa/tr1200_ws/build/tr1200_control
