[2.630s] Invoking command in '/home/ncpa/tr1200_ws/tr1200_ros/tr1200_modules': PYTHONPATH=/home/ncpa/tr1200_ws/build/tr1200_modules/prefix_override:/usr/lib/python3/dist-packages/colcon_core/task/python/colcon_distutils_commands:/home/ncpa/tr1200_ws/install/tr1200_modules/lib/python3.10/site-packages:${PYTHONPATH} /usr/bin/python3 -W ignore:setup.py install is deprecated setup.py egg_info --egg-base ../../build/tr1200_modules build --build-base /home/ncpa/tr1200_ws/build/tr1200_modules/build install --record /home/ncpa/tr1200_ws/build/tr1200_modules/install.log --single-version-externally-managed install_data
[3.593s] running egg_info
[3.595s] writing ../../build/tr1200_modules/tr1200_modules.egg-info/PKG-INFO
[3.618s] writing dependency_links to ../../build/tr1200_modules/tr1200_modules.egg-info/dependency_links.txt
[3.619s] writing entry points to ../../build/tr1200_modules/tr1200_modules.egg-info/entry_points.txt
[3.620s] writing requirements to ../../build/tr1200_modules/tr1200_modules.egg-info/requires.txt
[3.620s] writing top-level names to ../../build/tr1200_modules/tr1200_modules.egg-info/top_level.txt
[3.627s] reading manifest file '../../build/tr1200_modules/tr1200_modules.egg-info/SOURCES.txt'
[3.630s] writing manifest file '../../build/tr1200_modules/tr1200_modules.egg-info/SOURCES.txt'
[3.631s] running build
[3.631s] running build_py
[3.632s] running install
[3.633s] running install_lib
[3.637s] running install_data
[3.638s] running install_egg_info
[3.644s] removing '/home/ncpa/tr1200_ws/install/tr1200_modules/lib/python3.10/site-packages/tr1200_modules-0.0.0-py3.10.egg-info' (and everything under it)
[3.645s] Copying ../../build/tr1200_modules/tr1200_modules.egg-info to /home/ncpa/tr1200_ws/install/tr1200_modules/lib/python3.10/site-packages/tr1200_modules-0.0.0-py3.10.egg-info
[3.648s] running install_scripts
[3.721s] writing list of installed files to '/home/ncpa/tr1200_ws/build/tr1200_modules/install.log'
[3.836s] Invoked command in '/home/ncpa/tr1200_ws/tr1200_ros/tr1200_modules' returned '0': PYTHONPATH=/home/ncpa/tr1200_ws/build/tr1200_modules/prefix_override:/usr/lib/python3/dist-packages/colcon_core/task/python/colcon_distutils_commands:/home/ncpa/tr1200_ws/install/tr1200_modules/lib/python3.10/site-packages:${PYTHONPATH} /usr/bin/python3 -W ignore:setup.py install is deprecated setup.py egg_info --egg-base ../../build/tr1200_modules build --build-base /home/ncpa/tr1200_ws/build/tr1200_modules/build install --record /home/ncpa/tr1200_ws/build/tr1200_modules/install.log --single-version-externally-managed install_data
