[0.425s] DEBUG:colcon:Command line arguments: ['/usr/bin/colcon', 'build']
[0.426s] DEBUG:colcon:Parsed command line arguments: Namespace(log_base=None, log_level=None, verb_name='build', build_base='build', install_base='install', merge_install=False, symlink_install=False, test_result_base=None, continue_on_error=False, executor='parallel', parallel_workers=4, event_handlers=None, ignore_user_meta=False, metas=['./colcon.meta'], base_paths=['.'], packages_ignore=None, packages_ignore_regex=None, paths=None, packages_up_to=None, packages_up_to_regex=None, packages_above=None, packages_above_and_dependencies=None, packages_above_depth=None, packages_select_by_dep=None, packages_skip_by_dep=None, packages_skip_up_to=None, packages_select_build_failed=False, packages_skip_build_finished=False, packages_select_test_failures=False, packages_skip_test_passed=False, packages_select=None, packages_skip=None, packages_select_regex=None, packages_skip_regex=None, packages_start=None, packages_end=None, allow_overriding=[], cmake_args=None, cmake_target=None, cmake_target_skip_unavailable=False, cmake_clean_cache=False, cmake_clean_first=False, cmake_force_configure=False, ament_cmake_args=None, catkin_cmake_args=None, catkin_skip_building_tests=False, mixin_files=None, mixin=None, verb_parser=<colcon_mixin.mixin.mixin_argument.MixinArgumentDecorator object at 0x7e4044fb25c0>, verb_extension=<colcon_core.verb.build.BuildVerb object at 0x7e40451aba60>, main=<bound method BuildVerb.main of <colcon_core.verb.build.BuildVerb object at 0x7e40451aba60>>, mixin_verb=('build',))
[1.134s] Level 1:colcon.colcon_core.package_discovery:discover_packages(colcon_meta) check parameters
[1.135s] Level 1:colcon.colcon_core.package_discovery:discover_packages(recursive) check parameters
[1.135s] Level 1:colcon.colcon_core.package_discovery:discover_packages(ignore) check parameters
[1.135s] Level 1:colcon.colcon_core.package_discovery:discover_packages(path) check parameters
[1.135s] Level 1:colcon.colcon_core.package_discovery:discover_packages(colcon_meta) discover
[1.135s] Level 1:colcon.colcon_core.package_discovery:discover_packages(recursive) discover
[1.135s] INFO:colcon.colcon_core.package_discovery:Crawling recursively for packages in '/home/ncpa/tr1200_ws'
[1.136s] Level 1:colcon.colcon_core.package_identification:_identify(.) by extensions ['ignore', 'ignore_ament_install']
[1.136s] Level 1:colcon.colcon_core.package_identification:_identify(.) by extension 'ignore'
[1.136s] Level 1:colcon.colcon_core.package_identification:_identify(.) by extension 'ignore_ament_install'
[1.137s] Level 1:colcon.colcon_core.package_identification:_identify(.) by extensions ['colcon_pkg']
[1.137s] Level 1:colcon.colcon_core.package_identification:_identify(.) by extension 'colcon_pkg'
[1.137s] Level 1:colcon.colcon_core.package_identification:_identify(.) by extensions ['colcon_meta']
[1.137s] Level 1:colcon.colcon_core.package_identification:_identify(.) by extension 'colcon_meta'
[1.137s] Level 1:colcon.colcon_core.package_identification:_identify(.) by extensions ['ros']
[1.137s] Level 1:colcon.colcon_core.package_identification:_identify(.) by extension 'ros'
[1.177s] Level 1:colcon.colcon_core.package_identification:_identify(.) by extensions ['cmake', 'python']
[1.177s] Level 1:colcon.colcon_core.package_identification:_identify(.) by extension 'cmake'
[1.177s] Level 1:colcon.colcon_core.package_identification:_identify(.) by extension 'python'
[1.178s] Level 1:colcon.colcon_core.package_identification:_identify(.) by extensions ['python_setup_py']
[1.178s] Level 1:colcon.colcon_core.package_identification:_identify(.) by extension 'python_setup_py'
[1.178s] Level 1:colcon.colcon_core.package_identification:_identify(build) by extensions ['ignore', 'ignore_ament_install']
[1.179s] Level 1:colcon.colcon_core.package_identification:_identify(build) by extension 'ignore'
[1.179s] Level 1:colcon.colcon_core.package_identification:_identify(build) ignored
[1.179s] Level 1:colcon.colcon_core.package_identification:_identify(install) by extensions ['ignore', 'ignore_ament_install']
[1.180s] Level 1:colcon.colcon_core.package_identification:_identify(install) by extension 'ignore'
[1.180s] Level 1:colcon.colcon_core.package_identification:_identify(install) ignored
[1.180s] Level 1:colcon.colcon_core.package_identification:_identify(log) by extensions ['ignore', 'ignore_ament_install']
[1.181s] Level 1:colcon.colcon_core.package_identification:_identify(log) by extension 'ignore'
[1.181s] Level 1:colcon.colcon_core.package_identification:_identify(log) ignored
[1.181s] Level 1:colcon.colcon_core.package_identification:_identify(src) by extensions ['ignore', 'ignore_ament_install']
[1.182s] Level 1:colcon.colcon_core.package_identification:_identify(src) by extension 'ignore'
[1.182s] Level 1:colcon.colcon_core.package_identification:_identify(src) by extension 'ignore_ament_install'
[1.182s] Level 1:colcon.colcon_core.package_identification:_identify(src) by extensions ['colcon_pkg']
[1.182s] Level 1:colcon.colcon_core.package_identification:_identify(src) by extension 'colcon_pkg'
[1.183s] Level 1:colcon.colcon_core.package_identification:_identify(src) by extensions ['colcon_meta']
[1.183s] Level 1:colcon.colcon_core.package_identification:_identify(src) by extension 'colcon_meta'
[1.183s] Level 1:colcon.colcon_core.package_identification:_identify(src) by extensions ['ros']
[1.183s] Level 1:colcon.colcon_core.package_identification:_identify(src) by extension 'ros'
[1.183s] Level 1:colcon.colcon_core.package_identification:_identify(src) by extensions ['cmake', 'python']
[1.183s] Level 1:colcon.colcon_core.package_identification:_identify(src) by extension 'cmake'
[1.183s] Level 1:colcon.colcon_core.package_identification:_identify(src) by extension 'python'
[1.184s] Level 1:colcon.colcon_core.package_identification:_identify(src) by extensions ['python_setup_py']
[1.184s] Level 1:colcon.colcon_core.package_identification:_identify(src) by extension 'python_setup_py'
[1.184s] Level 1:colcon.colcon_core.package_identification:_identify(tr1200_ros) by extensions ['ignore', 'ignore_ament_install']
[1.184s] Level 1:colcon.colcon_core.package_identification:_identify(tr1200_ros) by extension 'ignore'
[1.185s] Level 1:colcon.colcon_core.package_identification:_identify(tr1200_ros) by extension 'ignore_ament_install'
[1.185s] Level 1:colcon.colcon_core.package_identification:_identify(tr1200_ros) by extensions ['colcon_pkg']
[1.185s] Level 1:colcon.colcon_core.package_identification:_identify(tr1200_ros) by extension 'colcon_pkg'
[1.185s] Level 1:colcon.colcon_core.package_identification:_identify(tr1200_ros) by extensions ['colcon_meta']
[1.185s] Level 1:colcon.colcon_core.package_identification:_identify(tr1200_ros) by extension 'colcon_meta'
[1.185s] Level 1:colcon.colcon_core.package_identification:_identify(tr1200_ros) by extensions ['ros']
[1.186s] Level 1:colcon.colcon_core.package_identification:_identify(tr1200_ros) by extension 'ros'
[1.186s] Level 1:colcon.colcon_core.package_identification:_identify(tr1200_ros) by extensions ['cmake', 'python']
[1.186s] Level 1:colcon.colcon_core.package_identification:_identify(tr1200_ros) by extension 'cmake'
[1.186s] Level 1:colcon.colcon_core.package_identification:_identify(tr1200_ros) by extension 'python'
[1.186s] Level 1:colcon.colcon_core.package_identification:_identify(tr1200_ros) by extensions ['python_setup_py']
[1.186s] Level 1:colcon.colcon_core.package_identification:_identify(tr1200_ros) by extension 'python_setup_py'
[1.187s] Level 1:colcon.colcon_core.package_identification:_identify(tr1200_ros/tr1200_base) by extensions ['ignore', 'ignore_ament_install']
[1.187s] Level 1:colcon.colcon_core.package_identification:_identify(tr1200_ros/tr1200_base) by extension 'ignore'
[1.187s] Level 1:colcon.colcon_core.package_identification:_identify(tr1200_ros/tr1200_base) by extension 'ignore_ament_install'
[1.188s] Level 1:colcon.colcon_core.package_identification:_identify(tr1200_ros/tr1200_base) by extensions ['colcon_pkg']
[1.188s] Level 1:colcon.colcon_core.package_identification:_identify(tr1200_ros/tr1200_base) by extension 'colcon_pkg'
[1.188s] Level 1:colcon.colcon_core.package_identification:_identify(tr1200_ros/tr1200_base) by extensions ['colcon_meta']
[1.188s] Level 1:colcon.colcon_core.package_identification:_identify(tr1200_ros/tr1200_base) by extension 'colcon_meta'
[1.188s] Level 1:colcon.colcon_core.package_identification:_identify(tr1200_ros/tr1200_base) by extensions ['ros']
[1.188s] Level 1:colcon.colcon_core.package_identification:_identify(tr1200_ros/tr1200_base) by extension 'ros'
[1.197s] DEBUG:colcon.colcon_core.package_identification:Package 'tr1200_ros/tr1200_base' with type 'ros.ament_cmake' and name 'tr1200_base'
[1.198s] Level 1:colcon.colcon_core.package_identification:_identify(tr1200_ros/tr1200_control) by extensions ['ignore', 'ignore_ament_install']
[1.198s] Level 1:colcon.colcon_core.package_identification:_identify(tr1200_ros/tr1200_control) by extension 'ignore'
[1.199s] Level 1:colcon.colcon_core.package_identification:_identify(tr1200_ros/tr1200_control) by extension 'ignore_ament_install'
[1.199s] Level 1:colcon.colcon_core.package_identification:_identify(tr1200_ros/tr1200_control) by extensions ['colcon_pkg']
[1.199s] Level 1:colcon.colcon_core.package_identification:_identify(tr1200_ros/tr1200_control) by extension 'colcon_pkg'
[1.199s] Level 1:colcon.colcon_core.package_identification:_identify(tr1200_ros/tr1200_control) by extensions ['colcon_meta']
[1.199s] Level 1:colcon.colcon_core.package_identification:_identify(tr1200_ros/tr1200_control) by extension 'colcon_meta'
[1.200s] Level 1:colcon.colcon_core.package_identification:_identify(tr1200_ros/tr1200_control) by extensions ['ros']
[1.200s] Level 1:colcon.colcon_core.package_identification:_identify(tr1200_ros/tr1200_control) by extension 'ros'
[1.204s] DEBUG:colcon.colcon_core.package_identification:Package 'tr1200_ros/tr1200_control' with type 'ros.ament_cmake' and name 'tr1200_control'
[1.204s] Level 1:colcon.colcon_core.package_identification:_identify(tr1200_ros/tr1200_description) by extensions ['ignore', 'ignore_ament_install']
[1.205s] Level 1:colcon.colcon_core.package_identification:_identify(tr1200_ros/tr1200_description) by extension 'ignore'
[1.205s] Level 1:colcon.colcon_core.package_identification:_identify(tr1200_ros/tr1200_description) by extension 'ignore_ament_install'
[1.205s] Level 1:colcon.colcon_core.package_identification:_identify(tr1200_ros/tr1200_description) by extensions ['colcon_pkg']
[1.205s] Level 1:colcon.colcon_core.package_identification:_identify(tr1200_ros/tr1200_description) by extension 'colcon_pkg'
[1.205s] Level 1:colcon.colcon_core.package_identification:_identify(tr1200_ros/tr1200_description) by extensions ['colcon_meta']
[1.206s] Level 1:colcon.colcon_core.package_identification:_identify(tr1200_ros/tr1200_description) by extension 'colcon_meta'
[1.206s] Level 1:colcon.colcon_core.package_identification:_identify(tr1200_ros/tr1200_description) by extensions ['ros']
[1.206s] Level 1:colcon.colcon_core.package_identification:_identify(tr1200_ros/tr1200_description) by extension 'ros'
[1.209s] DEBUG:colcon.colcon_core.package_identification:Package 'tr1200_ros/tr1200_description' with type 'ros.ament_cmake' and name 'tr1200_description'
[1.209s] Level 1:colcon.colcon_core.package_identification:_identify(tr1200_ros/tr1200_modules) by extensions ['ignore', 'ignore_ament_install']
[1.210s] Level 1:colcon.colcon_core.package_identification:_identify(tr1200_ros/tr1200_modules) by extension 'ignore'
[1.210s] Level 1:colcon.colcon_core.package_identification:_identify(tr1200_ros/tr1200_modules) by extension 'ignore_ament_install'
[1.210s] Level 1:colcon.colcon_core.package_identification:_identify(tr1200_ros/tr1200_modules) by extensions ['colcon_pkg']
[1.210s] Level 1:colcon.colcon_core.package_identification:_identify(tr1200_ros/tr1200_modules) by extension 'colcon_pkg'
[1.210s] Level 1:colcon.colcon_core.package_identification:_identify(tr1200_ros/tr1200_modules) by extensions ['colcon_meta']
[1.210s] Level 1:colcon.colcon_core.package_identification:_identify(tr1200_ros/tr1200_modules) by extension 'colcon_meta'
[1.211s] Level 1:colcon.colcon_core.package_identification:_identify(tr1200_ros/tr1200_modules) by extensions ['ros']
[1.211s] Level 1:colcon.colcon_core.package_identification:_identify(tr1200_ros/tr1200_modules) by extension 'ros'
[1.213s] DEBUG:colcon.colcon_core.package_identification:Package 'tr1200_ros/tr1200_modules' with type 'ros.ament_python' and name 'tr1200_modules'
[1.213s] Level 1:colcon.colcon_core.package_identification:_identify(tr1200_ros/tr1200_ros) by extensions ['ignore', 'ignore_ament_install']
[1.213s] Level 1:colcon.colcon_core.package_identification:_identify(tr1200_ros/tr1200_ros) by extension 'ignore'
[1.214s] Level 1:colcon.colcon_core.package_identification:_identify(tr1200_ros/tr1200_ros) by extension 'ignore_ament_install'
[1.214s] Level 1:colcon.colcon_core.package_identification:_identify(tr1200_ros/tr1200_ros) by extensions ['colcon_pkg']
[1.214s] Level 1:colcon.colcon_core.package_identification:_identify(tr1200_ros/tr1200_ros) by extension 'colcon_pkg'
[1.214s] Level 1:colcon.colcon_core.package_identification:_identify(tr1200_ros/tr1200_ros) by extensions ['colcon_meta']
[1.214s] Level 1:colcon.colcon_core.package_identification:_identify(tr1200_ros/tr1200_ros) by extension 'colcon_meta'
[1.214s] Level 1:colcon.colcon_core.package_identification:_identify(tr1200_ros/tr1200_ros) by extensions ['ros']
[1.215s] Level 1:colcon.colcon_core.package_identification:_identify(tr1200_ros/tr1200_ros) by extension 'ros'
[1.218s] DEBUG:colcon.colcon_core.package_identification:Package 'tr1200_ros/tr1200_ros' with type 'ros.ament_cmake' and name 'tr1200_ros'
[1.218s] Level 1:colcon.colcon_core.package_identification:_identify(tr1200_ros/tr1200_teleop) by extensions ['ignore', 'ignore_ament_install']
[1.219s] Level 1:colcon.colcon_core.package_identification:_identify(tr1200_ros/tr1200_teleop) by extension 'ignore'
[1.219s] Level 1:colcon.colcon_core.package_identification:_identify(tr1200_ros/tr1200_teleop) by extension 'ignore_ament_install'
[1.219s] Level 1:colcon.colcon_core.package_identification:_identify(tr1200_ros/tr1200_teleop) by extensions ['colcon_pkg']
[1.219s] Level 1:colcon.colcon_core.package_identification:_identify(tr1200_ros/tr1200_teleop) by extension 'colcon_pkg'
[1.219s] Level 1:colcon.colcon_core.package_identification:_identify(tr1200_ros/tr1200_teleop) by extensions ['colcon_meta']
[1.219s] Level 1:colcon.colcon_core.package_identification:_identify(tr1200_ros/tr1200_teleop) by extension 'colcon_meta'
[1.220s] Level 1:colcon.colcon_core.package_identification:_identify(tr1200_ros/tr1200_teleop) by extensions ['ros']
[1.220s] Level 1:colcon.colcon_core.package_identification:_identify(tr1200_ros/tr1200_teleop) by extension 'ros'
[1.222s] DEBUG:colcon.colcon_core.package_identification:Package 'tr1200_ros/tr1200_teleop' with type 'ros.ament_cmake' and name 'tr1200_teleop'
[1.222s] Level 1:colcon.colcon_core.package_discovery:discover_packages(recursive) using defaults
[1.222s] Level 1:colcon.colcon_core.package_discovery:discover_packages(ignore) discover
[1.222s] Level 1:colcon.colcon_core.package_discovery:discover_packages(ignore) using defaults
[1.222s] Level 1:colcon.colcon_core.package_discovery:discover_packages(path) discover
[1.222s] Level 1:colcon.colcon_core.package_discovery:discover_packages(path) using defaults
[1.328s] Level 1:colcon.colcon_core.package_discovery:discover_packages(prefix_path) check parameters
[1.328s] Level 1:colcon.colcon_core.package_discovery:discover_packages(prefix_path) discover
[1.336s] DEBUG:colcon.colcon_installed_package_information.package_discovery:Found 6 installed packages in /home/ncpa/tr1200_ws/install
[1.341s] DEBUG:colcon.colcon_installed_package_information.package_discovery:Found 291 installed packages in /opt/ros/humble
[1.348s] Level 1:colcon.colcon_core.package_discovery:discover_packages(prefix_path) using defaults
[1.508s] Level 5:colcon.colcon_core.verb:set package 'tr1200_base' build argument 'cmake_args' from command line to 'None'
[1.508s] Level 5:colcon.colcon_core.verb:set package 'tr1200_base' build argument 'cmake_target' from command line to 'None'
[1.508s] Level 5:colcon.colcon_core.verb:set package 'tr1200_base' build argument 'cmake_target_skip_unavailable' from command line to 'False'
[1.509s] Level 5:colcon.colcon_core.verb:set package 'tr1200_base' build argument 'cmake_clean_cache' from command line to 'False'
[1.509s] Level 5:colcon.colcon_core.verb:set package 'tr1200_base' build argument 'cmake_clean_first' from command line to 'False'
[1.509s] Level 5:colcon.colcon_core.verb:set package 'tr1200_base' build argument 'cmake_force_configure' from command line to 'False'
[1.509s] Level 5:colcon.colcon_core.verb:set package 'tr1200_base' build argument 'ament_cmake_args' from command line to 'None'
[1.509s] Level 5:colcon.colcon_core.verb:set package 'tr1200_base' build argument 'catkin_cmake_args' from command line to 'None'
[1.509s] Level 5:colcon.colcon_core.verb:set package 'tr1200_base' build argument 'catkin_skip_building_tests' from command line to 'False'
[1.509s] DEBUG:colcon.colcon_core.verb:Building package 'tr1200_base' with the following arguments: {'ament_cmake_args': None, 'build_base': '/home/ncpa/tr1200_ws/build/tr1200_base', 'catkin_cmake_args': None, 'catkin_skip_building_tests': False, 'cmake_args': None, 'cmake_clean_cache': False, 'cmake_clean_first': False, 'cmake_force_configure': False, 'cmake_target': None, 'cmake_target_skip_unavailable': False, 'install_base': '/home/ncpa/tr1200_ws/install/tr1200_base', 'merge_install': False, 'path': '/home/ncpa/tr1200_ws/tr1200_ros/tr1200_base', 'symlink_install': False, 'test_result_base': None}
[1.511s] Level 5:colcon.colcon_core.verb:set package 'tr1200_modules' build argument 'cmake_args' from command line to 'None'
[1.511s] Level 5:colcon.colcon_core.verb:set package 'tr1200_modules' build argument 'cmake_target' from command line to 'None'
[1.511s] Level 5:colcon.colcon_core.verb:set package 'tr1200_modules' build argument 'cmake_target_skip_unavailable' from command line to 'False'
[1.511s] Level 5:colcon.colcon_core.verb:set package 'tr1200_modules' build argument 'cmake_clean_cache' from command line to 'False'
[1.511s] Level 5:colcon.colcon_core.verb:set package 'tr1200_modules' build argument 'cmake_clean_first' from command line to 'False'
[1.511s] Level 5:colcon.colcon_core.verb:set package 'tr1200_modules' build argument 'cmake_force_configure' from command line to 'False'
[1.511s] Level 5:colcon.colcon_core.verb:set package 'tr1200_modules' build argument 'ament_cmake_args' from command line to 'None'
[1.511s] Level 5:colcon.colcon_core.verb:set package 'tr1200_modules' build argument 'catkin_cmake_args' from command line to 'None'
[1.512s] Level 5:colcon.colcon_core.verb:set package 'tr1200_modules' build argument 'catkin_skip_building_tests' from command line to 'False'
[1.512s] DEBUG:colcon.colcon_core.verb:Building package 'tr1200_modules' with the following arguments: {'ament_cmake_args': None, 'build_base': '/home/ncpa/tr1200_ws/build/tr1200_modules', 'catkin_cmake_args': None, 'catkin_skip_building_tests': False, 'cmake_args': None, 'cmake_clean_cache': False, 'cmake_clean_first': False, 'cmake_force_configure': False, 'cmake_target': None, 'cmake_target_skip_unavailable': False, 'install_base': '/home/ncpa/tr1200_ws/install/tr1200_modules', 'merge_install': False, 'path': '/home/ncpa/tr1200_ws/tr1200_ros/tr1200_modules', 'symlink_install': False, 'test_result_base': None}
[1.513s] Level 5:colcon.colcon_core.verb:set package 'tr1200_teleop' build argument 'cmake_args' from command line to 'None'
[1.513s] Level 5:colcon.colcon_core.verb:set package 'tr1200_teleop' build argument 'cmake_target' from command line to 'None'
[1.513s] Level 5:colcon.colcon_core.verb:set package 'tr1200_teleop' build argument 'cmake_target_skip_unavailable' from command line to 'False'
[1.514s] Level 5:colcon.colcon_core.verb:set package 'tr1200_teleop' build argument 'cmake_clean_cache' from command line to 'False'
[1.514s] Level 5:colcon.colcon_core.verb:set package 'tr1200_teleop' build argument 'cmake_clean_first' from command line to 'False'
[1.514s] Level 5:colcon.colcon_core.verb:set package 'tr1200_teleop' build argument 'cmake_force_configure' from command line to 'False'
[1.514s] Level 5:colcon.colcon_core.verb:set package 'tr1200_teleop' build argument 'ament_cmake_args' from command line to 'None'
[1.514s] Level 5:colcon.colcon_core.verb:set package 'tr1200_teleop' build argument 'catkin_cmake_args' from command line to 'None'
[1.514s] Level 5:colcon.colcon_core.verb:set package 'tr1200_teleop' build argument 'catkin_skip_building_tests' from command line to 'False'
[1.514s] DEBUG:colcon.colcon_core.verb:Building package 'tr1200_teleop' with the following arguments: {'ament_cmake_args': None, 'build_base': '/home/ncpa/tr1200_ws/build/tr1200_teleop', 'catkin_cmake_args': None, 'catkin_skip_building_tests': False, 'cmake_args': None, 'cmake_clean_cache': False, 'cmake_clean_first': False, 'cmake_force_configure': False, 'cmake_target': None, 'cmake_target_skip_unavailable': False, 'install_base': '/home/ncpa/tr1200_ws/install/tr1200_teleop', 'merge_install': False, 'path': '/home/ncpa/tr1200_ws/tr1200_ros/tr1200_teleop', 'symlink_install': False, 'test_result_base': None}
[1.516s] Level 5:colcon.colcon_core.verb:set package 'tr1200_description' build argument 'cmake_args' from command line to 'None'
[1.516s] Level 5:colcon.colcon_core.verb:set package 'tr1200_description' build argument 'cmake_target' from command line to 'None'
[1.516s] Level 5:colcon.colcon_core.verb:set package 'tr1200_description' build argument 'cmake_target_skip_unavailable' from command line to 'False'
[1.516s] Level 5:colcon.colcon_core.verb:set package 'tr1200_description' build argument 'cmake_clean_cache' from command line to 'False'
[1.516s] Level 5:colcon.colcon_core.verb:set package 'tr1200_description' build argument 'cmake_clean_first' from command line to 'False'
[1.516s] Level 5:colcon.colcon_core.verb:set package 'tr1200_description' build argument 'cmake_force_configure' from command line to 'False'
[1.516s] Level 5:colcon.colcon_core.verb:set package 'tr1200_description' build argument 'ament_cmake_args' from command line to 'None'
[1.516s] Level 5:colcon.colcon_core.verb:set package 'tr1200_description' build argument 'catkin_cmake_args' from command line to 'None'
[1.516s] Level 5:colcon.colcon_core.verb:set package 'tr1200_description' build argument 'catkin_skip_building_tests' from command line to 'False'
[1.517s] DEBUG:colcon.colcon_core.verb:Building package 'tr1200_description' with the following arguments: {'ament_cmake_args': None, 'build_base': '/home/ncpa/tr1200_ws/build/tr1200_description', 'catkin_cmake_args': None, 'catkin_skip_building_tests': False, 'cmake_args': None, 'cmake_clean_cache': False, 'cmake_clean_first': False, 'cmake_force_configure': False, 'cmake_target': None, 'cmake_target_skip_unavailable': False, 'install_base': '/home/ncpa/tr1200_ws/install/tr1200_description', 'merge_install': False, 'path': '/home/ncpa/tr1200_ws/tr1200_ros/tr1200_description', 'symlink_install': False, 'test_result_base': None}
[1.518s] Level 5:colcon.colcon_core.verb:set package 'tr1200_control' build argument 'cmake_args' from command line to 'None'
[1.518s] Level 5:colcon.colcon_core.verb:set package 'tr1200_control' build argument 'cmake_target' from command line to 'None'
[1.518s] Level 5:colcon.colcon_core.verb:set package 'tr1200_control' build argument 'cmake_target_skip_unavailable' from command line to 'False'
[1.519s] Level 5:colcon.colcon_core.verb:set package 'tr1200_control' build argument 'cmake_clean_cache' from command line to 'False'
[1.519s] Level 5:colcon.colcon_core.verb:set package 'tr1200_control' build argument 'cmake_clean_first' from command line to 'False'
[1.519s] Level 5:colcon.colcon_core.verb:set package 'tr1200_control' build argument 'cmake_force_configure' from command line to 'False'
[1.519s] Level 5:colcon.colcon_core.verb:set package 'tr1200_control' build argument 'ament_cmake_args' from command line to 'None'
[1.519s] Level 5:colcon.colcon_core.verb:set package 'tr1200_control' build argument 'catkin_cmake_args' from command line to 'None'
[1.519s] Level 5:colcon.colcon_core.verb:set package 'tr1200_control' build argument 'catkin_skip_building_tests' from command line to 'False'
[1.519s] DEBUG:colcon.colcon_core.verb:Building package 'tr1200_control' with the following arguments: {'ament_cmake_args': None, 'build_base': '/home/ncpa/tr1200_ws/build/tr1200_control', 'catkin_cmake_args': None, 'catkin_skip_building_tests': False, 'cmake_args': None, 'cmake_clean_cache': False, 'cmake_clean_first': False, 'cmake_force_configure': False, 'cmake_target': None, 'cmake_target_skip_unavailable': False, 'install_base': '/home/ncpa/tr1200_ws/install/tr1200_control', 'merge_install': False, 'path': '/home/ncpa/tr1200_ws/tr1200_ros/tr1200_control', 'symlink_install': False, 'test_result_base': None}
[1.521s] Level 5:colcon.colcon_core.verb:set package 'tr1200_ros' build argument 'cmake_args' from command line to 'None'
[1.521s] Level 5:colcon.colcon_core.verb:set package 'tr1200_ros' build argument 'cmake_target' from command line to 'None'
[1.521s] Level 5:colcon.colcon_core.verb:set package 'tr1200_ros' build argument 'cmake_target_skip_unavailable' from command line to 'False'
[1.521s] Level 5:colcon.colcon_core.verb:set package 'tr1200_ros' build argument 'cmake_clean_cache' from command line to 'False'
[1.521s] Level 5:colcon.colcon_core.verb:set package 'tr1200_ros' build argument 'cmake_clean_first' from command line to 'False'
[1.521s] Level 5:colcon.colcon_core.verb:set package 'tr1200_ros' build argument 'cmake_force_configure' from command line to 'False'
[1.521s] Level 5:colcon.colcon_core.verb:set package 'tr1200_ros' build argument 'ament_cmake_args' from command line to 'None'
[1.521s] Level 5:colcon.colcon_core.verb:set package 'tr1200_ros' build argument 'catkin_cmake_args' from command line to 'None'
[1.522s] Level 5:colcon.colcon_core.verb:set package 'tr1200_ros' build argument 'catkin_skip_building_tests' from command line to 'False'
[1.522s] DEBUG:colcon.colcon_core.verb:Building package 'tr1200_ros' with the following arguments: {'ament_cmake_args': None, 'build_base': '/home/ncpa/tr1200_ws/build/tr1200_ros', 'catkin_cmake_args': None, 'catkin_skip_building_tests': False, 'cmake_args': None, 'cmake_clean_cache': False, 'cmake_clean_first': False, 'cmake_force_configure': False, 'cmake_target': None, 'cmake_target_skip_unavailable': False, 'install_base': '/home/ncpa/tr1200_ws/install/tr1200_ros', 'merge_install': False, 'path': '/home/ncpa/tr1200_ws/tr1200_ros/tr1200_ros', 'symlink_install': False, 'test_result_base': None}
[1.522s] INFO:colcon.colcon_core.executor:Executing jobs using 'parallel' executor
[1.526s] DEBUG:colcon.colcon_parallel_executor.executor.parallel:run_until_complete
[1.527s] INFO:colcon.colcon_ros.task.ament_python.build:Building ROS package in '/home/ncpa/tr1200_ws/tr1200_ros/tr1200_modules' with build type 'ament_python'
[1.528s] Level 1:colcon.colcon_core.shell:create_environment_hook('tr1200_modules', 'ament_prefix_path')
[1.536s] INFO:colcon.colcon_core.plugin_system:Skipping extension 'colcon_core.shell.bat': Not used on non-Windows systems
[1.537s] INFO:colcon.colcon_core.shell:Creating environment hook '/home/ncpa/tr1200_ws/install/tr1200_modules/share/tr1200_modules/hook/ament_prefix_path.ps1'
[1.564s] INFO:colcon.colcon_core.shell:Creating environment descriptor '/home/ncpa/tr1200_ws/install/tr1200_modules/share/tr1200_modules/hook/ament_prefix_path.dsv'
[1.566s] INFO:colcon.colcon_core.shell:Creating environment hook '/home/ncpa/tr1200_ws/install/tr1200_modules/share/tr1200_modules/hook/ament_prefix_path.sh'
[1.569s] INFO:colcon.colcon_core.shell:Skip shell extension 'powershell' for command environment: Not usable outside of PowerShell
[1.569s] DEBUG:colcon.colcon_core.shell:Skip shell extension 'dsv' for command environment
[1.582s] INFO:colcon.colcon_ros.task.ament_cmake.build:Building ROS package in '/home/ncpa/tr1200_ws/tr1200_ros/tr1200_base' with build type 'ament_cmake'
[1.584s] INFO:colcon.colcon_cmake.task.cmake.build:Building CMake package in '/home/ncpa/tr1200_ws/tr1200_ros/tr1200_base'
[1.585s] INFO:colcon.colcon_core.shell:Skip shell extension 'powershell' for command environment: Not usable outside of PowerShell
[1.585s] DEBUG:colcon.colcon_core.shell:Skip shell extension 'dsv' for command environment
[1.597s] INFO:colcon.colcon_ros.task.ament_cmake.build:Building ROS package in '/home/ncpa/tr1200_ws/tr1200_ros/tr1200_teleop' with build type 'ament_cmake'
[1.598s] INFO:colcon.colcon_cmake.task.cmake.build:Building CMake package in '/home/ncpa/tr1200_ws/tr1200_ros/tr1200_teleop'
[1.599s] INFO:colcon.colcon_core.shell:Skip shell extension 'powershell' for command environment: Not usable outside of PowerShell
[1.599s] DEBUG:colcon.colcon_core.shell:Skip shell extension 'dsv' for command environment
[2.641s] INFO:colcon.colcon_core.task.python.build:Building Python package in '/home/ncpa/tr1200_ws/tr1200_ros/tr1200_modules'
[2.642s] INFO:colcon.colcon_core.shell:Skip shell extension 'powershell' for command environment: Not usable outside of PowerShell
[2.643s] DEBUG:colcon.colcon_core.shell:Skip shell extension 'dsv' for command environment
[2.696s] DEBUG:colcon.colcon_core.event_handler.log_command:Invoking command in '/home/ncpa/tr1200_ws/build/tr1200_base': CMAKE_PREFIX_PATH=${CMAKE_PREFIX_PATH}:/home/ncpa/tr1200_ws/install/tr1200_modules:/opt/ros/humble /usr/bin/cmake --build /home/ncpa/tr1200_ws/build/tr1200_base -- -j4 -l4
[2.715s] DEBUG:colcon.colcon_core.event_handler.log_command:Invoking command in '/home/ncpa/tr1200_ws/build/tr1200_teleop': CMAKE_PREFIX_PATH=${CMAKE_PREFIX_PATH}:/home/ncpa/tr1200_ws/install/tr1200_modules:/opt/ros/humble /usr/bin/cmake --build /home/ncpa/tr1200_ws/build/tr1200_teleop -- -j4 -l4
[2.816s] DEBUG:colcon.colcon_core.event_handler.log_command:Invoked command in '/home/ncpa/tr1200_ws/build/tr1200_teleop' returned '0': CMAKE_PREFIX_PATH=${CMAKE_PREFIX_PATH}:/home/ncpa/tr1200_ws/install/tr1200_modules:/opt/ros/humble /usr/bin/cmake --build /home/ncpa/tr1200_ws/build/tr1200_teleop -- -j4 -l4
[2.878s] DEBUG:colcon.colcon_core.event_handler.log_command:Invoked command in '/home/ncpa/tr1200_ws/build/tr1200_base' returned '0': CMAKE_PREFIX_PATH=${CMAKE_PREFIX_PATH}:/home/ncpa/tr1200_ws/install/tr1200_modules:/opt/ros/humble /usr/bin/cmake --build /home/ncpa/tr1200_ws/build/tr1200_base -- -j4 -l4
[2.911s] DEBUG:colcon.colcon_core.event_handler.log_command:Invoking command in '/home/ncpa/tr1200_ws/build/tr1200_teleop': CMAKE_PREFIX_PATH=${CMAKE_PREFIX_PATH}:/home/ncpa/tr1200_ws/install/tr1200_modules:/opt/ros/humble /usr/bin/cmake --install /home/ncpa/tr1200_ws/build/tr1200_teleop
[2.952s] DEBUG:colcon.colcon_core.event_handler.log_command:Invoking command in '/home/ncpa/tr1200_ws/build/tr1200_base': CMAKE_PREFIX_PATH=${CMAKE_PREFIX_PATH}:/home/ncpa/tr1200_ws/install/tr1200_modules:/opt/ros/humble /usr/bin/cmake --install /home/ncpa/tr1200_ws/build/tr1200_base
[2.959s] Level 1:colcon.colcon_core.environment:create_environment_scripts_only(tr1200_teleop)
[2.962s] DEBUG:colcon.colcon_core.event_handler.log_command:Invoked command in '/home/ncpa/tr1200_ws/build/tr1200_teleop' returned '0': CMAKE_PREFIX_PATH=${CMAKE_PREFIX_PATH}:/home/ncpa/tr1200_ws/install/tr1200_modules:/opt/ros/humble /usr/bin/cmake --install /home/ncpa/tr1200_ws/build/tr1200_teleop
[2.973s] Level 1:colcon.colcon_core.environment:checking '/home/ncpa/tr1200_ws/install/tr1200_teleop' for CMake module files
[2.982s] Level 1:colcon.colcon_core.environment:checking '/home/ncpa/tr1200_ws/install/tr1200_teleop' for CMake config files
[2.989s] Level 1:colcon.colcon_core.shell:create_environment_hook('tr1200_teleop', 'cmake_prefix_path')
[2.990s] INFO:colcon.colcon_core.shell:Creating environment hook '/home/ncpa/tr1200_ws/install/tr1200_teleop/share/tr1200_teleop/hook/cmake_prefix_path.ps1'
[2.991s] INFO:colcon.colcon_core.shell:Creating environment descriptor '/home/ncpa/tr1200_ws/install/tr1200_teleop/share/tr1200_teleop/hook/cmake_prefix_path.dsv'
[2.993s] INFO:colcon.colcon_core.shell:Creating environment hook '/home/ncpa/tr1200_ws/install/tr1200_teleop/share/tr1200_teleop/hook/cmake_prefix_path.sh'
[2.996s] Level 1:colcon.colcon_core.environment:checking '/home/ncpa/tr1200_ws/install/tr1200_teleop/bin'
[2.996s] Level 1:colcon.colcon_core.environment:checking '/home/ncpa/tr1200_ws/install/tr1200_teleop/lib/pkgconfig/tr1200_teleop.pc'
[2.997s] Level 1:colcon.colcon_core.environment:checking '/home/ncpa/tr1200_ws/install/tr1200_teleop/lib/python3.10/site-packages'
[2.998s] Level 1:colcon.colcon_core.environment:checking '/home/ncpa/tr1200_ws/install/tr1200_teleop/bin'
[2.999s] INFO:colcon.colcon_core.shell:Creating package script '/home/ncpa/tr1200_ws/install/tr1200_teleop/share/tr1200_teleop/package.ps1'
[3.003s] INFO:colcon.colcon_core.shell:Creating package descriptor '/home/ncpa/tr1200_ws/install/tr1200_teleop/share/tr1200_teleop/package.dsv'
[3.005s] INFO:colcon.colcon_core.shell:Creating package script '/home/ncpa/tr1200_ws/install/tr1200_teleop/share/tr1200_teleop/package.sh'
[3.008s] INFO:colcon.colcon_core.shell:Creating package script '/home/ncpa/tr1200_ws/install/tr1200_teleop/share/tr1200_teleop/package.bash'
[3.011s] INFO:colcon.colcon_core.shell:Creating package script '/home/ncpa/tr1200_ws/install/tr1200_teleop/share/tr1200_teleop/package.zsh'
[3.014s] Level 1:colcon.colcon_core.environment:create_file_with_runtime_dependencies(/home/ncpa/tr1200_ws/install/tr1200_teleop/share/colcon-core/packages/tr1200_teleop)
[3.019s] Level 1:colcon.colcon_core.environment:create_environment_scripts_only(tr1200_base)
[3.020s] Level 1:colcon.colcon_core.environment:checking '/home/ncpa/tr1200_ws/install/tr1200_base' for CMake module files
[3.023s] DEBUG:colcon.colcon_core.event_handler.log_command:Invoked command in '/home/ncpa/tr1200_ws/build/tr1200_base' returned '0': CMAKE_PREFIX_PATH=${CMAKE_PREFIX_PATH}:/home/ncpa/tr1200_ws/install/tr1200_modules:/opt/ros/humble /usr/bin/cmake --install /home/ncpa/tr1200_ws/build/tr1200_base
[3.024s] Level 1:colcon.colcon_core.environment:checking '/home/ncpa/tr1200_ws/install/tr1200_base' for CMake config files
[3.026s] Level 1:colcon.colcon_core.shell:create_environment_hook('tr1200_base', 'cmake_prefix_path')
[3.027s] INFO:colcon.colcon_core.shell:Creating environment hook '/home/ncpa/tr1200_ws/install/tr1200_base/share/tr1200_base/hook/cmake_prefix_path.ps1'
[3.029s] INFO:colcon.colcon_core.shell:Creating environment descriptor '/home/ncpa/tr1200_ws/install/tr1200_base/share/tr1200_base/hook/cmake_prefix_path.dsv'
[3.031s] INFO:colcon.colcon_core.shell:Creating environment hook '/home/ncpa/tr1200_ws/install/tr1200_base/share/tr1200_base/hook/cmake_prefix_path.sh'
[3.034s] Level 1:colcon.colcon_core.environment:checking '/home/ncpa/tr1200_ws/install/tr1200_base/lib'
[3.036s] Level 1:colcon.colcon_core.shell:create_environment_hook('tr1200_base', 'ld_library_path_lib')
[3.037s] INFO:colcon.colcon_core.shell:Creating environment hook '/home/ncpa/tr1200_ws/install/tr1200_base/share/tr1200_base/hook/ld_library_path_lib.ps1'
[3.039s] INFO:colcon.colcon_core.shell:Creating environment descriptor '/home/ncpa/tr1200_ws/install/tr1200_base/share/tr1200_base/hook/ld_library_path_lib.dsv'
[3.041s] INFO:colcon.colcon_core.shell:Creating environment hook '/home/ncpa/tr1200_ws/install/tr1200_base/share/tr1200_base/hook/ld_library_path_lib.sh'
[3.043s] Level 1:colcon.colcon_core.environment:checking '/home/ncpa/tr1200_ws/install/tr1200_base/bin'
[3.043s] Level 1:colcon.colcon_core.environment:checking '/home/ncpa/tr1200_ws/install/tr1200_base/lib/pkgconfig/tr1200_base.pc'
[3.044s] Level 1:colcon.colcon_core.environment:checking '/home/ncpa/tr1200_ws/install/tr1200_base/lib/python3.10/site-packages'
[3.045s] Level 1:colcon.colcon_core.environment:checking '/home/ncpa/tr1200_ws/install/tr1200_base/bin'
[3.047s] INFO:colcon.colcon_core.shell:Creating package script '/home/ncpa/tr1200_ws/install/tr1200_base/share/tr1200_base/package.ps1'
[3.049s] INFO:colcon.colcon_core.shell:Creating package descriptor '/home/ncpa/tr1200_ws/install/tr1200_base/share/tr1200_base/package.dsv'
[3.051s] INFO:colcon.colcon_core.shell:Creating package script '/home/ncpa/tr1200_ws/install/tr1200_base/share/tr1200_base/package.sh'
[3.054s] INFO:colcon.colcon_core.shell:Creating package script '/home/ncpa/tr1200_ws/install/tr1200_base/share/tr1200_base/package.bash'
[3.056s] INFO:colcon.colcon_core.shell:Creating package script '/home/ncpa/tr1200_ws/install/tr1200_base/share/tr1200_base/package.zsh'
[3.058s] Level 1:colcon.colcon_core.environment:create_file_with_runtime_dependencies(/home/ncpa/tr1200_ws/install/tr1200_base/share/colcon-core/packages/tr1200_base)
[3.081s] Level 1:colcon.colcon_core.environment:create_environment_scripts_only(tr1200_teleop)
[3.082s] Level 1:colcon.colcon_core.environment:checking '/home/ncpa/tr1200_ws/install/tr1200_teleop' for CMake module files
[3.085s] Level 1:colcon.colcon_core.environment:checking '/home/ncpa/tr1200_ws/install/tr1200_teleop' for CMake config files
[3.086s] Level 1:colcon.colcon_core.shell:create_environment_hook('tr1200_teleop', 'cmake_prefix_path')
[3.087s] INFO:colcon.colcon_core.shell:Creating environment hook '/home/ncpa/tr1200_ws/install/tr1200_teleop/share/tr1200_teleop/hook/cmake_prefix_path.ps1'
[3.089s] INFO:colcon.colcon_core.shell:Creating environment descriptor '/home/ncpa/tr1200_ws/install/tr1200_teleop/share/tr1200_teleop/hook/cmake_prefix_path.dsv'
[3.091s] INFO:colcon.colcon_core.shell:Creating environment hook '/home/ncpa/tr1200_ws/install/tr1200_teleop/share/tr1200_teleop/hook/cmake_prefix_path.sh'
[3.094s] Level 1:colcon.colcon_core.environment:checking '/home/ncpa/tr1200_ws/install/tr1200_teleop/bin'
[3.094s] Level 1:colcon.colcon_core.environment:checking '/home/ncpa/tr1200_ws/install/tr1200_teleop/lib/pkgconfig/tr1200_teleop.pc'
[3.095s] Level 1:colcon.colcon_core.environment:checking '/home/ncpa/tr1200_ws/install/tr1200_teleop/lib/python3.10/site-packages'
[3.096s] Level 1:colcon.colcon_core.environment:checking '/home/ncpa/tr1200_ws/install/tr1200_teleop/bin'
[3.098s] INFO:colcon.colcon_core.shell:Creating package script '/home/ncpa/tr1200_ws/install/tr1200_teleop/share/tr1200_teleop/package.ps1'
[3.100s] INFO:colcon.colcon_core.shell:Creating package descriptor '/home/ncpa/tr1200_ws/install/tr1200_teleop/share/tr1200_teleop/package.dsv'
[3.103s] INFO:colcon.colcon_core.shell:Creating package script '/home/ncpa/tr1200_ws/install/tr1200_teleop/share/tr1200_teleop/package.sh'
[3.105s] INFO:colcon.colcon_core.shell:Creating package script '/home/ncpa/tr1200_ws/install/tr1200_teleop/share/tr1200_teleop/package.bash'
[3.108s] INFO:colcon.colcon_core.shell:Creating package script '/home/ncpa/tr1200_ws/install/tr1200_teleop/share/tr1200_teleop/package.zsh'
[3.110s] Level 1:colcon.colcon_core.environment:create_file_with_runtime_dependencies(/home/ncpa/tr1200_ws/install/tr1200_teleop/share/colcon-core/packages/tr1200_teleop)
[3.132s] Level 1:colcon.colcon_core.environment:create_environment_scripts_only(tr1200_base)
[3.133s] Level 1:colcon.colcon_core.environment:checking '/home/ncpa/tr1200_ws/install/tr1200_base' for CMake module files
[3.135s] Level 1:colcon.colcon_core.environment:checking '/home/ncpa/tr1200_ws/install/tr1200_base' for CMake config files
[3.137s] Level 1:colcon.colcon_core.shell:create_environment_hook('tr1200_base', 'cmake_prefix_path')
[3.138s] INFO:colcon.colcon_core.shell:Creating environment hook '/home/ncpa/tr1200_ws/install/tr1200_base/share/tr1200_base/hook/cmake_prefix_path.ps1'
[3.140s] INFO:colcon.colcon_core.shell:Creating environment descriptor '/home/ncpa/tr1200_ws/install/tr1200_base/share/tr1200_base/hook/cmake_prefix_path.dsv'
[3.142s] INFO:colcon.colcon_core.shell:Creating environment hook '/home/ncpa/tr1200_ws/install/tr1200_base/share/tr1200_base/hook/cmake_prefix_path.sh'
[3.145s] Level 1:colcon.colcon_core.environment:checking '/home/ncpa/tr1200_ws/install/tr1200_base/lib'
[3.145s] Level 1:colcon.colcon_core.shell:create_environment_hook('tr1200_base', 'ld_library_path_lib')
[3.146s] INFO:colcon.colcon_core.shell:Creating environment hook '/home/ncpa/tr1200_ws/install/tr1200_base/share/tr1200_base/hook/ld_library_path_lib.ps1'
[3.148s] INFO:colcon.colcon_core.shell:Creating environment descriptor '/home/ncpa/tr1200_ws/install/tr1200_base/share/tr1200_base/hook/ld_library_path_lib.dsv'
[3.150s] INFO:colcon.colcon_core.shell:Creating environment hook '/home/ncpa/tr1200_ws/install/tr1200_base/share/tr1200_base/hook/ld_library_path_lib.sh'
[3.152s] Level 1:colcon.colcon_core.environment:checking '/home/ncpa/tr1200_ws/install/tr1200_base/bin'
[3.152s] Level 1:colcon.colcon_core.environment:checking '/home/ncpa/tr1200_ws/install/tr1200_base/lib/pkgconfig/tr1200_base.pc'
[3.153s] Level 1:colcon.colcon_core.environment:checking '/home/ncpa/tr1200_ws/install/tr1200_base/lib/python3.10/site-packages'
[3.154s] Level 1:colcon.colcon_core.environment:checking '/home/ncpa/tr1200_ws/install/tr1200_base/bin'
[3.155s] INFO:colcon.colcon_core.shell:Creating package script '/home/ncpa/tr1200_ws/install/tr1200_base/share/tr1200_base/package.ps1'
[3.157s] INFO:colcon.colcon_core.shell:Creating package descriptor '/home/ncpa/tr1200_ws/install/tr1200_base/share/tr1200_base/package.dsv'
[3.160s] INFO:colcon.colcon_core.shell:Creating package script '/home/ncpa/tr1200_ws/install/tr1200_base/share/tr1200_base/package.sh'
[3.162s] INFO:colcon.colcon_core.shell:Creating package script '/home/ncpa/tr1200_ws/install/tr1200_base/share/tr1200_base/package.bash'
[3.164s] INFO:colcon.colcon_core.shell:Creating package script '/home/ncpa/tr1200_ws/install/tr1200_base/share/tr1200_base/package.zsh'
[3.166s] Level 1:colcon.colcon_core.environment:create_file_with_runtime_dependencies(/home/ncpa/tr1200_ws/install/tr1200_base/share/colcon-core/packages/tr1200_base)
[4.159s] DEBUG:colcon.colcon_core.event_handler.log_command:Invoking command in '/home/ncpa/tr1200_ws/tr1200_ros/tr1200_modules': PYTHONPATH=/home/ncpa/tr1200_ws/build/tr1200_modules/prefix_override:/usr/lib/python3/dist-packages/colcon_core/task/python/colcon_distutils_commands:/home/ncpa/tr1200_ws/install/tr1200_modules/lib/python3.10/site-packages:${PYTHONPATH} /usr/bin/python3 -W ignore:setup.py install is deprecated setup.py egg_info --egg-base ../../build/tr1200_modules build --build-base /home/ncpa/tr1200_ws/build/tr1200_modules/build install --record /home/ncpa/tr1200_ws/build/tr1200_modules/install.log --single-version-externally-managed install_data
[5.363s] Level 1:colcon.colcon_core.environment:checking '/home/ncpa/tr1200_ws/install/tr1200_modules' for CMake module files
[5.365s] DEBUG:colcon.colcon_core.event_handler.log_command:Invoked command in '/home/ncpa/tr1200_ws/tr1200_ros/tr1200_modules' returned '0': PYTHONPATH=/home/ncpa/tr1200_ws/build/tr1200_modules/prefix_override:/usr/lib/python3/dist-packages/colcon_core/task/python/colcon_distutils_commands:/home/ncpa/tr1200_ws/install/tr1200_modules/lib/python3.10/site-packages:${PYTHONPATH} /usr/bin/python3 -W ignore:setup.py install is deprecated setup.py egg_info --egg-base ../../build/tr1200_modules build --build-base /home/ncpa/tr1200_ws/build/tr1200_modules/build install --record /home/ncpa/tr1200_ws/build/tr1200_modules/install.log --single-version-externally-managed install_data
[5.366s] Level 1:colcon.colcon_core.environment:checking '/home/ncpa/tr1200_ws/install/tr1200_modules' for CMake config files
[5.368s] Level 1:colcon.colcon_core.environment:checking '/home/ncpa/tr1200_ws/install/tr1200_modules/lib'
[5.369s] Level 1:colcon.colcon_core.environment:checking '/home/ncpa/tr1200_ws/install/tr1200_modules/bin'
[5.369s] Level 1:colcon.colcon_core.environment:checking '/home/ncpa/tr1200_ws/install/tr1200_modules/lib/pkgconfig/tr1200_modules.pc'
[5.370s] Level 1:colcon.colcon_core.environment:checking '/home/ncpa/tr1200_ws/install/tr1200_modules/lib/python3.10/site-packages'
[5.370s] Level 1:colcon.colcon_core.shell:create_environment_hook('tr1200_modules', 'pythonpath')
[5.371s] INFO:colcon.colcon_core.shell:Creating environment hook '/home/ncpa/tr1200_ws/install/tr1200_modules/share/tr1200_modules/hook/pythonpath.ps1'
[5.395s] INFO:colcon.colcon_core.shell:Creating environment descriptor '/home/ncpa/tr1200_ws/install/tr1200_modules/share/tr1200_modules/hook/pythonpath.dsv'
[5.397s] INFO:colcon.colcon_core.shell:Creating environment hook '/home/ncpa/tr1200_ws/install/tr1200_modules/share/tr1200_modules/hook/pythonpath.sh'
[5.400s] Level 1:colcon.colcon_core.environment:checking '/home/ncpa/tr1200_ws/install/tr1200_modules/bin'
[5.400s] Level 1:colcon.colcon_core.environment:create_environment_scripts_only(tr1200_modules)
[5.401s] INFO:colcon.colcon_core.shell:Creating package script '/home/ncpa/tr1200_ws/install/tr1200_modules/share/tr1200_modules/package.ps1'
[5.403s] INFO:colcon.colcon_core.shell:Creating package descriptor '/home/ncpa/tr1200_ws/install/tr1200_modules/share/tr1200_modules/package.dsv'
[5.405s] INFO:colcon.colcon_core.shell:Creating package script '/home/ncpa/tr1200_ws/install/tr1200_modules/share/tr1200_modules/package.sh'
[5.407s] INFO:colcon.colcon_core.shell:Creating package script '/home/ncpa/tr1200_ws/install/tr1200_modules/share/tr1200_modules/package.bash'
[5.409s] INFO:colcon.colcon_core.shell:Creating package script '/home/ncpa/tr1200_ws/install/tr1200_modules/share/tr1200_modules/package.zsh'
[5.411s] Level 1:colcon.colcon_core.environment:create_file_with_runtime_dependencies(/home/ncpa/tr1200_ws/install/tr1200_modules/share/colcon-core/packages/tr1200_modules)
[5.412s] INFO:colcon.colcon_ros.task.ament_cmake.build:Building ROS package in '/home/ncpa/tr1200_ws/tr1200_ros/tr1200_description' with build type 'ament_cmake'
[5.413s] INFO:colcon.colcon_cmake.task.cmake.build:Building CMake package in '/home/ncpa/tr1200_ws/tr1200_ros/tr1200_description'
[5.414s] INFO:colcon.colcon_core.shell:Skip shell extension 'powershell' for command environment: Not usable outside of PowerShell
[5.414s] DEBUG:colcon.colcon_core.shell:Skip shell extension 'dsv' for command environment
[5.446s] DEBUG:colcon.colcon_core.event_handler.log_command:Invoking command in '/home/ncpa/tr1200_ws/build/tr1200_description': AMENT_PREFIX_PATH=/home/ncpa/tr1200_ws/install/tr1200_modules:/home/ncpa/tr1200_ws/install/tr1200_ros:/home/ncpa/tr1200_ws/install/tr1200_teleop:/home/ncpa/tr1200_ws/install/tr1200_control:/home/ncpa/tr1200_ws/install/tr1200_description:/home/ncpa/tr1200_ws/install/tr1200_base:/opt/ros/humble CMAKE_PREFIX_PATH=${CMAKE_PREFIX_PATH}:/home/ncpa/tr1200_ws/install/tr1200_modules:/opt/ros/humble /usr/bin/cmake --build /home/ncpa/tr1200_ws/build/tr1200_description -- -j4 -l4
[5.540s] DEBUG:colcon.colcon_core.event_handler.log_command:Invoked command in '/home/ncpa/tr1200_ws/build/tr1200_description' returned '0': AMENT_PREFIX_PATH=/home/ncpa/tr1200_ws/install/tr1200_modules:/home/ncpa/tr1200_ws/install/tr1200_ros:/home/ncpa/tr1200_ws/install/tr1200_teleop:/home/ncpa/tr1200_ws/install/tr1200_control:/home/ncpa/tr1200_ws/install/tr1200_description:/home/ncpa/tr1200_ws/install/tr1200_base:/opt/ros/humble CMAKE_PREFIX_PATH=${CMAKE_PREFIX_PATH}:/home/ncpa/tr1200_ws/install/tr1200_modules:/opt/ros/humble /usr/bin/cmake --build /home/ncpa/tr1200_ws/build/tr1200_description -- -j4 -l4
[5.601s] DEBUG:colcon.colcon_core.event_handler.log_command:Invoking command in '/home/ncpa/tr1200_ws/build/tr1200_description': AMENT_PREFIX_PATH=/home/ncpa/tr1200_ws/install/tr1200_modules:/home/ncpa/tr1200_ws/install/tr1200_ros:/home/ncpa/tr1200_ws/install/tr1200_teleop:/home/ncpa/tr1200_ws/install/tr1200_control:/home/ncpa/tr1200_ws/install/tr1200_description:/home/ncpa/tr1200_ws/install/tr1200_base:/opt/ros/humble CMAKE_PREFIX_PATH=${CMAKE_PREFIX_PATH}:/home/ncpa/tr1200_ws/install/tr1200_modules:/opt/ros/humble /usr/bin/cmake --install /home/ncpa/tr1200_ws/build/tr1200_description
[5.648s] Level 1:colcon.colcon_core.environment:create_environment_scripts_only(tr1200_description)
[5.649s] DEBUG:colcon.colcon_core.event_handler.log_command:Invoked command in '/home/ncpa/tr1200_ws/build/tr1200_description' returned '0': AMENT_PREFIX_PATH=/home/ncpa/tr1200_ws/install/tr1200_modules:/home/ncpa/tr1200_ws/install/tr1200_ros:/home/ncpa/tr1200_ws/install/tr1200_teleop:/home/ncpa/tr1200_ws/install/tr1200_control:/home/ncpa/tr1200_ws/install/tr1200_description:/home/ncpa/tr1200_ws/install/tr1200_base:/opt/ros/humble CMAKE_PREFIX_PATH=${CMAKE_PREFIX_PATH}:/home/ncpa/tr1200_ws/install/tr1200_modules:/opt/ros/humble /usr/bin/cmake --install /home/ncpa/tr1200_ws/build/tr1200_description
[5.650s] Level 1:colcon.colcon_core.environment:checking '/home/ncpa/tr1200_ws/install/tr1200_description' for CMake module files
[5.653s] Level 1:colcon.colcon_core.environment:checking '/home/ncpa/tr1200_ws/install/tr1200_description' for CMake config files
[5.654s] Level 1:colcon.colcon_core.shell:create_environment_hook('tr1200_description', 'cmake_prefix_path')
[5.655s] INFO:colcon.colcon_core.shell:Creating environment hook '/home/ncpa/tr1200_ws/install/tr1200_description/share/tr1200_description/hook/cmake_prefix_path.ps1'
[5.657s] INFO:colcon.colcon_core.shell:Creating environment descriptor '/home/ncpa/tr1200_ws/install/tr1200_description/share/tr1200_description/hook/cmake_prefix_path.dsv'
[5.659s] INFO:colcon.colcon_core.shell:Creating environment hook '/home/ncpa/tr1200_ws/install/tr1200_description/share/tr1200_description/hook/cmake_prefix_path.sh'
[5.662s] Level 1:colcon.colcon_core.environment:checking '/home/ncpa/tr1200_ws/install/tr1200_description/bin'
[5.662s] Level 1:colcon.colcon_core.environment:checking '/home/ncpa/tr1200_ws/install/tr1200_description/lib/pkgconfig/tr1200_description.pc'
[5.663s] Level 1:colcon.colcon_core.environment:checking '/home/ncpa/tr1200_ws/install/tr1200_description/lib/python3.10/site-packages'
[5.664s] Level 1:colcon.colcon_core.environment:checking '/home/ncpa/tr1200_ws/install/tr1200_description/bin'
[5.665s] INFO:colcon.colcon_core.shell:Creating package script '/home/ncpa/tr1200_ws/install/tr1200_description/share/tr1200_description/package.ps1'
[5.667s] INFO:colcon.colcon_core.shell:Creating package descriptor '/home/ncpa/tr1200_ws/install/tr1200_description/share/tr1200_description/package.dsv'
[5.669s] INFO:colcon.colcon_core.shell:Creating package script '/home/ncpa/tr1200_ws/install/tr1200_description/share/tr1200_description/package.sh'
[5.671s] INFO:colcon.colcon_core.shell:Creating package script '/home/ncpa/tr1200_ws/install/tr1200_description/share/tr1200_description/package.bash'
[5.673s] INFO:colcon.colcon_core.shell:Creating package script '/home/ncpa/tr1200_ws/install/tr1200_description/share/tr1200_description/package.zsh'
[5.674s] Level 1:colcon.colcon_core.environment:create_file_with_runtime_dependencies(/home/ncpa/tr1200_ws/install/tr1200_description/share/colcon-core/packages/tr1200_description)
[5.732s] Level 1:colcon.colcon_core.environment:create_environment_scripts_only(tr1200_description)
[5.733s] Level 1:colcon.colcon_core.environment:checking '/home/ncpa/tr1200_ws/install/tr1200_description' for CMake module files
[5.735s] Level 1:colcon.colcon_core.environment:checking '/home/ncpa/tr1200_ws/install/tr1200_description' for CMake config files
[5.736s] Level 1:colcon.colcon_core.shell:create_environment_hook('tr1200_description', 'cmake_prefix_path')
[5.737s] INFO:colcon.colcon_core.shell:Creating environment hook '/home/ncpa/tr1200_ws/install/tr1200_description/share/tr1200_description/hook/cmake_prefix_path.ps1'
[5.780s] INFO:colcon.colcon_core.shell:Creating environment descriptor '/home/ncpa/tr1200_ws/install/tr1200_description/share/tr1200_description/hook/cmake_prefix_path.dsv'
[5.782s] INFO:colcon.colcon_core.shell:Creating environment hook '/home/ncpa/tr1200_ws/install/tr1200_description/share/tr1200_description/hook/cmake_prefix_path.sh'
[5.785s] Level 1:colcon.colcon_core.environment:checking '/home/ncpa/tr1200_ws/install/tr1200_description/bin'
[5.785s] Level 1:colcon.colcon_core.environment:checking '/home/ncpa/tr1200_ws/install/tr1200_description/lib/pkgconfig/tr1200_description.pc'
[5.786s] Level 1:colcon.colcon_core.environment:checking '/home/ncpa/tr1200_ws/install/tr1200_description/lib/python3.10/site-packages'
[5.787s] Level 1:colcon.colcon_core.environment:checking '/home/ncpa/tr1200_ws/install/tr1200_description/bin'
[5.788s] INFO:colcon.colcon_core.shell:Creating package script '/home/ncpa/tr1200_ws/install/tr1200_description/share/tr1200_description/package.ps1'
[5.790s] INFO:colcon.colcon_core.shell:Creating package descriptor '/home/ncpa/tr1200_ws/install/tr1200_description/share/tr1200_description/package.dsv'
[5.792s] INFO:colcon.colcon_core.shell:Creating package script '/home/ncpa/tr1200_ws/install/tr1200_description/share/tr1200_description/package.sh'
[5.794s] INFO:colcon.colcon_core.shell:Creating package script '/home/ncpa/tr1200_ws/install/tr1200_description/share/tr1200_description/package.bash'
[5.796s] INFO:colcon.colcon_core.shell:Creating package script '/home/ncpa/tr1200_ws/install/tr1200_description/share/tr1200_description/package.zsh'
[5.798s] Level 1:colcon.colcon_core.environment:create_file_with_runtime_dependencies(/home/ncpa/tr1200_ws/install/tr1200_description/share/colcon-core/packages/tr1200_description)
[5.800s] INFO:colcon.colcon_ros.task.ament_cmake.build:Building ROS package in '/home/ncpa/tr1200_ws/tr1200_ros/tr1200_control' with build type 'ament_cmake'
[5.801s] INFO:colcon.colcon_cmake.task.cmake.build:Building CMake package in '/home/ncpa/tr1200_ws/tr1200_ros/tr1200_control'
[5.802s] INFO:colcon.colcon_core.shell:Skip shell extension 'powershell' for command environment: Not usable outside of PowerShell
[5.803s] DEBUG:colcon.colcon_core.shell:Skip shell extension 'dsv' for command environment
[5.839s] DEBUG:colcon.colcon_core.event_handler.log_command:Invoking command in '/home/ncpa/tr1200_ws/build/tr1200_control': AMENT_PREFIX_PATH=/home/ncpa/tr1200_ws/install/tr1200_modules:/home/ncpa/tr1200_ws/install/tr1200_ros:/home/ncpa/tr1200_ws/install/tr1200_teleop:/home/ncpa/tr1200_ws/install/tr1200_control:/home/ncpa/tr1200_ws/install/tr1200_description:/home/ncpa/tr1200_ws/install/tr1200_base:/opt/ros/humble CMAKE_PREFIX_PATH=/home/ncpa/tr1200_ws/install/tr1200_description:/home/ncpa/tr1200_ws/install/tr1200_base:/home/ncpa/tr1200_ws/install/tr1200_ros:/home/ncpa/tr1200_ws/install/tr1200_teleop:/home/ncpa/tr1200_ws/install/tr1200_control:/home/ncpa/tr1200_ws/install/tr1200_modules:/opt/ros/humble /usr/bin/cmake --build /home/ncpa/tr1200_ws/build/tr1200_control -- -j4 -l4
[5.934s] DEBUG:colcon.colcon_core.event_handler.log_command:Invoked command in '/home/ncpa/tr1200_ws/build/tr1200_control' returned '0': AMENT_PREFIX_PATH=/home/ncpa/tr1200_ws/install/tr1200_modules:/home/ncpa/tr1200_ws/install/tr1200_ros:/home/ncpa/tr1200_ws/install/tr1200_teleop:/home/ncpa/tr1200_ws/install/tr1200_control:/home/ncpa/tr1200_ws/install/tr1200_description:/home/ncpa/tr1200_ws/install/tr1200_base:/opt/ros/humble CMAKE_PREFIX_PATH=/home/ncpa/tr1200_ws/install/tr1200_description:/home/ncpa/tr1200_ws/install/tr1200_base:/home/ncpa/tr1200_ws/install/tr1200_ros:/home/ncpa/tr1200_ws/install/tr1200_teleop:/home/ncpa/tr1200_ws/install/tr1200_control:/home/ncpa/tr1200_ws/install/tr1200_modules:/opt/ros/humble /usr/bin/cmake --build /home/ncpa/tr1200_ws/build/tr1200_control -- -j4 -l4
[5.996s] DEBUG:colcon.colcon_core.event_handler.log_command:Invoking command in '/home/ncpa/tr1200_ws/build/tr1200_control': AMENT_PREFIX_PATH=/home/ncpa/tr1200_ws/install/tr1200_modules:/home/ncpa/tr1200_ws/install/tr1200_ros:/home/ncpa/tr1200_ws/install/tr1200_teleop:/home/ncpa/tr1200_ws/install/tr1200_control:/home/ncpa/tr1200_ws/install/tr1200_description:/home/ncpa/tr1200_ws/install/tr1200_base:/opt/ros/humble CMAKE_PREFIX_PATH=/home/ncpa/tr1200_ws/install/tr1200_description:/home/ncpa/tr1200_ws/install/tr1200_base:/home/ncpa/tr1200_ws/install/tr1200_ros:/home/ncpa/tr1200_ws/install/tr1200_teleop:/home/ncpa/tr1200_ws/install/tr1200_control:/home/ncpa/tr1200_ws/install/tr1200_modules:/opt/ros/humble /usr/bin/cmake --install /home/ncpa/tr1200_ws/build/tr1200_control
[6.044s] Level 1:colcon.colcon_core.environment:create_environment_scripts_only(tr1200_control)
[6.045s] DEBUG:colcon.colcon_core.event_handler.log_command:Invoked command in '/home/ncpa/tr1200_ws/build/tr1200_control' returned '0': AMENT_PREFIX_PATH=/home/ncpa/tr1200_ws/install/tr1200_modules:/home/ncpa/tr1200_ws/install/tr1200_ros:/home/ncpa/tr1200_ws/install/tr1200_teleop:/home/ncpa/tr1200_ws/install/tr1200_control:/home/ncpa/tr1200_ws/install/tr1200_description:/home/ncpa/tr1200_ws/install/tr1200_base:/opt/ros/humble CMAKE_PREFIX_PATH=/home/ncpa/tr1200_ws/install/tr1200_description:/home/ncpa/tr1200_ws/install/tr1200_base:/home/ncpa/tr1200_ws/install/tr1200_ros:/home/ncpa/tr1200_ws/install/tr1200_teleop:/home/ncpa/tr1200_ws/install/tr1200_control:/home/ncpa/tr1200_ws/install/tr1200_modules:/opt/ros/humble /usr/bin/cmake --install /home/ncpa/tr1200_ws/build/tr1200_control
[6.047s] Level 1:colcon.colcon_core.environment:checking '/home/ncpa/tr1200_ws/install/tr1200_control' for CMake module files
[6.049s] Level 1:colcon.colcon_core.environment:checking '/home/ncpa/tr1200_ws/install/tr1200_control' for CMake config files
[6.050s] Level 1:colcon.colcon_core.shell:create_environment_hook('tr1200_control', 'cmake_prefix_path')
[6.051s] INFO:colcon.colcon_core.shell:Creating environment hook '/home/ncpa/tr1200_ws/install/tr1200_control/share/tr1200_control/hook/cmake_prefix_path.ps1'
[6.053s] INFO:colcon.colcon_core.shell:Creating environment descriptor '/home/ncpa/tr1200_ws/install/tr1200_control/share/tr1200_control/hook/cmake_prefix_path.dsv'
[6.055s] INFO:colcon.colcon_core.shell:Creating environment hook '/home/ncpa/tr1200_ws/install/tr1200_control/share/tr1200_control/hook/cmake_prefix_path.sh'
[6.058s] Level 1:colcon.colcon_core.environment:checking '/home/ncpa/tr1200_ws/install/tr1200_control/bin'
[6.059s] Level 1:colcon.colcon_core.environment:checking '/home/ncpa/tr1200_ws/install/tr1200_control/lib/pkgconfig/tr1200_control.pc'
[6.059s] Level 1:colcon.colcon_core.environment:checking '/home/ncpa/tr1200_ws/install/tr1200_control/lib/python3.10/site-packages'
[6.060s] Level 1:colcon.colcon_core.environment:checking '/home/ncpa/tr1200_ws/install/tr1200_control/bin'
[6.062s] INFO:colcon.colcon_core.shell:Creating package script '/home/ncpa/tr1200_ws/install/tr1200_control/share/tr1200_control/package.ps1'
[6.064s] INFO:colcon.colcon_core.shell:Creating package descriptor '/home/ncpa/tr1200_ws/install/tr1200_control/share/tr1200_control/package.dsv'
[6.066s] INFO:colcon.colcon_core.shell:Creating package script '/home/ncpa/tr1200_ws/install/tr1200_control/share/tr1200_control/package.sh'
[6.068s] INFO:colcon.colcon_core.shell:Creating package script '/home/ncpa/tr1200_ws/install/tr1200_control/share/tr1200_control/package.bash'
[6.070s] INFO:colcon.colcon_core.shell:Creating package script '/home/ncpa/tr1200_ws/install/tr1200_control/share/tr1200_control/package.zsh'
[6.072s] Level 1:colcon.colcon_core.environment:create_file_with_runtime_dependencies(/home/ncpa/tr1200_ws/install/tr1200_control/share/colcon-core/packages/tr1200_control)
[6.134s] Level 1:colcon.colcon_core.environment:create_environment_scripts_only(tr1200_control)
[6.135s] Level 1:colcon.colcon_core.environment:checking '/home/ncpa/tr1200_ws/install/tr1200_control' for CMake module files
[6.137s] Level 1:colcon.colcon_core.environment:checking '/home/ncpa/tr1200_ws/install/tr1200_control' for CMake config files
[6.138s] Level 1:colcon.colcon_core.shell:create_environment_hook('tr1200_control', 'cmake_prefix_path')
[6.139s] INFO:colcon.colcon_core.shell:Creating environment hook '/home/ncpa/tr1200_ws/install/tr1200_control/share/tr1200_control/hook/cmake_prefix_path.ps1'
[6.181s] INFO:colcon.colcon_core.shell:Creating environment descriptor '/home/ncpa/tr1200_ws/install/tr1200_control/share/tr1200_control/hook/cmake_prefix_path.dsv'
[6.183s] INFO:colcon.colcon_core.shell:Creating environment hook '/home/ncpa/tr1200_ws/install/tr1200_control/share/tr1200_control/hook/cmake_prefix_path.sh'
[6.186s] Level 1:colcon.colcon_core.environment:checking '/home/ncpa/tr1200_ws/install/tr1200_control/bin'
[6.186s] Level 1:colcon.colcon_core.environment:checking '/home/ncpa/tr1200_ws/install/tr1200_control/lib/pkgconfig/tr1200_control.pc'
[6.187s] Level 1:colcon.colcon_core.environment:checking '/home/ncpa/tr1200_ws/install/tr1200_control/lib/python3.10/site-packages'
[6.188s] Level 1:colcon.colcon_core.environment:checking '/home/ncpa/tr1200_ws/install/tr1200_control/bin'
[6.189s] INFO:colcon.colcon_core.shell:Creating package script '/home/ncpa/tr1200_ws/install/tr1200_control/share/tr1200_control/package.ps1'
[6.191s] INFO:colcon.colcon_core.shell:Creating package descriptor '/home/ncpa/tr1200_ws/install/tr1200_control/share/tr1200_control/package.dsv'
[6.193s] INFO:colcon.colcon_core.shell:Creating package script '/home/ncpa/tr1200_ws/install/tr1200_control/share/tr1200_control/package.sh'
[6.195s] INFO:colcon.colcon_core.shell:Creating package script '/home/ncpa/tr1200_ws/install/tr1200_control/share/tr1200_control/package.bash'
[6.198s] INFO:colcon.colcon_core.shell:Creating package script '/home/ncpa/tr1200_ws/install/tr1200_control/share/tr1200_control/package.zsh'
[6.200s] Level 1:colcon.colcon_core.environment:create_file_with_runtime_dependencies(/home/ncpa/tr1200_ws/install/tr1200_control/share/colcon-core/packages/tr1200_control)
[6.201s] INFO:colcon.colcon_ros.task.ament_cmake.build:Building ROS package in '/home/ncpa/tr1200_ws/tr1200_ros/tr1200_ros' with build type 'ament_cmake'
[6.202s] INFO:colcon.colcon_cmake.task.cmake.build:Building CMake package in '/home/ncpa/tr1200_ws/tr1200_ros/tr1200_ros'
[6.203s] INFO:colcon.colcon_core.shell:Skip shell extension 'powershell' for command environment: Not usable outside of PowerShell
[6.204s] DEBUG:colcon.colcon_core.shell:Skip shell extension 'dsv' for command environment
[6.243s] DEBUG:colcon.colcon_core.event_handler.log_command:Invoking command in '/home/ncpa/tr1200_ws/build/tr1200_ros': AMENT_PREFIX_PATH=/home/ncpa/tr1200_ws/install/tr1200_modules:/home/ncpa/tr1200_ws/install/tr1200_ros:/home/ncpa/tr1200_ws/install/tr1200_teleop:/home/ncpa/tr1200_ws/install/tr1200_control:/home/ncpa/tr1200_ws/install/tr1200_description:/home/ncpa/tr1200_ws/install/tr1200_base:/opt/ros/humble CMAKE_PREFIX_PATH=/home/ncpa/tr1200_ws/install/tr1200_control:/home/ncpa/tr1200_ws/install/tr1200_description:/home/ncpa/tr1200_ws/install/tr1200_teleop:/home/ncpa/tr1200_ws/install/tr1200_base:/home/ncpa/tr1200_ws/install/tr1200_ros:/home/ncpa/tr1200_ws/install/tr1200_modules:/opt/ros/humble /usr/bin/cmake --build /home/ncpa/tr1200_ws/build/tr1200_ros -- -j4 -l4
[6.339s] DEBUG:colcon.colcon_core.event_handler.log_command:Invoked command in '/home/ncpa/tr1200_ws/build/tr1200_ros' returned '0': AMENT_PREFIX_PATH=/home/ncpa/tr1200_ws/install/tr1200_modules:/home/ncpa/tr1200_ws/install/tr1200_ros:/home/ncpa/tr1200_ws/install/tr1200_teleop:/home/ncpa/tr1200_ws/install/tr1200_control:/home/ncpa/tr1200_ws/install/tr1200_description:/home/ncpa/tr1200_ws/install/tr1200_base:/opt/ros/humble CMAKE_PREFIX_PATH=/home/ncpa/tr1200_ws/install/tr1200_control:/home/ncpa/tr1200_ws/install/tr1200_description:/home/ncpa/tr1200_ws/install/tr1200_teleop:/home/ncpa/tr1200_ws/install/tr1200_base:/home/ncpa/tr1200_ws/install/tr1200_ros:/home/ncpa/tr1200_ws/install/tr1200_modules:/opt/ros/humble /usr/bin/cmake --build /home/ncpa/tr1200_ws/build/tr1200_ros -- -j4 -l4
[6.402s] DEBUG:colcon.colcon_core.event_handler.log_command:Invoking command in '/home/ncpa/tr1200_ws/build/tr1200_ros': AMENT_PREFIX_PATH=/home/ncpa/tr1200_ws/install/tr1200_modules:/home/ncpa/tr1200_ws/install/tr1200_ros:/home/ncpa/tr1200_ws/install/tr1200_teleop:/home/ncpa/tr1200_ws/install/tr1200_control:/home/ncpa/tr1200_ws/install/tr1200_description:/home/ncpa/tr1200_ws/install/tr1200_base:/opt/ros/humble CMAKE_PREFIX_PATH=/home/ncpa/tr1200_ws/install/tr1200_control:/home/ncpa/tr1200_ws/install/tr1200_description:/home/ncpa/tr1200_ws/install/tr1200_teleop:/home/ncpa/tr1200_ws/install/tr1200_base:/home/ncpa/tr1200_ws/install/tr1200_ros:/home/ncpa/tr1200_ws/install/tr1200_modules:/opt/ros/humble /usr/bin/cmake --install /home/ncpa/tr1200_ws/build/tr1200_ros
[6.448s] Level 1:colcon.colcon_core.environment:create_environment_scripts_only(tr1200_ros)
[6.450s] Level 1:colcon.colcon_core.environment:checking '/home/ncpa/tr1200_ws/install/tr1200_ros' for CMake module files
[6.451s] DEBUG:colcon.colcon_core.event_handler.log_command:Invoked command in '/home/ncpa/tr1200_ws/build/tr1200_ros' returned '0': AMENT_PREFIX_PATH=/home/ncpa/tr1200_ws/install/tr1200_modules:/home/ncpa/tr1200_ws/install/tr1200_ros:/home/ncpa/tr1200_ws/install/tr1200_teleop:/home/ncpa/tr1200_ws/install/tr1200_control:/home/ncpa/tr1200_ws/install/tr1200_description:/home/ncpa/tr1200_ws/install/tr1200_base:/opt/ros/humble CMAKE_PREFIX_PATH=/home/ncpa/tr1200_ws/install/tr1200_control:/home/ncpa/tr1200_ws/install/tr1200_description:/home/ncpa/tr1200_ws/install/tr1200_teleop:/home/ncpa/tr1200_ws/install/tr1200_base:/home/ncpa/tr1200_ws/install/tr1200_ros:/home/ncpa/tr1200_ws/install/tr1200_modules:/opt/ros/humble /usr/bin/cmake --install /home/ncpa/tr1200_ws/build/tr1200_ros
[6.453s] Level 1:colcon.colcon_core.environment:checking '/home/ncpa/tr1200_ws/install/tr1200_ros' for CMake config files
[6.453s] Level 1:colcon.colcon_core.shell:create_environment_hook('tr1200_ros', 'cmake_prefix_path')
[6.454s] INFO:colcon.colcon_core.shell:Creating environment hook '/home/ncpa/tr1200_ws/install/tr1200_ros/share/tr1200_ros/hook/cmake_prefix_path.ps1'
[6.457s] INFO:colcon.colcon_core.shell:Creating environment descriptor '/home/ncpa/tr1200_ws/install/tr1200_ros/share/tr1200_ros/hook/cmake_prefix_path.dsv'
[6.459s] INFO:colcon.colcon_core.shell:Creating environment hook '/home/ncpa/tr1200_ws/install/tr1200_ros/share/tr1200_ros/hook/cmake_prefix_path.sh'
[6.461s] Level 1:colcon.colcon_core.environment:checking '/home/ncpa/tr1200_ws/install/tr1200_ros/bin'
[6.462s] Level 1:colcon.colcon_core.environment:checking '/home/ncpa/tr1200_ws/install/tr1200_ros/lib/pkgconfig/tr1200_ros.pc'
[6.462s] Level 1:colcon.colcon_core.environment:checking '/home/ncpa/tr1200_ws/install/tr1200_ros/lib/python3.10/site-packages'
[6.463s] Level 1:colcon.colcon_core.environment:checking '/home/ncpa/tr1200_ws/install/tr1200_ros/bin'
[6.465s] INFO:colcon.colcon_core.shell:Creating package script '/home/ncpa/tr1200_ws/install/tr1200_ros/share/tr1200_ros/package.ps1'
[6.467s] INFO:colcon.colcon_core.shell:Creating package descriptor '/home/ncpa/tr1200_ws/install/tr1200_ros/share/tr1200_ros/package.dsv'
[6.468s] INFO:colcon.colcon_core.shell:Creating package script '/home/ncpa/tr1200_ws/install/tr1200_ros/share/tr1200_ros/package.sh'
[6.470s] INFO:colcon.colcon_core.shell:Creating package script '/home/ncpa/tr1200_ws/install/tr1200_ros/share/tr1200_ros/package.bash'
[6.472s] INFO:colcon.colcon_core.shell:Creating package script '/home/ncpa/tr1200_ws/install/tr1200_ros/share/tr1200_ros/package.zsh'
[6.474s] Level 1:colcon.colcon_core.environment:create_file_with_runtime_dependencies(/home/ncpa/tr1200_ws/install/tr1200_ros/share/colcon-core/packages/tr1200_ros)
[6.532s] Level 1:colcon.colcon_core.environment:create_environment_scripts_only(tr1200_ros)
[6.533s] Level 1:colcon.colcon_core.environment:checking '/home/ncpa/tr1200_ws/install/tr1200_ros' for CMake module files
[6.534s] Level 1:colcon.colcon_core.environment:checking '/home/ncpa/tr1200_ws/install/tr1200_ros' for CMake config files
[6.535s] Level 1:colcon.colcon_core.shell:create_environment_hook('tr1200_ros', 'cmake_prefix_path')
[6.536s] INFO:colcon.colcon_core.shell:Creating environment hook '/home/ncpa/tr1200_ws/install/tr1200_ros/share/tr1200_ros/hook/cmake_prefix_path.ps1'
[6.582s] INFO:colcon.colcon_core.shell:Creating environment descriptor '/home/ncpa/tr1200_ws/install/tr1200_ros/share/tr1200_ros/hook/cmake_prefix_path.dsv'
[6.584s] INFO:colcon.colcon_core.shell:Creating environment hook '/home/ncpa/tr1200_ws/install/tr1200_ros/share/tr1200_ros/hook/cmake_prefix_path.sh'
[6.586s] Level 1:colcon.colcon_core.environment:checking '/home/ncpa/tr1200_ws/install/tr1200_ros/bin'
[6.587s] Level 1:colcon.colcon_core.environment:checking '/home/ncpa/tr1200_ws/install/tr1200_ros/lib/pkgconfig/tr1200_ros.pc'
[6.587s] Level 1:colcon.colcon_core.environment:checking '/home/ncpa/tr1200_ws/install/tr1200_ros/lib/python3.10/site-packages'
[6.588s] Level 1:colcon.colcon_core.environment:checking '/home/ncpa/tr1200_ws/install/tr1200_ros/bin'
[6.589s] INFO:colcon.colcon_core.shell:Creating package script '/home/ncpa/tr1200_ws/install/tr1200_ros/share/tr1200_ros/package.ps1'
[6.592s] INFO:colcon.colcon_core.shell:Creating package descriptor '/home/ncpa/tr1200_ws/install/tr1200_ros/share/tr1200_ros/package.dsv'
[6.594s] INFO:colcon.colcon_core.shell:Creating package script '/home/ncpa/tr1200_ws/install/tr1200_ros/share/tr1200_ros/package.sh'
[6.597s] INFO:colcon.colcon_core.shell:Creating package script '/home/ncpa/tr1200_ws/install/tr1200_ros/share/tr1200_ros/package.bash'
[6.600s] INFO:colcon.colcon_core.shell:Creating package script '/home/ncpa/tr1200_ws/install/tr1200_ros/share/tr1200_ros/package.zsh'
[6.603s] Level 1:colcon.colcon_core.environment:create_file_with_runtime_dependencies(/home/ncpa/tr1200_ws/install/tr1200_ros/share/colcon-core/packages/tr1200_ros)
[6.605s] DEBUG:colcon.colcon_parallel_executor.executor.parallel:closing loop
[6.606s] DEBUG:colcon.colcon_parallel_executor.executor.parallel:loop closed
[6.607s] DEBUG:colcon.colcon_parallel_executor.executor.parallel:run_until_complete finished with '0'
[6.607s] DEBUG:colcon.colcon_core.event_reactor:joining thread
[6.626s] INFO:colcon.colcon_core.plugin_system:Skipping extension 'colcon_notification.desktop_notification.terminal_notifier': Not used on non-Darwin systems
[6.626s] INFO:colcon.colcon_core.plugin_system:Skipping extension 'colcon_notification.desktop_notification.win32': Not used on non-Windows systems
[6.626s] INFO:colcon.colcon_notification.desktop_notification:Sending desktop notification using 'notify2'
[6.630s] DEBUG:colcon.colcon_notification.desktop_notification.notify2:Failed to initialize notify2: org.freedesktop.DBus.Error.ServiceUnknown: The name org.freedesktop.Notifications was not provided by any .service files
[6.630s] DEBUG:colcon.colcon_core.event_reactor:joined thread
[6.632s] INFO:colcon.colcon_core.shell:Creating prefix script '/home/ncpa/tr1200_ws/install/local_setup.ps1'
[6.637s] INFO:colcon.colcon_core.shell:Creating prefix util module '/home/ncpa/tr1200_ws/install/_local_setup_util_ps1.py'
[6.646s] INFO:colcon.colcon_core.shell:Creating prefix chain script '/home/ncpa/tr1200_ws/install/setup.ps1'
[6.653s] INFO:colcon.colcon_core.shell:Creating prefix script '/home/ncpa/tr1200_ws/install/local_setup.sh'
[6.656s] INFO:colcon.colcon_core.shell:Creating prefix util module '/home/ncpa/tr1200_ws/install/_local_setup_util_sh.py'
[6.660s] INFO:colcon.colcon_core.shell:Creating prefix chain script '/home/ncpa/tr1200_ws/install/setup.sh'
[6.667s] INFO:colcon.colcon_core.shell:Creating prefix script '/home/ncpa/tr1200_ws/install/local_setup.bash'
[6.669s] INFO:colcon.colcon_core.shell:Creating prefix chain script '/home/ncpa/tr1200_ws/install/setup.bash'
[6.675s] INFO:colcon.colcon_core.shell:Creating prefix script '/home/ncpa/tr1200_ws/install/local_setup.zsh'
[6.678s] INFO:colcon.colcon_core.shell:Creating prefix chain script '/home/ncpa/tr1200_ws/install/setup.zsh'
