[0.403s] DEBUG:colcon:Command line arguments: ['/usr/bin/colcon', 'build']
[0.404s] DEBUG:colcon:Parsed command line arguments: Namespace(log_base=None, log_level=None, verb_name='build', build_base='build', install_base='install', merge_install=False, symlink_install=False, test_result_base=None, continue_on_error=False, executor='parallel', parallel_workers=4, event_handlers=None, ignore_user_meta=False, metas=['./colcon.meta'], base_paths=['.'], packages_ignore=None, packages_ignore_regex=None, paths=None, packages_up_to=None, packages_up_to_regex=None, packages_above=None, packages_above_and_dependencies=None, packages_above_depth=None, packages_select_by_dep=None, packages_skip_by_dep=None, packages_skip_up_to=None, packages_select_build_failed=False, packages_skip_build_finished=False, packages_select_test_failures=False, packages_skip_test_passed=False, packages_select=None, packages_skip=None, packages_select_regex=None, packages_skip_regex=None, packages_start=None, packages_end=None, allow_overriding=[], cmake_args=None, cmake_target=None, cmake_target_skip_unavailable=False, cmake_clean_cache=False, cmake_clean_first=False, cmake_force_configure=False, ament_cmake_args=None, catkin_cmake_args=None, catkin_skip_building_tests=False, mixin_files=None, mixin=None, verb_parser=<colcon_mixin.mixin.mixin_argument.MixinArgumentDecorator object at 0x7fe8c7abe650>, verb_extension=<colcon_core.verb.build.BuildVerb object at 0x7fe8c7cb7af0>, main=<bound method BuildVerb.main of <colcon_core.verb.build.BuildVerb object at 0x7fe8c7cb7af0>>, mixin_verb=('build',))
[1.063s] Level 1:colcon.colcon_core.package_discovery:discover_packages(colcon_meta) check parameters
[1.063s] Level 1:colcon.colcon_core.package_discovery:discover_packages(recursive) check parameters
[1.063s] Level 1:colcon.colcon_core.package_discovery:discover_packages(ignore) check parameters
[1.063s] Level 1:colcon.colcon_core.package_discovery:discover_packages(path) check parameters
[1.063s] Level 1:colcon.colcon_core.package_discovery:discover_packages(colcon_meta) discover
[1.064s] Level 1:colcon.colcon_core.package_discovery:discover_packages(recursive) discover
[1.064s] INFO:colcon.colcon_core.package_discovery:Crawling recursively for packages in '/home/ncpa/tr1200_ws'
[1.064s] Level 1:colcon.colcon_core.package_identification:_identify(.) by extensions ['ignore', 'ignore_ament_install']
[1.064s] Level 1:colcon.colcon_core.package_identification:_identify(.) by extension 'ignore'
[1.065s] Level 1:colcon.colcon_core.package_identification:_identify(.) by extension 'ignore_ament_install'
[1.065s] Level 1:colcon.colcon_core.package_identification:_identify(.) by extensions ['colcon_pkg']
[1.065s] Level 1:colcon.colcon_core.package_identification:_identify(.) by extension 'colcon_pkg'
[1.065s] Level 1:colcon.colcon_core.package_identification:_identify(.) by extensions ['colcon_meta']
[1.065s] Level 1:colcon.colcon_core.package_identification:_identify(.) by extension 'colcon_meta'
[1.065s] Level 1:colcon.colcon_core.package_identification:_identify(.) by extensions ['ros']
[1.065s] Level 1:colcon.colcon_core.package_identification:_identify(.) by extension 'ros'
[1.103s] Level 1:colcon.colcon_core.package_identification:_identify(.) by extensions ['cmake', 'python']
[1.103s] Level 1:colcon.colcon_core.package_identification:_identify(.) by extension 'cmake'
[1.103s] Level 1:colcon.colcon_core.package_identification:_identify(.) by extension 'python'
[1.104s] Level 1:colcon.colcon_core.package_identification:_identify(.) by extensions ['python_setup_py']
[1.104s] Level 1:colcon.colcon_core.package_identification:_identify(.) by extension 'python_setup_py'
[1.104s] Level 1:colcon.colcon_core.package_identification:_identify(build) by extensions ['ignore', 'ignore_ament_install']
[1.105s] Level 1:colcon.colcon_core.package_identification:_identify(build) by extension 'ignore'
[1.105s] Level 1:colcon.colcon_core.package_identification:_identify(build) ignored
[1.105s] Level 1:colcon.colcon_core.package_identification:_identify(install) by extensions ['ignore', 'ignore_ament_install']
[1.106s] Level 1:colcon.colcon_core.package_identification:_identify(install) by extension 'ignore'
[1.106s] Level 1:colcon.colcon_core.package_identification:_identify(install) ignored
[1.106s] Level 1:colcon.colcon_core.package_identification:_identify(log) by extensions ['ignore', 'ignore_ament_install']
[1.106s] Level 1:colcon.colcon_core.package_identification:_identify(log) by extension 'ignore'
[1.107s] Level 1:colcon.colcon_core.package_identification:_identify(log) ignored
[1.107s] Level 1:colcon.colcon_core.package_identification:_identify(src) by extensions ['ignore', 'ignore_ament_install']
[1.107s] Level 1:colcon.colcon_core.package_identification:_identify(src) by extension 'ignore'
[1.107s] Level 1:colcon.colcon_core.package_identification:_identify(src) by extension 'ignore_ament_install'
[1.108s] Level 1:colcon.colcon_core.package_identification:_identify(src) by extensions ['colcon_pkg']
[1.108s] Level 1:colcon.colcon_core.package_identification:_identify(src) by extension 'colcon_pkg'
[1.108s] Level 1:colcon.colcon_core.package_identification:_identify(src) by extensions ['colcon_meta']
[1.108s] Level 1:colcon.colcon_core.package_identification:_identify(src) by extension 'colcon_meta'
[1.108s] Level 1:colcon.colcon_core.package_identification:_identify(src) by extensions ['ros']
[1.108s] Level 1:colcon.colcon_core.package_identification:_identify(src) by extension 'ros'
[1.108s] Level 1:colcon.colcon_core.package_identification:_identify(src) by extensions ['cmake', 'python']
[1.109s] Level 1:colcon.colcon_core.package_identification:_identify(src) by extension 'cmake'
[1.109s] Level 1:colcon.colcon_core.package_identification:_identify(src) by extension 'python'
[1.109s] Level 1:colcon.colcon_core.package_identification:_identify(src) by extensions ['python_setup_py']
[1.109s] Level 1:colcon.colcon_core.package_identification:_identify(src) by extension 'python_setup_py'
[1.109s] Level 1:colcon.colcon_core.package_identification:_identify(tr1200_ros) by extensions ['ignore', 'ignore_ament_install']
[1.110s] Level 1:colcon.colcon_core.package_identification:_identify(tr1200_ros) by extension 'ignore'
[1.110s] Level 1:colcon.colcon_core.package_identification:_identify(tr1200_ros) by extension 'ignore_ament_install'
[1.110s] Level 1:colcon.colcon_core.package_identification:_identify(tr1200_ros) by extensions ['colcon_pkg']
[1.110s] Level 1:colcon.colcon_core.package_identification:_identify(tr1200_ros) by extension 'colcon_pkg'
[1.110s] Level 1:colcon.colcon_core.package_identification:_identify(tr1200_ros) by extensions ['colcon_meta']
[1.110s] Level 1:colcon.colcon_core.package_identification:_identify(tr1200_ros) by extension 'colcon_meta'
[1.111s] Level 1:colcon.colcon_core.package_identification:_identify(tr1200_ros) by extensions ['ros']
[1.111s] Level 1:colcon.colcon_core.package_identification:_identify(tr1200_ros) by extension 'ros'
[1.111s] Level 1:colcon.colcon_core.package_identification:_identify(tr1200_ros) by extensions ['cmake', 'python']
[1.111s] Level 1:colcon.colcon_core.package_identification:_identify(tr1200_ros) by extension 'cmake'
[1.111s] Level 1:colcon.colcon_core.package_identification:_identify(tr1200_ros) by extension 'python'
[1.111s] Level 1:colcon.colcon_core.package_identification:_identify(tr1200_ros) by extensions ['python_setup_py']
[1.111s] Level 1:colcon.colcon_core.package_identification:_identify(tr1200_ros) by extension 'python_setup_py'
[1.112s] Level 1:colcon.colcon_core.package_identification:_identify(tr1200_ros/tr1200_WASD) by extensions ['ignore', 'ignore_ament_install']
[1.112s] Level 1:colcon.colcon_core.package_identification:_identify(tr1200_ros/tr1200_WASD) by extension 'ignore'
[1.112s] Level 1:colcon.colcon_core.package_identification:_identify(tr1200_ros/tr1200_WASD) by extension 'ignore_ament_install'
[1.112s] Level 1:colcon.colcon_core.package_identification:_identify(tr1200_ros/tr1200_WASD) by extensions ['colcon_pkg']
[1.113s] Level 1:colcon.colcon_core.package_identification:_identify(tr1200_ros/tr1200_WASD) by extension 'colcon_pkg'
[1.113s] Level 1:colcon.colcon_core.package_identification:_identify(tr1200_ros/tr1200_WASD) by extensions ['colcon_meta']
[1.113s] Level 1:colcon.colcon_core.package_identification:_identify(tr1200_ros/tr1200_WASD) by extension 'colcon_meta'
[1.113s] Level 1:colcon.colcon_core.package_identification:_identify(tr1200_ros/tr1200_WASD) by extensions ['ros']
[1.114s] Level 1:colcon.colcon_core.package_identification:_identify(tr1200_ros/tr1200_WASD) by extension 'ros'
[1.123s] DEBUG:colcon.colcon_core.package_identification:Package 'tr1200_ros/tr1200_WASD' with type 'ros.ament_python' and name 'tr1200_WASD'
[1.123s] Level 1:colcon.colcon_core.package_identification:_identify(tr1200_ros/tr1200_base) by extensions ['ignore', 'ignore_ament_install']
[1.124s] Level 1:colcon.colcon_core.package_identification:_identify(tr1200_ros/tr1200_base) by extension 'ignore'
[1.124s] Level 1:colcon.colcon_core.package_identification:_identify(tr1200_ros/tr1200_base) by extension 'ignore_ament_install'
[1.124s] Level 1:colcon.colcon_core.package_identification:_identify(tr1200_ros/tr1200_base) by extensions ['colcon_pkg']
[1.124s] Level 1:colcon.colcon_core.package_identification:_identify(tr1200_ros/tr1200_base) by extension 'colcon_pkg'
[1.125s] Level 1:colcon.colcon_core.package_identification:_identify(tr1200_ros/tr1200_base) by extensions ['colcon_meta']
[1.125s] Level 1:colcon.colcon_core.package_identification:_identify(tr1200_ros/tr1200_base) by extension 'colcon_meta'
[1.125s] Level 1:colcon.colcon_core.package_identification:_identify(tr1200_ros/tr1200_base) by extensions ['ros']
[1.125s] Level 1:colcon.colcon_core.package_identification:_identify(tr1200_ros/tr1200_base) by extension 'ros'
[1.128s] DEBUG:colcon.colcon_core.package_identification:Package 'tr1200_ros/tr1200_base' with type 'ros.ament_cmake' and name 'tr1200_base'
[1.128s] Level 1:colcon.colcon_core.package_identification:_identify(tr1200_ros/tr1200_control) by extensions ['ignore', 'ignore_ament_install']
[1.129s] Level 1:colcon.colcon_core.package_identification:_identify(tr1200_ros/tr1200_control) by extension 'ignore'
[1.129s] Level 1:colcon.colcon_core.package_identification:_identify(tr1200_ros/tr1200_control) by extension 'ignore_ament_install'
[1.129s] Level 1:colcon.colcon_core.package_identification:_identify(tr1200_ros/tr1200_control) by extensions ['colcon_pkg']
[1.129s] Level 1:colcon.colcon_core.package_identification:_identify(tr1200_ros/tr1200_control) by extension 'colcon_pkg'
[1.129s] Level 1:colcon.colcon_core.package_identification:_identify(tr1200_ros/tr1200_control) by extensions ['colcon_meta']
[1.130s] Level 1:colcon.colcon_core.package_identification:_identify(tr1200_ros/tr1200_control) by extension 'colcon_meta'
[1.130s] Level 1:colcon.colcon_core.package_identification:_identify(tr1200_ros/tr1200_control) by extensions ['ros']
[1.130s] Level 1:colcon.colcon_core.package_identification:_identify(tr1200_ros/tr1200_control) by extension 'ros'
[1.134s] DEBUG:colcon.colcon_core.package_identification:Package 'tr1200_ros/tr1200_control' with type 'ros.ament_cmake' and name 'tr1200_control'
[1.134s] Level 1:colcon.colcon_core.package_identification:_identify(tr1200_ros/tr1200_description) by extensions ['ignore', 'ignore_ament_install']
[1.135s] Level 1:colcon.colcon_core.package_identification:_identify(tr1200_ros/tr1200_description) by extension 'ignore'
[1.135s] Level 1:colcon.colcon_core.package_identification:_identify(tr1200_ros/tr1200_description) by extension 'ignore_ament_install'
[1.135s] Level 1:colcon.colcon_core.package_identification:_identify(tr1200_ros/tr1200_description) by extensions ['colcon_pkg']
[1.135s] Level 1:colcon.colcon_core.package_identification:_identify(tr1200_ros/tr1200_description) by extension 'colcon_pkg'
[1.135s] Level 1:colcon.colcon_core.package_identification:_identify(tr1200_ros/tr1200_description) by extensions ['colcon_meta']
[1.136s] Level 1:colcon.colcon_core.package_identification:_identify(tr1200_ros/tr1200_description) by extension 'colcon_meta'
[1.136s] Level 1:colcon.colcon_core.package_identification:_identify(tr1200_ros/tr1200_description) by extensions ['ros']
[1.136s] Level 1:colcon.colcon_core.package_identification:_identify(tr1200_ros/tr1200_description) by extension 'ros'
[1.139s] DEBUG:colcon.colcon_core.package_identification:Package 'tr1200_ros/tr1200_description' with type 'ros.ament_cmake' and name 'tr1200_description'
[1.139s] Level 1:colcon.colcon_core.package_identification:_identify(tr1200_ros/tr1200_modules) by extensions ['ignore', 'ignore_ament_install']
[1.139s] Level 1:colcon.colcon_core.package_identification:_identify(tr1200_ros/tr1200_modules) by extension 'ignore'
[1.140s] Level 1:colcon.colcon_core.package_identification:_identify(tr1200_ros/tr1200_modules) by extension 'ignore_ament_install'
[1.140s] Level 1:colcon.colcon_core.package_identification:_identify(tr1200_ros/tr1200_modules) by extensions ['colcon_pkg']
[1.140s] Level 1:colcon.colcon_core.package_identification:_identify(tr1200_ros/tr1200_modules) by extension 'colcon_pkg'
[1.140s] Level 1:colcon.colcon_core.package_identification:_identify(tr1200_ros/tr1200_modules) by extensions ['colcon_meta']
[1.140s] Level 1:colcon.colcon_core.package_identification:_identify(tr1200_ros/tr1200_modules) by extension 'colcon_meta'
[1.140s] Level 1:colcon.colcon_core.package_identification:_identify(tr1200_ros/tr1200_modules) by extensions ['ros']
[1.140s] Level 1:colcon.colcon_core.package_identification:_identify(tr1200_ros/tr1200_modules) by extension 'ros'
[1.142s] DEBUG:colcon.colcon_core.package_identification:Package 'tr1200_ros/tr1200_modules' with type 'ros.ament_python' and name 'tr1200_modules'
[1.143s] Level 1:colcon.colcon_core.package_identification:_identify(tr1200_ros/tr1200_ros) by extensions ['ignore', 'ignore_ament_install']
[1.143s] Level 1:colcon.colcon_core.package_identification:_identify(tr1200_ros/tr1200_ros) by extension 'ignore'
[1.143s] Level 1:colcon.colcon_core.package_identification:_identify(tr1200_ros/tr1200_ros) by extension 'ignore_ament_install'
[1.143s] Level 1:colcon.colcon_core.package_identification:_identify(tr1200_ros/tr1200_ros) by extensions ['colcon_pkg']
[1.144s] Level 1:colcon.colcon_core.package_identification:_identify(tr1200_ros/tr1200_ros) by extension 'colcon_pkg'
[1.144s] Level 1:colcon.colcon_core.package_identification:_identify(tr1200_ros/tr1200_ros) by extensions ['colcon_meta']
[1.144s] Level 1:colcon.colcon_core.package_identification:_identify(tr1200_ros/tr1200_ros) by extension 'colcon_meta'
[1.144s] Level 1:colcon.colcon_core.package_identification:_identify(tr1200_ros/tr1200_ros) by extensions ['ros']
[1.144s] Level 1:colcon.colcon_core.package_identification:_identify(tr1200_ros/tr1200_ros) by extension 'ros'
[1.147s] DEBUG:colcon.colcon_core.package_identification:Package 'tr1200_ros/tr1200_ros' with type 'ros.ament_cmake' and name 'tr1200_ros'
[1.148s] Level 1:colcon.colcon_core.package_identification:_identify(tr1200_ros/tr1200_teleop) by extensions ['ignore', 'ignore_ament_install']
[1.148s] Level 1:colcon.colcon_core.package_identification:_identify(tr1200_ros/tr1200_teleop) by extension 'ignore'
[1.148s] Level 1:colcon.colcon_core.package_identification:_identify(tr1200_ros/tr1200_teleop) by extension 'ignore_ament_install'
[1.148s] Level 1:colcon.colcon_core.package_identification:_identify(tr1200_ros/tr1200_teleop) by extensions ['colcon_pkg']
[1.148s] Level 1:colcon.colcon_core.package_identification:_identify(tr1200_ros/tr1200_teleop) by extension 'colcon_pkg'
[1.149s] Level 1:colcon.colcon_core.package_identification:_identify(tr1200_ros/tr1200_teleop) by extensions ['colcon_meta']
[1.149s] Level 1:colcon.colcon_core.package_identification:_identify(tr1200_ros/tr1200_teleop) by extension 'colcon_meta'
[1.149s] Level 1:colcon.colcon_core.package_identification:_identify(tr1200_ros/tr1200_teleop) by extensions ['ros']
[1.149s] Level 1:colcon.colcon_core.package_identification:_identify(tr1200_ros/tr1200_teleop) by extension 'ros'
[1.151s] DEBUG:colcon.colcon_core.package_identification:Package 'tr1200_ros/tr1200_teleop' with type 'ros.ament_cmake' and name 'tr1200_teleop'
[1.151s] Level 1:colcon.colcon_core.package_discovery:discover_packages(recursive) using defaults
[1.151s] Level 1:colcon.colcon_core.package_discovery:discover_packages(ignore) discover
[1.151s] Level 1:colcon.colcon_core.package_discovery:discover_packages(ignore) using defaults
[1.151s] Level 1:colcon.colcon_core.package_discovery:discover_packages(path) discover
[1.151s] Level 1:colcon.colcon_core.package_discovery:discover_packages(path) using defaults
[1.255s] Level 1:colcon.colcon_core.package_discovery:discover_packages(prefix_path) check parameters
[1.255s] Level 1:colcon.colcon_core.package_discovery:discover_packages(prefix_path) discover
[1.262s] DEBUG:colcon.colcon_installed_package_information.package_discovery:Found 6 installed packages in /home/ncpa/tr1200_ws/install
[1.268s] DEBUG:colcon.colcon_installed_package_information.package_discovery:Found 291 installed packages in /opt/ros/humble
[1.275s] Level 1:colcon.colcon_core.package_discovery:discover_packages(prefix_path) using defaults
[1.427s] Level 5:colcon.colcon_core.verb:set package 'tr1200_WASD' build argument 'cmake_args' from command line to 'None'
[1.428s] Level 5:colcon.colcon_core.verb:set package 'tr1200_WASD' build argument 'cmake_target' from command line to 'None'
[1.428s] Level 5:colcon.colcon_core.verb:set package 'tr1200_WASD' build argument 'cmake_target_skip_unavailable' from command line to 'False'
[1.428s] Level 5:colcon.colcon_core.verb:set package 'tr1200_WASD' build argument 'cmake_clean_cache' from command line to 'False'
[1.428s] Level 5:colcon.colcon_core.verb:set package 'tr1200_WASD' build argument 'cmake_clean_first' from command line to 'False'
[1.428s] Level 5:colcon.colcon_core.verb:set package 'tr1200_WASD' build argument 'cmake_force_configure' from command line to 'False'
[1.428s] Level 5:colcon.colcon_core.verb:set package 'tr1200_WASD' build argument 'ament_cmake_args' from command line to 'None'
[1.428s] Level 5:colcon.colcon_core.verb:set package 'tr1200_WASD' build argument 'catkin_cmake_args' from command line to 'None'
[1.428s] Level 5:colcon.colcon_core.verb:set package 'tr1200_WASD' build argument 'catkin_skip_building_tests' from command line to 'False'
[1.428s] DEBUG:colcon.colcon_core.verb:Building package 'tr1200_WASD' with the following arguments: {'ament_cmake_args': None, 'build_base': '/home/ncpa/tr1200_ws/build/tr1200_WASD', 'catkin_cmake_args': None, 'catkin_skip_building_tests': False, 'cmake_args': None, 'cmake_clean_cache': False, 'cmake_clean_first': False, 'cmake_force_configure': False, 'cmake_target': None, 'cmake_target_skip_unavailable': False, 'install_base': '/home/ncpa/tr1200_ws/install/tr1200_WASD', 'merge_install': False, 'path': '/home/ncpa/tr1200_ws/tr1200_ros/tr1200_WASD', 'symlink_install': False, 'test_result_base': None}
[1.430s] Level 5:colcon.colcon_core.verb:set package 'tr1200_base' build argument 'cmake_args' from command line to 'None'
[1.430s] Level 5:colcon.colcon_core.verb:set package 'tr1200_base' build argument 'cmake_target' from command line to 'None'
[1.430s] Level 5:colcon.colcon_core.verb:set package 'tr1200_base' build argument 'cmake_target_skip_unavailable' from command line to 'False'
[1.430s] Level 5:colcon.colcon_core.verb:set package 'tr1200_base' build argument 'cmake_clean_cache' from command line to 'False'
[1.430s] Level 5:colcon.colcon_core.verb:set package 'tr1200_base' build argument 'cmake_clean_first' from command line to 'False'
[1.431s] Level 5:colcon.colcon_core.verb:set package 'tr1200_base' build argument 'cmake_force_configure' from command line to 'False'
[1.431s] Level 5:colcon.colcon_core.verb:set package 'tr1200_base' build argument 'ament_cmake_args' from command line to 'None'
[1.431s] Level 5:colcon.colcon_core.verb:set package 'tr1200_base' build argument 'catkin_cmake_args' from command line to 'None'
[1.431s] Level 5:colcon.colcon_core.verb:set package 'tr1200_base' build argument 'catkin_skip_building_tests' from command line to 'False'
[1.431s] DEBUG:colcon.colcon_core.verb:Building package 'tr1200_base' with the following arguments: {'ament_cmake_args': None, 'build_base': '/home/ncpa/tr1200_ws/build/tr1200_base', 'catkin_cmake_args': None, 'catkin_skip_building_tests': False, 'cmake_args': None, 'cmake_clean_cache': False, 'cmake_clean_first': False, 'cmake_force_configure': False, 'cmake_target': None, 'cmake_target_skip_unavailable': False, 'install_base': '/home/ncpa/tr1200_ws/install/tr1200_base', 'merge_install': False, 'path': '/home/ncpa/tr1200_ws/tr1200_ros/tr1200_base', 'symlink_install': False, 'test_result_base': None}
[1.433s] Level 5:colcon.colcon_core.verb:set package 'tr1200_modules' build argument 'cmake_args' from command line to 'None'
[1.433s] Level 5:colcon.colcon_core.verb:set package 'tr1200_modules' build argument 'cmake_target' from command line to 'None'
[1.433s] Level 5:colcon.colcon_core.verb:set package 'tr1200_modules' build argument 'cmake_target_skip_unavailable' from command line to 'False'
[1.433s] Level 5:colcon.colcon_core.verb:set package 'tr1200_modules' build argument 'cmake_clean_cache' from command line to 'False'
[1.433s] Level 5:colcon.colcon_core.verb:set package 'tr1200_modules' build argument 'cmake_clean_first' from command line to 'False'
[1.433s] Level 5:colcon.colcon_core.verb:set package 'tr1200_modules' build argument 'cmake_force_configure' from command line to 'False'
[1.433s] Level 5:colcon.colcon_core.verb:set package 'tr1200_modules' build argument 'ament_cmake_args' from command line to 'None'
[1.433s] Level 5:colcon.colcon_core.verb:set package 'tr1200_modules' build argument 'catkin_cmake_args' from command line to 'None'
[1.433s] Level 5:colcon.colcon_core.verb:set package 'tr1200_modules' build argument 'catkin_skip_building_tests' from command line to 'False'
[1.434s] DEBUG:colcon.colcon_core.verb:Building package 'tr1200_modules' with the following arguments: {'ament_cmake_args': None, 'build_base': '/home/ncpa/tr1200_ws/build/tr1200_modules', 'catkin_cmake_args': None, 'catkin_skip_building_tests': False, 'cmake_args': None, 'cmake_clean_cache': False, 'cmake_clean_first': False, 'cmake_force_configure': False, 'cmake_target': None, 'cmake_target_skip_unavailable': False, 'install_base': '/home/ncpa/tr1200_ws/install/tr1200_modules', 'merge_install': False, 'path': '/home/ncpa/tr1200_ws/tr1200_ros/tr1200_modules', 'symlink_install': False, 'test_result_base': None}
[1.435s] Level 5:colcon.colcon_core.verb:set package 'tr1200_teleop' build argument 'cmake_args' from command line to 'None'
[1.435s] Level 5:colcon.colcon_core.verb:set package 'tr1200_teleop' build argument 'cmake_target' from command line to 'None'
[1.435s] Level 5:colcon.colcon_core.verb:set package 'tr1200_teleop' build argument 'cmake_target_skip_unavailable' from command line to 'False'
[1.435s] Level 5:colcon.colcon_core.verb:set package 'tr1200_teleop' build argument 'cmake_clean_cache' from command line to 'False'
[1.436s] Level 5:colcon.colcon_core.verb:set package 'tr1200_teleop' build argument 'cmake_clean_first' from command line to 'False'
[1.436s] Level 5:colcon.colcon_core.verb:set package 'tr1200_teleop' build argument 'cmake_force_configure' from command line to 'False'
[1.436s] Level 5:colcon.colcon_core.verb:set package 'tr1200_teleop' build argument 'ament_cmake_args' from command line to 'None'
[1.436s] Level 5:colcon.colcon_core.verb:set package 'tr1200_teleop' build argument 'catkin_cmake_args' from command line to 'None'
[1.436s] Level 5:colcon.colcon_core.verb:set package 'tr1200_teleop' build argument 'catkin_skip_building_tests' from command line to 'False'
[1.436s] DEBUG:colcon.colcon_core.verb:Building package 'tr1200_teleop' with the following arguments: {'ament_cmake_args': None, 'build_base': '/home/ncpa/tr1200_ws/build/tr1200_teleop', 'catkin_cmake_args': None, 'catkin_skip_building_tests': False, 'cmake_args': None, 'cmake_clean_cache': False, 'cmake_clean_first': False, 'cmake_force_configure': False, 'cmake_target': None, 'cmake_target_skip_unavailable': False, 'install_base': '/home/ncpa/tr1200_ws/install/tr1200_teleop', 'merge_install': False, 'path': '/home/ncpa/tr1200_ws/tr1200_ros/tr1200_teleop', 'symlink_install': False, 'test_result_base': None}
[1.438s] Level 5:colcon.colcon_core.verb:set package 'tr1200_description' build argument 'cmake_args' from command line to 'None'
[1.438s] Level 5:colcon.colcon_core.verb:set package 'tr1200_description' build argument 'cmake_target' from command line to 'None'
[1.438s] Level 5:colcon.colcon_core.verb:set package 'tr1200_description' build argument 'cmake_target_skip_unavailable' from command line to 'False'
[1.438s] Level 5:colcon.colcon_core.verb:set package 'tr1200_description' build argument 'cmake_clean_cache' from command line to 'False'
[1.438s] Level 5:colcon.colcon_core.verb:set package 'tr1200_description' build argument 'cmake_clean_first' from command line to 'False'
[1.438s] Level 5:colcon.colcon_core.verb:set package 'tr1200_description' build argument 'cmake_force_configure' from command line to 'False'
[1.438s] Level 5:colcon.colcon_core.verb:set package 'tr1200_description' build argument 'ament_cmake_args' from command line to 'None'
[1.438s] Level 5:colcon.colcon_core.verb:set package 'tr1200_description' build argument 'catkin_cmake_args' from command line to 'None'
[1.438s] Level 5:colcon.colcon_core.verb:set package 'tr1200_description' build argument 'catkin_skip_building_tests' from command line to 'False'
[1.438s] DEBUG:colcon.colcon_core.verb:Building package 'tr1200_description' with the following arguments: {'ament_cmake_args': None, 'build_base': '/home/ncpa/tr1200_ws/build/tr1200_description', 'catkin_cmake_args': None, 'catkin_skip_building_tests': False, 'cmake_args': None, 'cmake_clean_cache': False, 'cmake_clean_first': False, 'cmake_force_configure': False, 'cmake_target': None, 'cmake_target_skip_unavailable': False, 'install_base': '/home/ncpa/tr1200_ws/install/tr1200_description', 'merge_install': False, 'path': '/home/ncpa/tr1200_ws/tr1200_ros/tr1200_description', 'symlink_install': False, 'test_result_base': None}
[1.440s] Level 5:colcon.colcon_core.verb:set package 'tr1200_control' build argument 'cmake_args' from command line to 'None'
[1.440s] Level 5:colcon.colcon_core.verb:set package 'tr1200_control' build argument 'cmake_target' from command line to 'None'
[1.440s] Level 5:colcon.colcon_core.verb:set package 'tr1200_control' build argument 'cmake_target_skip_unavailable' from command line to 'False'
[1.440s] Level 5:colcon.colcon_core.verb:set package 'tr1200_control' build argument 'cmake_clean_cache' from command line to 'False'
[1.440s] Level 5:colcon.colcon_core.verb:set package 'tr1200_control' build argument 'cmake_clean_first' from command line to 'False'
[1.440s] Level 5:colcon.colcon_core.verb:set package 'tr1200_control' build argument 'cmake_force_configure' from command line to 'False'
[1.441s] Level 5:colcon.colcon_core.verb:set package 'tr1200_control' build argument 'ament_cmake_args' from command line to 'None'
[1.441s] Level 5:colcon.colcon_core.verb:set package 'tr1200_control' build argument 'catkin_cmake_args' from command line to 'None'
[1.441s] Level 5:colcon.colcon_core.verb:set package 'tr1200_control' build argument 'catkin_skip_building_tests' from command line to 'False'
[1.441s] DEBUG:colcon.colcon_core.verb:Building package 'tr1200_control' with the following arguments: {'ament_cmake_args': None, 'build_base': '/home/ncpa/tr1200_ws/build/tr1200_control', 'catkin_cmake_args': None, 'catkin_skip_building_tests': False, 'cmake_args': None, 'cmake_clean_cache': False, 'cmake_clean_first': False, 'cmake_force_configure': False, 'cmake_target': None, 'cmake_target_skip_unavailable': False, 'install_base': '/home/ncpa/tr1200_ws/install/tr1200_control', 'merge_install': False, 'path': '/home/ncpa/tr1200_ws/tr1200_ros/tr1200_control', 'symlink_install': False, 'test_result_base': None}
[1.442s] Level 5:colcon.colcon_core.verb:set package 'tr1200_ros' build argument 'cmake_args' from command line to 'None'
[1.443s] Level 5:colcon.colcon_core.verb:set package 'tr1200_ros' build argument 'cmake_target' from command line to 'None'
[1.443s] Level 5:colcon.colcon_core.verb:set package 'tr1200_ros' build argument 'cmake_target_skip_unavailable' from command line to 'False'
[1.443s] Level 5:colcon.colcon_core.verb:set package 'tr1200_ros' build argument 'cmake_clean_cache' from command line to 'False'
[1.443s] Level 5:colcon.colcon_core.verb:set package 'tr1200_ros' build argument 'cmake_clean_first' from command line to 'False'
[1.443s] Level 5:colcon.colcon_core.verb:set package 'tr1200_ros' build argument 'cmake_force_configure' from command line to 'False'
[1.443s] Level 5:colcon.colcon_core.verb:set package 'tr1200_ros' build argument 'ament_cmake_args' from command line to 'None'
[1.443s] Level 5:colcon.colcon_core.verb:set package 'tr1200_ros' build argument 'catkin_cmake_args' from command line to 'None'
[1.443s] Level 5:colcon.colcon_core.verb:set package 'tr1200_ros' build argument 'catkin_skip_building_tests' from command line to 'False'
[1.443s] DEBUG:colcon.colcon_core.verb:Building package 'tr1200_ros' with the following arguments: {'ament_cmake_args': None, 'build_base': '/home/ncpa/tr1200_ws/build/tr1200_ros', 'catkin_cmake_args': None, 'catkin_skip_building_tests': False, 'cmake_args': None, 'cmake_clean_cache': False, 'cmake_clean_first': False, 'cmake_force_configure': False, 'cmake_target': None, 'cmake_target_skip_unavailable': False, 'install_base': '/home/ncpa/tr1200_ws/install/tr1200_ros', 'merge_install': False, 'path': '/home/ncpa/tr1200_ws/tr1200_ros/tr1200_ros', 'symlink_install': False, 'test_result_base': None}
[1.444s] INFO:colcon.colcon_core.executor:Executing jobs using 'parallel' executor
[1.447s] DEBUG:colcon.colcon_parallel_executor.executor.parallel:run_until_complete
[1.448s] INFO:colcon.colcon_ros.task.ament_python.build:Building ROS package in '/home/ncpa/tr1200_ws/tr1200_ros/tr1200_modules' with build type 'ament_python'
[1.449s] Level 1:colcon.colcon_core.shell:create_environment_hook('tr1200_modules', 'ament_prefix_path')
[1.457s] INFO:colcon.colcon_core.plugin_system:Skipping extension 'colcon_core.shell.bat': Not used on non-Windows systems
[1.458s] INFO:colcon.colcon_core.shell:Creating environment hook '/home/ncpa/tr1200_ws/install/tr1200_modules/share/tr1200_modules/hook/ament_prefix_path.ps1'
[1.484s] INFO:colcon.colcon_core.shell:Creating environment descriptor '/home/ncpa/tr1200_ws/install/tr1200_modules/share/tr1200_modules/hook/ament_prefix_path.dsv'
[1.486s] INFO:colcon.colcon_core.shell:Creating environment hook '/home/ncpa/tr1200_ws/install/tr1200_modules/share/tr1200_modules/hook/ament_prefix_path.sh'
[1.489s] INFO:colcon.colcon_core.shell:Skip shell extension 'powershell' for command environment: Not usable outside of PowerShell
[1.489s] DEBUG:colcon.colcon_core.shell:Skip shell extension 'dsv' for command environment
[1.502s] INFO:colcon.colcon_ros.task.ament_cmake.build:Building ROS package in '/home/ncpa/tr1200_ws/tr1200_ros/tr1200_base' with build type 'ament_cmake'
[1.503s] INFO:colcon.colcon_cmake.task.cmake.build:Building CMake package in '/home/ncpa/tr1200_ws/tr1200_ros/tr1200_base'
[1.504s] INFO:colcon.colcon_core.shell:Skip shell extension 'powershell' for command environment: Not usable outside of PowerShell
[1.504s] DEBUG:colcon.colcon_core.shell:Skip shell extension 'dsv' for command environment
[1.517s] INFO:colcon.colcon_ros.task.ament_cmake.build:Building ROS package in '/home/ncpa/tr1200_ws/tr1200_ros/tr1200_teleop' with build type 'ament_cmake'
[1.517s] INFO:colcon.colcon_cmake.task.cmake.build:Building CMake package in '/home/ncpa/tr1200_ws/tr1200_ros/tr1200_teleop'
[1.518s] INFO:colcon.colcon_core.shell:Skip shell extension 'powershell' for command environment: Not usable outside of PowerShell
[1.519s] DEBUG:colcon.colcon_core.shell:Skip shell extension 'dsv' for command environment
[1.532s] INFO:colcon.colcon_ros.task.ament_python.build:Building ROS package in '/home/ncpa/tr1200_ws/tr1200_ros/tr1200_WASD' with build type 'ament_python'
[1.532s] Level 1:colcon.colcon_core.shell:create_environment_hook('tr1200_WASD', 'ament_prefix_path')
[1.533s] INFO:colcon.colcon_core.shell:Creating environment hook '/home/ncpa/tr1200_ws/install/tr1200_WASD/share/tr1200_WASD/hook/ament_prefix_path.ps1'
[1.536s] INFO:colcon.colcon_core.shell:Creating environment descriptor '/home/ncpa/tr1200_ws/install/tr1200_WASD/share/tr1200_WASD/hook/ament_prefix_path.dsv'
[1.537s] INFO:colcon.colcon_core.shell:Creating environment hook '/home/ncpa/tr1200_ws/install/tr1200_WASD/share/tr1200_WASD/hook/ament_prefix_path.sh'
[1.540s] INFO:colcon.colcon_core.shell:Skip shell extension 'powershell' for command environment: Not usable outside of PowerShell
[1.540s] DEBUG:colcon.colcon_core.shell:Skip shell extension 'dsv' for command environment
[2.532s] INFO:colcon.colcon_core.task.python.build:Building Python package in '/home/ncpa/tr1200_ws/tr1200_ros/tr1200_modules'
[2.533s] INFO:colcon.colcon_core.shell:Skip shell extension 'powershell' for command environment: Not usable outside of PowerShell
[2.533s] DEBUG:colcon.colcon_core.shell:Skip shell extension 'dsv' for command environment
[2.582s] DEBUG:colcon.colcon_core.event_handler.log_command:Invoking command in '/home/ncpa/tr1200_ws/build/tr1200_base': CMAKE_PREFIX_PATH=${CMAKE_PREFIX_PATH}:/home/ncpa/tr1200_ws/install/tr1200_modules:/opt/ros/humble /usr/bin/cmake --build /home/ncpa/tr1200_ws/build/tr1200_base -- -j4 -l4
[2.593s] DEBUG:colcon.colcon_core.event_handler.log_command:Invoking command in '/home/ncpa/tr1200_ws/build/tr1200_teleop': CMAKE_PREFIX_PATH=${CMAKE_PREFIX_PATH}:/home/ncpa/tr1200_ws/install/tr1200_modules:/opt/ros/humble /usr/bin/cmake --build /home/ncpa/tr1200_ws/build/tr1200_teleop -- -j4 -l4
[3.585s] INFO:colcon.colcon_core.task.python.build:Building Python package in '/home/ncpa/tr1200_ws/tr1200_ros/tr1200_WASD'
[3.586s] INFO:colcon.colcon_core.shell:Skip shell extension 'powershell' for command environment: Not usable outside of PowerShell
[3.586s] DEBUG:colcon.colcon_core.shell:Skip shell extension 'dsv' for command environment
[3.626s] DEBUG:colcon.colcon_core.event_handler.log_command:Invoked command in '/home/ncpa/tr1200_ws/build/tr1200_teleop' returned '0': CMAKE_PREFIX_PATH=${CMAKE_PREFIX_PATH}:/home/ncpa/tr1200_ws/install/tr1200_modules:/opt/ros/humble /usr/bin/cmake --build /home/ncpa/tr1200_ws/build/tr1200_teleop -- -j4 -l4
[3.645s] DEBUG:colcon.colcon_core.event_handler.log_command:Invoked command in '/home/ncpa/tr1200_ws/build/tr1200_base' returned '0': CMAKE_PREFIX_PATH=${CMAKE_PREFIX_PATH}:/home/ncpa/tr1200_ws/install/tr1200_modules:/opt/ros/humble /usr/bin/cmake --build /home/ncpa/tr1200_ws/build/tr1200_base -- -j4 -l4
[3.755s] DEBUG:colcon.colcon_core.event_handler.log_command:Invoking command in '/home/ncpa/tr1200_ws/build/tr1200_base': CMAKE_PREFIX_PATH=${CMAKE_PREFIX_PATH}:/home/ncpa/tr1200_ws/install/tr1200_modules:/opt/ros/humble /usr/bin/cmake --install /home/ncpa/tr1200_ws/build/tr1200_base
[3.764s] DEBUG:colcon.colcon_core.event_handler.log_command:Invoking command in '/home/ncpa/tr1200_ws/build/tr1200_teleop': CMAKE_PREFIX_PATH=${CMAKE_PREFIX_PATH}:/home/ncpa/tr1200_ws/install/tr1200_modules:/opt/ros/humble /usr/bin/cmake --install /home/ncpa/tr1200_ws/build/tr1200_teleop
[3.805s] Level 1:colcon.colcon_core.environment:create_environment_scripts_only(tr1200_teleop)
[3.825s] Level 1:colcon.colcon_core.environment:checking '/home/ncpa/tr1200_ws/install/tr1200_teleop' for CMake module files
[3.828s] DEBUG:colcon.colcon_core.event_handler.log_command:Invoked command in '/home/ncpa/tr1200_ws/build/tr1200_teleop' returned '0': CMAKE_PREFIX_PATH=${CMAKE_PREFIX_PATH}:/home/ncpa/tr1200_ws/install/tr1200_modules:/opt/ros/humble /usr/bin/cmake --install /home/ncpa/tr1200_ws/build/tr1200_teleop
[3.830s] Level 1:colcon.colcon_core.environment:checking '/home/ncpa/tr1200_ws/install/tr1200_teleop' for CMake config files
[3.830s] Level 1:colcon.colcon_core.shell:create_environment_hook('tr1200_teleop', 'cmake_prefix_path')
[3.832s] INFO:colcon.colcon_core.shell:Creating environment hook '/home/ncpa/tr1200_ws/install/tr1200_teleop/share/tr1200_teleop/hook/cmake_prefix_path.ps1'
[3.833s] INFO:colcon.colcon_core.shell:Creating environment descriptor '/home/ncpa/tr1200_ws/install/tr1200_teleop/share/tr1200_teleop/hook/cmake_prefix_path.dsv'
[3.835s] INFO:colcon.colcon_core.shell:Creating environment hook '/home/ncpa/tr1200_ws/install/tr1200_teleop/share/tr1200_teleop/hook/cmake_prefix_path.sh'
[3.838s] Level 1:colcon.colcon_core.environment:checking '/home/ncpa/tr1200_ws/install/tr1200_teleop/bin'
[3.839s] Level 1:colcon.colcon_core.environment:checking '/home/ncpa/tr1200_ws/install/tr1200_teleop/lib/pkgconfig/tr1200_teleop.pc'
[3.840s] Level 1:colcon.colcon_core.environment:checking '/home/ncpa/tr1200_ws/install/tr1200_teleop/lib/python3.10/site-packages'
[3.841s] Level 1:colcon.colcon_core.environment:checking '/home/ncpa/tr1200_ws/install/tr1200_teleop/bin'
[3.843s] INFO:colcon.colcon_core.shell:Creating package script '/home/ncpa/tr1200_ws/install/tr1200_teleop/share/tr1200_teleop/package.ps1'
[3.846s] INFO:colcon.colcon_core.shell:Creating package descriptor '/home/ncpa/tr1200_ws/install/tr1200_teleop/share/tr1200_teleop/package.dsv'
[3.849s] INFO:colcon.colcon_core.shell:Creating package script '/home/ncpa/tr1200_ws/install/tr1200_teleop/share/tr1200_teleop/package.sh'
[3.853s] INFO:colcon.colcon_core.shell:Creating package script '/home/ncpa/tr1200_ws/install/tr1200_teleop/share/tr1200_teleop/package.bash'
[3.856s] INFO:colcon.colcon_core.shell:Creating package script '/home/ncpa/tr1200_ws/install/tr1200_teleop/share/tr1200_teleop/package.zsh'
[3.859s] Level 1:colcon.colcon_core.environment:create_file_with_runtime_dependencies(/home/ncpa/tr1200_ws/install/tr1200_teleop/share/colcon-core/packages/tr1200_teleop)
[3.867s] Level 1:colcon.colcon_core.environment:create_environment_scripts_only(tr1200_base)
[3.870s] Level 1:colcon.colcon_core.environment:checking '/home/ncpa/tr1200_ws/install/tr1200_base' for CMake module files
[3.874s] Level 1:colcon.colcon_core.environment:checking '/home/ncpa/tr1200_ws/install/tr1200_base' for CMake config files
[3.871s] DEBUG:colcon.colcon_core.event_handler.log_command:Invoked command in '/home/ncpa/tr1200_ws/build/tr1200_base' returned '0': CMAKE_PREFIX_PATH=${CMAKE_PREFIX_PATH}:/home/ncpa/tr1200_ws/install/tr1200_modules:/opt/ros/humble /usr/bin/cmake --install /home/ncpa/tr1200_ws/build/tr1200_base
[3.879s] Level 1:colcon.colcon_core.shell:create_environment_hook('tr1200_base', 'cmake_prefix_path')
[3.881s] INFO:colcon.colcon_core.shell:Creating environment hook '/home/ncpa/tr1200_ws/install/tr1200_base/share/tr1200_base/hook/cmake_prefix_path.ps1'
[3.886s] INFO:colcon.colcon_core.shell:Creating environment descriptor '/home/ncpa/tr1200_ws/install/tr1200_base/share/tr1200_base/hook/cmake_prefix_path.dsv'
[3.888s] INFO:colcon.colcon_core.shell:Creating environment hook '/home/ncpa/tr1200_ws/install/tr1200_base/share/tr1200_base/hook/cmake_prefix_path.sh'
[3.894s] Level 1:colcon.colcon_core.environment:checking '/home/ncpa/tr1200_ws/install/tr1200_base/lib'
[3.898s] Level 1:colcon.colcon_core.shell:create_environment_hook('tr1200_base', 'ld_library_path_lib')
[3.899s] INFO:colcon.colcon_core.shell:Creating environment hook '/home/ncpa/tr1200_ws/install/tr1200_base/share/tr1200_base/hook/ld_library_path_lib.ps1'
[3.904s] INFO:colcon.colcon_core.shell:Creating environment descriptor '/home/ncpa/tr1200_ws/install/tr1200_base/share/tr1200_base/hook/ld_library_path_lib.dsv'
[3.906s] INFO:colcon.colcon_core.shell:Creating environment hook '/home/ncpa/tr1200_ws/install/tr1200_base/share/tr1200_base/hook/ld_library_path_lib.sh'
[3.911s] Level 1:colcon.colcon_core.environment:checking '/home/ncpa/tr1200_ws/install/tr1200_base/bin'
[3.912s] Level 1:colcon.colcon_core.environment:checking '/home/ncpa/tr1200_ws/install/tr1200_base/lib/pkgconfig/tr1200_base.pc'
[3.913s] Level 1:colcon.colcon_core.environment:checking '/home/ncpa/tr1200_ws/install/tr1200_base/lib/python3.10/site-packages'
[3.914s] Level 1:colcon.colcon_core.environment:checking '/home/ncpa/tr1200_ws/install/tr1200_base/bin'
[3.915s] INFO:colcon.colcon_core.shell:Creating package script '/home/ncpa/tr1200_ws/install/tr1200_base/share/tr1200_base/package.ps1'
[3.918s] INFO:colcon.colcon_core.shell:Creating package descriptor '/home/ncpa/tr1200_ws/install/tr1200_base/share/tr1200_base/package.dsv'
[3.920s] INFO:colcon.colcon_core.shell:Creating package script '/home/ncpa/tr1200_ws/install/tr1200_base/share/tr1200_base/package.sh'
[3.922s] INFO:colcon.colcon_core.shell:Creating package script '/home/ncpa/tr1200_ws/install/tr1200_base/share/tr1200_base/package.bash'
[3.924s] INFO:colcon.colcon_core.shell:Creating package script '/home/ncpa/tr1200_ws/install/tr1200_base/share/tr1200_base/package.zsh'
[3.926s] Level 1:colcon.colcon_core.environment:create_file_with_runtime_dependencies(/home/ncpa/tr1200_ws/install/tr1200_base/share/colcon-core/packages/tr1200_base)
[3.994s] Level 1:colcon.colcon_core.environment:create_environment_scripts_only(tr1200_teleop)
[3.996s] Level 1:colcon.colcon_core.environment:checking '/home/ncpa/tr1200_ws/install/tr1200_teleop' for CMake module files
[3.998s] Level 1:colcon.colcon_core.environment:checking '/home/ncpa/tr1200_ws/install/tr1200_teleop' for CMake config files
[3.999s] Level 1:colcon.colcon_core.shell:create_environment_hook('tr1200_teleop', 'cmake_prefix_path')
[4.000s] INFO:colcon.colcon_core.shell:Creating environment hook '/home/ncpa/tr1200_ws/install/tr1200_teleop/share/tr1200_teleop/hook/cmake_prefix_path.ps1'
[4.027s] INFO:colcon.colcon_core.shell:Creating environment descriptor '/home/ncpa/tr1200_ws/install/tr1200_teleop/share/tr1200_teleop/hook/cmake_prefix_path.dsv'
[4.029s] INFO:colcon.colcon_core.shell:Creating environment hook '/home/ncpa/tr1200_ws/install/tr1200_teleop/share/tr1200_teleop/hook/cmake_prefix_path.sh'
[4.032s] Level 1:colcon.colcon_core.environment:checking '/home/ncpa/tr1200_ws/install/tr1200_teleop/bin'
[4.032s] Level 1:colcon.colcon_core.environment:checking '/home/ncpa/tr1200_ws/install/tr1200_teleop/lib/pkgconfig/tr1200_teleop.pc'
[4.033s] Level 1:colcon.colcon_core.environment:checking '/home/ncpa/tr1200_ws/install/tr1200_teleop/lib/python3.10/site-packages'
[4.034s] Level 1:colcon.colcon_core.environment:checking '/home/ncpa/tr1200_ws/install/tr1200_teleop/bin'
[4.035s] INFO:colcon.colcon_core.shell:Creating package script '/home/ncpa/tr1200_ws/install/tr1200_teleop/share/tr1200_teleop/package.ps1'
[4.038s] INFO:colcon.colcon_core.shell:Creating package descriptor '/home/ncpa/tr1200_ws/install/tr1200_teleop/share/tr1200_teleop/package.dsv'
[4.040s] INFO:colcon.colcon_core.shell:Creating package script '/home/ncpa/tr1200_ws/install/tr1200_teleop/share/tr1200_teleop/package.sh'
[4.043s] INFO:colcon.colcon_core.shell:Creating package script '/home/ncpa/tr1200_ws/install/tr1200_teleop/share/tr1200_teleop/package.bash'
[4.045s] INFO:colcon.colcon_core.shell:Creating package script '/home/ncpa/tr1200_ws/install/tr1200_teleop/share/tr1200_teleop/package.zsh'
[4.047s] Level 1:colcon.colcon_core.environment:create_file_with_runtime_dependencies(/home/ncpa/tr1200_ws/install/tr1200_teleop/share/colcon-core/packages/tr1200_teleop)
[4.052s] Level 1:colcon.colcon_core.environment:create_environment_scripts_only(tr1200_base)
[4.053s] Level 1:colcon.colcon_core.environment:checking '/home/ncpa/tr1200_ws/install/tr1200_base' for CMake module files
[4.055s] Level 1:colcon.colcon_core.environment:checking '/home/ncpa/tr1200_ws/install/tr1200_base' for CMake config files
[4.056s] Level 1:colcon.colcon_core.shell:create_environment_hook('tr1200_base', 'cmake_prefix_path')
[4.057s] INFO:colcon.colcon_core.shell:Creating environment hook '/home/ncpa/tr1200_ws/install/tr1200_base/share/tr1200_base/hook/cmake_prefix_path.ps1'
[4.059s] INFO:colcon.colcon_core.shell:Creating environment descriptor '/home/ncpa/tr1200_ws/install/tr1200_base/share/tr1200_base/hook/cmake_prefix_path.dsv'
[4.061s] INFO:colcon.colcon_core.shell:Creating environment hook '/home/ncpa/tr1200_ws/install/tr1200_base/share/tr1200_base/hook/cmake_prefix_path.sh'
[4.064s] Level 1:colcon.colcon_core.environment:checking '/home/ncpa/tr1200_ws/install/tr1200_base/lib'
[4.064s] Level 1:colcon.colcon_core.shell:create_environment_hook('tr1200_base', 'ld_library_path_lib')
[4.065s] INFO:colcon.colcon_core.shell:Creating environment hook '/home/ncpa/tr1200_ws/install/tr1200_base/share/tr1200_base/hook/ld_library_path_lib.ps1'
[4.067s] INFO:colcon.colcon_core.shell:Creating environment descriptor '/home/ncpa/tr1200_ws/install/tr1200_base/share/tr1200_base/hook/ld_library_path_lib.dsv'
[4.069s] INFO:colcon.colcon_core.shell:Creating environment hook '/home/ncpa/tr1200_ws/install/tr1200_base/share/tr1200_base/hook/ld_library_path_lib.sh'
[4.071s] Level 1:colcon.colcon_core.environment:checking '/home/ncpa/tr1200_ws/install/tr1200_base/bin'
[4.071s] Level 1:colcon.colcon_core.environment:checking '/home/ncpa/tr1200_ws/install/tr1200_base/lib/pkgconfig/tr1200_base.pc'
[4.072s] Level 1:colcon.colcon_core.environment:checking '/home/ncpa/tr1200_ws/install/tr1200_base/lib/python3.10/site-packages'
[4.073s] Level 1:colcon.colcon_core.environment:checking '/home/ncpa/tr1200_ws/install/tr1200_base/bin'
[4.074s] INFO:colcon.colcon_core.shell:Creating package script '/home/ncpa/tr1200_ws/install/tr1200_base/share/tr1200_base/package.ps1'
[4.077s] INFO:colcon.colcon_core.shell:Creating package descriptor '/home/ncpa/tr1200_ws/install/tr1200_base/share/tr1200_base/package.dsv'
[4.080s] INFO:colcon.colcon_core.shell:Creating package script '/home/ncpa/tr1200_ws/install/tr1200_base/share/tr1200_base/package.sh'
[4.082s] INFO:colcon.colcon_core.shell:Creating package script '/home/ncpa/tr1200_ws/install/tr1200_base/share/tr1200_base/package.bash'
[4.085s] INFO:colcon.colcon_core.shell:Creating package script '/home/ncpa/tr1200_ws/install/tr1200_base/share/tr1200_base/package.zsh'
[4.087s] Level 1:colcon.colcon_core.environment:create_file_with_runtime_dependencies(/home/ncpa/tr1200_ws/install/tr1200_base/share/colcon-core/packages/tr1200_base)
[5.083s] DEBUG:colcon.colcon_core.event_handler.log_command:Invoking command in '/home/ncpa/tr1200_ws/tr1200_ros/tr1200_modules': PYTHONPATH=/home/ncpa/tr1200_ws/build/tr1200_modules/prefix_override:/usr/lib/python3/dist-packages/colcon_core/task/python/colcon_distutils_commands:/home/ncpa/tr1200_ws/install/tr1200_modules/lib/python3.10/site-packages:${PYTHONPATH} /usr/bin/python3 -W ignore:setup.py install is deprecated setup.py egg_info --egg-base ../../build/tr1200_modules build --build-base /home/ncpa/tr1200_ws/build/tr1200_modules/build install --record /home/ncpa/tr1200_ws/build/tr1200_modules/install.log --single-version-externally-managed install_data
[5.381s] DEBUG:colcon.colcon_core.event_handler.log_command:Invoking command in '/home/ncpa/tr1200_ws/tr1200_ros/tr1200_WASD': PYTHONPATH=/home/ncpa/tr1200_ws/build/tr1200_WASD/prefix_override:/usr/lib/python3/dist-packages/colcon_core/task/python/colcon_distutils_commands:/home/ncpa/tr1200_ws/install/tr1200_WASD/lib/python3.10/site-packages:${PYTHONPATH} /usr/bin/python3 -W ignore:setup.py install is deprecated setup.py egg_info --egg-base ../../build/tr1200_WASD build --build-base /home/ncpa/tr1200_ws/build/tr1200_WASD/build install --record /home/ncpa/tr1200_ws/build/tr1200_WASD/install.log --single-version-externally-managed install_data
[6.263s] Level 1:colcon.colcon_core.environment:checking '/home/ncpa/tr1200_ws/install/tr1200_modules' for CMake module files
[6.265s] DEBUG:colcon.colcon_core.event_handler.log_command:Invoked command in '/home/ncpa/tr1200_ws/tr1200_ros/tr1200_modules' returned '0': PYTHONPATH=/home/ncpa/tr1200_ws/build/tr1200_modules/prefix_override:/usr/lib/python3/dist-packages/colcon_core/task/python/colcon_distutils_commands:/home/ncpa/tr1200_ws/install/tr1200_modules/lib/python3.10/site-packages:${PYTHONPATH} /usr/bin/python3 -W ignore:setup.py install is deprecated setup.py egg_info --egg-base ../../build/tr1200_modules build --build-base /home/ncpa/tr1200_ws/build/tr1200_modules/build install --record /home/ncpa/tr1200_ws/build/tr1200_modules/install.log --single-version-externally-managed install_data
[6.266s] Level 1:colcon.colcon_core.environment:checking '/home/ncpa/tr1200_ws/install/tr1200_modules' for CMake config files
[6.268s] Level 1:colcon.colcon_core.environment:checking '/home/ncpa/tr1200_ws/install/tr1200_modules/lib'
[6.268s] Level 1:colcon.colcon_core.environment:checking '/home/ncpa/tr1200_ws/install/tr1200_modules/bin'
[6.268s] Level 1:colcon.colcon_core.environment:checking '/home/ncpa/tr1200_ws/install/tr1200_modules/lib/pkgconfig/tr1200_modules.pc'
[6.269s] Level 1:colcon.colcon_core.environment:checking '/home/ncpa/tr1200_ws/install/tr1200_modules/lib/python3.10/site-packages'
[6.269s] Level 1:colcon.colcon_core.shell:create_environment_hook('tr1200_modules', 'pythonpath')
[6.270s] INFO:colcon.colcon_core.shell:Creating environment hook '/home/ncpa/tr1200_ws/install/tr1200_modules/share/tr1200_modules/hook/pythonpath.ps1'
[6.295s] INFO:colcon.colcon_core.shell:Creating environment descriptor '/home/ncpa/tr1200_ws/install/tr1200_modules/share/tr1200_modules/hook/pythonpath.dsv'
[6.296s] INFO:colcon.colcon_core.shell:Creating environment hook '/home/ncpa/tr1200_ws/install/tr1200_modules/share/tr1200_modules/hook/pythonpath.sh'
[6.301s] Level 1:colcon.colcon_core.environment:checking '/home/ncpa/tr1200_ws/install/tr1200_modules/bin'
[6.302s] Level 1:colcon.colcon_core.environment:create_environment_scripts_only(tr1200_modules)
[6.303s] INFO:colcon.colcon_core.shell:Creating package script '/home/ncpa/tr1200_ws/install/tr1200_modules/share/tr1200_modules/package.ps1'
[6.306s] INFO:colcon.colcon_core.shell:Creating package descriptor '/home/ncpa/tr1200_ws/install/tr1200_modules/share/tr1200_modules/package.dsv'
[6.308s] INFO:colcon.colcon_core.shell:Creating package script '/home/ncpa/tr1200_ws/install/tr1200_modules/share/tr1200_modules/package.sh'
[6.310s] INFO:colcon.colcon_core.shell:Creating package script '/home/ncpa/tr1200_ws/install/tr1200_modules/share/tr1200_modules/package.bash'
[6.312s] INFO:colcon.colcon_core.shell:Creating package script '/home/ncpa/tr1200_ws/install/tr1200_modules/share/tr1200_modules/package.zsh'
[6.314s] Level 1:colcon.colcon_core.environment:create_file_with_runtime_dependencies(/home/ncpa/tr1200_ws/install/tr1200_modules/share/colcon-core/packages/tr1200_modules)
[6.315s] INFO:colcon.colcon_ros.task.ament_cmake.build:Building ROS package in '/home/ncpa/tr1200_ws/tr1200_ros/tr1200_description' with build type 'ament_cmake'
[6.316s] INFO:colcon.colcon_cmake.task.cmake.build:Building CMake package in '/home/ncpa/tr1200_ws/tr1200_ros/tr1200_description'
[6.317s] INFO:colcon.colcon_core.shell:Skip shell extension 'powershell' for command environment: Not usable outside of PowerShell
[6.318s] DEBUG:colcon.colcon_core.shell:Skip shell extension 'dsv' for command environment
[6.351s] DEBUG:colcon.colcon_core.event_handler.log_command:Invoking command in '/home/ncpa/tr1200_ws/build/tr1200_description': AMENT_PREFIX_PATH=/home/ncpa/tr1200_ws/install/tr1200_modules:/home/ncpa/tr1200_ws/install/tr1200_ros:/home/ncpa/tr1200_ws/install/tr1200_teleop:/home/ncpa/tr1200_ws/install/tr1200_control:/home/ncpa/tr1200_ws/install/tr1200_description:/home/ncpa/tr1200_ws/install/tr1200_base:/opt/ros/humble CMAKE_PREFIX_PATH=${CMAKE_PREFIX_PATH}:/home/ncpa/tr1200_ws/install/tr1200_modules:/opt/ros/humble /usr/bin/cmake --build /home/ncpa/tr1200_ws/build/tr1200_description -- -j4 -l4
[6.448s] DEBUG:colcon.colcon_core.event_handler.log_command:Invoked command in '/home/ncpa/tr1200_ws/build/tr1200_description' returned '0': AMENT_PREFIX_PATH=/home/ncpa/tr1200_ws/install/tr1200_modules:/home/ncpa/tr1200_ws/install/tr1200_ros:/home/ncpa/tr1200_ws/install/tr1200_teleop:/home/ncpa/tr1200_ws/install/tr1200_control:/home/ncpa/tr1200_ws/install/tr1200_description:/home/ncpa/tr1200_ws/install/tr1200_base:/opt/ros/humble CMAKE_PREFIX_PATH=${CMAKE_PREFIX_PATH}:/home/ncpa/tr1200_ws/install/tr1200_modules:/opt/ros/humble /usr/bin/cmake --build /home/ncpa/tr1200_ws/build/tr1200_description -- -j4 -l4
[6.510s] DEBUG:colcon.colcon_core.event_handler.log_command:Invoking command in '/home/ncpa/tr1200_ws/build/tr1200_description': AMENT_PREFIX_PATH=/home/ncpa/tr1200_ws/install/tr1200_modules:/home/ncpa/tr1200_ws/install/tr1200_ros:/home/ncpa/tr1200_ws/install/tr1200_teleop:/home/ncpa/tr1200_ws/install/tr1200_control:/home/ncpa/tr1200_ws/install/tr1200_description:/home/ncpa/tr1200_ws/install/tr1200_base:/opt/ros/humble CMAKE_PREFIX_PATH=${CMAKE_PREFIX_PATH}:/home/ncpa/tr1200_ws/install/tr1200_modules:/opt/ros/humble /usr/bin/cmake --install /home/ncpa/tr1200_ws/build/tr1200_description
[6.545s] Level 1:colcon.colcon_core.environment:create_environment_scripts_only(tr1200_description)
[6.546s] Level 1:colcon.colcon_core.environment:checking '/home/ncpa/tr1200_ws/install/tr1200_description' for CMake module files
[6.553s] DEBUG:colcon.colcon_core.event_handler.log_command:Invoked command in '/home/ncpa/tr1200_ws/build/tr1200_description' returned '0': AMENT_PREFIX_PATH=/home/ncpa/tr1200_ws/install/tr1200_modules:/home/ncpa/tr1200_ws/install/tr1200_ros:/home/ncpa/tr1200_ws/install/tr1200_teleop:/home/ncpa/tr1200_ws/install/tr1200_control:/home/ncpa/tr1200_ws/install/tr1200_description:/home/ncpa/tr1200_ws/install/tr1200_base:/opt/ros/humble CMAKE_PREFIX_PATH=${CMAKE_PREFIX_PATH}:/home/ncpa/tr1200_ws/install/tr1200_modules:/opt/ros/humble /usr/bin/cmake --install /home/ncpa/tr1200_ws/build/tr1200_description
[6.554s] Level 1:colcon.colcon_core.environment:checking '/home/ncpa/tr1200_ws/install/tr1200_description' for CMake config files
[6.555s] Level 1:colcon.colcon_core.shell:create_environment_hook('tr1200_description', 'cmake_prefix_path')
[6.556s] INFO:colcon.colcon_core.shell:Creating environment hook '/home/ncpa/tr1200_ws/install/tr1200_description/share/tr1200_description/hook/cmake_prefix_path.ps1'
[6.558s] INFO:colcon.colcon_core.shell:Creating environment descriptor '/home/ncpa/tr1200_ws/install/tr1200_description/share/tr1200_description/hook/cmake_prefix_path.dsv'
[6.560s] INFO:colcon.colcon_core.shell:Creating environment hook '/home/ncpa/tr1200_ws/install/tr1200_description/share/tr1200_description/hook/cmake_prefix_path.sh'
[6.563s] Level 1:colcon.colcon_core.environment:checking '/home/ncpa/tr1200_ws/install/tr1200_description/bin'
[6.563s] Level 1:colcon.colcon_core.environment:checking '/home/ncpa/tr1200_ws/install/tr1200_description/lib/pkgconfig/tr1200_description.pc'
[6.564s] Level 1:colcon.colcon_core.environment:checking '/home/ncpa/tr1200_ws/install/tr1200_description/lib/python3.10/site-packages'
[6.565s] Level 1:colcon.colcon_core.environment:checking '/home/ncpa/tr1200_ws/install/tr1200_description/bin'
[6.566s] INFO:colcon.colcon_core.shell:Creating package script '/home/ncpa/tr1200_ws/install/tr1200_description/share/tr1200_description/package.ps1'
[6.569s] INFO:colcon.colcon_core.shell:Creating package descriptor '/home/ncpa/tr1200_ws/install/tr1200_description/share/tr1200_description/package.dsv'
[6.571s] INFO:colcon.colcon_core.shell:Creating package script '/home/ncpa/tr1200_ws/install/tr1200_description/share/tr1200_description/package.sh'
[6.573s] INFO:colcon.colcon_core.shell:Creating package script '/home/ncpa/tr1200_ws/install/tr1200_description/share/tr1200_description/package.bash'
[6.575s] INFO:colcon.colcon_core.shell:Creating package script '/home/ncpa/tr1200_ws/install/tr1200_description/share/tr1200_description/package.zsh'
[6.577s] Level 1:colcon.colcon_core.environment:create_file_with_runtime_dependencies(/home/ncpa/tr1200_ws/install/tr1200_description/share/colcon-core/packages/tr1200_description)
[6.643s] Level 1:colcon.colcon_core.environment:create_environment_scripts_only(tr1200_description)
[6.644s] Level 1:colcon.colcon_core.environment:checking '/home/ncpa/tr1200_ws/install/tr1200_description' for CMake module files
[6.647s] Level 1:colcon.colcon_core.environment:checking '/home/ncpa/tr1200_ws/install/tr1200_description' for CMake config files
[6.648s] Level 1:colcon.colcon_core.shell:create_environment_hook('tr1200_description', 'cmake_prefix_path')
[6.649s] INFO:colcon.colcon_core.shell:Creating environment hook '/home/ncpa/tr1200_ws/install/tr1200_description/share/tr1200_description/hook/cmake_prefix_path.ps1'
[6.685s] INFO:colcon.colcon_core.shell:Creating environment descriptor '/home/ncpa/tr1200_ws/install/tr1200_description/share/tr1200_description/hook/cmake_prefix_path.dsv'
[6.687s] INFO:colcon.colcon_core.shell:Creating environment hook '/home/ncpa/tr1200_ws/install/tr1200_description/share/tr1200_description/hook/cmake_prefix_path.sh'
[6.690s] Level 1:colcon.colcon_core.environment:checking '/home/ncpa/tr1200_ws/install/tr1200_description/bin'
[6.691s] Level 1:colcon.colcon_core.environment:checking '/home/ncpa/tr1200_ws/install/tr1200_description/lib/pkgconfig/tr1200_description.pc'
[6.692s] Level 1:colcon.colcon_core.environment:checking '/home/ncpa/tr1200_ws/install/tr1200_description/lib/python3.10/site-packages'
[6.693s] Level 1:colcon.colcon_core.environment:checking '/home/ncpa/tr1200_ws/install/tr1200_description/bin'
[6.694s] INFO:colcon.colcon_core.shell:Creating package script '/home/ncpa/tr1200_ws/install/tr1200_description/share/tr1200_description/package.ps1'
[6.698s] INFO:colcon.colcon_core.shell:Creating package descriptor '/home/ncpa/tr1200_ws/install/tr1200_description/share/tr1200_description/package.dsv'
[6.701s] INFO:colcon.colcon_core.shell:Creating package script '/home/ncpa/tr1200_ws/install/tr1200_description/share/tr1200_description/package.sh'
[6.704s] INFO:colcon.colcon_core.shell:Creating package script '/home/ncpa/tr1200_ws/install/tr1200_description/share/tr1200_description/package.bash'
[6.707s] INFO:colcon.colcon_core.shell:Creating package script '/home/ncpa/tr1200_ws/install/tr1200_description/share/tr1200_description/package.zsh'
[6.709s] Level 1:colcon.colcon_core.environment:create_file_with_runtime_dependencies(/home/ncpa/tr1200_ws/install/tr1200_description/share/colcon-core/packages/tr1200_description)
[6.713s] INFO:colcon.colcon_ros.task.ament_cmake.build:Building ROS package in '/home/ncpa/tr1200_ws/tr1200_ros/tr1200_control' with build type 'ament_cmake'
[6.713s] INFO:colcon.colcon_cmake.task.cmake.build:Building CMake package in '/home/ncpa/tr1200_ws/tr1200_ros/tr1200_control'
[6.714s] INFO:colcon.colcon_core.shell:Skip shell extension 'powershell' for command environment: Not usable outside of PowerShell
[6.714s] DEBUG:colcon.colcon_core.shell:Skip shell extension 'dsv' for command environment
[6.732s] Level 1:colcon.colcon_core.environment:checking '/home/ncpa/tr1200_ws/install/tr1200_WASD' for CMake module files
[6.735s] DEBUG:colcon.colcon_core.event_handler.log_command:Invoked command in '/home/ncpa/tr1200_ws/tr1200_ros/tr1200_WASD' returned '0': PYTHONPATH=/home/ncpa/tr1200_ws/build/tr1200_WASD/prefix_override:/usr/lib/python3/dist-packages/colcon_core/task/python/colcon_distutils_commands:/home/ncpa/tr1200_ws/install/tr1200_WASD/lib/python3.10/site-packages:${PYTHONPATH} /usr/bin/python3 -W ignore:setup.py install is deprecated setup.py egg_info --egg-base ../../build/tr1200_WASD build --build-base /home/ncpa/tr1200_ws/build/tr1200_WASD/build install --record /home/ncpa/tr1200_ws/build/tr1200_WASD/install.log --single-version-externally-managed install_data
[6.736s] Level 1:colcon.colcon_core.environment:checking '/home/ncpa/tr1200_ws/install/tr1200_WASD' for CMake config files
[6.738s] Level 1:colcon.colcon_core.environment:checking '/home/ncpa/tr1200_ws/install/tr1200_WASD/lib'
[6.738s] Level 1:colcon.colcon_core.environment:checking '/home/ncpa/tr1200_ws/install/tr1200_WASD/bin'
[6.738s] Level 1:colcon.colcon_core.environment:checking '/home/ncpa/tr1200_ws/install/tr1200_WASD/lib/pkgconfig/tr1200_WASD.pc'
[6.739s] Level 1:colcon.colcon_core.environment:checking '/home/ncpa/tr1200_ws/install/tr1200_WASD/lib/python3.10/site-packages'
[6.740s] Level 1:colcon.colcon_core.shell:create_environment_hook('tr1200_WASD', 'pythonpath')
[6.740s] INFO:colcon.colcon_core.shell:Creating environment hook '/home/ncpa/tr1200_ws/install/tr1200_WASD/share/tr1200_WASD/hook/pythonpath.ps1'
[6.742s] INFO:colcon.colcon_core.shell:Creating environment descriptor '/home/ncpa/tr1200_ws/install/tr1200_WASD/share/tr1200_WASD/hook/pythonpath.dsv'
[6.744s] INFO:colcon.colcon_core.shell:Creating environment hook '/home/ncpa/tr1200_ws/install/tr1200_WASD/share/tr1200_WASD/hook/pythonpath.sh'
[6.746s] Level 1:colcon.colcon_core.environment:checking '/home/ncpa/tr1200_ws/install/tr1200_WASD/bin'
[6.747s] Level 1:colcon.colcon_core.environment:create_environment_scripts_only(tr1200_WASD)
[6.748s] INFO:colcon.colcon_core.shell:Creating package script '/home/ncpa/tr1200_ws/install/tr1200_WASD/share/tr1200_WASD/package.ps1'
[6.750s] INFO:colcon.colcon_core.shell:Creating package descriptor '/home/ncpa/tr1200_ws/install/tr1200_WASD/share/tr1200_WASD/package.dsv'
[6.752s] INFO:colcon.colcon_core.shell:Creating package script '/home/ncpa/tr1200_ws/install/tr1200_WASD/share/tr1200_WASD/package.sh'
[6.754s] INFO:colcon.colcon_core.shell:Creating package script '/home/ncpa/tr1200_ws/install/tr1200_WASD/share/tr1200_WASD/package.bash'
[6.755s] INFO:colcon.colcon_core.shell:Creating package script '/home/ncpa/tr1200_ws/install/tr1200_WASD/share/tr1200_WASD/package.zsh'
[6.757s] Level 1:colcon.colcon_core.environment:create_file_with_runtime_dependencies(/home/ncpa/tr1200_ws/install/tr1200_WASD/share/colcon-core/packages/tr1200_WASD)
[6.770s] DEBUG:colcon.colcon_core.event_handler.log_command:Invoking command in '/home/ncpa/tr1200_ws/build/tr1200_control': AMENT_PREFIX_PATH=/home/ncpa/tr1200_ws/install/tr1200_modules:/home/ncpa/tr1200_ws/install/tr1200_ros:/home/ncpa/tr1200_ws/install/tr1200_teleop:/home/ncpa/tr1200_ws/install/tr1200_control:/home/ncpa/tr1200_ws/install/tr1200_description:/home/ncpa/tr1200_ws/install/tr1200_base:/opt/ros/humble CMAKE_PREFIX_PATH=/home/ncpa/tr1200_ws/install/tr1200_description:/home/ncpa/tr1200_ws/install/tr1200_base:/home/ncpa/tr1200_ws/install/tr1200_ros:/home/ncpa/tr1200_ws/install/tr1200_teleop:/home/ncpa/tr1200_ws/install/tr1200_control:/home/ncpa/tr1200_ws/install/tr1200_modules:/opt/ros/humble /usr/bin/cmake --build /home/ncpa/tr1200_ws/build/tr1200_control -- -j4 -l4
[6.864s] DEBUG:colcon.colcon_core.event_handler.log_command:Invoked command in '/home/ncpa/tr1200_ws/build/tr1200_control' returned '0': AMENT_PREFIX_PATH=/home/ncpa/tr1200_ws/install/tr1200_modules:/home/ncpa/tr1200_ws/install/tr1200_ros:/home/ncpa/tr1200_ws/install/tr1200_teleop:/home/ncpa/tr1200_ws/install/tr1200_control:/home/ncpa/tr1200_ws/install/tr1200_description:/home/ncpa/tr1200_ws/install/tr1200_base:/opt/ros/humble CMAKE_PREFIX_PATH=/home/ncpa/tr1200_ws/install/tr1200_description:/home/ncpa/tr1200_ws/install/tr1200_base:/home/ncpa/tr1200_ws/install/tr1200_ros:/home/ncpa/tr1200_ws/install/tr1200_teleop:/home/ncpa/tr1200_ws/install/tr1200_control:/home/ncpa/tr1200_ws/install/tr1200_modules:/opt/ros/humble /usr/bin/cmake --build /home/ncpa/tr1200_ws/build/tr1200_control -- -j4 -l4
[6.924s] DEBUG:colcon.colcon_core.event_handler.log_command:Invoking command in '/home/ncpa/tr1200_ws/build/tr1200_control': AMENT_PREFIX_PATH=/home/ncpa/tr1200_ws/install/tr1200_modules:/home/ncpa/tr1200_ws/install/tr1200_ros:/home/ncpa/tr1200_ws/install/tr1200_teleop:/home/ncpa/tr1200_ws/install/tr1200_control:/home/ncpa/tr1200_ws/install/tr1200_description:/home/ncpa/tr1200_ws/install/tr1200_base:/opt/ros/humble CMAKE_PREFIX_PATH=/home/ncpa/tr1200_ws/install/tr1200_description:/home/ncpa/tr1200_ws/install/tr1200_base:/home/ncpa/tr1200_ws/install/tr1200_ros:/home/ncpa/tr1200_ws/install/tr1200_teleop:/home/ncpa/tr1200_ws/install/tr1200_control:/home/ncpa/tr1200_ws/install/tr1200_modules:/opt/ros/humble /usr/bin/cmake --install /home/ncpa/tr1200_ws/build/tr1200_control
[6.976s] Level 1:colcon.colcon_core.environment:create_environment_scripts_only(tr1200_control)
[6.977s] Level 1:colcon.colcon_core.environment:checking '/home/ncpa/tr1200_ws/install/tr1200_control' for CMake module files
[6.978s] DEBUG:colcon.colcon_core.event_handler.log_command:Invoked command in '/home/ncpa/tr1200_ws/build/tr1200_control' returned '0': AMENT_PREFIX_PATH=/home/ncpa/tr1200_ws/install/tr1200_modules:/home/ncpa/tr1200_ws/install/tr1200_ros:/home/ncpa/tr1200_ws/install/tr1200_teleop:/home/ncpa/tr1200_ws/install/tr1200_control:/home/ncpa/tr1200_ws/install/tr1200_description:/home/ncpa/tr1200_ws/install/tr1200_base:/opt/ros/humble CMAKE_PREFIX_PATH=/home/ncpa/tr1200_ws/install/tr1200_description:/home/ncpa/tr1200_ws/install/tr1200_base:/home/ncpa/tr1200_ws/install/tr1200_ros:/home/ncpa/tr1200_ws/install/tr1200_teleop:/home/ncpa/tr1200_ws/install/tr1200_control:/home/ncpa/tr1200_ws/install/tr1200_modules:/opt/ros/humble /usr/bin/cmake --install /home/ncpa/tr1200_ws/build/tr1200_control
[6.980s] Level 1:colcon.colcon_core.environment:checking '/home/ncpa/tr1200_ws/install/tr1200_control' for CMake config files
[6.981s] Level 1:colcon.colcon_core.shell:create_environment_hook('tr1200_control', 'cmake_prefix_path')
[6.982s] INFO:colcon.colcon_core.shell:Creating environment hook '/home/ncpa/tr1200_ws/install/tr1200_control/share/tr1200_control/hook/cmake_prefix_path.ps1'
[6.984s] INFO:colcon.colcon_core.shell:Creating environment descriptor '/home/ncpa/tr1200_ws/install/tr1200_control/share/tr1200_control/hook/cmake_prefix_path.dsv'
[6.985s] INFO:colcon.colcon_core.shell:Creating environment hook '/home/ncpa/tr1200_ws/install/tr1200_control/share/tr1200_control/hook/cmake_prefix_path.sh'
[6.988s] Level 1:colcon.colcon_core.environment:checking '/home/ncpa/tr1200_ws/install/tr1200_control/bin'
[6.988s] Level 1:colcon.colcon_core.environment:checking '/home/ncpa/tr1200_ws/install/tr1200_control/lib/pkgconfig/tr1200_control.pc'
[6.989s] Level 1:colcon.colcon_core.environment:checking '/home/ncpa/tr1200_ws/install/tr1200_control/lib/python3.10/site-packages'
[6.990s] Level 1:colcon.colcon_core.environment:checking '/home/ncpa/tr1200_ws/install/tr1200_control/bin'
[6.991s] INFO:colcon.colcon_core.shell:Creating package script '/home/ncpa/tr1200_ws/install/tr1200_control/share/tr1200_control/package.ps1'
[6.993s] INFO:colcon.colcon_core.shell:Creating package descriptor '/home/ncpa/tr1200_ws/install/tr1200_control/share/tr1200_control/package.dsv'
[6.994s] INFO:colcon.colcon_core.shell:Creating package script '/home/ncpa/tr1200_ws/install/tr1200_control/share/tr1200_control/package.sh'
[6.996s] INFO:colcon.colcon_core.shell:Creating package script '/home/ncpa/tr1200_ws/install/tr1200_control/share/tr1200_control/package.bash'
[6.998s] INFO:colcon.colcon_core.shell:Creating package script '/home/ncpa/tr1200_ws/install/tr1200_control/share/tr1200_control/package.zsh'
[7.000s] Level 1:colcon.colcon_core.environment:create_file_with_runtime_dependencies(/home/ncpa/tr1200_ws/install/tr1200_control/share/colcon-core/packages/tr1200_control)
[7.057s] Level 1:colcon.colcon_core.environment:create_environment_scripts_only(tr1200_control)
[7.058s] Level 1:colcon.colcon_core.environment:checking '/home/ncpa/tr1200_ws/install/tr1200_control' for CMake module files
[7.060s] Level 1:colcon.colcon_core.environment:checking '/home/ncpa/tr1200_ws/install/tr1200_control' for CMake config files
[7.061s] Level 1:colcon.colcon_core.shell:create_environment_hook('tr1200_control', 'cmake_prefix_path')
[7.062s] INFO:colcon.colcon_core.shell:Creating environment hook '/home/ncpa/tr1200_ws/install/tr1200_control/share/tr1200_control/hook/cmake_prefix_path.ps1'
[7.064s] INFO:colcon.colcon_core.shell:Creating environment descriptor '/home/ncpa/tr1200_ws/install/tr1200_control/share/tr1200_control/hook/cmake_prefix_path.dsv'
[7.066s] INFO:colcon.colcon_core.shell:Creating environment hook '/home/ncpa/tr1200_ws/install/tr1200_control/share/tr1200_control/hook/cmake_prefix_path.sh'
[7.068s] Level 1:colcon.colcon_core.environment:checking '/home/ncpa/tr1200_ws/install/tr1200_control/bin'
[7.068s] Level 1:colcon.colcon_core.environment:checking '/home/ncpa/tr1200_ws/install/tr1200_control/lib/pkgconfig/tr1200_control.pc'
[7.069s] Level 1:colcon.colcon_core.environment:checking '/home/ncpa/tr1200_ws/install/tr1200_control/lib/python3.10/site-packages'
[7.070s] Level 1:colcon.colcon_core.environment:checking '/home/ncpa/tr1200_ws/install/tr1200_control/bin'
[7.071s] INFO:colcon.colcon_core.shell:Creating package script '/home/ncpa/tr1200_ws/install/tr1200_control/share/tr1200_control/package.ps1'
[7.073s] INFO:colcon.colcon_core.shell:Creating package descriptor '/home/ncpa/tr1200_ws/install/tr1200_control/share/tr1200_control/package.dsv'
[7.076s] INFO:colcon.colcon_core.shell:Creating package script '/home/ncpa/tr1200_ws/install/tr1200_control/share/tr1200_control/package.sh'
[7.078s] INFO:colcon.colcon_core.shell:Creating package script '/home/ncpa/tr1200_ws/install/tr1200_control/share/tr1200_control/package.bash'
[7.080s] INFO:colcon.colcon_core.shell:Creating package script '/home/ncpa/tr1200_ws/install/tr1200_control/share/tr1200_control/package.zsh'
[7.082s] Level 1:colcon.colcon_core.environment:create_file_with_runtime_dependencies(/home/ncpa/tr1200_ws/install/tr1200_control/share/colcon-core/packages/tr1200_control)
[7.084s] INFO:colcon.colcon_ros.task.ament_cmake.build:Building ROS package in '/home/ncpa/tr1200_ws/tr1200_ros/tr1200_ros' with build type 'ament_cmake'
[7.085s] INFO:colcon.colcon_cmake.task.cmake.build:Building CMake package in '/home/ncpa/tr1200_ws/tr1200_ros/tr1200_ros'
[7.086s] INFO:colcon.colcon_core.shell:Skip shell extension 'powershell' for command environment: Not usable outside of PowerShell
[7.086s] DEBUG:colcon.colcon_core.shell:Skip shell extension 'dsv' for command environment
[7.125s] DEBUG:colcon.colcon_core.event_handler.log_command:Invoking command in '/home/ncpa/tr1200_ws/build/tr1200_ros': AMENT_PREFIX_PATH=/home/ncpa/tr1200_ws/install/tr1200_modules:/home/ncpa/tr1200_ws/install/tr1200_ros:/home/ncpa/tr1200_ws/install/tr1200_teleop:/home/ncpa/tr1200_ws/install/tr1200_control:/home/ncpa/tr1200_ws/install/tr1200_description:/home/ncpa/tr1200_ws/install/tr1200_base:/opt/ros/humble CMAKE_PREFIX_PATH=/home/ncpa/tr1200_ws/install/tr1200_control:/home/ncpa/tr1200_ws/install/tr1200_description:/home/ncpa/tr1200_ws/install/tr1200_teleop:/home/ncpa/tr1200_ws/install/tr1200_base:/home/ncpa/tr1200_ws/install/tr1200_ros:/home/ncpa/tr1200_ws/install/tr1200_modules:/opt/ros/humble /usr/bin/cmake --build /home/ncpa/tr1200_ws/build/tr1200_ros -- -j4 -l4
[7.218s] DEBUG:colcon.colcon_core.event_handler.log_command:Invoked command in '/home/ncpa/tr1200_ws/build/tr1200_ros' returned '0': AMENT_PREFIX_PATH=/home/ncpa/tr1200_ws/install/tr1200_modules:/home/ncpa/tr1200_ws/install/tr1200_ros:/home/ncpa/tr1200_ws/install/tr1200_teleop:/home/ncpa/tr1200_ws/install/tr1200_control:/home/ncpa/tr1200_ws/install/tr1200_description:/home/ncpa/tr1200_ws/install/tr1200_base:/opt/ros/humble CMAKE_PREFIX_PATH=/home/ncpa/tr1200_ws/install/tr1200_control:/home/ncpa/tr1200_ws/install/tr1200_description:/home/ncpa/tr1200_ws/install/tr1200_teleop:/home/ncpa/tr1200_ws/install/tr1200_base:/home/ncpa/tr1200_ws/install/tr1200_ros:/home/ncpa/tr1200_ws/install/tr1200_modules:/opt/ros/humble /usr/bin/cmake --build /home/ncpa/tr1200_ws/build/tr1200_ros -- -j4 -l4
[7.276s] DEBUG:colcon.colcon_core.event_handler.log_command:Invoking command in '/home/ncpa/tr1200_ws/build/tr1200_ros': AMENT_PREFIX_PATH=/home/ncpa/tr1200_ws/install/tr1200_modules:/home/ncpa/tr1200_ws/install/tr1200_ros:/home/ncpa/tr1200_ws/install/tr1200_teleop:/home/ncpa/tr1200_ws/install/tr1200_control:/home/ncpa/tr1200_ws/install/tr1200_description:/home/ncpa/tr1200_ws/install/tr1200_base:/opt/ros/humble CMAKE_PREFIX_PATH=/home/ncpa/tr1200_ws/install/tr1200_control:/home/ncpa/tr1200_ws/install/tr1200_description:/home/ncpa/tr1200_ws/install/tr1200_teleop:/home/ncpa/tr1200_ws/install/tr1200_base:/home/ncpa/tr1200_ws/install/tr1200_ros:/home/ncpa/tr1200_ws/install/tr1200_modules:/opt/ros/humble /usr/bin/cmake --install /home/ncpa/tr1200_ws/build/tr1200_ros
[7.323s] Level 1:colcon.colcon_core.environment:create_environment_scripts_only(tr1200_ros)
[7.324s] DEBUG:colcon.colcon_core.event_handler.log_command:Invoked command in '/home/ncpa/tr1200_ws/build/tr1200_ros' returned '0': AMENT_PREFIX_PATH=/home/ncpa/tr1200_ws/install/tr1200_modules:/home/ncpa/tr1200_ws/install/tr1200_ros:/home/ncpa/tr1200_ws/install/tr1200_teleop:/home/ncpa/tr1200_ws/install/tr1200_control:/home/ncpa/tr1200_ws/install/tr1200_description:/home/ncpa/tr1200_ws/install/tr1200_base:/opt/ros/humble CMAKE_PREFIX_PATH=/home/ncpa/tr1200_ws/install/tr1200_control:/home/ncpa/tr1200_ws/install/tr1200_description:/home/ncpa/tr1200_ws/install/tr1200_teleop:/home/ncpa/tr1200_ws/install/tr1200_base:/home/ncpa/tr1200_ws/install/tr1200_ros:/home/ncpa/tr1200_ws/install/tr1200_modules:/opt/ros/humble /usr/bin/cmake --install /home/ncpa/tr1200_ws/build/tr1200_ros
[7.325s] Level 1:colcon.colcon_core.environment:checking '/home/ncpa/tr1200_ws/install/tr1200_ros' for CMake module files
[7.327s] Level 1:colcon.colcon_core.environment:checking '/home/ncpa/tr1200_ws/install/tr1200_ros' for CMake config files
[7.328s] Level 1:colcon.colcon_core.shell:create_environment_hook('tr1200_ros', 'cmake_prefix_path')
[7.328s] INFO:colcon.colcon_core.shell:Creating environment hook '/home/ncpa/tr1200_ws/install/tr1200_ros/share/tr1200_ros/hook/cmake_prefix_path.ps1'
[7.330s] INFO:colcon.colcon_core.shell:Creating environment descriptor '/home/ncpa/tr1200_ws/install/tr1200_ros/share/tr1200_ros/hook/cmake_prefix_path.dsv'
[7.332s] INFO:colcon.colcon_core.shell:Creating environment hook '/home/ncpa/tr1200_ws/install/tr1200_ros/share/tr1200_ros/hook/cmake_prefix_path.sh'
[7.334s] Level 1:colcon.colcon_core.environment:checking '/home/ncpa/tr1200_ws/install/tr1200_ros/bin'
[7.335s] Level 1:colcon.colcon_core.environment:checking '/home/ncpa/tr1200_ws/install/tr1200_ros/lib/pkgconfig/tr1200_ros.pc'
[7.336s] Level 1:colcon.colcon_core.environment:checking '/home/ncpa/tr1200_ws/install/tr1200_ros/lib/python3.10/site-packages'
[7.336s] Level 1:colcon.colcon_core.environment:checking '/home/ncpa/tr1200_ws/install/tr1200_ros/bin'
[7.337s] INFO:colcon.colcon_core.shell:Creating package script '/home/ncpa/tr1200_ws/install/tr1200_ros/share/tr1200_ros/package.ps1'
[7.339s] INFO:colcon.colcon_core.shell:Creating package descriptor '/home/ncpa/tr1200_ws/install/tr1200_ros/share/tr1200_ros/package.dsv'
[7.341s] INFO:colcon.colcon_core.shell:Creating package script '/home/ncpa/tr1200_ws/install/tr1200_ros/share/tr1200_ros/package.sh'
[7.343s] INFO:colcon.colcon_core.shell:Creating package script '/home/ncpa/tr1200_ws/install/tr1200_ros/share/tr1200_ros/package.bash'
[7.345s] INFO:colcon.colcon_core.shell:Creating package script '/home/ncpa/tr1200_ws/install/tr1200_ros/share/tr1200_ros/package.zsh'
[7.347s] Level 1:colcon.colcon_core.environment:create_file_with_runtime_dependencies(/home/ncpa/tr1200_ws/install/tr1200_ros/share/colcon-core/packages/tr1200_ros)
[7.403s] Level 1:colcon.colcon_core.environment:create_environment_scripts_only(tr1200_ros)
[7.404s] Level 1:colcon.colcon_core.environment:checking '/home/ncpa/tr1200_ws/install/tr1200_ros' for CMake module files
[7.407s] Level 1:colcon.colcon_core.environment:checking '/home/ncpa/tr1200_ws/install/tr1200_ros' for CMake config files
[7.407s] Level 1:colcon.colcon_core.shell:create_environment_hook('tr1200_ros', 'cmake_prefix_path')
[7.408s] INFO:colcon.colcon_core.shell:Creating environment hook '/home/ncpa/tr1200_ws/install/tr1200_ros/share/tr1200_ros/hook/cmake_prefix_path.ps1'
[7.410s] INFO:colcon.colcon_core.shell:Creating environment descriptor '/home/ncpa/tr1200_ws/install/tr1200_ros/share/tr1200_ros/hook/cmake_prefix_path.dsv'
[7.412s] INFO:colcon.colcon_core.shell:Creating environment hook '/home/ncpa/tr1200_ws/install/tr1200_ros/share/tr1200_ros/hook/cmake_prefix_path.sh'
[7.414s] Level 1:colcon.colcon_core.environment:checking '/home/ncpa/tr1200_ws/install/tr1200_ros/bin'
[7.415s] Level 1:colcon.colcon_core.environment:checking '/home/ncpa/tr1200_ws/install/tr1200_ros/lib/pkgconfig/tr1200_ros.pc'
[7.415s] Level 1:colcon.colcon_core.environment:checking '/home/ncpa/tr1200_ws/install/tr1200_ros/lib/python3.10/site-packages'
[7.416s] Level 1:colcon.colcon_core.environment:checking '/home/ncpa/tr1200_ws/install/tr1200_ros/bin'
[7.417s] INFO:colcon.colcon_core.shell:Creating package script '/home/ncpa/tr1200_ws/install/tr1200_ros/share/tr1200_ros/package.ps1'
[7.420s] INFO:colcon.colcon_core.shell:Creating package descriptor '/home/ncpa/tr1200_ws/install/tr1200_ros/share/tr1200_ros/package.dsv'
[7.422s] INFO:colcon.colcon_core.shell:Creating package script '/home/ncpa/tr1200_ws/install/tr1200_ros/share/tr1200_ros/package.sh'
[7.424s] INFO:colcon.colcon_core.shell:Creating package script '/home/ncpa/tr1200_ws/install/tr1200_ros/share/tr1200_ros/package.bash'
[7.426s] INFO:colcon.colcon_core.shell:Creating package script '/home/ncpa/tr1200_ws/install/tr1200_ros/share/tr1200_ros/package.zsh'
[7.428s] Level 1:colcon.colcon_core.environment:create_file_with_runtime_dependencies(/home/ncpa/tr1200_ws/install/tr1200_ros/share/colcon-core/packages/tr1200_ros)
[7.429s] DEBUG:colcon.colcon_parallel_executor.executor.parallel:closing loop
[7.430s] DEBUG:colcon.colcon_parallel_executor.executor.parallel:loop closed
[7.430s] DEBUG:colcon.colcon_parallel_executor.executor.parallel:run_until_complete finished with '0'
[7.430s] DEBUG:colcon.colcon_core.event_reactor:joining thread
[7.450s] INFO:colcon.colcon_core.plugin_system:Skipping extension 'colcon_notification.desktop_notification.terminal_notifier': Not used on non-Darwin systems
[7.450s] INFO:colcon.colcon_core.plugin_system:Skipping extension 'colcon_notification.desktop_notification.win32': Not used on non-Windows systems
[7.450s] INFO:colcon.colcon_notification.desktop_notification:Sending desktop notification using 'notify2'
[7.454s] DEBUG:colcon.colcon_notification.desktop_notification.notify2:Failed to initialize notify2: org.freedesktop.DBus.Error.ServiceUnknown: The name org.freedesktop.Notifications was not provided by any .service files
[7.454s] DEBUG:colcon.colcon_core.event_reactor:joined thread
[7.455s] INFO:colcon.colcon_core.shell:Creating prefix script '/home/ncpa/tr1200_ws/install/local_setup.ps1'
[7.458s] INFO:colcon.colcon_core.shell:Creating prefix util module '/home/ncpa/tr1200_ws/install/_local_setup_util_ps1.py'
[7.463s] INFO:colcon.colcon_core.shell:Creating prefix chain script '/home/ncpa/tr1200_ws/install/setup.ps1'
[7.468s] INFO:colcon.colcon_core.shell:Creating prefix script '/home/ncpa/tr1200_ws/install/local_setup.sh'
[7.471s] INFO:colcon.colcon_core.shell:Creating prefix util module '/home/ncpa/tr1200_ws/install/_local_setup_util_sh.py'
[7.473s] INFO:colcon.colcon_core.shell:Creating prefix chain script '/home/ncpa/tr1200_ws/install/setup.sh'
[7.478s] INFO:colcon.colcon_core.shell:Creating prefix script '/home/ncpa/tr1200_ws/install/local_setup.bash'
[7.480s] INFO:colcon.colcon_core.shell:Creating prefix chain script '/home/ncpa/tr1200_ws/install/setup.bash'
[7.484s] INFO:colcon.colcon_core.shell:Creating prefix script '/home/ncpa/tr1200_ws/install/local_setup.zsh'
[7.487s] INFO:colcon.colcon_core.shell:Creating prefix chain script '/home/ncpa/tr1200_ws/install/setup.zsh'
