[0.841s] DEBUG:colcon:Command line arguments: ['/usr/bin/colcon', 'build']
[0.841s] DEBUG:colcon:Parsed command line arguments: Namespace(log_base=None, log_level=None, verb_name='build', build_base='build', install_base='install', merge_install=False, symlink_install=False, test_result_base=None, continue_on_error=False, executor='parallel', parallel_workers=4, event_handlers=None, ignore_user_meta=False, metas=['./colcon.meta'], base_paths=['.'], packages_ignore=None, packages_ignore_regex=None, paths=None, packages_up_to=None, packages_up_to_regex=None, packages_above=None, packages_above_and_dependencies=None, packages_above_depth=None, packages_select_by_dep=None, packages_skip_by_dep=None, packages_skip_up_to=None, packages_select_build_failed=False, packages_skip_build_finished=False, packages_select_test_failures=False, packages_skip_test_passed=False, packages_select=None, packages_skip=None, packages_select_regex=None, packages_skip_regex=None, packages_start=None, packages_end=None, allow_overriding=[], cmake_args=None, cmake_target=None, cmake_target_skip_unavailable=False, cmake_clean_cache=False, cmake_clean_first=False, cmake_force_configure=False, ament_cmake_args=None, catkin_cmake_args=None, catkin_skip_building_tests=False, mixin_files=None, mixin=None, verb_parser=<colcon_mixin.mixin.mixin_argument.MixinArgumentDecorator object at 0x766a9e832620>, verb_extension=<colcon_core.verb.build.BuildVerb object at 0x766a9e9abac0>, main=<bound method BuildVerb.main of <colcon_core.verb.build.BuildVerb object at 0x766a9e9abac0>>, mixin_verb=('build',))
[1.952s] Level 1:colcon.colcon_core.package_discovery:discover_packages(colcon_meta) check parameters
[1.953s] Level 1:colcon.colcon_core.package_discovery:discover_packages(recursive) check parameters
[1.953s] Level 1:colcon.colcon_core.package_discovery:discover_packages(ignore) check parameters
[1.953s] Level 1:colcon.colcon_core.package_discovery:discover_packages(path) check parameters
[1.953s] Level 1:colcon.colcon_core.package_discovery:discover_packages(colcon_meta) discover
[1.953s] Level 1:colcon.colcon_core.package_discovery:discover_packages(recursive) discover
[1.953s] INFO:colcon.colcon_core.package_discovery:Crawling recursively for packages in '/home/ncpa/tr1200_ws'
[1.954s] Level 1:colcon.colcon_core.package_identification:_identify(.) by extensions ['ignore', 'ignore_ament_install']
[1.954s] Level 1:colcon.colcon_core.package_identification:_identify(.) by extension 'ignore'
[1.954s] Level 1:colcon.colcon_core.package_identification:_identify(.) by extension 'ignore_ament_install'
[1.955s] Level 1:colcon.colcon_core.package_identification:_identify(.) by extensions ['colcon_pkg']
[1.955s] Level 1:colcon.colcon_core.package_identification:_identify(.) by extension 'colcon_pkg'
[1.955s] Level 1:colcon.colcon_core.package_identification:_identify(.) by extensions ['colcon_meta']
[1.955s] Level 1:colcon.colcon_core.package_identification:_identify(.) by extension 'colcon_meta'
[1.955s] Level 1:colcon.colcon_core.package_identification:_identify(.) by extensions ['ros']
[1.955s] Level 1:colcon.colcon_core.package_identification:_identify(.) by extension 'ros'
[1.993s] Level 1:colcon.colcon_core.package_identification:_identify(.) by extensions ['cmake', 'python']
[1.994s] Level 1:colcon.colcon_core.package_identification:_identify(.) by extension 'cmake'
[1.994s] Level 1:colcon.colcon_core.package_identification:_identify(.) by extension 'python'
[1.994s] Level 1:colcon.colcon_core.package_identification:_identify(.) by extensions ['python_setup_py']
[1.994s] Level 1:colcon.colcon_core.package_identification:_identify(.) by extension 'python_setup_py'
[1.995s] Level 1:colcon.colcon_core.package_identification:_identify(build) by extensions ['ignore', 'ignore_ament_install']
[1.995s] Level 1:colcon.colcon_core.package_identification:_identify(build) by extension 'ignore'
[1.995s] Level 1:colcon.colcon_core.package_identification:_identify(build) ignored
[1.996s] Level 1:colcon.colcon_core.package_identification:_identify(install) by extensions ['ignore', 'ignore_ament_install']
[1.996s] Level 1:colcon.colcon_core.package_identification:_identify(install) by extension 'ignore'
[1.996s] Level 1:colcon.colcon_core.package_identification:_identify(install) ignored
[1.997s] Level 1:colcon.colcon_core.package_identification:_identify(log) by extensions ['ignore', 'ignore_ament_install']
[1.997s] Level 1:colcon.colcon_core.package_identification:_identify(log) by extension 'ignore'
[1.997s] Level 1:colcon.colcon_core.package_identification:_identify(log) ignored
[1.997s] Level 1:colcon.colcon_core.package_identification:_identify(src) by extensions ['ignore', 'ignore_ament_install']
[1.998s] Level 1:colcon.colcon_core.package_identification:_identify(src) by extension 'ignore'
[1.998s] Level 1:colcon.colcon_core.package_identification:_identify(src) by extension 'ignore_ament_install'
[1.998s] Level 1:colcon.colcon_core.package_identification:_identify(src) by extensions ['colcon_pkg']
[1.998s] Level 1:colcon.colcon_core.package_identification:_identify(src) by extension 'colcon_pkg'
[1.998s] Level 1:colcon.colcon_core.package_identification:_identify(src) by extensions ['colcon_meta']
[1.998s] Level 1:colcon.colcon_core.package_identification:_identify(src) by extension 'colcon_meta'
[1.999s] Level 1:colcon.colcon_core.package_identification:_identify(src) by extensions ['ros']
[1.999s] Level 1:colcon.colcon_core.package_identification:_identify(src) by extension 'ros'
[1.999s] Level 1:colcon.colcon_core.package_identification:_identify(src) by extensions ['cmake', 'python']
[1.999s] Level 1:colcon.colcon_core.package_identification:_identify(src) by extension 'cmake'
[1.999s] Level 1:colcon.colcon_core.package_identification:_identify(src) by extension 'python'
[1.999s] Level 1:colcon.colcon_core.package_identification:_identify(src) by extensions ['python_setup_py']
[2.000s] Level 1:colcon.colcon_core.package_identification:_identify(src) by extension 'python_setup_py'
[2.000s] Level 1:colcon.colcon_core.package_identification:_identify(tr1200_ros) by extensions ['ignore', 'ignore_ament_install']
[2.000s] Level 1:colcon.colcon_core.package_identification:_identify(tr1200_ros) by extension 'ignore'
[2.000s] Level 1:colcon.colcon_core.package_identification:_identify(tr1200_ros) by extension 'ignore_ament_install'
[2.001s] Level 1:colcon.colcon_core.package_identification:_identify(tr1200_ros) by extensions ['colcon_pkg']
[2.001s] Level 1:colcon.colcon_core.package_identification:_identify(tr1200_ros) by extension 'colcon_pkg'
[2.001s] Level 1:colcon.colcon_core.package_identification:_identify(tr1200_ros) by extensions ['colcon_meta']
[2.001s] Level 1:colcon.colcon_core.package_identification:_identify(tr1200_ros) by extension 'colcon_meta'
[2.001s] Level 1:colcon.colcon_core.package_identification:_identify(tr1200_ros) by extensions ['ros']
[2.001s] Level 1:colcon.colcon_core.package_identification:_identify(tr1200_ros) by extension 'ros'
[2.002s] Level 1:colcon.colcon_core.package_identification:_identify(tr1200_ros) by extensions ['cmake', 'python']
[2.002s] Level 1:colcon.colcon_core.package_identification:_identify(tr1200_ros) by extension 'cmake'
[2.002s] Level 1:colcon.colcon_core.package_identification:_identify(tr1200_ros) by extension 'python'
[2.002s] Level 1:colcon.colcon_core.package_identification:_identify(tr1200_ros) by extensions ['python_setup_py']
[2.002s] Level 1:colcon.colcon_core.package_identification:_identify(tr1200_ros) by extension 'python_setup_py'
[2.002s] Level 1:colcon.colcon_core.package_identification:_identify(tr1200_ros/tr1200_base) by extensions ['ignore', 'ignore_ament_install']
[2.003s] Level 1:colcon.colcon_core.package_identification:_identify(tr1200_ros/tr1200_base) by extension 'ignore'
[2.003s] Level 1:colcon.colcon_core.package_identification:_identify(tr1200_ros/tr1200_base) by extension 'ignore_ament_install'
[2.003s] Level 1:colcon.colcon_core.package_identification:_identify(tr1200_ros/tr1200_base) by extensions ['colcon_pkg']
[2.003s] Level 1:colcon.colcon_core.package_identification:_identify(tr1200_ros/tr1200_base) by extension 'colcon_pkg'
[2.003s] Level 1:colcon.colcon_core.package_identification:_identify(tr1200_ros/tr1200_base) by extensions ['colcon_meta']
[2.004s] Level 1:colcon.colcon_core.package_identification:_identify(tr1200_ros/tr1200_base) by extension 'colcon_meta'
[2.004s] Level 1:colcon.colcon_core.package_identification:_identify(tr1200_ros/tr1200_base) by extensions ['ros']
[2.004s] Level 1:colcon.colcon_core.package_identification:_identify(tr1200_ros/tr1200_base) by extension 'ros'
[2.016s] DEBUG:colcon.colcon_core.package_identification:Package 'tr1200_ros/tr1200_base' with type 'ros.ament_cmake' and name 'tr1200_base'
[2.017s] Level 1:colcon.colcon_core.package_identification:_identify(tr1200_ros/tr1200_control) by extensions ['ignore', 'ignore_ament_install']
[2.017s] Level 1:colcon.colcon_core.package_identification:_identify(tr1200_ros/tr1200_control) by extension 'ignore'
[2.017s] Level 1:colcon.colcon_core.package_identification:_identify(tr1200_ros/tr1200_control) by extension 'ignore_ament_install'
[2.018s] Level 1:colcon.colcon_core.package_identification:_identify(tr1200_ros/tr1200_control) by extensions ['colcon_pkg']
[2.018s] Level 1:colcon.colcon_core.package_identification:_identify(tr1200_ros/tr1200_control) by extension 'colcon_pkg'
[2.018s] Level 1:colcon.colcon_core.package_identification:_identify(tr1200_ros/tr1200_control) by extensions ['colcon_meta']
[2.018s] Level 1:colcon.colcon_core.package_identification:_identify(tr1200_ros/tr1200_control) by extension 'colcon_meta'
[2.018s] Level 1:colcon.colcon_core.package_identification:_identify(tr1200_ros/tr1200_control) by extensions ['ros']
[2.018s] Level 1:colcon.colcon_core.package_identification:_identify(tr1200_ros/tr1200_control) by extension 'ros'
[2.023s] DEBUG:colcon.colcon_core.package_identification:Package 'tr1200_ros/tr1200_control' with type 'ros.ament_cmake' and name 'tr1200_control'
[2.025s] Level 1:colcon.colcon_core.package_identification:_identify(tr1200_ros/tr1200_description) by extensions ['ignore', 'ignore_ament_install']
[2.025s] Level 1:colcon.colcon_core.package_identification:_identify(tr1200_ros/tr1200_description) by extension 'ignore'
[2.025s] Level 1:colcon.colcon_core.package_identification:_identify(tr1200_ros/tr1200_description) by extension 'ignore_ament_install'
[2.025s] Level 1:colcon.colcon_core.package_identification:_identify(tr1200_ros/tr1200_description) by extensions ['colcon_pkg']
[2.026s] Level 1:colcon.colcon_core.package_identification:_identify(tr1200_ros/tr1200_description) by extension 'colcon_pkg'
[2.026s] Level 1:colcon.colcon_core.package_identification:_identify(tr1200_ros/tr1200_description) by extensions ['colcon_meta']
[2.026s] Level 1:colcon.colcon_core.package_identification:_identify(tr1200_ros/tr1200_description) by extension 'colcon_meta'
[2.026s] Level 1:colcon.colcon_core.package_identification:_identify(tr1200_ros/tr1200_description) by extensions ['ros']
[2.026s] Level 1:colcon.colcon_core.package_identification:_identify(tr1200_ros/tr1200_description) by extension 'ros'
[2.030s] DEBUG:colcon.colcon_core.package_identification:Package 'tr1200_ros/tr1200_description' with type 'ros.ament_cmake' and name 'tr1200_description'
[2.030s] Level 1:colcon.colcon_core.package_identification:_identify(tr1200_ros/tr1200_modules) by extensions ['ignore', 'ignore_ament_install']
[2.030s] Level 1:colcon.colcon_core.package_identification:_identify(tr1200_ros/tr1200_modules) by extension 'ignore'
[2.031s] Level 1:colcon.colcon_core.package_identification:_identify(tr1200_ros/tr1200_modules) by extension 'ignore_ament_install'
[2.031s] Level 1:colcon.colcon_core.package_identification:_identify(tr1200_ros/tr1200_modules) by extensions ['colcon_pkg']
[2.031s] Level 1:colcon.colcon_core.package_identification:_identify(tr1200_ros/tr1200_modules) by extension 'colcon_pkg'
[2.031s] Level 1:colcon.colcon_core.package_identification:_identify(tr1200_ros/tr1200_modules) by extensions ['colcon_meta']
[2.031s] Level 1:colcon.colcon_core.package_identification:_identify(tr1200_ros/tr1200_modules) by extension 'colcon_meta'
[2.031s] Level 1:colcon.colcon_core.package_identification:_identify(tr1200_ros/tr1200_modules) by extensions ['ros']
[2.032s] Level 1:colcon.colcon_core.package_identification:_identify(tr1200_ros/tr1200_modules) by extension 'ros'
[2.034s] DEBUG:colcon.colcon_core.package_identification:Package 'tr1200_ros/tr1200_modules' with type 'ros.ament_python' and name 'tr1200_modules'
[2.035s] Level 1:colcon.colcon_core.package_identification:_identify(tr1200_ros/tr1200_ros) by extensions ['ignore', 'ignore_ament_install']
[2.036s] Level 1:colcon.colcon_core.package_identification:_identify(tr1200_ros/tr1200_ros) by extension 'ignore'
[2.036s] Level 1:colcon.colcon_core.package_identification:_identify(tr1200_ros/tr1200_ros) by extension 'ignore_ament_install'
[2.036s] Level 1:colcon.colcon_core.package_identification:_identify(tr1200_ros/tr1200_ros) by extensions ['colcon_pkg']
[2.036s] Level 1:colcon.colcon_core.package_identification:_identify(tr1200_ros/tr1200_ros) by extension 'colcon_pkg'
[2.036s] Level 1:colcon.colcon_core.package_identification:_identify(tr1200_ros/tr1200_ros) by extensions ['colcon_meta']
[2.036s] Level 1:colcon.colcon_core.package_identification:_identify(tr1200_ros/tr1200_ros) by extension 'colcon_meta'
[2.037s] Level 1:colcon.colcon_core.package_identification:_identify(tr1200_ros/tr1200_ros) by extensions ['ros']
[2.037s] Level 1:colcon.colcon_core.package_identification:_identify(tr1200_ros/tr1200_ros) by extension 'ros'
[2.040s] DEBUG:colcon.colcon_core.package_identification:Package 'tr1200_ros/tr1200_ros' with type 'ros.ament_cmake' and name 'tr1200_ros'
[2.041s] Level 1:colcon.colcon_core.package_identification:_identify(tr1200_ros/tr1200_teleop) by extensions ['ignore', 'ignore_ament_install']
[2.041s] Level 1:colcon.colcon_core.package_identification:_identify(tr1200_ros/tr1200_teleop) by extension 'ignore'
[2.041s] Level 1:colcon.colcon_core.package_identification:_identify(tr1200_ros/tr1200_teleop) by extension 'ignore_ament_install'
[2.042s] Level 1:colcon.colcon_core.package_identification:_identify(tr1200_ros/tr1200_teleop) by extensions ['colcon_pkg']
[2.042s] Level 1:colcon.colcon_core.package_identification:_identify(tr1200_ros/tr1200_teleop) by extension 'colcon_pkg'
[2.042s] Level 1:colcon.colcon_core.package_identification:_identify(tr1200_ros/tr1200_teleop) by extensions ['colcon_meta']
[2.042s] Level 1:colcon.colcon_core.package_identification:_identify(tr1200_ros/tr1200_teleop) by extension 'colcon_meta'
[2.042s] Level 1:colcon.colcon_core.package_identification:_identify(tr1200_ros/tr1200_teleop) by extensions ['ros']
[2.042s] Level 1:colcon.colcon_core.package_identification:_identify(tr1200_ros/tr1200_teleop) by extension 'ros'
[2.045s] DEBUG:colcon.colcon_core.package_identification:Package 'tr1200_ros/tr1200_teleop' with type 'ros.ament_cmake' and name 'tr1200_teleop'
[2.045s] Level 1:colcon.colcon_core.package_discovery:discover_packages(recursive) using defaults
[2.046s] Level 1:colcon.colcon_core.package_discovery:discover_packages(ignore) discover
[2.046s] Level 1:colcon.colcon_core.package_discovery:discover_packages(ignore) using defaults
[2.046s] Level 1:colcon.colcon_core.package_discovery:discover_packages(path) discover
[2.046s] Level 1:colcon.colcon_core.package_discovery:discover_packages(path) using defaults
[2.178s] Level 1:colcon.colcon_core.package_discovery:discover_packages(prefix_path) check parameters
[2.179s] Level 1:colcon.colcon_core.package_discovery:discover_packages(prefix_path) discover
[2.194s] DEBUG:colcon.colcon_installed_package_information.package_discovery:Found 6 installed packages in /home/ncpa/tr1200_ws/install
[2.199s] DEBUG:colcon.colcon_installed_package_information.package_discovery:Found 291 installed packages in /opt/ros/humble
[2.206s] Level 1:colcon.colcon_core.package_discovery:discover_packages(prefix_path) using defaults
[2.380s] Level 5:colcon.colcon_core.verb:set package 'tr1200_base' build argument 'cmake_args' from command line to 'None'
[2.380s] Level 5:colcon.colcon_core.verb:set package 'tr1200_base' build argument 'cmake_target' from command line to 'None'
[2.381s] Level 5:colcon.colcon_core.verb:set package 'tr1200_base' build argument 'cmake_target_skip_unavailable' from command line to 'False'
[2.381s] Level 5:colcon.colcon_core.verb:set package 'tr1200_base' build argument 'cmake_clean_cache' from command line to 'False'
[2.381s] Level 5:colcon.colcon_core.verb:set package 'tr1200_base' build argument 'cmake_clean_first' from command line to 'False'
[2.381s] Level 5:colcon.colcon_core.verb:set package 'tr1200_base' build argument 'cmake_force_configure' from command line to 'False'
[2.381s] Level 5:colcon.colcon_core.verb:set package 'tr1200_base' build argument 'ament_cmake_args' from command line to 'None'
[2.381s] Level 5:colcon.colcon_core.verb:set package 'tr1200_base' build argument 'catkin_cmake_args' from command line to 'None'
[2.381s] Level 5:colcon.colcon_core.verb:set package 'tr1200_base' build argument 'catkin_skip_building_tests' from command line to 'False'
[2.381s] DEBUG:colcon.colcon_core.verb:Building package 'tr1200_base' with the following arguments: {'ament_cmake_args': None, 'build_base': '/home/ncpa/tr1200_ws/build/tr1200_base', 'catkin_cmake_args': None, 'catkin_skip_building_tests': False, 'cmake_args': None, 'cmake_clean_cache': False, 'cmake_clean_first': False, 'cmake_force_configure': False, 'cmake_target': None, 'cmake_target_skip_unavailable': False, 'install_base': '/home/ncpa/tr1200_ws/install/tr1200_base', 'merge_install': False, 'path': '/home/ncpa/tr1200_ws/tr1200_ros/tr1200_base', 'symlink_install': False, 'test_result_base': None}
[2.383s] Level 5:colcon.colcon_core.verb:set package 'tr1200_modules' build argument 'cmake_args' from command line to 'None'
[2.383s] Level 5:colcon.colcon_core.verb:set package 'tr1200_modules' build argument 'cmake_target' from command line to 'None'
[2.383s] Level 5:colcon.colcon_core.verb:set package 'tr1200_modules' build argument 'cmake_target_skip_unavailable' from command line to 'False'
[2.383s] Level 5:colcon.colcon_core.verb:set package 'tr1200_modules' build argument 'cmake_clean_cache' from command line to 'False'
[2.383s] Level 5:colcon.colcon_core.verb:set package 'tr1200_modules' build argument 'cmake_clean_first' from command line to 'False'
[2.383s] Level 5:colcon.colcon_core.verb:set package 'tr1200_modules' build argument 'cmake_force_configure' from command line to 'False'
[2.383s] Level 5:colcon.colcon_core.verb:set package 'tr1200_modules' build argument 'ament_cmake_args' from command line to 'None'
[2.384s] Level 5:colcon.colcon_core.verb:set package 'tr1200_modules' build argument 'catkin_cmake_args' from command line to 'None'
[2.384s] Level 5:colcon.colcon_core.verb:set package 'tr1200_modules' build argument 'catkin_skip_building_tests' from command line to 'False'
[2.384s] DEBUG:colcon.colcon_core.verb:Building package 'tr1200_modules' with the following arguments: {'ament_cmake_args': None, 'build_base': '/home/ncpa/tr1200_ws/build/tr1200_modules', 'catkin_cmake_args': None, 'catkin_skip_building_tests': False, 'cmake_args': None, 'cmake_clean_cache': False, 'cmake_clean_first': False, 'cmake_force_configure': False, 'cmake_target': None, 'cmake_target_skip_unavailable': False, 'install_base': '/home/ncpa/tr1200_ws/install/tr1200_modules', 'merge_install': False, 'path': '/home/ncpa/tr1200_ws/tr1200_ros/tr1200_modules', 'symlink_install': False, 'test_result_base': None}
[2.385s] Level 5:colcon.colcon_core.verb:set package 'tr1200_teleop' build argument 'cmake_args' from command line to 'None'
[2.385s] Level 5:colcon.colcon_core.verb:set package 'tr1200_teleop' build argument 'cmake_target' from command line to 'None'
[2.385s] Level 5:colcon.colcon_core.verb:set package 'tr1200_teleop' build argument 'cmake_target_skip_unavailable' from command line to 'False'
[2.386s] Level 5:colcon.colcon_core.verb:set package 'tr1200_teleop' build argument 'cmake_clean_cache' from command line to 'False'
[2.386s] Level 5:colcon.colcon_core.verb:set package 'tr1200_teleop' build argument 'cmake_clean_first' from command line to 'False'
[2.386s] Level 5:colcon.colcon_core.verb:set package 'tr1200_teleop' build argument 'cmake_force_configure' from command line to 'False'
[2.386s] Level 5:colcon.colcon_core.verb:set package 'tr1200_teleop' build argument 'ament_cmake_args' from command line to 'None'
[2.386s] Level 5:colcon.colcon_core.verb:set package 'tr1200_teleop' build argument 'catkin_cmake_args' from command line to 'None'
[2.386s] Level 5:colcon.colcon_core.verb:set package 'tr1200_teleop' build argument 'catkin_skip_building_tests' from command line to 'False'
[2.386s] DEBUG:colcon.colcon_core.verb:Building package 'tr1200_teleop' with the following arguments: {'ament_cmake_args': None, 'build_base': '/home/ncpa/tr1200_ws/build/tr1200_teleop', 'catkin_cmake_args': None, 'catkin_skip_building_tests': False, 'cmake_args': None, 'cmake_clean_cache': False, 'cmake_clean_first': False, 'cmake_force_configure': False, 'cmake_target': None, 'cmake_target_skip_unavailable': False, 'install_base': '/home/ncpa/tr1200_ws/install/tr1200_teleop', 'merge_install': False, 'path': '/home/ncpa/tr1200_ws/tr1200_ros/tr1200_teleop', 'symlink_install': False, 'test_result_base': None}
[2.388s] Level 5:colcon.colcon_core.verb:set package 'tr1200_description' build argument 'cmake_args' from command line to 'None'
[2.388s] Level 5:colcon.colcon_core.verb:set package 'tr1200_description' build argument 'cmake_target' from command line to 'None'
[2.388s] Level 5:colcon.colcon_core.verb:set package 'tr1200_description' build argument 'cmake_target_skip_unavailable' from command line to 'False'
[2.388s] Level 5:colcon.colcon_core.verb:set package 'tr1200_description' build argument 'cmake_clean_cache' from command line to 'False'
[2.388s] Level 5:colcon.colcon_core.verb:set package 'tr1200_description' build argument 'cmake_clean_first' from command line to 'False'
[2.388s] Level 5:colcon.colcon_core.verb:set package 'tr1200_description' build argument 'cmake_force_configure' from command line to 'False'
[2.388s] Level 5:colcon.colcon_core.verb:set package 'tr1200_description' build argument 'ament_cmake_args' from command line to 'None'
[2.388s] Level 5:colcon.colcon_core.verb:set package 'tr1200_description' build argument 'catkin_cmake_args' from command line to 'None'
[2.388s] Level 5:colcon.colcon_core.verb:set package 'tr1200_description' build argument 'catkin_skip_building_tests' from command line to 'False'
[2.389s] DEBUG:colcon.colcon_core.verb:Building package 'tr1200_description' with the following arguments: {'ament_cmake_args': None, 'build_base': '/home/ncpa/tr1200_ws/build/tr1200_description', 'catkin_cmake_args': None, 'catkin_skip_building_tests': False, 'cmake_args': None, 'cmake_clean_cache': False, 'cmake_clean_first': False, 'cmake_force_configure': False, 'cmake_target': None, 'cmake_target_skip_unavailable': False, 'install_base': '/home/ncpa/tr1200_ws/install/tr1200_description', 'merge_install': False, 'path': '/home/ncpa/tr1200_ws/tr1200_ros/tr1200_description', 'symlink_install': False, 'test_result_base': None}
[2.390s] Level 5:colcon.colcon_core.verb:set package 'tr1200_control' build argument 'cmake_args' from command line to 'None'
[2.390s] Level 5:colcon.colcon_core.verb:set package 'tr1200_control' build argument 'cmake_target' from command line to 'None'
[2.390s] Level 5:colcon.colcon_core.verb:set package 'tr1200_control' build argument 'cmake_target_skip_unavailable' from command line to 'False'
[2.390s] Level 5:colcon.colcon_core.verb:set package 'tr1200_control' build argument 'cmake_clean_cache' from command line to 'False'
[2.390s] Level 5:colcon.colcon_core.verb:set package 'tr1200_control' build argument 'cmake_clean_first' from command line to 'False'
[2.391s] Level 5:colcon.colcon_core.verb:set package 'tr1200_control' build argument 'cmake_force_configure' from command line to 'False'
[2.391s] Level 5:colcon.colcon_core.verb:set package 'tr1200_control' build argument 'ament_cmake_args' from command line to 'None'
[2.391s] Level 5:colcon.colcon_core.verb:set package 'tr1200_control' build argument 'catkin_cmake_args' from command line to 'None'
[2.391s] Level 5:colcon.colcon_core.verb:set package 'tr1200_control' build argument 'catkin_skip_building_tests' from command line to 'False'
[2.391s] DEBUG:colcon.colcon_core.verb:Building package 'tr1200_control' with the following arguments: {'ament_cmake_args': None, 'build_base': '/home/ncpa/tr1200_ws/build/tr1200_control', 'catkin_cmake_args': None, 'catkin_skip_building_tests': False, 'cmake_args': None, 'cmake_clean_cache': False, 'cmake_clean_first': False, 'cmake_force_configure': False, 'cmake_target': None, 'cmake_target_skip_unavailable': False, 'install_base': '/home/ncpa/tr1200_ws/install/tr1200_control', 'merge_install': False, 'path': '/home/ncpa/tr1200_ws/tr1200_ros/tr1200_control', 'symlink_install': False, 'test_result_base': None}
[2.392s] Level 5:colcon.colcon_core.verb:set package 'tr1200_ros' build argument 'cmake_args' from command line to 'None'
[2.393s] Level 5:colcon.colcon_core.verb:set package 'tr1200_ros' build argument 'cmake_target' from command line to 'None'
[2.393s] Level 5:colcon.colcon_core.verb:set package 'tr1200_ros' build argument 'cmake_target_skip_unavailable' from command line to 'False'
[2.393s] Level 5:colcon.colcon_core.verb:set package 'tr1200_ros' build argument 'cmake_clean_cache' from command line to 'False'
[2.393s] Level 5:colcon.colcon_core.verb:set package 'tr1200_ros' build argument 'cmake_clean_first' from command line to 'False'
[2.393s] Level 5:colcon.colcon_core.verb:set package 'tr1200_ros' build argument 'cmake_force_configure' from command line to 'False'
[2.393s] Level 5:colcon.colcon_core.verb:set package 'tr1200_ros' build argument 'ament_cmake_args' from command line to 'None'
[2.393s] Level 5:colcon.colcon_core.verb:set package 'tr1200_ros' build argument 'catkin_cmake_args' from command line to 'None'
[2.393s] Level 5:colcon.colcon_core.verb:set package 'tr1200_ros' build argument 'catkin_skip_building_tests' from command line to 'False'
[2.393s] DEBUG:colcon.colcon_core.verb:Building package 'tr1200_ros' with the following arguments: {'ament_cmake_args': None, 'build_base': '/home/ncpa/tr1200_ws/build/tr1200_ros', 'catkin_cmake_args': None, 'catkin_skip_building_tests': False, 'cmake_args': None, 'cmake_clean_cache': False, 'cmake_clean_first': False, 'cmake_force_configure': False, 'cmake_target': None, 'cmake_target_skip_unavailable': False, 'install_base': '/home/ncpa/tr1200_ws/install/tr1200_ros', 'merge_install': False, 'path': '/home/ncpa/tr1200_ws/tr1200_ros/tr1200_ros', 'symlink_install': False, 'test_result_base': None}
[2.394s] INFO:colcon.colcon_core.executor:Executing jobs using 'parallel' executor
[2.397s] DEBUG:colcon.colcon_parallel_executor.executor.parallel:run_until_complete
[2.398s] INFO:colcon.colcon_ros.task.ament_python.build:Building ROS package in '/home/ncpa/tr1200_ws/tr1200_ros/tr1200_modules' with build type 'ament_python'
[2.399s] Level 1:colcon.colcon_core.shell:create_environment_hook('tr1200_modules', 'ament_prefix_path')
[2.445s] INFO:colcon.colcon_core.plugin_system:Skipping extension 'colcon_core.shell.bat': Not used on non-Windows systems
[2.446s] INFO:colcon.colcon_core.shell:Creating environment hook '/home/ncpa/tr1200_ws/install/tr1200_modules/share/tr1200_modules/hook/ament_prefix_path.ps1'
[2.450s] INFO:colcon.colcon_core.shell:Creating environment descriptor '/home/ncpa/tr1200_ws/install/tr1200_modules/share/tr1200_modules/hook/ament_prefix_path.dsv'
[2.453s] INFO:colcon.colcon_core.shell:Creating environment hook '/home/ncpa/tr1200_ws/install/tr1200_modules/share/tr1200_modules/hook/ament_prefix_path.sh'
[2.458s] INFO:colcon.colcon_core.shell:Skip shell extension 'powershell' for command environment: Not usable outside of PowerShell
[2.458s] DEBUG:colcon.colcon_core.shell:Skip shell extension 'dsv' for command environment
[2.474s] INFO:colcon.colcon_ros.task.ament_cmake.build:Building ROS package in '/home/ncpa/tr1200_ws/tr1200_ros/tr1200_base' with build type 'ament_cmake'
[2.475s] INFO:colcon.colcon_cmake.task.cmake.build:Building CMake package in '/home/ncpa/tr1200_ws/tr1200_ros/tr1200_base'
[2.477s] INFO:colcon.colcon_core.shell:Skip shell extension 'powershell' for command environment: Not usable outside of PowerShell
[2.477s] DEBUG:colcon.colcon_core.shell:Skip shell extension 'dsv' for command environment
[2.490s] INFO:colcon.colcon_ros.task.ament_cmake.build:Building ROS package in '/home/ncpa/tr1200_ws/tr1200_ros/tr1200_teleop' with build type 'ament_cmake'
[2.491s] INFO:colcon.colcon_cmake.task.cmake.build:Building CMake package in '/home/ncpa/tr1200_ws/tr1200_ros/tr1200_teleop'
[2.492s] INFO:colcon.colcon_core.shell:Skip shell extension 'powershell' for command environment: Not usable outside of PowerShell
[2.492s] DEBUG:colcon.colcon_core.shell:Skip shell extension 'dsv' for command environment
[3.516s] INFO:colcon.colcon_core.task.python.build:Building Python package in '/home/ncpa/tr1200_ws/tr1200_ros/tr1200_modules'
[3.517s] INFO:colcon.colcon_core.shell:Skip shell extension 'powershell' for command environment: Not usable outside of PowerShell
[3.517s] DEBUG:colcon.colcon_core.shell:Skip shell extension 'dsv' for command environment
[3.573s] DEBUG:colcon.colcon_core.event_handler.log_command:Invoking command in '/home/ncpa/tr1200_ws/build/tr1200_base': CMAKE_PREFIX_PATH=${CMAKE_PREFIX_PATH}:/home/ncpa/tr1200_ws/install/tr1200_modules:/opt/ros/humble /usr/bin/cmake --build /home/ncpa/tr1200_ws/build/tr1200_base -- -j4 -l4
[3.600s] DEBUG:colcon.colcon_core.event_handler.log_command:Invoking command in '/home/ncpa/tr1200_ws/build/tr1200_teleop': CMAKE_PREFIX_PATH=${CMAKE_PREFIX_PATH}:/home/ncpa/tr1200_ws/install/tr1200_modules:/opt/ros/humble /usr/bin/cmake --build /home/ncpa/tr1200_ws/build/tr1200_teleop -- -j4 -l4
[3.792s] DEBUG:colcon.colcon_core.event_handler.log_command:Invoked command in '/home/ncpa/tr1200_ws/build/tr1200_teleop' returned '0': CMAKE_PREFIX_PATH=${CMAKE_PREFIX_PATH}:/home/ncpa/tr1200_ws/install/tr1200_modules:/opt/ros/humble /usr/bin/cmake --build /home/ncpa/tr1200_ws/build/tr1200_teleop -- -j4 -l4
[3.876s] DEBUG:colcon.colcon_core.event_handler.log_command:Invoking command in '/home/ncpa/tr1200_ws/build/tr1200_teleop': CMAKE_PREFIX_PATH=${CMAKE_PREFIX_PATH}:/home/ncpa/tr1200_ws/install/tr1200_modules:/opt/ros/humble /usr/bin/cmake --install /home/ncpa/tr1200_ws/build/tr1200_teleop
[3.910s] Level 1:colcon.colcon_core.environment:create_environment_scripts_only(tr1200_teleop)
[3.912s] DEBUG:colcon.colcon_core.event_handler.log_command:Invoked command in '/home/ncpa/tr1200_ws/build/tr1200_teleop' returned '0': CMAKE_PREFIX_PATH=${CMAKE_PREFIX_PATH}:/home/ncpa/tr1200_ws/install/tr1200_modules:/opt/ros/humble /usr/bin/cmake --install /home/ncpa/tr1200_ws/build/tr1200_teleop
[3.933s] Level 1:colcon.colcon_core.environment:checking '/home/ncpa/tr1200_ws/install/tr1200_teleop' for CMake module files
[3.936s] Level 1:colcon.colcon_core.environment:checking '/home/ncpa/tr1200_ws/install/tr1200_teleop' for CMake config files
[3.941s] Level 1:colcon.colcon_core.shell:create_environment_hook('tr1200_teleop', 'cmake_prefix_path')
[3.942s] INFO:colcon.colcon_core.shell:Creating environment hook '/home/ncpa/tr1200_ws/install/tr1200_teleop/share/tr1200_teleop/hook/cmake_prefix_path.ps1'
[3.944s] INFO:colcon.colcon_core.shell:Creating environment descriptor '/home/ncpa/tr1200_ws/install/tr1200_teleop/share/tr1200_teleop/hook/cmake_prefix_path.dsv'
[3.947s] INFO:colcon.colcon_core.shell:Creating environment hook '/home/ncpa/tr1200_ws/install/tr1200_teleop/share/tr1200_teleop/hook/cmake_prefix_path.sh'
[3.950s] Level 1:colcon.colcon_core.environment:checking '/home/ncpa/tr1200_ws/install/tr1200_teleop/bin'
[3.951s] Level 1:colcon.colcon_core.environment:checking '/home/ncpa/tr1200_ws/install/tr1200_teleop/lib/pkgconfig/tr1200_teleop.pc'
[3.952s] Level 1:colcon.colcon_core.environment:checking '/home/ncpa/tr1200_ws/install/tr1200_teleop/lib/python3.10/site-packages'
[3.953s] Level 1:colcon.colcon_core.environment:checking '/home/ncpa/tr1200_ws/install/tr1200_teleop/bin'
[3.954s] INFO:colcon.colcon_core.shell:Creating package script '/home/ncpa/tr1200_ws/install/tr1200_teleop/share/tr1200_teleop/package.ps1'
[3.958s] INFO:colcon.colcon_core.shell:Creating package descriptor '/home/ncpa/tr1200_ws/install/tr1200_teleop/share/tr1200_teleop/package.dsv'
[3.961s] INFO:colcon.colcon_core.shell:Creating package script '/home/ncpa/tr1200_ws/install/tr1200_teleop/share/tr1200_teleop/package.sh'
[3.965s] INFO:colcon.colcon_core.shell:Creating package script '/home/ncpa/tr1200_ws/install/tr1200_teleop/share/tr1200_teleop/package.bash'
[3.970s] INFO:colcon.colcon_core.shell:Creating package script '/home/ncpa/tr1200_ws/install/tr1200_teleop/share/tr1200_teleop/package.zsh'
[3.975s] Level 1:colcon.colcon_core.environment:create_file_with_runtime_dependencies(/home/ncpa/tr1200_ws/install/tr1200_teleop/share/colcon-core/packages/tr1200_teleop)
[4.008s] DEBUG:colcon.colcon_core.event_handler.log_command:Invoked command in '/home/ncpa/tr1200_ws/build/tr1200_base' returned '0': CMAKE_PREFIX_PATH=${CMAKE_PREFIX_PATH}:/home/ncpa/tr1200_ws/install/tr1200_modules:/opt/ros/humble /usr/bin/cmake --build /home/ncpa/tr1200_ws/build/tr1200_base -- -j4 -l4
[4.031s] Level 1:colcon.colcon_core.environment:create_environment_scripts_only(tr1200_teleop)
[4.032s] Level 1:colcon.colcon_core.environment:checking '/home/ncpa/tr1200_ws/install/tr1200_teleop' for CMake module files
[4.034s] Level 1:colcon.colcon_core.environment:checking '/home/ncpa/tr1200_ws/install/tr1200_teleop' for CMake config files
[4.035s] Level 1:colcon.colcon_core.shell:create_environment_hook('tr1200_teleop', 'cmake_prefix_path')
[4.036s] INFO:colcon.colcon_core.shell:Creating environment hook '/home/ncpa/tr1200_ws/install/tr1200_teleop/share/tr1200_teleop/hook/cmake_prefix_path.ps1'
[4.038s] INFO:colcon.colcon_core.shell:Creating environment descriptor '/home/ncpa/tr1200_ws/install/tr1200_teleop/share/tr1200_teleop/hook/cmake_prefix_path.dsv'
[4.040s] INFO:colcon.colcon_core.shell:Creating environment hook '/home/ncpa/tr1200_ws/install/tr1200_teleop/share/tr1200_teleop/hook/cmake_prefix_path.sh'
[4.043s] Level 1:colcon.colcon_core.environment:checking '/home/ncpa/tr1200_ws/install/tr1200_teleop/bin'
[4.043s] Level 1:colcon.colcon_core.environment:checking '/home/ncpa/tr1200_ws/install/tr1200_teleop/lib/pkgconfig/tr1200_teleop.pc'
[4.044s] Level 1:colcon.colcon_core.environment:checking '/home/ncpa/tr1200_ws/install/tr1200_teleop/lib/python3.10/site-packages'
[4.045s] Level 1:colcon.colcon_core.environment:checking '/home/ncpa/tr1200_ws/install/tr1200_teleop/bin'
[4.046s] INFO:colcon.colcon_core.shell:Creating package script '/home/ncpa/tr1200_ws/install/tr1200_teleop/share/tr1200_teleop/package.ps1'
[4.048s] INFO:colcon.colcon_core.shell:Creating package descriptor '/home/ncpa/tr1200_ws/install/tr1200_teleop/share/tr1200_teleop/package.dsv'
[4.050s] INFO:colcon.colcon_core.shell:Creating package script '/home/ncpa/tr1200_ws/install/tr1200_teleop/share/tr1200_teleop/package.sh'
[4.052s] INFO:colcon.colcon_core.shell:Creating package script '/home/ncpa/tr1200_ws/install/tr1200_teleop/share/tr1200_teleop/package.bash'
[4.054s] INFO:colcon.colcon_core.shell:Creating package script '/home/ncpa/tr1200_ws/install/tr1200_teleop/share/tr1200_teleop/package.zsh'
[4.056s] Level 1:colcon.colcon_core.environment:create_file_with_runtime_dependencies(/home/ncpa/tr1200_ws/install/tr1200_teleop/share/colcon-core/packages/tr1200_teleop)
[4.087s] DEBUG:colcon.colcon_core.event_handler.log_command:Invoking command in '/home/ncpa/tr1200_ws/build/tr1200_base': CMAKE_PREFIX_PATH=${CMAKE_PREFIX_PATH}:/home/ncpa/tr1200_ws/install/tr1200_modules:/opt/ros/humble /usr/bin/cmake --install /home/ncpa/tr1200_ws/build/tr1200_base
[4.121s] Level 1:colcon.colcon_core.environment:create_environment_scripts_only(tr1200_base)
[4.122s] Level 1:colcon.colcon_core.environment:checking '/home/ncpa/tr1200_ws/install/tr1200_base' for CMake module files
[4.124s] DEBUG:colcon.colcon_core.event_handler.log_command:Invoked command in '/home/ncpa/tr1200_ws/build/tr1200_base' returned '0': CMAKE_PREFIX_PATH=${CMAKE_PREFIX_PATH}:/home/ncpa/tr1200_ws/install/tr1200_modules:/opt/ros/humble /usr/bin/cmake --install /home/ncpa/tr1200_ws/build/tr1200_base
[4.126s] Level 1:colcon.colcon_core.environment:checking '/home/ncpa/tr1200_ws/install/tr1200_base' for CMake config files
[4.127s] Level 1:colcon.colcon_core.shell:create_environment_hook('tr1200_base', 'cmake_prefix_path')
[4.128s] INFO:colcon.colcon_core.shell:Creating environment hook '/home/ncpa/tr1200_ws/install/tr1200_base/share/tr1200_base/hook/cmake_prefix_path.ps1'
[4.130s] INFO:colcon.colcon_core.shell:Creating environment descriptor '/home/ncpa/tr1200_ws/install/tr1200_base/share/tr1200_base/hook/cmake_prefix_path.dsv'
[4.132s] INFO:colcon.colcon_core.shell:Creating environment hook '/home/ncpa/tr1200_ws/install/tr1200_base/share/tr1200_base/hook/cmake_prefix_path.sh'
[4.134s] Level 1:colcon.colcon_core.environment:checking '/home/ncpa/tr1200_ws/install/tr1200_base/lib'
[4.135s] Level 1:colcon.colcon_core.shell:create_environment_hook('tr1200_base', 'ld_library_path_lib')
[4.136s] INFO:colcon.colcon_core.shell:Creating environment hook '/home/ncpa/tr1200_ws/install/tr1200_base/share/tr1200_base/hook/ld_library_path_lib.ps1'
[4.138s] INFO:colcon.colcon_core.shell:Creating environment descriptor '/home/ncpa/tr1200_ws/install/tr1200_base/share/tr1200_base/hook/ld_library_path_lib.dsv'
[4.140s] INFO:colcon.colcon_core.shell:Creating environment hook '/home/ncpa/tr1200_ws/install/tr1200_base/share/tr1200_base/hook/ld_library_path_lib.sh'
[4.142s] Level 1:colcon.colcon_core.environment:checking '/home/ncpa/tr1200_ws/install/tr1200_base/bin'
[4.142s] Level 1:colcon.colcon_core.environment:checking '/home/ncpa/tr1200_ws/install/tr1200_base/lib/pkgconfig/tr1200_base.pc'
[4.143s] Level 1:colcon.colcon_core.environment:checking '/home/ncpa/tr1200_ws/install/tr1200_base/lib/python3.10/site-packages'
[4.144s] Level 1:colcon.colcon_core.environment:checking '/home/ncpa/tr1200_ws/install/tr1200_base/bin'
[4.145s] INFO:colcon.colcon_core.shell:Creating package script '/home/ncpa/tr1200_ws/install/tr1200_base/share/tr1200_base/package.ps1'
[4.147s] INFO:colcon.colcon_core.shell:Creating package descriptor '/home/ncpa/tr1200_ws/install/tr1200_base/share/tr1200_base/package.dsv'
[4.149s] INFO:colcon.colcon_core.shell:Creating package script '/home/ncpa/tr1200_ws/install/tr1200_base/share/tr1200_base/package.sh'
[4.151s] INFO:colcon.colcon_core.shell:Creating package script '/home/ncpa/tr1200_ws/install/tr1200_base/share/tr1200_base/package.bash'
[4.153s] INFO:colcon.colcon_core.shell:Creating package script '/home/ncpa/tr1200_ws/install/tr1200_base/share/tr1200_base/package.zsh'
[4.155s] Level 1:colcon.colcon_core.environment:create_file_with_runtime_dependencies(/home/ncpa/tr1200_ws/install/tr1200_base/share/colcon-core/packages/tr1200_base)
[4.219s] Level 1:colcon.colcon_core.environment:create_environment_scripts_only(tr1200_base)
[4.221s] Level 1:colcon.colcon_core.environment:checking '/home/ncpa/tr1200_ws/install/tr1200_base' for CMake module files
[4.222s] Level 1:colcon.colcon_core.environment:checking '/home/ncpa/tr1200_ws/install/tr1200_base' for CMake config files
[4.224s] Level 1:colcon.colcon_core.shell:create_environment_hook('tr1200_base', 'cmake_prefix_path')
[4.225s] INFO:colcon.colcon_core.shell:Creating environment hook '/home/ncpa/tr1200_ws/install/tr1200_base/share/tr1200_base/hook/cmake_prefix_path.ps1'
[4.262s] INFO:colcon.colcon_core.shell:Creating environment descriptor '/home/ncpa/tr1200_ws/install/tr1200_base/share/tr1200_base/hook/cmake_prefix_path.dsv'
[4.264s] INFO:colcon.colcon_core.shell:Creating environment hook '/home/ncpa/tr1200_ws/install/tr1200_base/share/tr1200_base/hook/cmake_prefix_path.sh'
[4.266s] Level 1:colcon.colcon_core.environment:checking '/home/ncpa/tr1200_ws/install/tr1200_base/lib'
[4.267s] Level 1:colcon.colcon_core.shell:create_environment_hook('tr1200_base', 'ld_library_path_lib')
[4.268s] INFO:colcon.colcon_core.shell:Creating environment hook '/home/ncpa/tr1200_ws/install/tr1200_base/share/tr1200_base/hook/ld_library_path_lib.ps1'
[4.269s] INFO:colcon.colcon_core.shell:Creating environment descriptor '/home/ncpa/tr1200_ws/install/tr1200_base/share/tr1200_base/hook/ld_library_path_lib.dsv'
[4.271s] INFO:colcon.colcon_core.shell:Creating environment hook '/home/ncpa/tr1200_ws/install/tr1200_base/share/tr1200_base/hook/ld_library_path_lib.sh'
[4.273s] Level 1:colcon.colcon_core.environment:checking '/home/ncpa/tr1200_ws/install/tr1200_base/bin'
[4.274s] Level 1:colcon.colcon_core.environment:checking '/home/ncpa/tr1200_ws/install/tr1200_base/lib/pkgconfig/tr1200_base.pc'
[4.274s] Level 1:colcon.colcon_core.environment:checking '/home/ncpa/tr1200_ws/install/tr1200_base/lib/python3.10/site-packages'
[4.275s] Level 1:colcon.colcon_core.environment:checking '/home/ncpa/tr1200_ws/install/tr1200_base/bin'
[4.276s] INFO:colcon.colcon_core.shell:Creating package script '/home/ncpa/tr1200_ws/install/tr1200_base/share/tr1200_base/package.ps1'
[4.279s] INFO:colcon.colcon_core.shell:Creating package descriptor '/home/ncpa/tr1200_ws/install/tr1200_base/share/tr1200_base/package.dsv'
[4.281s] INFO:colcon.colcon_core.shell:Creating package script '/home/ncpa/tr1200_ws/install/tr1200_base/share/tr1200_base/package.sh'
[4.283s] INFO:colcon.colcon_core.shell:Creating package script '/home/ncpa/tr1200_ws/install/tr1200_base/share/tr1200_base/package.bash'
[4.285s] INFO:colcon.colcon_core.shell:Creating package script '/home/ncpa/tr1200_ws/install/tr1200_base/share/tr1200_base/package.zsh'
[4.287s] Level 1:colcon.colcon_core.environment:create_file_with_runtime_dependencies(/home/ncpa/tr1200_ws/install/tr1200_base/share/colcon-core/packages/tr1200_base)
[5.692s] DEBUG:colcon.colcon_core.event_handler.log_command:Invoking command in '/home/ncpa/tr1200_ws/tr1200_ros/tr1200_modules': PYTHONPATH=/home/ncpa/tr1200_ws/build/tr1200_modules/prefix_override:/usr/lib/python3/dist-packages/colcon_core/task/python/colcon_distutils_commands:/home/ncpa/tr1200_ws/install/tr1200_modules/lib/python3.10/site-packages:${PYTHONPATH} /usr/bin/python3 -W ignore:setup.py install is deprecated setup.py egg_info --egg-base ../../build/tr1200_modules build --build-base /home/ncpa/tr1200_ws/build/tr1200_modules/build install --record /home/ncpa/tr1200_ws/build/tr1200_modules/install.log --single-version-externally-managed install_data
[6.848s] Level 1:colcon.colcon_core.environment:checking '/home/ncpa/tr1200_ws/install/tr1200_modules' for CMake module files
[6.849s] DEBUG:colcon.colcon_core.event_handler.log_command:Invoked command in '/home/ncpa/tr1200_ws/tr1200_ros/tr1200_modules' returned '0': PYTHONPATH=/home/ncpa/tr1200_ws/build/tr1200_modules/prefix_override:/usr/lib/python3/dist-packages/colcon_core/task/python/colcon_distutils_commands:/home/ncpa/tr1200_ws/install/tr1200_modules/lib/python3.10/site-packages:${PYTHONPATH} /usr/bin/python3 -W ignore:setup.py install is deprecated setup.py egg_info --egg-base ../../build/tr1200_modules build --build-base /home/ncpa/tr1200_ws/build/tr1200_modules/build install --record /home/ncpa/tr1200_ws/build/tr1200_modules/install.log --single-version-externally-managed install_data
[6.851s] Level 1:colcon.colcon_core.environment:checking '/home/ncpa/tr1200_ws/install/tr1200_modules' for CMake config files
[6.853s] Level 1:colcon.colcon_core.environment:checking '/home/ncpa/tr1200_ws/install/tr1200_modules/lib'
[6.853s] Level 1:colcon.colcon_core.environment:checking '/home/ncpa/tr1200_ws/install/tr1200_modules/bin'
[6.854s] Level 1:colcon.colcon_core.environment:checking '/home/ncpa/tr1200_ws/install/tr1200_modules/lib/pkgconfig/tr1200_modules.pc'
[6.854s] Level 1:colcon.colcon_core.environment:checking '/home/ncpa/tr1200_ws/install/tr1200_modules/lib/python3.10/site-packages'
[6.855s] Level 1:colcon.colcon_core.shell:create_environment_hook('tr1200_modules', 'pythonpath')
[6.855s] INFO:colcon.colcon_core.shell:Creating environment hook '/home/ncpa/tr1200_ws/install/tr1200_modules/share/tr1200_modules/hook/pythonpath.ps1'
[6.883s] INFO:colcon.colcon_core.shell:Creating environment descriptor '/home/ncpa/tr1200_ws/install/tr1200_modules/share/tr1200_modules/hook/pythonpath.dsv'
[6.884s] INFO:colcon.colcon_core.shell:Creating environment hook '/home/ncpa/tr1200_ws/install/tr1200_modules/share/tr1200_modules/hook/pythonpath.sh'
[6.888s] Level 1:colcon.colcon_core.environment:checking '/home/ncpa/tr1200_ws/install/tr1200_modules/bin'
[6.889s] Level 1:colcon.colcon_core.environment:create_environment_scripts_only(tr1200_modules)
[6.890s] INFO:colcon.colcon_core.shell:Creating package script '/home/ncpa/tr1200_ws/install/tr1200_modules/share/tr1200_modules/package.ps1'
[6.892s] INFO:colcon.colcon_core.shell:Creating package descriptor '/home/ncpa/tr1200_ws/install/tr1200_modules/share/tr1200_modules/package.dsv'
[6.896s] INFO:colcon.colcon_core.shell:Creating package script '/home/ncpa/tr1200_ws/install/tr1200_modules/share/tr1200_modules/package.sh'
[6.900s] INFO:colcon.colcon_core.shell:Creating package script '/home/ncpa/tr1200_ws/install/tr1200_modules/share/tr1200_modules/package.bash'
[6.903s] INFO:colcon.colcon_core.shell:Creating package script '/home/ncpa/tr1200_ws/install/tr1200_modules/share/tr1200_modules/package.zsh'
[6.906s] Level 1:colcon.colcon_core.environment:create_file_with_runtime_dependencies(/home/ncpa/tr1200_ws/install/tr1200_modules/share/colcon-core/packages/tr1200_modules)
[6.908s] INFO:colcon.colcon_ros.task.ament_cmake.build:Building ROS package in '/home/ncpa/tr1200_ws/tr1200_ros/tr1200_description' with build type 'ament_cmake'
[6.908s] INFO:colcon.colcon_cmake.task.cmake.build:Building CMake package in '/home/ncpa/tr1200_ws/tr1200_ros/tr1200_description'
[6.910s] INFO:colcon.colcon_core.shell:Skip shell extension 'powershell' for command environment: Not usable outside of PowerShell
[6.910s] DEBUG:colcon.colcon_core.shell:Skip shell extension 'dsv' for command environment
[6.946s] DEBUG:colcon.colcon_core.event_handler.log_command:Invoking command in '/home/ncpa/tr1200_ws/build/tr1200_description': AMENT_PREFIX_PATH=/home/ncpa/tr1200_ws/install/tr1200_modules:/home/ncpa/tr1200_ws/install/tr1200_ros:/home/ncpa/tr1200_ws/install/tr1200_teleop:/home/ncpa/tr1200_ws/install/tr1200_control:/home/ncpa/tr1200_ws/install/tr1200_description:/home/ncpa/tr1200_ws/install/tr1200_base:/opt/ros/humble CMAKE_PREFIX_PATH=${CMAKE_PREFIX_PATH}:/home/ncpa/tr1200_ws/install/tr1200_modules:/opt/ros/humble /usr/bin/cmake --build /home/ncpa/tr1200_ws/build/tr1200_description -- -j4 -l4
[7.049s] DEBUG:colcon.colcon_core.event_handler.log_command:Invoked command in '/home/ncpa/tr1200_ws/build/tr1200_description' returned '0': AMENT_PREFIX_PATH=/home/ncpa/tr1200_ws/install/tr1200_modules:/home/ncpa/tr1200_ws/install/tr1200_ros:/home/ncpa/tr1200_ws/install/tr1200_teleop:/home/ncpa/tr1200_ws/install/tr1200_control:/home/ncpa/tr1200_ws/install/tr1200_description:/home/ncpa/tr1200_ws/install/tr1200_base:/opt/ros/humble CMAKE_PREFIX_PATH=${CMAKE_PREFIX_PATH}:/home/ncpa/tr1200_ws/install/tr1200_modules:/opt/ros/humble /usr/bin/cmake --build /home/ncpa/tr1200_ws/build/tr1200_description -- -j4 -l4
[7.108s] DEBUG:colcon.colcon_core.event_handler.log_command:Invoking command in '/home/ncpa/tr1200_ws/build/tr1200_description': AMENT_PREFIX_PATH=/home/ncpa/tr1200_ws/install/tr1200_modules:/home/ncpa/tr1200_ws/install/tr1200_ros:/home/ncpa/tr1200_ws/install/tr1200_teleop:/home/ncpa/tr1200_ws/install/tr1200_control:/home/ncpa/tr1200_ws/install/tr1200_description:/home/ncpa/tr1200_ws/install/tr1200_base:/opt/ros/humble CMAKE_PREFIX_PATH=${CMAKE_PREFIX_PATH}:/home/ncpa/tr1200_ws/install/tr1200_modules:/opt/ros/humble /usr/bin/cmake --install /home/ncpa/tr1200_ws/build/tr1200_description
[7.176s] Level 1:colcon.colcon_core.environment:create_environment_scripts_only(tr1200_description)
[7.177s] DEBUG:colcon.colcon_core.event_handler.log_command:Invoked command in '/home/ncpa/tr1200_ws/build/tr1200_description' returned '0': AMENT_PREFIX_PATH=/home/ncpa/tr1200_ws/install/tr1200_modules:/home/ncpa/tr1200_ws/install/tr1200_ros:/home/ncpa/tr1200_ws/install/tr1200_teleop:/home/ncpa/tr1200_ws/install/tr1200_control:/home/ncpa/tr1200_ws/install/tr1200_description:/home/ncpa/tr1200_ws/install/tr1200_base:/opt/ros/humble CMAKE_PREFIX_PATH=${CMAKE_PREFIX_PATH}:/home/ncpa/tr1200_ws/install/tr1200_modules:/opt/ros/humble /usr/bin/cmake --install /home/ncpa/tr1200_ws/build/tr1200_description
[7.178s] Level 1:colcon.colcon_core.environment:checking '/home/ncpa/tr1200_ws/install/tr1200_description' for CMake module files
[7.181s] Level 1:colcon.colcon_core.environment:checking '/home/ncpa/tr1200_ws/install/tr1200_description' for CMake config files
[7.183s] Level 1:colcon.colcon_core.shell:create_environment_hook('tr1200_description', 'cmake_prefix_path')
[7.184s] INFO:colcon.colcon_core.shell:Creating environment hook '/home/ncpa/tr1200_ws/install/tr1200_description/share/tr1200_description/hook/cmake_prefix_path.ps1'
[7.186s] INFO:colcon.colcon_core.shell:Creating environment descriptor '/home/ncpa/tr1200_ws/install/tr1200_description/share/tr1200_description/hook/cmake_prefix_path.dsv'
[7.188s] INFO:colcon.colcon_core.shell:Creating environment hook '/home/ncpa/tr1200_ws/install/tr1200_description/share/tr1200_description/hook/cmake_prefix_path.sh'
[7.190s] Level 1:colcon.colcon_core.environment:checking '/home/ncpa/tr1200_ws/install/tr1200_description/bin'
[7.191s] Level 1:colcon.colcon_core.environment:checking '/home/ncpa/tr1200_ws/install/tr1200_description/lib/pkgconfig/tr1200_description.pc'
[7.192s] Level 1:colcon.colcon_core.environment:checking '/home/ncpa/tr1200_ws/install/tr1200_description/lib/python3.10/site-packages'
[7.193s] Level 1:colcon.colcon_core.environment:checking '/home/ncpa/tr1200_ws/install/tr1200_description/bin'
[7.194s] INFO:colcon.colcon_core.shell:Creating package script '/home/ncpa/tr1200_ws/install/tr1200_description/share/tr1200_description/package.ps1'
[7.196s] INFO:colcon.colcon_core.shell:Creating package descriptor '/home/ncpa/tr1200_ws/install/tr1200_description/share/tr1200_description/package.dsv'
[7.198s] INFO:colcon.colcon_core.shell:Creating package script '/home/ncpa/tr1200_ws/install/tr1200_description/share/tr1200_description/package.sh'
[7.200s] INFO:colcon.colcon_core.shell:Creating package script '/home/ncpa/tr1200_ws/install/tr1200_description/share/tr1200_description/package.bash'
[7.203s] INFO:colcon.colcon_core.shell:Creating package script '/home/ncpa/tr1200_ws/install/tr1200_description/share/tr1200_description/package.zsh'
[7.206s] Level 1:colcon.colcon_core.environment:create_file_with_runtime_dependencies(/home/ncpa/tr1200_ws/install/tr1200_description/share/colcon-core/packages/tr1200_description)
[7.268s] Level 1:colcon.colcon_core.environment:create_environment_scripts_only(tr1200_description)
[7.269s] Level 1:colcon.colcon_core.environment:checking '/home/ncpa/tr1200_ws/install/tr1200_description' for CMake module files
[7.271s] Level 1:colcon.colcon_core.environment:checking '/home/ncpa/tr1200_ws/install/tr1200_description' for CMake config files
[7.272s] Level 1:colcon.colcon_core.shell:create_environment_hook('tr1200_description', 'cmake_prefix_path')
[7.273s] INFO:colcon.colcon_core.shell:Creating environment hook '/home/ncpa/tr1200_ws/install/tr1200_description/share/tr1200_description/hook/cmake_prefix_path.ps1'
[7.308s] INFO:colcon.colcon_core.shell:Creating environment descriptor '/home/ncpa/tr1200_ws/install/tr1200_description/share/tr1200_description/hook/cmake_prefix_path.dsv'
[7.309s] INFO:colcon.colcon_core.shell:Creating environment hook '/home/ncpa/tr1200_ws/install/tr1200_description/share/tr1200_description/hook/cmake_prefix_path.sh'
[7.312s] Level 1:colcon.colcon_core.environment:checking '/home/ncpa/tr1200_ws/install/tr1200_description/bin'
[7.312s] Level 1:colcon.colcon_core.environment:checking '/home/ncpa/tr1200_ws/install/tr1200_description/lib/pkgconfig/tr1200_description.pc'
[7.313s] Level 1:colcon.colcon_core.environment:checking '/home/ncpa/tr1200_ws/install/tr1200_description/lib/python3.10/site-packages'
[7.314s] Level 1:colcon.colcon_core.environment:checking '/home/ncpa/tr1200_ws/install/tr1200_description/bin'
[7.315s] INFO:colcon.colcon_core.shell:Creating package script '/home/ncpa/tr1200_ws/install/tr1200_description/share/tr1200_description/package.ps1'
[7.317s] INFO:colcon.colcon_core.shell:Creating package descriptor '/home/ncpa/tr1200_ws/install/tr1200_description/share/tr1200_description/package.dsv'
[7.319s] INFO:colcon.colcon_core.shell:Creating package script '/home/ncpa/tr1200_ws/install/tr1200_description/share/tr1200_description/package.sh'
[7.321s] INFO:colcon.colcon_core.shell:Creating package script '/home/ncpa/tr1200_ws/install/tr1200_description/share/tr1200_description/package.bash'
[7.324s] INFO:colcon.colcon_core.shell:Creating package script '/home/ncpa/tr1200_ws/install/tr1200_description/share/tr1200_description/package.zsh'
[7.326s] Level 1:colcon.colcon_core.environment:create_file_with_runtime_dependencies(/home/ncpa/tr1200_ws/install/tr1200_description/share/colcon-core/packages/tr1200_description)
[7.327s] INFO:colcon.colcon_ros.task.ament_cmake.build:Building ROS package in '/home/ncpa/tr1200_ws/tr1200_ros/tr1200_control' with build type 'ament_cmake'
[7.328s] INFO:colcon.colcon_cmake.task.cmake.build:Building CMake package in '/home/ncpa/tr1200_ws/tr1200_ros/tr1200_control'
[7.328s] INFO:colcon.colcon_core.shell:Skip shell extension 'powershell' for command environment: Not usable outside of PowerShell
[7.329s] DEBUG:colcon.colcon_core.shell:Skip shell extension 'dsv' for command environment
[7.372s] DEBUG:colcon.colcon_core.event_handler.log_command:Invoking command in '/home/ncpa/tr1200_ws/build/tr1200_control': AMENT_PREFIX_PATH=/home/ncpa/tr1200_ws/install/tr1200_modules:/home/ncpa/tr1200_ws/install/tr1200_ros:/home/ncpa/tr1200_ws/install/tr1200_teleop:/home/ncpa/tr1200_ws/install/tr1200_control:/home/ncpa/tr1200_ws/install/tr1200_description:/home/ncpa/tr1200_ws/install/tr1200_base:/opt/ros/humble CMAKE_PREFIX_PATH=/home/ncpa/tr1200_ws/install/tr1200_description:/home/ncpa/tr1200_ws/install/tr1200_base:/home/ncpa/tr1200_ws/install/tr1200_ros:/home/ncpa/tr1200_ws/install/tr1200_teleop:/home/ncpa/tr1200_ws/install/tr1200_control:/home/ncpa/tr1200_ws/install/tr1200_modules:/opt/ros/humble /usr/bin/cmake --build /home/ncpa/tr1200_ws/build/tr1200_control -- -j4 -l4
[7.476s] DEBUG:colcon.colcon_core.event_handler.log_command:Invoked command in '/home/ncpa/tr1200_ws/build/tr1200_control' returned '0': AMENT_PREFIX_PATH=/home/ncpa/tr1200_ws/install/tr1200_modules:/home/ncpa/tr1200_ws/install/tr1200_ros:/home/ncpa/tr1200_ws/install/tr1200_teleop:/home/ncpa/tr1200_ws/install/tr1200_control:/home/ncpa/tr1200_ws/install/tr1200_description:/home/ncpa/tr1200_ws/install/tr1200_base:/opt/ros/humble CMAKE_PREFIX_PATH=/home/ncpa/tr1200_ws/install/tr1200_description:/home/ncpa/tr1200_ws/install/tr1200_base:/home/ncpa/tr1200_ws/install/tr1200_ros:/home/ncpa/tr1200_ws/install/tr1200_teleop:/home/ncpa/tr1200_ws/install/tr1200_control:/home/ncpa/tr1200_ws/install/tr1200_modules:/opt/ros/humble /usr/bin/cmake --build /home/ncpa/tr1200_ws/build/tr1200_control -- -j4 -l4
[7.536s] DEBUG:colcon.colcon_core.event_handler.log_command:Invoking command in '/home/ncpa/tr1200_ws/build/tr1200_control': AMENT_PREFIX_PATH=/home/ncpa/tr1200_ws/install/tr1200_modules:/home/ncpa/tr1200_ws/install/tr1200_ros:/home/ncpa/tr1200_ws/install/tr1200_teleop:/home/ncpa/tr1200_ws/install/tr1200_control:/home/ncpa/tr1200_ws/install/tr1200_description:/home/ncpa/tr1200_ws/install/tr1200_base:/opt/ros/humble CMAKE_PREFIX_PATH=/home/ncpa/tr1200_ws/install/tr1200_description:/home/ncpa/tr1200_ws/install/tr1200_base:/home/ncpa/tr1200_ws/install/tr1200_ros:/home/ncpa/tr1200_ws/install/tr1200_teleop:/home/ncpa/tr1200_ws/install/tr1200_control:/home/ncpa/tr1200_ws/install/tr1200_modules:/opt/ros/humble /usr/bin/cmake --install /home/ncpa/tr1200_ws/build/tr1200_control
[7.600s] Level 1:colcon.colcon_core.environment:create_environment_scripts_only(tr1200_control)
[7.601s] Level 1:colcon.colcon_core.environment:checking '/home/ncpa/tr1200_ws/install/tr1200_control' for CMake module files
[7.604s] DEBUG:colcon.colcon_core.event_handler.log_command:Invoked command in '/home/ncpa/tr1200_ws/build/tr1200_control' returned '0': AMENT_PREFIX_PATH=/home/ncpa/tr1200_ws/install/tr1200_modules:/home/ncpa/tr1200_ws/install/tr1200_ros:/home/ncpa/tr1200_ws/install/tr1200_teleop:/home/ncpa/tr1200_ws/install/tr1200_control:/home/ncpa/tr1200_ws/install/tr1200_description:/home/ncpa/tr1200_ws/install/tr1200_base:/opt/ros/humble CMAKE_PREFIX_PATH=/home/ncpa/tr1200_ws/install/tr1200_description:/home/ncpa/tr1200_ws/install/tr1200_base:/home/ncpa/tr1200_ws/install/tr1200_ros:/home/ncpa/tr1200_ws/install/tr1200_teleop:/home/ncpa/tr1200_ws/install/tr1200_control:/home/ncpa/tr1200_ws/install/tr1200_modules:/opt/ros/humble /usr/bin/cmake --install /home/ncpa/tr1200_ws/build/tr1200_control
[7.606s] Level 1:colcon.colcon_core.environment:checking '/home/ncpa/tr1200_ws/install/tr1200_control' for CMake config files
[7.608s] Level 1:colcon.colcon_core.shell:create_environment_hook('tr1200_control', 'cmake_prefix_path')
[7.609s] INFO:colcon.colcon_core.shell:Creating environment hook '/home/ncpa/tr1200_ws/install/tr1200_control/share/tr1200_control/hook/cmake_prefix_path.ps1'
[7.612s] INFO:colcon.colcon_core.shell:Creating environment descriptor '/home/ncpa/tr1200_ws/install/tr1200_control/share/tr1200_control/hook/cmake_prefix_path.dsv'
[7.614s] INFO:colcon.colcon_core.shell:Creating environment hook '/home/ncpa/tr1200_ws/install/tr1200_control/share/tr1200_control/hook/cmake_prefix_path.sh'
[7.617s] Level 1:colcon.colcon_core.environment:checking '/home/ncpa/tr1200_ws/install/tr1200_control/bin'
[7.617s] Level 1:colcon.colcon_core.environment:checking '/home/ncpa/tr1200_ws/install/tr1200_control/lib/pkgconfig/tr1200_control.pc'
[7.619s] Level 1:colcon.colcon_core.environment:checking '/home/ncpa/tr1200_ws/install/tr1200_control/lib/python3.10/site-packages'
[7.620s] Level 1:colcon.colcon_core.environment:checking '/home/ncpa/tr1200_ws/install/tr1200_control/bin'
[7.621s] INFO:colcon.colcon_core.shell:Creating package script '/home/ncpa/tr1200_ws/install/tr1200_control/share/tr1200_control/package.ps1'
[7.624s] INFO:colcon.colcon_core.shell:Creating package descriptor '/home/ncpa/tr1200_ws/install/tr1200_control/share/tr1200_control/package.dsv'
[7.626s] INFO:colcon.colcon_core.shell:Creating package script '/home/ncpa/tr1200_ws/install/tr1200_control/share/tr1200_control/package.sh'
[7.629s] INFO:colcon.colcon_core.shell:Creating package script '/home/ncpa/tr1200_ws/install/tr1200_control/share/tr1200_control/package.bash'
[7.631s] INFO:colcon.colcon_core.shell:Creating package script '/home/ncpa/tr1200_ws/install/tr1200_control/share/tr1200_control/package.zsh'
[7.633s] Level 1:colcon.colcon_core.environment:create_file_with_runtime_dependencies(/home/ncpa/tr1200_ws/install/tr1200_control/share/colcon-core/packages/tr1200_control)
[7.693s] Level 1:colcon.colcon_core.environment:create_environment_scripts_only(tr1200_control)
[7.694s] Level 1:colcon.colcon_core.environment:checking '/home/ncpa/tr1200_ws/install/tr1200_control' for CMake module files
[7.696s] Level 1:colcon.colcon_core.environment:checking '/home/ncpa/tr1200_ws/install/tr1200_control' for CMake config files
[7.697s] Level 1:colcon.colcon_core.shell:create_environment_hook('tr1200_control', 'cmake_prefix_path')
[7.698s] INFO:colcon.colcon_core.shell:Creating environment hook '/home/ncpa/tr1200_ws/install/tr1200_control/share/tr1200_control/hook/cmake_prefix_path.ps1'
[7.745s] INFO:colcon.colcon_core.shell:Creating environment descriptor '/home/ncpa/tr1200_ws/install/tr1200_control/share/tr1200_control/hook/cmake_prefix_path.dsv'
[7.747s] INFO:colcon.colcon_core.shell:Creating environment hook '/home/ncpa/tr1200_ws/install/tr1200_control/share/tr1200_control/hook/cmake_prefix_path.sh'
[7.750s] Level 1:colcon.colcon_core.environment:checking '/home/ncpa/tr1200_ws/install/tr1200_control/bin'
[7.750s] Level 1:colcon.colcon_core.environment:checking '/home/ncpa/tr1200_ws/install/tr1200_control/lib/pkgconfig/tr1200_control.pc'
[7.751s] Level 1:colcon.colcon_core.environment:checking '/home/ncpa/tr1200_ws/install/tr1200_control/lib/python3.10/site-packages'
[7.752s] Level 1:colcon.colcon_core.environment:checking '/home/ncpa/tr1200_ws/install/tr1200_control/bin'
[7.754s] INFO:colcon.colcon_core.shell:Creating package script '/home/ncpa/tr1200_ws/install/tr1200_control/share/tr1200_control/package.ps1'
[7.758s] INFO:colcon.colcon_core.shell:Creating package descriptor '/home/ncpa/tr1200_ws/install/tr1200_control/share/tr1200_control/package.dsv'
[7.762s] INFO:colcon.colcon_core.shell:Creating package script '/home/ncpa/tr1200_ws/install/tr1200_control/share/tr1200_control/package.sh'
[7.766s] INFO:colcon.colcon_core.shell:Creating package script '/home/ncpa/tr1200_ws/install/tr1200_control/share/tr1200_control/package.bash'
[7.769s] INFO:colcon.colcon_core.shell:Creating package script '/home/ncpa/tr1200_ws/install/tr1200_control/share/tr1200_control/package.zsh'
[7.772s] Level 1:colcon.colcon_core.environment:create_file_with_runtime_dependencies(/home/ncpa/tr1200_ws/install/tr1200_control/share/colcon-core/packages/tr1200_control)
[7.775s] INFO:colcon.colcon_ros.task.ament_cmake.build:Building ROS package in '/home/ncpa/tr1200_ws/tr1200_ros/tr1200_ros' with build type 'ament_cmake'
[7.776s] INFO:colcon.colcon_cmake.task.cmake.build:Building CMake package in '/home/ncpa/tr1200_ws/tr1200_ros/tr1200_ros'
[7.778s] INFO:colcon.colcon_core.shell:Skip shell extension 'powershell' for command environment: Not usable outside of PowerShell
[7.778s] DEBUG:colcon.colcon_core.shell:Skip shell extension 'dsv' for command environment
[7.826s] DEBUG:colcon.colcon_core.event_handler.log_command:Invoking command in '/home/ncpa/tr1200_ws/build/tr1200_ros': AMENT_PREFIX_PATH=/home/ncpa/tr1200_ws/install/tr1200_modules:/home/ncpa/tr1200_ws/install/tr1200_ros:/home/ncpa/tr1200_ws/install/tr1200_teleop:/home/ncpa/tr1200_ws/install/tr1200_control:/home/ncpa/tr1200_ws/install/tr1200_description:/home/ncpa/tr1200_ws/install/tr1200_base:/opt/ros/humble CMAKE_PREFIX_PATH=/home/ncpa/tr1200_ws/install/tr1200_control:/home/ncpa/tr1200_ws/install/tr1200_description:/home/ncpa/tr1200_ws/install/tr1200_teleop:/home/ncpa/tr1200_ws/install/tr1200_base:/home/ncpa/tr1200_ws/install/tr1200_ros:/home/ncpa/tr1200_ws/install/tr1200_modules:/opt/ros/humble /usr/bin/cmake --build /home/ncpa/tr1200_ws/build/tr1200_ros -- -j4 -l4
[7.927s] DEBUG:colcon.colcon_core.event_handler.log_command:Invoked command in '/home/ncpa/tr1200_ws/build/tr1200_ros' returned '0': AMENT_PREFIX_PATH=/home/ncpa/tr1200_ws/install/tr1200_modules:/home/ncpa/tr1200_ws/install/tr1200_ros:/home/ncpa/tr1200_ws/install/tr1200_teleop:/home/ncpa/tr1200_ws/install/tr1200_control:/home/ncpa/tr1200_ws/install/tr1200_description:/home/ncpa/tr1200_ws/install/tr1200_base:/opt/ros/humble CMAKE_PREFIX_PATH=/home/ncpa/tr1200_ws/install/tr1200_control:/home/ncpa/tr1200_ws/install/tr1200_description:/home/ncpa/tr1200_ws/install/tr1200_teleop:/home/ncpa/tr1200_ws/install/tr1200_base:/home/ncpa/tr1200_ws/install/tr1200_ros:/home/ncpa/tr1200_ws/install/tr1200_modules:/opt/ros/humble /usr/bin/cmake --build /home/ncpa/tr1200_ws/build/tr1200_ros -- -j4 -l4
[7.989s] DEBUG:colcon.colcon_core.event_handler.log_command:Invoking command in '/home/ncpa/tr1200_ws/build/tr1200_ros': AMENT_PREFIX_PATH=/home/ncpa/tr1200_ws/install/tr1200_modules:/home/ncpa/tr1200_ws/install/tr1200_ros:/home/ncpa/tr1200_ws/install/tr1200_teleop:/home/ncpa/tr1200_ws/install/tr1200_control:/home/ncpa/tr1200_ws/install/tr1200_description:/home/ncpa/tr1200_ws/install/tr1200_base:/opt/ros/humble CMAKE_PREFIX_PATH=/home/ncpa/tr1200_ws/install/tr1200_control:/home/ncpa/tr1200_ws/install/tr1200_description:/home/ncpa/tr1200_ws/install/tr1200_teleop:/home/ncpa/tr1200_ws/install/tr1200_base:/home/ncpa/tr1200_ws/install/tr1200_ros:/home/ncpa/tr1200_ws/install/tr1200_modules:/opt/ros/humble /usr/bin/cmake --install /home/ncpa/tr1200_ws/build/tr1200_ros
[8.044s] Level 1:colcon.colcon_core.environment:create_environment_scripts_only(tr1200_ros)
[8.045s] Level 1:colcon.colcon_core.environment:checking '/home/ncpa/tr1200_ws/install/tr1200_ros' for CMake module files
[8.046s] DEBUG:colcon.colcon_core.event_handler.log_command:Invoked command in '/home/ncpa/tr1200_ws/build/tr1200_ros' returned '0': AMENT_PREFIX_PATH=/home/ncpa/tr1200_ws/install/tr1200_modules:/home/ncpa/tr1200_ws/install/tr1200_ros:/home/ncpa/tr1200_ws/install/tr1200_teleop:/home/ncpa/tr1200_ws/install/tr1200_control:/home/ncpa/tr1200_ws/install/tr1200_description:/home/ncpa/tr1200_ws/install/tr1200_base:/opt/ros/humble CMAKE_PREFIX_PATH=/home/ncpa/tr1200_ws/install/tr1200_control:/home/ncpa/tr1200_ws/install/tr1200_description:/home/ncpa/tr1200_ws/install/tr1200_teleop:/home/ncpa/tr1200_ws/install/tr1200_base:/home/ncpa/tr1200_ws/install/tr1200_ros:/home/ncpa/tr1200_ws/install/tr1200_modules:/opt/ros/humble /usr/bin/cmake --install /home/ncpa/tr1200_ws/build/tr1200_ros
[8.048s] Level 1:colcon.colcon_core.environment:checking '/home/ncpa/tr1200_ws/install/tr1200_ros' for CMake config files
[8.049s] Level 1:colcon.colcon_core.shell:create_environment_hook('tr1200_ros', 'cmake_prefix_path')
[8.050s] INFO:colcon.colcon_core.shell:Creating environment hook '/home/ncpa/tr1200_ws/install/tr1200_ros/share/tr1200_ros/hook/cmake_prefix_path.ps1'
[8.052s] INFO:colcon.colcon_core.shell:Creating environment descriptor '/home/ncpa/tr1200_ws/install/tr1200_ros/share/tr1200_ros/hook/cmake_prefix_path.dsv'
[8.053s] INFO:colcon.colcon_core.shell:Creating environment hook '/home/ncpa/tr1200_ws/install/tr1200_ros/share/tr1200_ros/hook/cmake_prefix_path.sh'
[8.056s] Level 1:colcon.colcon_core.environment:checking '/home/ncpa/tr1200_ws/install/tr1200_ros/bin'
[8.056s] Level 1:colcon.colcon_core.environment:checking '/home/ncpa/tr1200_ws/install/tr1200_ros/lib/pkgconfig/tr1200_ros.pc'
[8.057s] Level 1:colcon.colcon_core.environment:checking '/home/ncpa/tr1200_ws/install/tr1200_ros/lib/python3.10/site-packages'
[8.058s] Level 1:colcon.colcon_core.environment:checking '/home/ncpa/tr1200_ws/install/tr1200_ros/bin'
[8.059s] INFO:colcon.colcon_core.shell:Creating package script '/home/ncpa/tr1200_ws/install/tr1200_ros/share/tr1200_ros/package.ps1'
[8.061s] INFO:colcon.colcon_core.shell:Creating package descriptor '/home/ncpa/tr1200_ws/install/tr1200_ros/share/tr1200_ros/package.dsv'
[8.063s] INFO:colcon.colcon_core.shell:Creating package script '/home/ncpa/tr1200_ws/install/tr1200_ros/share/tr1200_ros/package.sh'
[8.065s] INFO:colcon.colcon_core.shell:Creating package script '/home/ncpa/tr1200_ws/install/tr1200_ros/share/tr1200_ros/package.bash'
[8.066s] INFO:colcon.colcon_core.shell:Creating package script '/home/ncpa/tr1200_ws/install/tr1200_ros/share/tr1200_ros/package.zsh'
[8.068s] Level 1:colcon.colcon_core.environment:create_file_with_runtime_dependencies(/home/ncpa/tr1200_ws/install/tr1200_ros/share/colcon-core/packages/tr1200_ros)
[8.131s] Level 1:colcon.colcon_core.environment:create_environment_scripts_only(tr1200_ros)
[8.132s] Level 1:colcon.colcon_core.environment:checking '/home/ncpa/tr1200_ws/install/tr1200_ros' for CMake module files
[8.134s] Level 1:colcon.colcon_core.environment:checking '/home/ncpa/tr1200_ws/install/tr1200_ros' for CMake config files
[8.134s] Level 1:colcon.colcon_core.shell:create_environment_hook('tr1200_ros', 'cmake_prefix_path')
[8.135s] INFO:colcon.colcon_core.shell:Creating environment hook '/home/ncpa/tr1200_ws/install/tr1200_ros/share/tr1200_ros/hook/cmake_prefix_path.ps1'
[8.181s] INFO:colcon.colcon_core.shell:Creating environment descriptor '/home/ncpa/tr1200_ws/install/tr1200_ros/share/tr1200_ros/hook/cmake_prefix_path.dsv'
[8.184s] INFO:colcon.colcon_core.shell:Creating environment hook '/home/ncpa/tr1200_ws/install/tr1200_ros/share/tr1200_ros/hook/cmake_prefix_path.sh'
[8.188s] Level 1:colcon.colcon_core.environment:checking '/home/ncpa/tr1200_ws/install/tr1200_ros/bin'
[8.189s] Level 1:colcon.colcon_core.environment:checking '/home/ncpa/tr1200_ws/install/tr1200_ros/lib/pkgconfig/tr1200_ros.pc'
[8.191s] Level 1:colcon.colcon_core.environment:checking '/home/ncpa/tr1200_ws/install/tr1200_ros/lib/python3.10/site-packages'
[8.192s] Level 1:colcon.colcon_core.environment:checking '/home/ncpa/tr1200_ws/install/tr1200_ros/bin'
[8.195s] INFO:colcon.colcon_core.shell:Creating package script '/home/ncpa/tr1200_ws/install/tr1200_ros/share/tr1200_ros/package.ps1'
[8.199s] INFO:colcon.colcon_core.shell:Creating package descriptor '/home/ncpa/tr1200_ws/install/tr1200_ros/share/tr1200_ros/package.dsv'
[8.203s] INFO:colcon.colcon_core.shell:Creating package script '/home/ncpa/tr1200_ws/install/tr1200_ros/share/tr1200_ros/package.sh'
[8.206s] INFO:colcon.colcon_core.shell:Creating package script '/home/ncpa/tr1200_ws/install/tr1200_ros/share/tr1200_ros/package.bash'
[8.210s] INFO:colcon.colcon_core.shell:Creating package script '/home/ncpa/tr1200_ws/install/tr1200_ros/share/tr1200_ros/package.zsh'
[8.213s] Level 1:colcon.colcon_core.environment:create_file_with_runtime_dependencies(/home/ncpa/tr1200_ws/install/tr1200_ros/share/colcon-core/packages/tr1200_ros)
[8.215s] DEBUG:colcon.colcon_parallel_executor.executor.parallel:closing loop
[8.217s] DEBUG:colcon.colcon_parallel_executor.executor.parallel:loop closed
[8.217s] DEBUG:colcon.colcon_parallel_executor.executor.parallel:run_until_complete finished with '0'
[8.217s] DEBUG:colcon.colcon_core.event_reactor:joining thread
[8.242s] INFO:colcon.colcon_core.plugin_system:Skipping extension 'colcon_notification.desktop_notification.terminal_notifier': Not used on non-Darwin systems
[8.242s] INFO:colcon.colcon_core.plugin_system:Skipping extension 'colcon_notification.desktop_notification.win32': Not used on non-Windows systems
[8.242s] INFO:colcon.colcon_notification.desktop_notification:Sending desktop notification using 'notify2'
[8.246s] DEBUG:colcon.colcon_notification.desktop_notification.notify2:Failed to initialize notify2: org.freedesktop.DBus.Error.ServiceUnknown: The name org.freedesktop.Notifications was not provided by any .service files
[8.247s] DEBUG:colcon.colcon_core.event_reactor:joined thread
[8.248s] INFO:colcon.colcon_core.shell:Creating prefix script '/home/ncpa/tr1200_ws/install/local_setup.ps1'
[8.255s] INFO:colcon.colcon_core.shell:Creating prefix util module '/home/ncpa/tr1200_ws/install/_local_setup_util_ps1.py'
[8.265s] INFO:colcon.colcon_core.shell:Creating prefix chain script '/home/ncpa/tr1200_ws/install/setup.ps1'
[8.273s] INFO:colcon.colcon_core.shell:Creating prefix script '/home/ncpa/tr1200_ws/install/local_setup.sh'
[8.278s] INFO:colcon.colcon_core.shell:Creating prefix util module '/home/ncpa/tr1200_ws/install/_local_setup_util_sh.py'
[8.282s] INFO:colcon.colcon_core.shell:Creating prefix chain script '/home/ncpa/tr1200_ws/install/setup.sh'
[8.290s] INFO:colcon.colcon_core.shell:Creating prefix script '/home/ncpa/tr1200_ws/install/local_setup.bash'
[8.295s] INFO:colcon.colcon_core.shell:Creating prefix chain script '/home/ncpa/tr1200_ws/install/setup.bash'
[8.304s] INFO:colcon.colcon_core.shell:Creating prefix script '/home/ncpa/tr1200_ws/install/local_setup.zsh'
[8.308s] INFO:colcon.colcon_core.shell:Creating prefix chain script '/home/ncpa/tr1200_ws/install/setup.zsh'
