[1.105s] Invoking command in '/home/ncpa/tr1200_ws/build/tr1200_teleop': CMAKE_PREFIX_PATH=${CMAKE_PREFIX_PATH}:/home/ncpa/tr1200_ws/install/tr1200_modules:/opt/ros/humble /usr/bin/cmake --build /home/ncpa/tr1200_ws/build/tr1200_teleop -- -j4 -l4
[1.300s] Invoked command in '/home/ncpa/tr1200_ws/build/tr1200_teleop' returned '0': CMAKE_PREFIX_PATH=${CMAKE_PREFIX_PATH}:/home/ncpa/tr1200_ws/install/tr1200_modules:/opt/ros/humble /usr/bin/cmake --build /home/ncpa/tr1200_ws/build/tr1200_teleop -- -j4 -l4
[1.384s] Invoking command in '/home/ncpa/tr1200_ws/build/tr1200_teleop': CMAKE_PREFIX_PATH=${CMAKE_PREFIX_PATH}:/home/ncpa/tr1200_ws/install/tr1200_modules:/opt/ros/humble /usr/bin/cmake --install /home/ncpa/tr1200_ws/build/tr1200_teleop
[1.404s] -- Install configuration: ""
[1.406s] -- Up-to-date: /home/ncpa/tr1200_ws/install/tr1200_teleop/share/tr1200_teleop/launch
[1.407s] -- Up-to-date: /home/ncpa/tr1200_ws/install/tr1200_teleop/share/tr1200_teleop/launch/keyop.launch.py
[1.408s] -- Up-to-date: /home/ncpa/tr1200_ws/install/tr1200_teleop/share/ament_index/resource_index/package_run_dependencies/tr1200_teleop
[1.409s] -- Up-to-date: /home/ncpa/tr1200_ws/install/tr1200_teleop/share/ament_index/resource_index/parent_prefix_path/tr1200_teleop
[1.410s] -- Up-to-date: /home/ncpa/tr1200_ws/install/tr1200_teleop/share/tr1200_teleop/environment/ament_prefix_path.sh
[1.410s] -- Up-to-date: /home/ncpa/tr1200_ws/install/tr1200_teleop/share/tr1200_teleop/environment/ament_prefix_path.dsv
[1.411s] -- Up-to-date: /home/ncpa/tr1200_ws/install/tr1200_teleop/share/tr1200_teleop/environment/path.sh
[1.411s] -- Up-to-date: /home/ncpa/tr1200_ws/install/tr1200_teleop/share/tr1200_teleop/environment/path.dsv
[1.412s] -- Up-to-date: /home/ncpa/tr1200_ws/install/tr1200_teleop/share/tr1200_teleop/local_setup.bash
[1.413s] -- Up-to-date: /home/ncpa/tr1200_ws/install/tr1200_teleop/share/tr1200_teleop/local_setup.sh
[1.413s] -- Up-to-date: /home/ncpa/tr1200_ws/install/tr1200_teleop/share/tr1200_teleop/local_setup.zsh
[1.414s] -- Up-to-date: /home/ncpa/tr1200_ws/install/tr1200_teleop/share/tr1200_teleop/local_setup.dsv
[1.414s] -- Installing: /home/ncpa/tr1200_ws/install/tr1200_teleop/share/tr1200_teleop/package.dsv
[1.415s] -- Up-to-date: /home/ncpa/tr1200_ws/install/tr1200_teleop/share/ament_index/resource_index/packages/tr1200_teleop
[1.415s] -- Up-to-date: /home/ncpa/tr1200_ws/install/tr1200_teleop/share/tr1200_teleop/cmake/tr1200_teleopConfig.cmake
[1.416s] -- Up-to-date: /home/ncpa/tr1200_ws/install/tr1200_teleop/share/tr1200_teleop/cmake/tr1200_teleopConfig-version.cmake
[1.416s] -- Up-to-date: /home/ncpa/tr1200_ws/install/tr1200_teleop/share/tr1200_teleop/package.xml
[1.419s] Invoked command in '/home/ncpa/tr1200_ws/build/tr1200_teleop' returned '0': CMAKE_PREFIX_PATH=${CMAKE_PREFIX_PATH}:/home/ncpa/tr1200_ws/install/tr1200_modules:/opt/ros/humble /usr/bin/cmake --install /home/ncpa/tr1200_ws/build/tr1200_teleop
