[0.038s] Invoking command in '/home/ncpa/tr1200_ws/build/tr1200_ros': AMENT_PREFIX_PATH=/home/ncpa/tr1200_ws/install/tr1200_modules:/home/ncpa/tr1200_ws/install/tr1200_ros:/home/ncpa/tr1200_ws/install/tr1200_teleop:/home/ncpa/tr1200_ws/install/tr1200_control:/home/ncpa/tr1200_ws/install/tr1200_description:/home/ncpa/tr1200_ws/install/tr1200_base:/home/ncpa/tr1200_ws/install/tr1200_WASD:/opt/ros/humble CMAKE_PREFIX_PATH=/home/ncpa/tr1200_ws/install/tr1200_control:/home/ncpa/tr1200_ws/install/tr1200_description:/home/ncpa/tr1200_ws/install/tr1200_teleop:/home/ncpa/tr1200_ws/install/tr1200_base:/home/ncpa/tr1200_ws/install/tr1200_ros:/home/ncpa/tr1200_ws/install/tr1200_modules:/home/ncpa/tr1200_ws/install/tr1200_WASD:/opt/ros/humble /usr/bin/cmake --build /home/ncpa/tr1200_ws/build/tr1200_ros -- -j4 -l4
[0.133s] Invoked command in '/home/ncpa/tr1200_ws/build/tr1200_ros' returned '0': AMENT_PREFIX_PATH=/home/ncpa/tr1200_ws/install/tr1200_modules:/home/ncpa/tr1200_ws/install/tr1200_ros:/home/ncpa/tr1200_ws/install/tr1200_teleop:/home/ncpa/tr1200_ws/install/tr1200_control:/home/ncpa/tr1200_ws/install/tr1200_description:/home/ncpa/tr1200_ws/install/tr1200_base:/home/ncpa/tr1200_ws/install/tr1200_WASD:/opt/ros/humble CMAKE_PREFIX_PATH=/home/ncpa/tr1200_ws/install/tr1200_control:/home/ncpa/tr1200_ws/install/tr1200_description:/home/ncpa/tr1200_ws/install/tr1200_teleop:/home/ncpa/tr1200_ws/install/tr1200_base:/home/ncpa/tr1200_ws/install/tr1200_ros:/home/ncpa/tr1200_ws/install/tr1200_modules:/home/ncpa/tr1200_ws/install/tr1200_WASD:/opt/ros/humble /usr/bin/cmake --build /home/ncpa/tr1200_ws/build/tr1200_ros -- -j4 -l4
[0.194s] Invoking command in '/home/ncpa/tr1200_ws/build/tr1200_ros': AMENT_PREFIX_PATH=/home/ncpa/tr1200_ws/install/tr1200_modules:/home/ncpa/tr1200_ws/install/tr1200_ros:/home/ncpa/tr1200_ws/install/tr1200_teleop:/home/ncpa/tr1200_ws/install/tr1200_control:/home/ncpa/tr1200_ws/install/tr1200_description:/home/ncpa/tr1200_ws/install/tr1200_base:/home/ncpa/tr1200_ws/install/tr1200_WASD:/opt/ros/humble CMAKE_PREFIX_PATH=/home/ncpa/tr1200_ws/install/tr1200_control:/home/ncpa/tr1200_ws/install/tr1200_description:/home/ncpa/tr1200_ws/install/tr1200_teleop:/home/ncpa/tr1200_ws/install/tr1200_base:/home/ncpa/tr1200_ws/install/tr1200_ros:/home/ncpa/tr1200_ws/install/tr1200_modules:/home/ncpa/tr1200_ws/install/tr1200_WASD:/opt/ros/humble /usr/bin/cmake --install /home/ncpa/tr1200_ws/build/tr1200_ros
[0.237s] -- Install configuration: ""
[0.238s] -- Up-to-date: /home/ncpa/tr1200_ws/install/tr1200_ros/share/ament_index/resource_index/package_run_dependencies/tr1200_ros
[0.238s] -- Up-to-date: /home/ncpa/tr1200_ws/install/tr1200_ros/share/ament_index/resource_index/parent_prefix_path/tr1200_ros
[0.239s] -- Up-to-date: /home/ncpa/tr1200_ws/install/tr1200_ros/share/tr1200_ros/environment/ament_prefix_path.sh
[0.239s] -- Up-to-date: /home/ncpa/tr1200_ws/install/tr1200_ros/share/tr1200_ros/environment/ament_prefix_path.dsv
[0.240s] -- Up-to-date: /home/ncpa/tr1200_ws/install/tr1200_ros/share/tr1200_ros/environment/path.sh
[0.240s] -- Up-to-date: /home/ncpa/tr1200_ws/install/tr1200_ros/share/tr1200_ros/environment/path.dsv
[0.241s] -- Up-to-date: /home/ncpa/tr1200_ws/install/tr1200_ros/share/tr1200_ros/local_setup.bash
[0.241s] -- Up-to-date: /home/ncpa/tr1200_ws/install/tr1200_ros/share/tr1200_ros/local_setup.sh
[0.241s] -- Up-to-date: /home/ncpa/tr1200_ws/install/tr1200_ros/share/tr1200_ros/local_setup.zsh
[0.242s] -- Up-to-date: /home/ncpa/tr1200_ws/install/tr1200_ros/share/tr1200_ros/local_setup.dsv
[0.242s] -- Installing: /home/ncpa/tr1200_ws/install/tr1200_ros/share/tr1200_ros/package.dsv
[0.243s] -- Up-to-date: /home/ncpa/tr1200_ws/install/tr1200_ros/share/ament_index/resource_index/packages/tr1200_ros
[0.244s] -- Up-to-date: /home/ncpa/tr1200_ws/install/tr1200_ros/share/tr1200_ros/cmake/tr1200_rosConfig.cmake
[0.244s] -- Up-to-date: /home/ncpa/tr1200_ws/install/tr1200_ros/share/tr1200_ros/cmake/tr1200_rosConfig-version.cmake
[0.244s] -- Up-to-date: /home/ncpa/tr1200_ws/install/tr1200_ros/share/tr1200_ros/package.xml
[0.248s] Invoked command in '/home/ncpa/tr1200_ws/build/tr1200_ros' returned '0': AMENT_PREFIX_PATH=/home/ncpa/tr1200_ws/install/tr1200_modules:/home/ncpa/tr1200_ws/install/tr1200_ros:/home/ncpa/tr1200_ws/install/tr1200_teleop:/home/ncpa/tr1200_ws/install/tr1200_control:/home/ncpa/tr1200_ws/install/tr1200_description:/home/ncpa/tr1200_ws/install/tr1200_base:/home/ncpa/tr1200_ws/install/tr1200_WASD:/opt/ros/humble CMAKE_PREFIX_PATH=/home/ncpa/tr1200_ws/install/tr1200_control:/home/ncpa/tr1200_ws/install/tr1200_description:/home/ncpa/tr1200_ws/install/tr1200_teleop:/home/ncpa/tr1200_ws/install/tr1200_base:/home/ncpa/tr1200_ws/install/tr1200_ros:/home/ncpa/tr1200_ws/install/tr1200_modules:/home/ncpa/tr1200_ws/install/tr1200_WASD:/opt/ros/humble /usr/bin/cmake --install /home/ncpa/tr1200_ws/build/tr1200_ros
