[1.037s] Invoking command in '/home/ncpa/tr1200_ws/build/tr1200_teleop': CMAKE_PREFIX_PATH=/opt/ros/humble /usr/bin/cmake /home/ncpa/tr1200_ws/tr1200_ros/tr1200_teleop -DCMAKE_INSTALL_PREFIX=/home/ncpa/tr1200_ws/install/tr1200_teleop
[1.065s] -- Found ament_cmake: 1.3.10 (/opt/ros/humble/share/ament_cmake/cmake)
[1.616s] -- Found Python3: /usr/bin/python3 (found version "3.10.12") found components: Interpreter 
[2.016s] -- Found ament_lint_auto: 0.12.11 (/opt/ros/humble/share/ament_lint_auto/cmake)
[2.310s] -- Added test 'copyright' to check source files copyright and LICENSE
[2.317s] -- Added test 'flake8' to check Python code syntax and style conventions
[2.319s] -- Added test 'lint_cmake' to check CMake code style
[2.322s] -- Added test 'pep257' to check Python code against some of the docstring style conventions in PEP 257
[2.328s] -- Added test 'xmllint' to check XML markup files
[2.336s] -- Configuring done
[2.347s] -- Generating done
[2.350s] -- Build files have been written to: /home/ncpa/tr1200_ws/build/tr1200_teleop
[2.363s] Invoked command in '/home/ncpa/tr1200_ws/build/tr1200_teleop' returned '0': CMAKE_PREFIX_PATH=/opt/ros/humble /usr/bin/cmake /home/ncpa/tr1200_ws/tr1200_ros/tr1200_teleop -DCMAKE_INSTALL_PREFIX=/home/ncpa/tr1200_ws/install/tr1200_teleop
[2.365s] Invoking command in '/home/ncpa/tr1200_ws/build/tr1200_teleop': CMAKE_PREFIX_PATH=/opt/ros/humble /usr/bin/cmake --build /home/ncpa/tr1200_ws/build/tr1200_teleop -- -j4 -l4
[2.469s] Invoked command in '/home/ncpa/tr1200_ws/build/tr1200_teleop' returned '0': CMAKE_PREFIX_PATH=/opt/ros/humble /usr/bin/cmake --build /home/ncpa/tr1200_ws/build/tr1200_teleop -- -j4 -l4
[2.557s] Invoking command in '/home/ncpa/tr1200_ws/build/tr1200_teleop': CMAKE_PREFIX_PATH=/opt/ros/humble /usr/bin/cmake --install /home/ncpa/tr1200_ws/build/tr1200_teleop
[2.578s] -- Install configuration: ""
[2.578s] -- Installing: /home/ncpa/tr1200_ws/install/tr1200_teleop/share/tr1200_teleop/launch
[2.579s] -- Installing: /home/ncpa/tr1200_ws/install/tr1200_teleop/share/tr1200_teleop/launch/keyop.launch.py
[2.580s] -- Installing: /home/ncpa/tr1200_ws/install/tr1200_teleop/share/ament_index/resource_index/package_run_dependencies/tr1200_teleop
[2.580s] -- Installing: /home/ncpa/tr1200_ws/install/tr1200_teleop/share/ament_index/resource_index/parent_prefix_path/tr1200_teleop
[2.581s] -- Installing: /home/ncpa/tr1200_ws/install/tr1200_teleop/share/tr1200_teleop/environment/ament_prefix_path.sh
[2.581s] -- Installing: /home/ncpa/tr1200_ws/install/tr1200_teleop/share/tr1200_teleop/environment/ament_prefix_path.dsv
[2.583s] -- Installing: /home/ncpa/tr1200_ws/install/tr1200_teleop/share/tr1200_teleop/environment/path.sh
[2.584s] -- Installing: /home/ncpa/tr1200_ws/install/tr1200_teleop/share/tr1200_teleop/environment/path.dsv
[2.584s] -- Installing: /home/ncpa/tr1200_ws/install/tr1200_teleop/share/tr1200_teleop/local_setup.bash
[2.585s] -- Installing: /home/ncpa/tr1200_ws/install/tr1200_teleop/share/tr1200_teleop/local_setup.sh
[2.585s] -- Installing: /home/ncpa/tr1200_ws/install/tr1200_teleop/share/tr1200_teleop/local_setup.zsh
[2.585s] -- Installing: /home/ncpa/tr1200_ws/install/tr1200_teleop/share/tr1200_teleop/local_setup.dsv
[2.586s] -- Installing: /home/ncpa/tr1200_ws/install/tr1200_teleop/share/tr1200_teleop/package.dsv
[2.587s] -- Installing: /home/ncpa/tr1200_ws/install/tr1200_teleop/share/ament_index/resource_index/packages/tr1200_teleop
[2.587s] -- Installing: /home/ncpa/tr1200_ws/install/tr1200_teleop/share/tr1200_teleop/cmake/tr1200_teleopConfig.cmake
[2.587s] -- Installing: /home/ncpa/tr1200_ws/install/tr1200_teleop/share/tr1200_teleop/cmake/tr1200_teleopConfig-version.cmake
[2.588s] -- Installing: /home/ncpa/tr1200_ws/install/tr1200_teleop/share/tr1200_teleop/package.xml
[2.594s] Invoked command in '/home/ncpa/tr1200_ws/build/tr1200_teleop' returned '0': CMAKE_PREFIX_PATH=/opt/ros/humble /usr/bin/cmake --install /home/ncpa/tr1200_ws/build/tr1200_teleop
