[0.019s] Invoking command in '/home/ncpa/tr1200_ws/build/tr1200_control': AMENT_PREFIX_PATH=/home/ncpa/tr1200_ws/install/tr1200_description:/home/ncpa/tr1200_ws/install/tr1200_modules:/home/ncpa/tr1200_ws/install/tr1200_base CMAKE_PREFIX_PATH=/home/ncpa/tr1200_ws/install/tr1200_description:/home/ncpa/tr1200_ws/install/tr1200_base LD_LIBRARY_PATH=/home/ncpa/tr1200_ws/install/tr1200_base/lib PYTHONPATH=/home/ncpa/tr1200_ws/install/tr1200_modules/lib/python3.10/site-packages /usr/bin/cmake --build /home/ncpa/tr1200_ws/build/tr1200_control -- -j4 -l4
[0.112s] Invoked command in '/home/ncpa/tr1200_ws/build/tr1200_control' returned '0': AMENT_PREFIX_PATH=/home/ncpa/tr1200_ws/install/tr1200_description:/home/ncpa/tr1200_ws/install/tr1200_modules:/home/ncpa/tr1200_ws/install/tr1200_base CMAKE_PREFIX_PATH=/home/ncpa/tr1200_ws/install/tr1200_description:/home/ncpa/tr1200_ws/install/tr1200_base LD_LIBRARY_PATH=/home/ncpa/tr1200_ws/install/tr1200_base/lib PYTHONPATH=/home/ncpa/tr1200_ws/install/tr1200_modules/lib/python3.10/site-packages /usr/bin/cmake --build /home/ncpa/tr1200_ws/build/tr1200_control -- -j4 -l4
[0.169s] Invoking command in '/home/ncpa/tr1200_ws/build/tr1200_control': AMENT_PREFIX_PATH=/home/ncpa/tr1200_ws/install/tr1200_description:/home/ncpa/tr1200_ws/install/tr1200_modules:/home/ncpa/tr1200_ws/install/tr1200_base CMAKE_PREFIX_PATH=/home/ncpa/tr1200_ws/install/tr1200_description:/home/ncpa/tr1200_ws/install/tr1200_base LD_LIBRARY_PATH=/home/ncpa/tr1200_ws/install/tr1200_base/lib PYTHONPATH=/home/ncpa/tr1200_ws/install/tr1200_modules/lib/python3.10/site-packages /usr/bin/cmake --install /home/ncpa/tr1200_ws/build/tr1200_control
[0.186s] -- Install configuration: ""
[0.187s] -- Up-to-date: /home/ncpa/tr1200_ws/install/tr1200_control/share/tr1200_control/config
[0.187s] -- Up-to-date: /home/ncpa/tr1200_ws/install/tr1200_control/share/tr1200_control/config/tr1200_controllers.yaml
[0.187s] -- Up-to-date: /home/ncpa/tr1200_ws/install/tr1200_control/share/tr1200_control/launch
[0.188s] -- Up-to-date: /home/ncpa/tr1200_ws/install/tr1200_control/share/tr1200_control/launch/control.launch.py
[0.188s] -- Up-to-date: /home/ncpa/tr1200_ws/install/tr1200_control/share/ament_index/resource_index/package_run_dependencies/tr1200_control
[0.189s] -- Up-to-date: /home/ncpa/tr1200_ws/install/tr1200_control/share/ament_index/resource_index/parent_prefix_path/tr1200_control
[0.189s] -- Up-to-date: /home/ncpa/tr1200_ws/install/tr1200_control/share/tr1200_control/environment/ament_prefix_path.sh
[0.189s] -- Up-to-date: /home/ncpa/tr1200_ws/install/tr1200_control/share/tr1200_control/environment/ament_prefix_path.dsv
[0.189s] -- Up-to-date: /home/ncpa/tr1200_ws/install/tr1200_control/share/tr1200_control/environment/path.sh
[0.190s] -- Up-to-date: /home/ncpa/tr1200_ws/install/tr1200_control/share/tr1200_control/environment/path.dsv
[0.190s] -- Up-to-date: /home/ncpa/tr1200_ws/install/tr1200_control/share/tr1200_control/local_setup.bash
[0.190s] -- Up-to-date: /home/ncpa/tr1200_ws/install/tr1200_control/share/tr1200_control/local_setup.sh
[0.190s] -- Up-to-date: /home/ncpa/tr1200_ws/install/tr1200_control/share/tr1200_control/local_setup.zsh
[0.190s] -- Up-to-date: /home/ncpa/tr1200_ws/install/tr1200_control/share/tr1200_control/local_setup.dsv
[0.191s] -- Installing: /home/ncpa/tr1200_ws/install/tr1200_control/share/tr1200_control/package.dsv
[0.214s] -- Up-to-date: /home/ncpa/tr1200_ws/install/tr1200_control/share/ament_index/resource_index/packages/tr1200_control
[0.215s] -- Up-to-date: /home/ncpa/tr1200_ws/install/tr1200_control/share/tr1200_control/cmake/tr1200_controlConfig.cmake
[0.215s] -- Up-to-date: /home/ncpa/tr1200_ws/install/tr1200_control/share/tr1200_control/cmake/tr1200_controlConfig-version.cmake
[0.215s] -- Up-to-date: /home/ncpa/tr1200_ws/install/tr1200_control/share/tr1200_control/package.xml
[0.221s] Invoked command in '/home/ncpa/tr1200_ws/build/tr1200_control' returned '0': AMENT_PREFIX_PATH=/home/ncpa/tr1200_ws/install/tr1200_description:/home/ncpa/tr1200_ws/install/tr1200_modules:/home/ncpa/tr1200_ws/install/tr1200_base CMAKE_PREFIX_PATH=/home/ncpa/tr1200_ws/install/tr1200_description:/home/ncpa/tr1200_ws/install/tr1200_base LD_LIBRARY_PATH=/home/ncpa/tr1200_ws/install/tr1200_base/lib PYTHONPATH=/home/ncpa/tr1200_ws/install/tr1200_modules/lib/python3.10/site-packages /usr/bin/cmake --install /home/ncpa/tr1200_ws/build/tr1200_control
