[1.113s] Invoking command in '/home/ncpa/tr1200_ws/build/tr1200_base': CMAKE_PREFIX_PATH=${CMAKE_PREFIX_PATH}:/home/ncpa/tr1200_ws/install/tr1200_modules:/opt/ros/humble /usr/bin/cmake --build /home/ncpa/tr1200_ws/build/tr1200_base -- -j4 -l4
[1.262s] [100%] Built target tr1200_base
[1.294s] Invoked command in '/home/ncpa/tr1200_ws/build/tr1200_base' returned '0': CMAKE_PREFIX_PATH=${CMAKE_PREFIX_PATH}:/home/ncpa/tr1200_ws/install/tr1200_modules:/opt/ros/humble /usr/bin/cmake --build /home/ncpa/tr1200_ws/build/tr1200_base -- -j4 -l4
[1.368s] Invoking command in '/home/ncpa/tr1200_ws/build/tr1200_base': CMAKE_PREFIX_PATH=${CMAKE_PREFIX_PATH}:/home/ncpa/tr1200_ws/install/tr1200_modules:/opt/ros/humble /usr/bin/cmake --install /home/ncpa/tr1200_ws/build/tr1200_base
[1.394s] -- Install configuration: ""
[1.394s] -- Up-to-date: /home/ncpa/tr1200_ws/install/tr1200_base/share/tr1200_base/tr1200_base.xml
[1.395s] -- Up-to-date: /home/ncpa/tr1200_ws/install/tr1200_base/include
[1.397s] -- Up-to-date: /home/ncpa/tr1200_ws/install/tr1200_base/include/tr1200_base
[1.397s] -- Up-to-date: /home/ncpa/tr1200_ws/install/tr1200_base/include/tr1200_base/can.hpp
[1.397s] -- Up-to-date: /home/ncpa/tr1200_ws/install/tr1200_base/include/tr1200_base/logging.hpp
[1.398s] -- Up-to-date: /home/ncpa/tr1200_ws/install/tr1200_base/include/tr1200_base/hardware.hpp
[1.398s] -- Up-to-date: /home/ncpa/tr1200_ws/install/tr1200_base/include/tr1200_base/driver.hpp
[1.398s] -- Up-to-date: /home/ncpa/tr1200_ws/install/tr1200_base/include/tr1200_base/driver_version.hpp
[1.399s] -- Up-to-date: /home/ncpa/tr1200_ws/install/tr1200_base/lib/libtr1200_base.so
[1.400s] -- Up-to-date: /home/ncpa/tr1200_ws/install/tr1200_base/lib/libtr1200_driver.so
[1.401s] -- Up-to-date: /home/ncpa/tr1200_ws/install/tr1200_base/share/ament_index/resource_index/package_run_dependencies/tr1200_base
[1.401s] -- Up-to-date: /home/ncpa/tr1200_ws/install/tr1200_base/share/ament_index/resource_index/parent_prefix_path/tr1200_base
[1.401s] -- Up-to-date: /home/ncpa/tr1200_ws/install/tr1200_base/share/tr1200_base/environment/ament_prefix_path.sh
[1.401s] -- Up-to-date: /home/ncpa/tr1200_ws/install/tr1200_base/share/tr1200_base/environment/ament_prefix_path.dsv
[1.402s] -- Up-to-date: /home/ncpa/tr1200_ws/install/tr1200_base/share/tr1200_base/environment/path.sh
[1.402s] -- Up-to-date: /home/ncpa/tr1200_ws/install/tr1200_base/share/tr1200_base/environment/path.dsv
[1.402s] -- Up-to-date: /home/ncpa/tr1200_ws/install/tr1200_base/share/tr1200_base/local_setup.bash
[1.403s] -- Up-to-date: /home/ncpa/tr1200_ws/install/tr1200_base/share/tr1200_base/local_setup.sh
[1.403s] -- Up-to-date: /home/ncpa/tr1200_ws/install/tr1200_base/share/tr1200_base/local_setup.zsh
[1.403s] -- Up-to-date: /home/ncpa/tr1200_ws/install/tr1200_base/share/tr1200_base/local_setup.dsv
[1.404s] -- Installing: /home/ncpa/tr1200_ws/install/tr1200_base/share/tr1200_base/package.dsv
[1.404s] -- Up-to-date: /home/ncpa/tr1200_ws/install/tr1200_base/share/ament_index/resource_index/packages/tr1200_base
[1.404s] -- Up-to-date: /home/ncpa/tr1200_ws/install/tr1200_base/share/ament_index/resource_index/hardware_interface__pluginlib__plugin/tr1200_base
[1.404s] -- Up-to-date: /home/ncpa/tr1200_ws/install/tr1200_base/share/tr1200_base/cmake/tr1200_baseConfig.cmake
[1.405s] -- Up-to-date: /home/ncpa/tr1200_ws/install/tr1200_base/share/tr1200_base/cmake/tr1200_baseConfig-version.cmake
[1.405s] -- Up-to-date: /home/ncpa/tr1200_ws/install/tr1200_base/share/tr1200_base/package.xml
[1.440s] Invoked command in '/home/ncpa/tr1200_ws/build/tr1200_base' returned '0': CMAKE_PREFIX_PATH=${CMAKE_PREFIX_PATH}:/home/ncpa/tr1200_ws/install/tr1200_modules:/opt/ros/humble /usr/bin/cmake --install /home/ncpa/tr1200_ws/build/tr1200_base
