[0.019s] Invoking command in '/home/ncpa/tr1200_ws/build/tr1200_description': AMENT_PREFIX_PATH=/home/ncpa/tr1200_ws/install/tr1200_modules PYTHONPATH=/home/ncpa/tr1200_ws/install/tr1200_modules/lib/python3.10/site-packages /usr/bin/cmake --build /home/ncpa/tr1200_ws/build/tr1200_description -- -j4 -l4
[0.112s] Invoked command in '/home/ncpa/tr1200_ws/build/tr1200_description' returned '0': AMENT_PREFIX_PATH=/home/ncpa/tr1200_ws/install/tr1200_modules PYTHONPATH=/home/ncpa/tr1200_ws/install/tr1200_modules/lib/python3.10/site-packages /usr/bin/cmake --build /home/ncpa/tr1200_ws/build/tr1200_description -- -j4 -l4
[0.170s] Invoking command in '/home/ncpa/tr1200_ws/build/tr1200_description': AMENT_PREFIX_PATH=/home/ncpa/tr1200_ws/install/tr1200_modules PYTHONPATH=/home/ncpa/tr1200_ws/install/tr1200_modules/lib/python3.10/site-packages /usr/bin/cmake --install /home/ncpa/tr1200_ws/build/tr1200_description
[0.191s] -- Install configuration: ""
[0.192s] -- Up-to-date: /home/ncpa/tr1200_ws/install/tr1200_description/share/tr1200_description/urdf
[0.193s] -- Up-to-date: /home/ncpa/tr1200_ws/install/tr1200_description/share/tr1200_description/urdf/tr1200.urdf.xacro
[0.193s] -- Up-to-date: /home/ncpa/tr1200_ws/install/tr1200_description/share/tr1200_description/urdf/tr1200_base.urdf.xacro
[0.194s] -- Up-to-date: /home/ncpa/tr1200_ws/install/tr1200_description/share/tr1200_description/urdf/tr1200.ros2_control.xacro
[0.194s] -- Up-to-date: /home/ncpa/tr1200_ws/install/tr1200_description/share/tr1200_description/urdf/wheel.urdf.xacro
[0.194s] -- Up-to-date: /home/ncpa/tr1200_ws/install/tr1200_description/share/tr1200_description/launch
[0.194s] -- Up-to-date: /home/ncpa/tr1200_ws/install/tr1200_description/share/tr1200_description/launch/description.launch.py
[0.195s] -- Up-to-date: /home/ncpa/tr1200_ws/install/tr1200_description/share/ament_index/resource_index/package_run_dependencies/tr1200_description
[0.195s] -- Up-to-date: /home/ncpa/tr1200_ws/install/tr1200_description/share/ament_index/resource_index/parent_prefix_path/tr1200_description
[0.195s] -- Up-to-date: /home/ncpa/tr1200_ws/install/tr1200_description/share/tr1200_description/environment/ament_prefix_path.sh
[0.195s] -- Up-to-date: /home/ncpa/tr1200_ws/install/tr1200_description/share/tr1200_description/environment/ament_prefix_path.dsv
[0.195s] -- Up-to-date: /home/ncpa/tr1200_ws/install/tr1200_description/share/tr1200_description/environment/path.sh
[0.196s] -- Up-to-date: /home/ncpa/tr1200_ws/install/tr1200_description/share/tr1200_description/environment/path.dsv
[0.196s] -- Up-to-date: /home/ncpa/tr1200_ws/install/tr1200_description/share/tr1200_description/local_setup.bash
[0.196s] -- Up-to-date: /home/ncpa/tr1200_ws/install/tr1200_description/share/tr1200_description/local_setup.sh
[0.196s] -- Up-to-date: /home/ncpa/tr1200_ws/install/tr1200_description/share/tr1200_description/local_setup.zsh
[0.197s] -- Up-to-date: /home/ncpa/tr1200_ws/install/tr1200_description/share/tr1200_description/local_setup.dsv
[0.197s] -- Installing: /home/ncpa/tr1200_ws/install/tr1200_description/share/tr1200_description/package.dsv
[0.218s] -- Up-to-date: /home/ncpa/tr1200_ws/install/tr1200_description/share/ament_index/resource_index/packages/tr1200_description
[0.219s] -- Up-to-date: /home/ncpa/tr1200_ws/install/tr1200_description/share/tr1200_description/cmake/tr1200_descriptionConfig.cmake
[0.219s] -- Up-to-date: /home/ncpa/tr1200_ws/install/tr1200_description/share/tr1200_description/cmake/tr1200_descriptionConfig-version.cmake
[0.220s] -- Up-to-date: /home/ncpa/tr1200_ws/install/tr1200_description/share/tr1200_description/package.xml
[0.226s] Invoked command in '/home/ncpa/tr1200_ws/build/tr1200_description' returned '0': AMENT_PREFIX_PATH=/home/ncpa/tr1200_ws/install/tr1200_modules PYTHONPATH=/home/ncpa/tr1200_ws/install/tr1200_modules/lib/python3.10/site-packages /usr/bin/cmake --install /home/ncpa/tr1200_ws/build/tr1200_description
