[1.073s] Invoking command in '/home/ncpa/tr1200_ws/build/tr1200_teleop': CMAKE_PREFIX_PATH=${CMAKE_PREFIX_PATH}:/home/ncpa/tr1200_ws/install/tr1200_modules:/opt/ros/humble /usr/bin/cmake --build /home/ncpa/tr1200_ws/build/tr1200_teleop -- -j4 -l4
[2.106s] Invoked command in '/home/ncpa/tr1200_ws/build/tr1200_teleop' returned '0': CMAKE_PREFIX_PATH=${CMAKE_PREFIX_PATH}:/home/ncpa/tr1200_ws/install/tr1200_modules:/opt/ros/humble /usr/bin/cmake --build /home/ncpa/tr1200_ws/build/tr1200_teleop -- -j4 -l4
[2.245s] Invoking command in '/home/ncpa/tr1200_ws/build/tr1200_teleop': CMAKE_PREFIX_PATH=${CMAKE_PREFIX_PATH}:/home/ncpa/tr1200_ws/install/tr1200_modules:/opt/ros/humble /usr/bin/cmake --install /home/ncpa/tr1200_ws/build/tr1200_teleop
[2.265s] -- Install configuration: ""
[2.267s] -- Up-to-date: /home/ncpa/tr1200_ws/install/tr1200_teleop/share/tr1200_teleop/launch
[2.267s] -- Up-to-date: /home/ncpa/tr1200_ws/install/tr1200_teleop/share/tr1200_teleop/launch/keyop.launch.py
[2.269s] -- Up-to-date: /home/ncpa/tr1200_ws/install/tr1200_teleop/share/ament_index/resource_index/package_run_dependencies/tr1200_teleop
[2.270s] -- Up-to-date: /home/ncpa/tr1200_ws/install/tr1200_teleop/share/ament_index/resource_index/parent_prefix_path/tr1200_teleop
[2.270s] -- Up-to-date: /home/ncpa/tr1200_ws/install/tr1200_teleop/share/tr1200_teleop/environment/ament_prefix_path.sh
[2.271s] -- Up-to-date: /home/ncpa/tr1200_ws/install/tr1200_teleop/share/tr1200_teleop/environment/ament_prefix_path.dsv
[2.274s] -- Up-to-date: /home/ncpa/tr1200_ws/install/tr1200_teleop/share/tr1200_teleop/environment/path.sh
[2.275s] -- Up-to-date: /home/ncpa/tr1200_ws/install/tr1200_teleop/share/tr1200_teleop/environment/path.dsv
[2.275s] -- Up-to-date: /home/ncpa/tr1200_ws/install/tr1200_teleop/share/tr1200_teleop/local_setup.bash
[2.275s] -- Up-to-date: /home/ncpa/tr1200_ws/install/tr1200_teleop/share/tr1200_teleop/local_setup.sh
[2.279s] -- Up-to-date: /home/ncpa/tr1200_ws/install/tr1200_teleop/share/tr1200_teleop/local_setup.zsh
[2.289s] -- Up-to-date: /home/ncpa/tr1200_ws/install/tr1200_teleop/share/tr1200_teleop/local_setup.dsv
[2.289s] -- Installing: /home/ncpa/tr1200_ws/install/tr1200_teleop/share/tr1200_teleop/package.dsv
[2.290s] -- Up-to-date: /home/ncpa/tr1200_ws/install/tr1200_teleop/share/ament_index/resource_index/packages/tr1200_teleop
[2.290s] -- Up-to-date: /home/ncpa/tr1200_ws/install/tr1200_teleop/share/tr1200_teleop/cmake/tr1200_teleopConfig.cmake
[2.290s] -- Up-to-date: /home/ncpa/tr1200_ws/install/tr1200_teleop/share/tr1200_teleop/cmake/tr1200_teleopConfig-version.cmake
[2.294s] -- Up-to-date: /home/ncpa/tr1200_ws/install/tr1200_teleop/share/tr1200_teleop/package.xml
[2.309s] Invoked command in '/home/ncpa/tr1200_ws/build/tr1200_teleop' returned '0': CMAKE_PREFIX_PATH=${CMAKE_PREFIX_PATH}:/home/ncpa/tr1200_ws/install/tr1200_modules:/opt/ros/humble /usr/bin/cmake --install /home/ncpa/tr1200_ws/build/tr1200_teleop
