[3.849s] Invoking command in '/home/ncpa/tr1200_ws/tr1200_ros/tr1200_WASD': PYTHONPATH=/home/ncpa/tr1200_ws/build/tr1200_WASD/prefix_override:/usr/lib/python3/dist-packages/colcon_core/task/python/colcon_distutils_commands:/home/ncpa/tr1200_ws/install/tr1200_WASD/lib/python3.10/site-packages:${PYTHONPATH} /usr/bin/python3 -W ignore:setup.py install is deprecated setup.py egg_info --egg-base ../../build/tr1200_WASD build --build-base /home/ncpa/tr1200_ws/build/tr1200_WASD/build install --record /home/ncpa/tr1200_ws/build/tr1200_WASD/install.log --single-version-externally-managed install_data
[4.940s] running egg_info
[4.942s] creating ../../build/tr1200_WASD/tr1200_WASD.egg-info
[4.943s] writing ../../build/tr1200_WASD/tr1200_WASD.egg-info/PKG-INFO
[4.944s] writing dependency_links to ../../build/tr1200_WASD/tr1200_WASD.egg-info/dependency_links.txt
[4.945s] writing entry points to ../../build/tr1200_WASD/tr1200_WASD.egg-info/entry_points.txt
[4.946s] writing requirements to ../../build/tr1200_WASD/tr1200_WASD.egg-info/requires.txt
[4.947s] writing top-level names to ../../build/tr1200_WASD/tr1200_WASD.egg-info/top_level.txt
[4.948s] writing manifest file '../../build/tr1200_WASD/tr1200_WASD.egg-info/SOURCES.txt'
[4.956s] reading manifest file '../../build/tr1200_WASD/tr1200_WASD.egg-info/SOURCES.txt'
[4.960s] writing manifest file '../../build/tr1200_WASD/tr1200_WASD.egg-info/SOURCES.txt'
[4.983s] running build
[4.984s] running build_py
[4.985s] creating /home/ncpa/tr1200_ws/build/tr1200_WASD/build
[4.985s] creating /home/ncpa/tr1200_ws/build/tr1200_WASD/build/lib
[4.986s] creating /home/ncpa/tr1200_ws/build/tr1200_WASD/build/lib/tr1200_WASD
[4.986s] copying tr1200_WASD/teleop_node.py -> /home/ncpa/tr1200_ws/build/tr1200_WASD/build/lib/tr1200_WASD
[4.986s] copying tr1200_WASD/__init__.py -> /home/ncpa/tr1200_ws/build/tr1200_WASD/build/lib/tr1200_WASD
[4.987s] running install
[4.988s] running install_lib
[4.991s] creating /home/ncpa/tr1200_ws/install/tr1200_WASD/lib/python3.10/site-packages/tr1200_WASD
[4.992s] copying /home/ncpa/tr1200_ws/build/tr1200_WASD/build/lib/tr1200_WASD/teleop_node.py -> /home/ncpa/tr1200_ws/install/tr1200_WASD/lib/python3.10/site-packages/tr1200_WASD
[4.992s] copying /home/ncpa/tr1200_ws/build/tr1200_WASD/build/lib/tr1200_WASD/__init__.py -> /home/ncpa/tr1200_ws/install/tr1200_WASD/lib/python3.10/site-packages/tr1200_WASD
[4.995s] byte-compiling /home/ncpa/tr1200_ws/install/tr1200_WASD/lib/python3.10/site-packages/tr1200_WASD/teleop_node.py to teleop_node.cpython-310.pyc
[4.997s] byte-compiling /home/ncpa/tr1200_ws/install/tr1200_WASD/lib/python3.10/site-packages/tr1200_WASD/__init__.py to __init__.cpython-310.pyc
[4.998s] running install_data
[5.001s] creating /home/ncpa/tr1200_ws/install/tr1200_WASD/share/ament_index
[5.001s] creating /home/ncpa/tr1200_ws/install/tr1200_WASD/share/ament_index/resource_index
[5.002s] creating /home/ncpa/tr1200_ws/install/tr1200_WASD/share/ament_index/resource_index/packages
[5.003s] copying resource/tr1200_WASD -> /home/ncpa/tr1200_ws/install/tr1200_WASD/share/ament_index/resource_index/packages
[5.003s] copying package.xml -> /home/ncpa/tr1200_ws/install/tr1200_WASD/share/tr1200_WASD
[5.004s] running install_egg_info
[5.017s] Copying ../../build/tr1200_WASD/tr1200_WASD.egg-info to /home/ncpa/tr1200_ws/install/tr1200_WASD/lib/python3.10/site-packages/tr1200_WASD-0.0.0-py3.10.egg-info
[5.019s] running install_scripts
[5.084s] Installing teleop_node script to /home/ncpa/tr1200_ws/install/tr1200_WASD/lib/tr1200_WASD
[5.085s] writing list of installed files to '/home/ncpa/tr1200_ws/build/tr1200_WASD/install.log'
[5.202s] Invoked command in '/home/ncpa/tr1200_ws/tr1200_ros/tr1200_WASD' returned '0': PYTHONPATH=/home/ncpa/tr1200_ws/build/tr1200_WASD/prefix_override:/usr/lib/python3/dist-packages/colcon_core/task/python/colcon_distutils_commands:/home/ncpa/tr1200_ws/install/tr1200_WASD/lib/python3.10/site-packages:${PYTHONPATH} /usr/bin/python3 -W ignore:setup.py install is deprecated setup.py egg_info --egg-base ../../build/tr1200_WASD build --build-base /home/ncpa/tr1200_ws/build/tr1200_WASD/build install --record /home/ncpa/tr1200_ws/build/tr1200_WASD/install.log --single-version-externally-managed install_data
