[0.035s] Invoking command in '/home/ncpa/tr1200_ws/build/tr1200_description': AMENT_PREFIX_PATH=/home/ncpa/tr1200_ws/install/tr1200_modules:/home/ncpa/tr1200_ws/install/tr1200_ros:/home/ncpa/tr1200_ws/install/tr1200_teleop:/home/ncpa/tr1200_ws/install/tr1200_control:/home/ncpa/tr1200_ws/install/tr1200_description:/home/ncpa/tr1200_ws/install/tr1200_base:/opt/ros/humble CMAKE_PREFIX_PATH=${CMAKE_PREFIX_PATH}:/home/ncpa/tr1200_ws/install/tr1200_modules:/opt/ros/humble /usr/bin/cmake --build /home/ncpa/tr1200_ws/build/tr1200_description -- -j4 -l4
[0.139s] Invoked command in '/home/ncpa/tr1200_ws/build/tr1200_description' returned '0': AMENT_PREFIX_PATH=/home/ncpa/tr1200_ws/install/tr1200_modules:/home/ncpa/tr1200_ws/install/tr1200_ros:/home/ncpa/tr1200_ws/install/tr1200_teleop:/home/ncpa/tr1200_ws/install/tr1200_control:/home/ncpa/tr1200_ws/install/tr1200_description:/home/ncpa/tr1200_ws/install/tr1200_base:/opt/ros/humble CMAKE_PREFIX_PATH=${CMAKE_PREFIX_PATH}:/home/ncpa/tr1200_ws/install/tr1200_modules:/opt/ros/humble /usr/bin/cmake --build /home/ncpa/tr1200_ws/build/tr1200_description -- -j4 -l4
[0.200s] Invoking command in '/home/ncpa/tr1200_ws/build/tr1200_description': AMENT_PREFIX_PATH=/home/ncpa/tr1200_ws/install/tr1200_modules:/home/ncpa/tr1200_ws/install/tr1200_ros:/home/ncpa/tr1200_ws/install/tr1200_teleop:/home/ncpa/tr1200_ws/install/tr1200_control:/home/ncpa/tr1200_ws/install/tr1200_description:/home/ncpa/tr1200_ws/install/tr1200_base:/opt/ros/humble CMAKE_PREFIX_PATH=${CMAKE_PREFIX_PATH}:/home/ncpa/tr1200_ws/install/tr1200_modules:/opt/ros/humble /usr/bin/cmake --install /home/ncpa/tr1200_ws/build/tr1200_description
[0.243s] -- Install configuration: ""
[0.244s] -- Up-to-date: /home/ncpa/tr1200_ws/install/tr1200_description/share/tr1200_description/urdf
[0.245s] -- Up-to-date: /home/ncpa/tr1200_ws/install/tr1200_description/share/tr1200_description/urdf/tr1200.urdf.xacro
[0.246s] -- Up-to-date: /home/ncpa/tr1200_ws/install/tr1200_description/share/tr1200_description/urdf/tr1200_base.urdf.xacro
[0.247s] -- Up-to-date: /home/ncpa/tr1200_ws/install/tr1200_description/share/tr1200_description/urdf/tr1200.ros2_control.xacro
[0.248s] -- Up-to-date: /home/ncpa/tr1200_ws/install/tr1200_description/share/tr1200_description/urdf/wheel.urdf.xacro
[0.249s] -- Up-to-date: /home/ncpa/tr1200_ws/install/tr1200_description/share/tr1200_description/launch
[0.249s] -- Up-to-date: /home/ncpa/tr1200_ws/install/tr1200_description/share/tr1200_description/launch/description.launch.py
[0.250s] -- Up-to-date: /home/ncpa/tr1200_ws/install/tr1200_description/share/ament_index/resource_index/package_run_dependencies/tr1200_description
[0.251s] -- Up-to-date: /home/ncpa/tr1200_ws/install/tr1200_description/share/ament_index/resource_index/parent_prefix_path/tr1200_description
[0.252s] -- Up-to-date: /home/ncpa/tr1200_ws/install/tr1200_description/share/tr1200_description/environment/ament_prefix_path.sh
[0.252s] -- Up-to-date: /home/ncpa/tr1200_ws/install/tr1200_description/share/tr1200_description/environment/ament_prefix_path.dsv
[0.252s] -- Up-to-date: /home/ncpa/tr1200_ws/install/tr1200_description/share/tr1200_description/environment/path.sh
[0.253s] -- Up-to-date: /home/ncpa/tr1200_ws/install/tr1200_description/share/tr1200_description/environment/path.dsv
[0.253s] -- Up-to-date: /home/ncpa/tr1200_ws/install/tr1200_description/share/tr1200_description/local_setup.bash
[0.253s] -- Up-to-date: /home/ncpa/tr1200_ws/install/tr1200_description/share/tr1200_description/local_setup.sh
[0.254s] -- Up-to-date: /home/ncpa/tr1200_ws/install/tr1200_description/share/tr1200_description/local_setup.zsh
[0.254s] -- Up-to-date: /home/ncpa/tr1200_ws/install/tr1200_description/share/tr1200_description/local_setup.dsv
[0.255s] -- Installing: /home/ncpa/tr1200_ws/install/tr1200_description/share/tr1200_description/package.dsv
[0.255s] -- Up-to-date: /home/ncpa/tr1200_ws/install/tr1200_description/share/ament_index/resource_index/packages/tr1200_description
[0.255s] -- Up-to-date: /home/ncpa/tr1200_ws/install/tr1200_description/share/tr1200_description/cmake/tr1200_descriptionConfig.cmake
[0.257s] -- Up-to-date: /home/ncpa/tr1200_ws/install/tr1200_description/share/tr1200_description/cmake/tr1200_descriptionConfig-version.cmake
[0.259s] -- Up-to-date: /home/ncpa/tr1200_ws/install/tr1200_description/share/tr1200_description/package.xml
[0.263s] Invoked command in '/home/ncpa/tr1200_ws/build/tr1200_description' returned '0': AMENT_PREFIX_PATH=/home/ncpa/tr1200_ws/install/tr1200_modules:/home/ncpa/tr1200_ws/install/tr1200_ros:/home/ncpa/tr1200_ws/install/tr1200_teleop:/home/ncpa/tr1200_ws/install/tr1200_control:/home/ncpa/tr1200_ws/install/tr1200_description:/home/ncpa/tr1200_ws/install/tr1200_base:/opt/ros/humble CMAKE_PREFIX_PATH=${CMAKE_PREFIX_PATH}:/home/ncpa/tr1200_ws/install/tr1200_modules:/opt/ros/humble /usr/bin/cmake --install /home/ncpa/tr1200_ws/build/tr1200_description
