[4.218s] Invoking command in '/home/ncpa/tr1200_ws/tr1200_ros/tr1200_WASD': PYTHONPATH=/home/ncpa/tr1200_ws/build/tr1200_WASD/prefix_override:/usr/lib/python3/dist-packages/colcon_core/task/python/colcon_distutils_commands:/home/ncpa/tr1200_ws/install/tr1200_WASD/lib/python3.10/site-packages:${PYTHONPATH} /usr/bin/python3 -W ignore:setup.py install is deprecated setup.py egg_info --egg-base ../../build/tr1200_WASD build --build-base /home/ncpa/tr1200_ws/build/tr1200_WASD/build install --record /home/ncpa/tr1200_ws/build/tr1200_WASD/install.log --single-version-externally-managed install_data
[5.305s] running egg_info
[5.307s] writing ../../build/tr1200_WASD/tr1200_WASD.egg-info/PKG-INFO
[5.308s] writing dependency_links to ../../build/tr1200_WASD/tr1200_WASD.egg-info/dependency_links.txt
[5.309s] writing entry points to ../../build/tr1200_WASD/tr1200_WASD.egg-info/entry_points.txt
[5.310s] writing requirements to ../../build/tr1200_WASD/tr1200_WASD.egg-info/requires.txt
[5.311s] writing top-level names to ../../build/tr1200_WASD/tr1200_WASD.egg-info/top_level.txt
[5.326s] reading manifest file '../../build/tr1200_WASD/tr1200_WASD.egg-info/SOURCES.txt'
[5.331s] writing manifest file '../../build/tr1200_WASD/tr1200_WASD.egg-info/SOURCES.txt'
[5.331s] running build
[5.332s] running build_py
[5.333s] copying tr1200_WASD/teleop_node.py -> /home/ncpa/tr1200_ws/build/tr1200_WASD/build/lib/tr1200_WASD
[5.334s] running install
[5.337s] running install_lib
[5.340s] copying /home/ncpa/tr1200_ws/build/tr1200_WASD/build/lib/tr1200_WASD/teleop_node.py -> /home/ncpa/tr1200_ws/install/tr1200_WASD/lib/python3.10/site-packages/tr1200_WASD
[5.342s] byte-compiling /home/ncpa/tr1200_ws/install/tr1200_WASD/lib/python3.10/site-packages/tr1200_WASD/teleop_node.py to teleop_node.cpython-310.pyc
[5.346s] running install_data
[5.347s] running install_egg_info
[5.355s] removing '/home/ncpa/tr1200_ws/install/tr1200_WASD/lib/python3.10/site-packages/tr1200_WASD-0.0.0-py3.10.egg-info' (and everything under it)
[5.355s] Copying ../../build/tr1200_WASD/tr1200_WASD.egg-info to /home/ncpa/tr1200_ws/install/tr1200_WASD/lib/python3.10/site-packages/tr1200_WASD-0.0.0-py3.10.egg-info
[5.360s] running install_scripts
[5.438s] Installing teleop_node script to /home/ncpa/tr1200_ws/install/tr1200_WASD/lib/tr1200_WASD
[5.439s] writing list of installed files to '/home/ncpa/tr1200_ws/build/tr1200_WASD/install.log'
[5.547s] Invoked command in '/home/ncpa/tr1200_ws/tr1200_ros/tr1200_WASD' returned '0': PYTHONPATH=/home/ncpa/tr1200_ws/build/tr1200_WASD/prefix_override:/usr/lib/python3/dist-packages/colcon_core/task/python/colcon_distutils_commands:/home/ncpa/tr1200_ws/install/tr1200_WASD/lib/python3.10/site-packages:${PYTHONPATH} /usr/bin/python3 -W ignore:setup.py install is deprecated setup.py egg_info --egg-base ../../build/tr1200_WASD build --build-base /home/ncpa/tr1200_ws/build/tr1200_WASD/build install --record /home/ncpa/tr1200_ws/build/tr1200_WASD/install.log --single-version-externally-managed install_data
