[1.077s] Invoking command in '/home/ncpa/tr1200_ws/build/tr1200_base': CMAKE_PREFIX_PATH=${CMAKE_PREFIX_PATH}:/home/ncpa/tr1200_ws/install/tr1200_modules:/opt/ros/humble /usr/bin/cmake --build /home/ncpa/tr1200_ws/build/tr1200_base -- -j4 -l4
[1.238s] [100%] Built target tr1200_base
[2.140s] Invoked command in '/home/ncpa/tr1200_ws/build/tr1200_base' returned '0': CMAKE_PREFIX_PATH=${CMAKE_PREFIX_PATH}:/home/ncpa/tr1200_ws/install/tr1200_modules:/opt/ros/humble /usr/bin/cmake --build /home/ncpa/tr1200_ws/build/tr1200_base -- -j4 -l4
[2.250s] Invoking command in '/home/ncpa/tr1200_ws/build/tr1200_base': CMAKE_PREFIX_PATH=${CMAKE_PREFIX_PATH}:/home/ncpa/tr1200_ws/install/tr1200_modules:/opt/ros/humble /usr/bin/cmake --install /home/ncpa/tr1200_ws/build/tr1200_base
[2.294s] -- Install configuration: ""
[2.294s] -- Up-to-date: /home/ncpa/tr1200_ws/install/tr1200_base/share/tr1200_base/tr1200_base.xml
[2.295s] -- Up-to-date: /home/ncpa/tr1200_ws/install/tr1200_base/include
[2.298s] -- Up-to-date: /home/ncpa/tr1200_ws/install/tr1200_base/include/tr1200_base
[2.298s] -- Up-to-date: /home/ncpa/tr1200_ws/install/tr1200_base/include/tr1200_base/can.hpp
[2.299s] -- Up-to-date: /home/ncpa/tr1200_ws/install/tr1200_base/include/tr1200_base/logging.hpp
[2.299s] -- Up-to-date: /home/ncpa/tr1200_ws/install/tr1200_base/include/tr1200_base/hardware.hpp
[2.300s] -- Up-to-date: /home/ncpa/tr1200_ws/install/tr1200_base/include/tr1200_base/driver.hpp
[2.300s] -- Up-to-date: /home/ncpa/tr1200_ws/install/tr1200_base/include/tr1200_base/driver_version.hpp
[2.303s] -- Up-to-date: /home/ncpa/tr1200_ws/install/tr1200_base/lib/libtr1200_base.so
[2.309s] -- Up-to-date: /home/ncpa/tr1200_ws/install/tr1200_base/lib/libtr1200_driver.so
[2.309s] -- Up-to-date: /home/ncpa/tr1200_ws/install/tr1200_base/share/ament_index/resource_index/package_run_dependencies/tr1200_base
[2.310s] -- Up-to-date: /home/ncpa/tr1200_ws/install/tr1200_base/share/ament_index/resource_index/parent_prefix_path/tr1200_base
[2.311s] -- Up-to-date: /home/ncpa/tr1200_ws/install/tr1200_base/share/tr1200_base/environment/ament_prefix_path.sh
[2.312s] -- Up-to-date: /home/ncpa/tr1200_ws/install/tr1200_base/share/tr1200_base/environment/ament_prefix_path.dsv
[2.312s] -- Up-to-date: /home/ncpa/tr1200_ws/install/tr1200_base/share/tr1200_base/environment/path.sh
[2.313s] -- Up-to-date: /home/ncpa/tr1200_ws/install/tr1200_base/share/tr1200_base/environment/path.dsv
[2.313s] -- Up-to-date: /home/ncpa/tr1200_ws/install/tr1200_base/share/tr1200_base/local_setup.bash
[2.313s] -- Up-to-date: /home/ncpa/tr1200_ws/install/tr1200_base/share/tr1200_base/local_setup.sh
[2.314s] -- Up-to-date: /home/ncpa/tr1200_ws/install/tr1200_base/share/tr1200_base/local_setup.zsh
[2.317s] -- Up-to-date: /home/ncpa/tr1200_ws/install/tr1200_base/share/tr1200_base/local_setup.dsv
[2.318s] -- Installing: /home/ncpa/tr1200_ws/install/tr1200_base/share/tr1200_base/package.dsv
[2.318s] -- Up-to-date: /home/ncpa/tr1200_ws/install/tr1200_base/share/ament_index/resource_index/packages/tr1200_base
[2.321s] -- Up-to-date: /home/ncpa/tr1200_ws/install/tr1200_base/share/ament_index/resource_index/hardware_interface__pluginlib__plugin/tr1200_base
[2.322s] -- Up-to-date: /home/ncpa/tr1200_ws/install/tr1200_base/share/tr1200_base/cmake/tr1200_baseConfig.cmake
[2.322s] -- Up-to-date: /home/ncpa/tr1200_ws/install/tr1200_base/share/tr1200_base/cmake/tr1200_baseConfig-version.cmake
[2.323s] -- Up-to-date: /home/ncpa/tr1200_ws/install/tr1200_base/share/tr1200_base/package.xml
[2.366s] Invoked command in '/home/ncpa/tr1200_ws/build/tr1200_base' returned '0': CMAKE_PREFIX_PATH=${CMAKE_PREFIX_PATH}:/home/ncpa/tr1200_ws/install/tr1200_modules:/opt/ros/humble /usr/bin/cmake --install /home/ncpa/tr1200_ws/build/tr1200_base
