[0.027s] Invoking command in '/home/ncpa/tr1200_ws/build/tr1200_ros': AMENT_PREFIX_PATH=/home/ncpa/tr1200_ws/install/tr1200_control:/home/ncpa/tr1200_ws/install/tr1200_description:/home/ncpa/tr1200_ws/install/tr1200_teleop:/home/ncpa/tr1200_ws/install/tr1200_modules:/home/ncpa/tr1200_ws/install/tr1200_base CMAKE_PREFIX_PATH=/home/ncpa/tr1200_ws/install/tr1200_control:/home/ncpa/tr1200_ws/install/tr1200_description:/home/ncpa/tr1200_ws/install/tr1200_teleop:/home/ncpa/tr1200_ws/install/tr1200_base LD_LIBRARY_PATH=/home/ncpa/tr1200_ws/install/tr1200_base/lib PYTHONPATH=/home/ncpa/tr1200_ws/install/tr1200_modules/lib/python3.10/site-packages /usr/bin/cmake --build /home/ncpa/tr1200_ws/build/tr1200_ros -- -j4 -l4
[0.121s] Invoked command in '/home/ncpa/tr1200_ws/build/tr1200_ros' returned '0': AMENT_PREFIX_PATH=/home/ncpa/tr1200_ws/install/tr1200_control:/home/ncpa/tr1200_ws/install/tr1200_description:/home/ncpa/tr1200_ws/install/tr1200_teleop:/home/ncpa/tr1200_ws/install/tr1200_modules:/home/ncpa/tr1200_ws/install/tr1200_base CMAKE_PREFIX_PATH=/home/ncpa/tr1200_ws/install/tr1200_control:/home/ncpa/tr1200_ws/install/tr1200_description:/home/ncpa/tr1200_ws/install/tr1200_teleop:/home/ncpa/tr1200_ws/install/tr1200_base LD_LIBRARY_PATH=/home/ncpa/tr1200_ws/install/tr1200_base/lib PYTHONPATH=/home/ncpa/tr1200_ws/install/tr1200_modules/lib/python3.10/site-packages /usr/bin/cmake --build /home/ncpa/tr1200_ws/build/tr1200_ros -- -j4 -l4
[0.181s] Invoking command in '/home/ncpa/tr1200_ws/build/tr1200_ros': AMENT_PREFIX_PATH=/home/ncpa/tr1200_ws/install/tr1200_control:/home/ncpa/tr1200_ws/install/tr1200_description:/home/ncpa/tr1200_ws/install/tr1200_teleop:/home/ncpa/tr1200_ws/install/tr1200_modules:/home/ncpa/tr1200_ws/install/tr1200_base CMAKE_PREFIX_PATH=/home/ncpa/tr1200_ws/install/tr1200_control:/home/ncpa/tr1200_ws/install/tr1200_description:/home/ncpa/tr1200_ws/install/tr1200_teleop:/home/ncpa/tr1200_ws/install/tr1200_base LD_LIBRARY_PATH=/home/ncpa/tr1200_ws/install/tr1200_base/lib PYTHONPATH=/home/ncpa/tr1200_ws/install/tr1200_modules/lib/python3.10/site-packages /usr/bin/cmake --install /home/ncpa/tr1200_ws/build/tr1200_ros
[0.199s] -- Install configuration: ""
[0.200s] -- Up-to-date: /home/ncpa/tr1200_ws/install/tr1200_ros/share/ament_index/resource_index/package_run_dependencies/tr1200_ros
[0.200s] -- Up-to-date: /home/ncpa/tr1200_ws/install/tr1200_ros/share/ament_index/resource_index/parent_prefix_path/tr1200_ros
[0.201s] -- Up-to-date: /home/ncpa/tr1200_ws/install/tr1200_ros/share/tr1200_ros/environment/ament_prefix_path.sh
[0.201s] -- Up-to-date: /home/ncpa/tr1200_ws/install/tr1200_ros/share/tr1200_ros/environment/ament_prefix_path.dsv
[0.202s] -- Up-to-date: /home/ncpa/tr1200_ws/install/tr1200_ros/share/tr1200_ros/environment/path.sh
[0.202s] -- Up-to-date: /home/ncpa/tr1200_ws/install/tr1200_ros/share/tr1200_ros/environment/path.dsv
[0.202s] -- Up-to-date: /home/ncpa/tr1200_ws/install/tr1200_ros/share/tr1200_ros/local_setup.bash
[0.202s] -- Up-to-date: /home/ncpa/tr1200_ws/install/tr1200_ros/share/tr1200_ros/local_setup.sh
[0.202s] -- Up-to-date: /home/ncpa/tr1200_ws/install/tr1200_ros/share/tr1200_ros/local_setup.zsh
[0.203s] -- Up-to-date: /home/ncpa/tr1200_ws/install/tr1200_ros/share/tr1200_ros/local_setup.dsv
[0.204s] -- Installing: /home/ncpa/tr1200_ws/install/tr1200_ros/share/tr1200_ros/package.dsv
[0.227s] -- Up-to-date: /home/ncpa/tr1200_ws/install/tr1200_ros/share/ament_index/resource_index/packages/tr1200_ros
[0.228s] -- Up-to-date: /home/ncpa/tr1200_ws/install/tr1200_ros/share/tr1200_ros/cmake/tr1200_rosConfig.cmake
[0.228s] -- Up-to-date: /home/ncpa/tr1200_ws/install/tr1200_ros/share/tr1200_ros/cmake/tr1200_rosConfig-version.cmake
[0.229s] -- Up-to-date: /home/ncpa/tr1200_ws/install/tr1200_ros/share/tr1200_ros/package.xml
[0.233s] Invoked command in '/home/ncpa/tr1200_ws/build/tr1200_ros' returned '0': AMENT_PREFIX_PATH=/home/ncpa/tr1200_ws/install/tr1200_control:/home/ncpa/tr1200_ws/install/tr1200_description:/home/ncpa/tr1200_ws/install/tr1200_teleop:/home/ncpa/tr1200_ws/install/tr1200_modules:/home/ncpa/tr1200_ws/install/tr1200_base CMAKE_PREFIX_PATH=/home/ncpa/tr1200_ws/install/tr1200_control:/home/ncpa/tr1200_ws/install/tr1200_description:/home/ncpa/tr1200_ws/install/tr1200_teleop:/home/ncpa/tr1200_ws/install/tr1200_base LD_LIBRARY_PATH=/home/ncpa/tr1200_ws/install/tr1200_base/lib PYTHONPATH=/home/ncpa/tr1200_ws/install/tr1200_modules/lib/python3.10/site-packages /usr/bin/cmake --install /home/ncpa/tr1200_ws/build/tr1200_ros
