[1.165s] Invoking command in '/home/ncpa/tr1200_ws/build/tr1200_base': CMAKE_PREFIX_PATH=${CMAKE_PREFIX_PATH}:/home/ncpa/tr1200_ws/install/tr1200_modules:/home/ncpa/tr1200_ws/install/tr1200_WASD:/opt/ros/humble /usr/bin/cmake --build /home/ncpa/tr1200_ws/build/tr1200_base -- -j4 -l4
[2.306s] [35m[1mConsolidate compiler generated dependencies of target tr1200_base[0m
[2.307s] [100%] Built target tr1200_base
[2.314s] Invoked command in '/home/ncpa/tr1200_ws/build/tr1200_base' returned '0': CMAKE_PREFIX_PATH=${CMAKE_PREFIX_PATH}:/home/ncpa/tr1200_ws/install/tr1200_modules:/home/ncpa/tr1200_ws/install/tr1200_WASD:/opt/ros/humble /usr/bin/cmake --build /home/ncpa/tr1200_ws/build/tr1200_base -- -j4 -l4
[2.477s] Invoking command in '/home/ncpa/tr1200_ws/build/tr1200_base': CMAKE_PREFIX_PATH=${CMAKE_PREFIX_PATH}:/home/ncpa/tr1200_ws/install/tr1200_modules:/home/ncpa/tr1200_ws/install/tr1200_WASD:/opt/ros/humble /usr/bin/cmake --install /home/ncpa/tr1200_ws/build/tr1200_base
[2.553s] -- Install configuration: ""
[2.554s] -- Up-to-date: /home/ncpa/tr1200_ws/install/tr1200_base/share/tr1200_base/tr1200_base.xml
[2.560s] -- Up-to-date: /home/ncpa/tr1200_ws/install/tr1200_base/include
[2.562s] -- Up-to-date: /home/ncpa/tr1200_ws/install/tr1200_base/include/tr1200_base
[2.569s] -- Up-to-date: /home/ncpa/tr1200_ws/install/tr1200_base/include/tr1200_base/can.hpp
[2.569s] -- Up-to-date: /home/ncpa/tr1200_ws/install/tr1200_base/include/tr1200_base/logging.hpp
[2.571s] -- Up-to-date: /home/ncpa/tr1200_ws/install/tr1200_base/include/tr1200_base/hardware.hpp
[2.575s] -- Up-to-date: /home/ncpa/tr1200_ws/install/tr1200_base/include/tr1200_base/driver.hpp
[2.578s] -- Up-to-date: /home/ncpa/tr1200_ws/install/tr1200_base/include/tr1200_base/driver_version.hpp
[2.584s] -- Up-to-date: /home/ncpa/tr1200_ws/install/tr1200_base/lib/libtr1200_base.so
[2.585s] -- Up-to-date: /home/ncpa/tr1200_ws/install/tr1200_base/lib/libtr1200_driver.so
[2.585s] -- Up-to-date: /home/ncpa/tr1200_ws/install/tr1200_base/share/ament_index/resource_index/package_run_dependencies/tr1200_base
[2.586s] -- Up-to-date: /home/ncpa/tr1200_ws/install/tr1200_base/share/ament_index/resource_index/parent_prefix_path/tr1200_base
[2.590s] -- Up-to-date: /home/ncpa/tr1200_ws/install/tr1200_base/share/tr1200_base/environment/ament_prefix_path.sh
[2.592s] -- Up-to-date: /home/ncpa/tr1200_ws/install/tr1200_base/share/tr1200_base/environment/ament_prefix_path.dsv
[2.594s] -- Up-to-date: /home/ncpa/tr1200_ws/install/tr1200_base/share/tr1200_base/environment/path.sh
[2.596s] -- Up-to-date: /home/ncpa/tr1200_ws/install/tr1200_base/share/tr1200_base/environment/path.dsv
[2.597s] -- Up-to-date: /home/ncpa/tr1200_ws/install/tr1200_base/share/tr1200_base/local_setup.bash
[2.598s] -- Up-to-date: /home/ncpa/tr1200_ws/install/tr1200_base/share/tr1200_base/local_setup.sh
[2.603s] -- Up-to-date: /home/ncpa/tr1200_ws/install/tr1200_base/share/tr1200_base/local_setup.zsh
[2.604s] -- Up-to-date: /home/ncpa/tr1200_ws/install/tr1200_base/share/tr1200_base/local_setup.dsv
[2.605s] -- Installing: /home/ncpa/tr1200_ws/install/tr1200_base/share/tr1200_base/package.dsv
[2.609s] -- Up-to-date: /home/ncpa/tr1200_ws/install/tr1200_base/share/ament_index/resource_index/packages/tr1200_base
[2.610s] -- Up-to-date: /home/ncpa/tr1200_ws/install/tr1200_base/share/ament_index/resource_index/hardware_interface__pluginlib__plugin/tr1200_base
[2.612s] -- Up-to-date: /home/ncpa/tr1200_ws/install/tr1200_base/share/tr1200_base/cmake/tr1200_baseConfig.cmake
[2.615s] -- Up-to-date: /home/ncpa/tr1200_ws/install/tr1200_base/share/tr1200_base/cmake/tr1200_baseConfig-version.cmake
[2.616s] -- Up-to-date: /home/ncpa/tr1200_ws/install/tr1200_base/share/tr1200_base/package.xml
[2.635s] Invoked command in '/home/ncpa/tr1200_ws/build/tr1200_base' returned '0': CMAKE_PREFIX_PATH=${CMAKE_PREFIX_PATH}:/home/ncpa/tr1200_ws/install/tr1200_modules:/home/ncpa/tr1200_ws/install/tr1200_WASD:/opt/ros/humble /usr/bin/cmake --install /home/ncpa/tr1200_ws/build/tr1200_base
