[0.027s] Invoking command in '/home/ncpa/tr1200_ws/build/tr1200_control': AMENT_PREFIX_PATH=/home/ncpa/tr1200_ws/install/tr1200_description:/home/ncpa/tr1200_ws/install/tr1200_modules:/home/ncpa/tr1200_ws/install/tr1200_base:${AMENT_PREFIX_PATH} CMAKE_PREFIX_PATH=/home/ncpa/tr1200_ws/install/tr1200_description:/home/ncpa/tr1200_ws/install/tr1200_base:/opt/ros/humble LD_LIBRARY_PATH=/home/ncpa/tr1200_ws/install/tr1200_base/lib:${LD_LIBRARY_PATH} PYTHONPATH=/home/ncpa/tr1200_ws/install/tr1200_modules/lib/python3.10/site-packages:${PYTHONPATH} /usr/bin/cmake /home/ncpa/tr1200_ws/tr1200_ros/tr1200_control -DCMAKE_INSTALL_PREFIX=/home/ncpa/tr1200_ws/install/tr1200_control
[0.220s] -- The C compiler identification is GNU 11.4.0
[0.424s] -- The CXX compiler identification is GNU 11.4.0
[0.442s] -- Detecting C compiler ABI info
[0.671s] -- Detecting C compiler ABI info - done
[0.697s] -- Check for working C compiler: /usr/bin/cc - skipped
[0.697s] -- Detecting C compile features
[0.699s] -- Detecting C compile features - done
[0.707s] -- Detecting CXX compiler ABI info
[1.014s] -- Detecting CXX compiler ABI info - done
[1.041s] -- Check for working CXX compiler: /usr/bin/c++ - skipped
[1.042s] -- Detecting CXX compile features
[1.044s] -- Detecting CXX compile features - done
[1.049s] -- Found ament_cmake: 1.3.10 (/opt/ros/humble/share/ament_cmake/cmake)
[1.535s] -- Found Python3: /usr/bin/python3 (found version "3.10.12") found components: Interpreter 
[1.807s] -- Found ament_lint_auto: 0.12.11 (/opt/ros/humble/share/ament_lint_auto/cmake)
[2.066s] -- Added test 'copyright' to check source files copyright and LICENSE
[2.071s] -- Added test 'flake8' to check Python code syntax and style conventions
[2.073s] -- Added test 'lint_cmake' to check CMake code style
[2.074s] -- Added test 'pep257' to check Python code against some of the docstring style conventions in PEP 257
[2.077s] -- Added test 'xmllint' to check XML markup files
[2.081s] -- Configuring done
[2.089s] -- Generating done
[2.117s] -- Build files have been written to: /home/ncpa/tr1200_ws/build/tr1200_control
[2.132s] Invoked command in '/home/ncpa/tr1200_ws/build/tr1200_control' returned '0': AMENT_PREFIX_PATH=/home/ncpa/tr1200_ws/install/tr1200_description:/home/ncpa/tr1200_ws/install/tr1200_modules:/home/ncpa/tr1200_ws/install/tr1200_base:${AMENT_PREFIX_PATH} CMAKE_PREFIX_PATH=/home/ncpa/tr1200_ws/install/tr1200_description:/home/ncpa/tr1200_ws/install/tr1200_base:/opt/ros/humble LD_LIBRARY_PATH=/home/ncpa/tr1200_ws/install/tr1200_base/lib:${LD_LIBRARY_PATH} PYTHONPATH=/home/ncpa/tr1200_ws/install/tr1200_modules/lib/python3.10/site-packages:${PYTHONPATH} /usr/bin/cmake /home/ncpa/tr1200_ws/tr1200_ros/tr1200_control -DCMAKE_INSTALL_PREFIX=/home/ncpa/tr1200_ws/install/tr1200_control
[2.137s] Invoking command in '/home/ncpa/tr1200_ws/build/tr1200_control': AMENT_PREFIX_PATH=/home/ncpa/tr1200_ws/install/tr1200_description:/home/ncpa/tr1200_ws/install/tr1200_modules:/home/ncpa/tr1200_ws/install/tr1200_base:${AMENT_PREFIX_PATH} CMAKE_PREFIX_PATH=/home/ncpa/tr1200_ws/install/tr1200_description:/home/ncpa/tr1200_ws/install/tr1200_base:/opt/ros/humble LD_LIBRARY_PATH=/home/ncpa/tr1200_ws/install/tr1200_base/lib:${LD_LIBRARY_PATH} PYTHONPATH=/home/ncpa/tr1200_ws/install/tr1200_modules/lib/python3.10/site-packages:${PYTHONPATH} /usr/bin/cmake --build /home/ncpa/tr1200_ws/build/tr1200_control -- -j4 -l4
[2.241s] Invoked command in '/home/ncpa/tr1200_ws/build/tr1200_control' returned '0': AMENT_PREFIX_PATH=/home/ncpa/tr1200_ws/install/tr1200_description:/home/ncpa/tr1200_ws/install/tr1200_modules:/home/ncpa/tr1200_ws/install/tr1200_base:${AMENT_PREFIX_PATH} CMAKE_PREFIX_PATH=/home/ncpa/tr1200_ws/install/tr1200_description:/home/ncpa/tr1200_ws/install/tr1200_base:/opt/ros/humble LD_LIBRARY_PATH=/home/ncpa/tr1200_ws/install/tr1200_base/lib:${LD_LIBRARY_PATH} PYTHONPATH=/home/ncpa/tr1200_ws/install/tr1200_modules/lib/python3.10/site-packages:${PYTHONPATH} /usr/bin/cmake --build /home/ncpa/tr1200_ws/build/tr1200_control -- -j4 -l4
[2.302s] Invoking command in '/home/ncpa/tr1200_ws/build/tr1200_control': AMENT_PREFIX_PATH=/home/ncpa/tr1200_ws/install/tr1200_description:/home/ncpa/tr1200_ws/install/tr1200_modules:/home/ncpa/tr1200_ws/install/tr1200_base:${AMENT_PREFIX_PATH} CMAKE_PREFIX_PATH=/home/ncpa/tr1200_ws/install/tr1200_description:/home/ncpa/tr1200_ws/install/tr1200_base:/opt/ros/humble LD_LIBRARY_PATH=/home/ncpa/tr1200_ws/install/tr1200_base/lib:${LD_LIBRARY_PATH} PYTHONPATH=/home/ncpa/tr1200_ws/install/tr1200_modules/lib/python3.10/site-packages:${PYTHONPATH} /usr/bin/cmake --install /home/ncpa/tr1200_ws/build/tr1200_control
[2.321s] -- Install configuration: ""
[2.322s] -- Installing: /home/ncpa/tr1200_ws/install/tr1200_control/share/tr1200_control/config
[2.322s] -- Installing: /home/ncpa/tr1200_ws/install/tr1200_control/share/tr1200_control/config/tr1200_controllers.yaml
[2.322s] -- Installing: /home/ncpa/tr1200_ws/install/tr1200_control/share/tr1200_control/launch
[2.323s] -- Installing: /home/ncpa/tr1200_ws/install/tr1200_control/share/tr1200_control/launch/control.launch.py
[2.323s] -- Installing: /home/ncpa/tr1200_ws/install/tr1200_control/share/ament_index/resource_index/package_run_dependencies/tr1200_control
[2.324s] -- Installing: /home/ncpa/tr1200_ws/install/tr1200_control/share/ament_index/resource_index/parent_prefix_path/tr1200_control
[2.324s] -- Installing: /home/ncpa/tr1200_ws/install/tr1200_control/share/tr1200_control/environment/ament_prefix_path.sh
[2.325s] -- Installing: /home/ncpa/tr1200_ws/install/tr1200_control/share/tr1200_control/environment/ament_prefix_path.dsv
[2.325s] -- Installing: /home/ncpa/tr1200_ws/install/tr1200_control/share/tr1200_control/environment/path.sh
[2.325s] -- Installing: /home/ncpa/tr1200_ws/install/tr1200_control/share/tr1200_control/environment/path.dsv
[2.326s] -- Installing: /home/ncpa/tr1200_ws/install/tr1200_control/share/tr1200_control/local_setup.bash
[2.326s] -- Installing: /home/ncpa/tr1200_ws/install/tr1200_control/share/tr1200_control/local_setup.sh
[2.326s] -- Installing: /home/ncpa/tr1200_ws/install/tr1200_control/share/tr1200_control/local_setup.zsh
[2.327s] -- Installing: /home/ncpa/tr1200_ws/install/tr1200_control/share/tr1200_control/local_setup.dsv
[2.327s] -- Installing: /home/ncpa/tr1200_ws/install/tr1200_control/share/tr1200_control/package.dsv
[2.328s] -- Installing: /home/ncpa/tr1200_ws/install/tr1200_control/share/ament_index/resource_index/packages/tr1200_control
[2.328s] -- Installing: /home/ncpa/tr1200_ws/install/tr1200_control/share/tr1200_control/cmake/tr1200_controlConfig.cmake
[2.329s] -- Installing: /home/ncpa/tr1200_ws/install/tr1200_control/share/tr1200_control/cmake/tr1200_controlConfig-version.cmake
[2.329s] -- Installing: /home/ncpa/tr1200_ws/install/tr1200_control/share/tr1200_control/package.xml
[2.334s] Invoked command in '/home/ncpa/tr1200_ws/build/tr1200_control' returned '0': AMENT_PREFIX_PATH=/home/ncpa/tr1200_ws/install/tr1200_description:/home/ncpa/tr1200_ws/install/tr1200_modules:/home/ncpa/tr1200_ws/install/tr1200_base:${AMENT_PREFIX_PATH} CMAKE_PREFIX_PATH=/home/ncpa/tr1200_ws/install/tr1200_description:/home/ncpa/tr1200_ws/install/tr1200_base:/opt/ros/humble LD_LIBRARY_PATH=/home/ncpa/tr1200_ws/install/tr1200_base/lib:${LD_LIBRARY_PATH} PYTHONPATH=/home/ncpa/tr1200_ws/install/tr1200_modules/lib/python3.10/site-packages:${PYTHONPATH} /usr/bin/cmake --install /home/ncpa/tr1200_ws/build/tr1200_control
