[0.370s] DEBUG:colcon:Command line arguments: ['/usr/bin/colcon', 'build']
[0.371s] DEBUG:colcon:Parsed command line arguments: Namespace(log_base=None, log_level=None, verb_name='build', build_base='build', install_base='install', merge_install=False, symlink_install=False, test_result_base=None, continue_on_error=False, executor='parallel', parallel_workers=4, event_handlers=None, ignore_user_meta=False, metas=['./colcon.meta'], base_paths=['.'], packages_ignore=None, packages_ignore_regex=None, paths=None, packages_up_to=None, packages_up_to_regex=None, packages_above=None, packages_above_and_dependencies=None, packages_above_depth=None, packages_select_by_dep=None, packages_skip_by_dep=None, packages_skip_up_to=None, packages_select_build_failed=False, packages_skip_build_finished=False, packages_select_test_failures=False, packages_skip_test_passed=False, packages_select=None, packages_skip=None, packages_select_regex=None, packages_skip_regex=None, packages_start=None, packages_end=None, allow_overriding=[], cmake_args=None, cmake_target=None, cmake_target_skip_unavailable=False, cmake_clean_cache=False, cmake_clean_first=False, cmake_force_configure=False, ament_cmake_args=None, catkin_cmake_args=None, catkin_skip_building_tests=False, mixin_files=None, mixin=None, verb_parser=<colcon_mixin.mixin.mixin_argument.MixinArgumentDecorator object at 0x7c8fc8c11270>, verb_extension=<colcon_core.verb.build.BuildVerb object at 0x7c8fc8d7e710>, main=<bound method BuildVerb.main of <colcon_core.verb.build.BuildVerb object at 0x7c8fc8d7e710>>, mixin_verb=('build',))
[0.866s] Level 1:colcon.colcon_core.package_discovery:discover_packages(colcon_meta) check parameters
[0.867s] Level 1:colcon.colcon_core.package_discovery:discover_packages(recursive) check parameters
[0.867s] Level 1:colcon.colcon_core.package_discovery:discover_packages(ignore) check parameters
[0.867s] Level 1:colcon.colcon_core.package_discovery:discover_packages(path) check parameters
[0.867s] Level 1:colcon.colcon_core.package_discovery:discover_packages(colcon_meta) discover
[0.867s] Level 1:colcon.colcon_core.package_discovery:discover_packages(recursive) discover
[0.867s] INFO:colcon.colcon_core.package_discovery:Crawling recursively for packages in '/home/ncpa/tr1200_ws'
[0.868s] Level 1:colcon.colcon_core.package_identification:_identify(.) by extensions ['ignore', 'ignore_ament_install']
[0.868s] Level 1:colcon.colcon_core.package_identification:_identify(.) by extension 'ignore'
[0.868s] Level 1:colcon.colcon_core.package_identification:_identify(.) by extension 'ignore_ament_install'
[0.868s] Level 1:colcon.colcon_core.package_identification:_identify(.) by extensions ['colcon_pkg']
[0.869s] Level 1:colcon.colcon_core.package_identification:_identify(.) by extension 'colcon_pkg'
[0.869s] Level 1:colcon.colcon_core.package_identification:_identify(.) by extensions ['colcon_meta']
[0.869s] Level 1:colcon.colcon_core.package_identification:_identify(.) by extension 'colcon_meta'
[0.869s] Level 1:colcon.colcon_core.package_identification:_identify(.) by extensions ['ros']
[0.869s] Level 1:colcon.colcon_core.package_identification:_identify(.) by extension 'ros'
[0.907s] Level 1:colcon.colcon_core.package_identification:_identify(.) by extensions ['cmake', 'python']
[0.907s] Level 1:colcon.colcon_core.package_identification:_identify(.) by extension 'cmake'
[0.907s] Level 1:colcon.colcon_core.package_identification:_identify(.) by extension 'python'
[0.908s] Level 1:colcon.colcon_core.package_identification:_identify(.) by extensions ['python_setup_py']
[0.908s] Level 1:colcon.colcon_core.package_identification:_identify(.) by extension 'python_setup_py'
[0.908s] Level 1:colcon.colcon_core.package_identification:_identify(build) by extensions ['ignore', 'ignore_ament_install']
[0.908s] Level 1:colcon.colcon_core.package_identification:_identify(build) by extension 'ignore'
[0.909s] Level 1:colcon.colcon_core.package_identification:_identify(build) ignored
[0.909s] Level 1:colcon.colcon_core.package_identification:_identify(install) by extensions ['ignore', 'ignore_ament_install']
[0.909s] Level 1:colcon.colcon_core.package_identification:_identify(install) by extension 'ignore'
[0.910s] Level 1:colcon.colcon_core.package_identification:_identify(install) ignored
[0.910s] Level 1:colcon.colcon_core.package_identification:_identify(log) by extensions ['ignore', 'ignore_ament_install']
[0.910s] Level 1:colcon.colcon_core.package_identification:_identify(log) by extension 'ignore'
[0.910s] Level 1:colcon.colcon_core.package_identification:_identify(log) ignored
[0.911s] Level 1:colcon.colcon_core.package_identification:_identify(src) by extensions ['ignore', 'ignore_ament_install']
[0.911s] Level 1:colcon.colcon_core.package_identification:_identify(src) by extension 'ignore'
[0.911s] Level 1:colcon.colcon_core.package_identification:_identify(src) by extension 'ignore_ament_install'
[0.911s] Level 1:colcon.colcon_core.package_identification:_identify(src) by extensions ['colcon_pkg']
[0.912s] Level 1:colcon.colcon_core.package_identification:_identify(src) by extension 'colcon_pkg'
[0.912s] Level 1:colcon.colcon_core.package_identification:_identify(src) by extensions ['colcon_meta']
[0.912s] Level 1:colcon.colcon_core.package_identification:_identify(src) by extension 'colcon_meta'
[0.912s] Level 1:colcon.colcon_core.package_identification:_identify(src) by extensions ['ros']
[0.912s] Level 1:colcon.colcon_core.package_identification:_identify(src) by extension 'ros'
[0.912s] Level 1:colcon.colcon_core.package_identification:_identify(src) by extensions ['cmake', 'python']
[0.912s] Level 1:colcon.colcon_core.package_identification:_identify(src) by extension 'cmake'
[0.913s] Level 1:colcon.colcon_core.package_identification:_identify(src) by extension 'python'
[0.913s] Level 1:colcon.colcon_core.package_identification:_identify(src) by extensions ['python_setup_py']
[0.913s] Level 1:colcon.colcon_core.package_identification:_identify(src) by extension 'python_setup_py'
[0.913s] Level 1:colcon.colcon_core.package_identification:_identify(tr1200_ros) by extensions ['ignore', 'ignore_ament_install']
[0.914s] Level 1:colcon.colcon_core.package_identification:_identify(tr1200_ros) by extension 'ignore'
[0.914s] Level 1:colcon.colcon_core.package_identification:_identify(tr1200_ros) by extension 'ignore_ament_install'
[0.914s] Level 1:colcon.colcon_core.package_identification:_identify(tr1200_ros) by extensions ['colcon_pkg']
[0.914s] Level 1:colcon.colcon_core.package_identification:_identify(tr1200_ros) by extension 'colcon_pkg'
[0.914s] Level 1:colcon.colcon_core.package_identification:_identify(tr1200_ros) by extensions ['colcon_meta']
[0.914s] Level 1:colcon.colcon_core.package_identification:_identify(tr1200_ros) by extension 'colcon_meta'
[0.914s] Level 1:colcon.colcon_core.package_identification:_identify(tr1200_ros) by extensions ['ros']
[0.915s] Level 1:colcon.colcon_core.package_identification:_identify(tr1200_ros) by extension 'ros'
[0.915s] Level 1:colcon.colcon_core.package_identification:_identify(tr1200_ros) by extensions ['cmake', 'python']
[0.915s] Level 1:colcon.colcon_core.package_identification:_identify(tr1200_ros) by extension 'cmake'
[0.915s] Level 1:colcon.colcon_core.package_identification:_identify(tr1200_ros) by extension 'python'
[0.915s] Level 1:colcon.colcon_core.package_identification:_identify(tr1200_ros) by extensions ['python_setup_py']
[0.915s] Level 1:colcon.colcon_core.package_identification:_identify(tr1200_ros) by extension 'python_setup_py'
[0.916s] Level 1:colcon.colcon_core.package_identification:_identify(tr1200_ros/tr1200_base) by extensions ['ignore', 'ignore_ament_install']
[0.916s] Level 1:colcon.colcon_core.package_identification:_identify(tr1200_ros/tr1200_base) by extension 'ignore'
[0.916s] Level 1:colcon.colcon_core.package_identification:_identify(tr1200_ros/tr1200_base) by extension 'ignore_ament_install'
[0.916s] Level 1:colcon.colcon_core.package_identification:_identify(tr1200_ros/tr1200_base) by extensions ['colcon_pkg']
[0.917s] Level 1:colcon.colcon_core.package_identification:_identify(tr1200_ros/tr1200_base) by extension 'colcon_pkg'
[0.917s] Level 1:colcon.colcon_core.package_identification:_identify(tr1200_ros/tr1200_base) by extensions ['colcon_meta']
[0.917s] Level 1:colcon.colcon_core.package_identification:_identify(tr1200_ros/tr1200_base) by extension 'colcon_meta'
[0.917s] Level 1:colcon.colcon_core.package_identification:_identify(tr1200_ros/tr1200_base) by extensions ['ros']
[0.917s] Level 1:colcon.colcon_core.package_identification:_identify(tr1200_ros/tr1200_base) by extension 'ros'
[0.930s] DEBUG:colcon.colcon_core.package_identification:Package 'tr1200_ros/tr1200_base' with type 'ros.ament_cmake' and name 'tr1200_base'
[0.931s] Level 1:colcon.colcon_core.package_identification:_identify(tr1200_ros/tr1200_control) by extensions ['ignore', 'ignore_ament_install']
[0.931s] Level 1:colcon.colcon_core.package_identification:_identify(tr1200_ros/tr1200_control) by extension 'ignore'
[0.931s] Level 1:colcon.colcon_core.package_identification:_identify(tr1200_ros/tr1200_control) by extension 'ignore_ament_install'
[0.932s] Level 1:colcon.colcon_core.package_identification:_identify(tr1200_ros/tr1200_control) by extensions ['colcon_pkg']
[0.932s] Level 1:colcon.colcon_core.package_identification:_identify(tr1200_ros/tr1200_control) by extension 'colcon_pkg'
[0.932s] Level 1:colcon.colcon_core.package_identification:_identify(tr1200_ros/tr1200_control) by extensions ['colcon_meta']
[0.932s] Level 1:colcon.colcon_core.package_identification:_identify(tr1200_ros/tr1200_control) by extension 'colcon_meta'
[0.932s] Level 1:colcon.colcon_core.package_identification:_identify(tr1200_ros/tr1200_control) by extensions ['ros']
[0.932s] Level 1:colcon.colcon_core.package_identification:_identify(tr1200_ros/tr1200_control) by extension 'ros'
[0.936s] DEBUG:colcon.colcon_core.package_identification:Package 'tr1200_ros/tr1200_control' with type 'ros.ament_cmake' and name 'tr1200_control'
[0.937s] Level 1:colcon.colcon_core.package_identification:_identify(tr1200_ros/tr1200_description) by extensions ['ignore', 'ignore_ament_install']
[0.937s] Level 1:colcon.colcon_core.package_identification:_identify(tr1200_ros/tr1200_description) by extension 'ignore'
[0.937s] Level 1:colcon.colcon_core.package_identification:_identify(tr1200_ros/tr1200_description) by extension 'ignore_ament_install'
[0.937s] Level 1:colcon.colcon_core.package_identification:_identify(tr1200_ros/tr1200_description) by extensions ['colcon_pkg']
[0.938s] Level 1:colcon.colcon_core.package_identification:_identify(tr1200_ros/tr1200_description) by extension 'colcon_pkg'
[0.938s] Level 1:colcon.colcon_core.package_identification:_identify(tr1200_ros/tr1200_description) by extensions ['colcon_meta']
[0.938s] Level 1:colcon.colcon_core.package_identification:_identify(tr1200_ros/tr1200_description) by extension 'colcon_meta'
[0.938s] Level 1:colcon.colcon_core.package_identification:_identify(tr1200_ros/tr1200_description) by extensions ['ros']
[0.938s] Level 1:colcon.colcon_core.package_identification:_identify(tr1200_ros/tr1200_description) by extension 'ros'
[0.941s] DEBUG:colcon.colcon_core.package_identification:Package 'tr1200_ros/tr1200_description' with type 'ros.ament_cmake' and name 'tr1200_description'
[0.941s] Level 1:colcon.colcon_core.package_identification:_identify(tr1200_ros/tr1200_modules) by extensions ['ignore', 'ignore_ament_install']
[0.942s] Level 1:colcon.colcon_core.package_identification:_identify(tr1200_ros/tr1200_modules) by extension 'ignore'
[0.942s] Level 1:colcon.colcon_core.package_identification:_identify(tr1200_ros/tr1200_modules) by extension 'ignore_ament_install'
[0.942s] Level 1:colcon.colcon_core.package_identification:_identify(tr1200_ros/tr1200_modules) by extensions ['colcon_pkg']
[0.942s] Level 1:colcon.colcon_core.package_identification:_identify(tr1200_ros/tr1200_modules) by extension 'colcon_pkg'
[0.942s] Level 1:colcon.colcon_core.package_identification:_identify(tr1200_ros/tr1200_modules) by extensions ['colcon_meta']
[0.942s] Level 1:colcon.colcon_core.package_identification:_identify(tr1200_ros/tr1200_modules) by extension 'colcon_meta'
[0.943s] Level 1:colcon.colcon_core.package_identification:_identify(tr1200_ros/tr1200_modules) by extensions ['ros']
[0.943s] Level 1:colcon.colcon_core.package_identification:_identify(tr1200_ros/tr1200_modules) by extension 'ros'
[0.945s] DEBUG:colcon.colcon_core.package_identification:Package 'tr1200_ros/tr1200_modules' with type 'ros.ament_python' and name 'tr1200_modules'
[0.945s] Level 1:colcon.colcon_core.package_identification:_identify(tr1200_ros/tr1200_ros) by extensions ['ignore', 'ignore_ament_install']
[0.945s] Level 1:colcon.colcon_core.package_identification:_identify(tr1200_ros/tr1200_ros) by extension 'ignore'
[0.946s] Level 1:colcon.colcon_core.package_identification:_identify(tr1200_ros/tr1200_ros) by extension 'ignore_ament_install'
[0.946s] Level 1:colcon.colcon_core.package_identification:_identify(tr1200_ros/tr1200_ros) by extensions ['colcon_pkg']
[0.946s] Level 1:colcon.colcon_core.package_identification:_identify(tr1200_ros/tr1200_ros) by extension 'colcon_pkg'
[0.946s] Level 1:colcon.colcon_core.package_identification:_identify(tr1200_ros/tr1200_ros) by extensions ['colcon_meta']
[0.946s] Level 1:colcon.colcon_core.package_identification:_identify(tr1200_ros/tr1200_ros) by extension 'colcon_meta'
[0.946s] Level 1:colcon.colcon_core.package_identification:_identify(tr1200_ros/tr1200_ros) by extensions ['ros']
[0.946s] Level 1:colcon.colcon_core.package_identification:_identify(tr1200_ros/tr1200_ros) by extension 'ros'
[0.949s] DEBUG:colcon.colcon_core.package_identification:Package 'tr1200_ros/tr1200_ros' with type 'ros.ament_cmake' and name 'tr1200_ros'
[0.950s] Level 1:colcon.colcon_core.package_identification:_identify(tr1200_ros/tr1200_teleop) by extensions ['ignore', 'ignore_ament_install']
[0.950s] Level 1:colcon.colcon_core.package_identification:_identify(tr1200_ros/tr1200_teleop) by extension 'ignore'
[0.950s] Level 1:colcon.colcon_core.package_identification:_identify(tr1200_ros/tr1200_teleop) by extension 'ignore_ament_install'
[0.951s] Level 1:colcon.colcon_core.package_identification:_identify(tr1200_ros/tr1200_teleop) by extensions ['colcon_pkg']
[0.951s] Level 1:colcon.colcon_core.package_identification:_identify(tr1200_ros/tr1200_teleop) by extension 'colcon_pkg'
[0.951s] Level 1:colcon.colcon_core.package_identification:_identify(tr1200_ros/tr1200_teleop) by extensions ['colcon_meta']
[0.951s] Level 1:colcon.colcon_core.package_identification:_identify(tr1200_ros/tr1200_teleop) by extension 'colcon_meta'
[0.951s] Level 1:colcon.colcon_core.package_identification:_identify(tr1200_ros/tr1200_teleop) by extensions ['ros']
[0.951s] Level 1:colcon.colcon_core.package_identification:_identify(tr1200_ros/tr1200_teleop) by extension 'ros'
[0.953s] DEBUG:colcon.colcon_core.package_identification:Package 'tr1200_ros/tr1200_teleop' with type 'ros.ament_cmake' and name 'tr1200_teleop'
[0.953s] Level 1:colcon.colcon_core.package_discovery:discover_packages(recursive) using defaults
[0.954s] Level 1:colcon.colcon_core.package_discovery:discover_packages(ignore) discover
[0.954s] Level 1:colcon.colcon_core.package_discovery:discover_packages(ignore) using defaults
[0.954s] Level 1:colcon.colcon_core.package_discovery:discover_packages(path) discover
[0.954s] Level 1:colcon.colcon_core.package_discovery:discover_packages(path) using defaults
[1.023s] Level 1:colcon.colcon_core.package_discovery:discover_packages(prefix_path) check parameters
[1.023s] Level 1:colcon.colcon_core.package_discovery:discover_packages(prefix_path) discover
[1.026s] Level 1:colcon.colcon_core.package_discovery:discover_packages(prefix_path) using defaults
[1.031s] Level 5:colcon.colcon_core.verb:set package 'tr1200_base' build argument 'cmake_args' from command line to 'None'
[1.031s] Level 5:colcon.colcon_core.verb:set package 'tr1200_base' build argument 'cmake_target' from command line to 'None'
[1.031s] Level 5:colcon.colcon_core.verb:set package 'tr1200_base' build argument 'cmake_target_skip_unavailable' from command line to 'False'
[1.031s] Level 5:colcon.colcon_core.verb:set package 'tr1200_base' build argument 'cmake_clean_cache' from command line to 'False'
[1.031s] Level 5:colcon.colcon_core.verb:set package 'tr1200_base' build argument 'cmake_clean_first' from command line to 'False'
[1.032s] Level 5:colcon.colcon_core.verb:set package 'tr1200_base' build argument 'cmake_force_configure' from command line to 'False'
[1.032s] Level 5:colcon.colcon_core.verb:set package 'tr1200_base' build argument 'ament_cmake_args' from command line to 'None'
[1.032s] Level 5:colcon.colcon_core.verb:set package 'tr1200_base' build argument 'catkin_cmake_args' from command line to 'None'
[1.032s] Level 5:colcon.colcon_core.verb:set package 'tr1200_base' build argument 'catkin_skip_building_tests' from command line to 'False'
[1.032s] DEBUG:colcon.colcon_core.verb:Building package 'tr1200_base' with the following arguments: {'ament_cmake_args': None, 'build_base': '/home/ncpa/tr1200_ws/build/tr1200_base', 'catkin_cmake_args': None, 'catkin_skip_building_tests': False, 'cmake_args': None, 'cmake_clean_cache': False, 'cmake_clean_first': False, 'cmake_force_configure': False, 'cmake_target': None, 'cmake_target_skip_unavailable': False, 'install_base': '/home/ncpa/tr1200_ws/install/tr1200_base', 'merge_install': False, 'path': '/home/ncpa/tr1200_ws/tr1200_ros/tr1200_base', 'symlink_install': False, 'test_result_base': None}
[1.033s] Level 5:colcon.colcon_core.verb:set package 'tr1200_modules' build argument 'cmake_args' from command line to 'None'
[1.034s] Level 5:colcon.colcon_core.verb:set package 'tr1200_modules' build argument 'cmake_target' from command line to 'None'
[1.034s] Level 5:colcon.colcon_core.verb:set package 'tr1200_modules' build argument 'cmake_target_skip_unavailable' from command line to 'False'
[1.034s] Level 5:colcon.colcon_core.verb:set package 'tr1200_modules' build argument 'cmake_clean_cache' from command line to 'False'
[1.034s] Level 5:colcon.colcon_core.verb:set package 'tr1200_modules' build argument 'cmake_clean_first' from command line to 'False'
[1.034s] Level 5:colcon.colcon_core.verb:set package 'tr1200_modules' build argument 'cmake_force_configure' from command line to 'False'
[1.034s] Level 5:colcon.colcon_core.verb:set package 'tr1200_modules' build argument 'ament_cmake_args' from command line to 'None'
[1.034s] Level 5:colcon.colcon_core.verb:set package 'tr1200_modules' build argument 'catkin_cmake_args' from command line to 'None'
[1.034s] Level 5:colcon.colcon_core.verb:set package 'tr1200_modules' build argument 'catkin_skip_building_tests' from command line to 'False'
[1.034s] DEBUG:colcon.colcon_core.verb:Building package 'tr1200_modules' with the following arguments: {'ament_cmake_args': None, 'build_base': '/home/ncpa/tr1200_ws/build/tr1200_modules', 'catkin_cmake_args': None, 'catkin_skip_building_tests': False, 'cmake_args': None, 'cmake_clean_cache': False, 'cmake_clean_first': False, 'cmake_force_configure': False, 'cmake_target': None, 'cmake_target_skip_unavailable': False, 'install_base': '/home/ncpa/tr1200_ws/install/tr1200_modules', 'merge_install': False, 'path': '/home/ncpa/tr1200_ws/tr1200_ros/tr1200_modules', 'symlink_install': False, 'test_result_base': None}
[1.036s] Level 5:colcon.colcon_core.verb:set package 'tr1200_teleop' build argument 'cmake_args' from command line to 'None'
[1.036s] Level 5:colcon.colcon_core.verb:set package 'tr1200_teleop' build argument 'cmake_target' from command line to 'None'
[1.036s] Level 5:colcon.colcon_core.verb:set package 'tr1200_teleop' build argument 'cmake_target_skip_unavailable' from command line to 'False'
[1.036s] Level 5:colcon.colcon_core.verb:set package 'tr1200_teleop' build argument 'cmake_clean_cache' from command line to 'False'
[1.036s] Level 5:colcon.colcon_core.verb:set package 'tr1200_teleop' build argument 'cmake_clean_first' from command line to 'False'
[1.036s] Level 5:colcon.colcon_core.verb:set package 'tr1200_teleop' build argument 'cmake_force_configure' from command line to 'False'
[1.036s] Level 5:colcon.colcon_core.verb:set package 'tr1200_teleop' build argument 'ament_cmake_args' from command line to 'None'
[1.036s] Level 5:colcon.colcon_core.verb:set package 'tr1200_teleop' build argument 'catkin_cmake_args' from command line to 'None'
[1.037s] Level 5:colcon.colcon_core.verb:set package 'tr1200_teleop' build argument 'catkin_skip_building_tests' from command line to 'False'
[1.037s] DEBUG:colcon.colcon_core.verb:Building package 'tr1200_teleop' with the following arguments: {'ament_cmake_args': None, 'build_base': '/home/ncpa/tr1200_ws/build/tr1200_teleop', 'catkin_cmake_args': None, 'catkin_skip_building_tests': False, 'cmake_args': None, 'cmake_clean_cache': False, 'cmake_clean_first': False, 'cmake_force_configure': False, 'cmake_target': None, 'cmake_target_skip_unavailable': False, 'install_base': '/home/ncpa/tr1200_ws/install/tr1200_teleop', 'merge_install': False, 'path': '/home/ncpa/tr1200_ws/tr1200_ros/tr1200_teleop', 'symlink_install': False, 'test_result_base': None}
[1.038s] Level 5:colcon.colcon_core.verb:set package 'tr1200_description' build argument 'cmake_args' from command line to 'None'
[1.038s] Level 5:colcon.colcon_core.verb:set package 'tr1200_description' build argument 'cmake_target' from command line to 'None'
[1.038s] Level 5:colcon.colcon_core.verb:set package 'tr1200_description' build argument 'cmake_target_skip_unavailable' from command line to 'False'
[1.039s] Level 5:colcon.colcon_core.verb:set package 'tr1200_description' build argument 'cmake_clean_cache' from command line to 'False'
[1.039s] Level 5:colcon.colcon_core.verb:set package 'tr1200_description' build argument 'cmake_clean_first' from command line to 'False'
[1.039s] Level 5:colcon.colcon_core.verb:set package 'tr1200_description' build argument 'cmake_force_configure' from command line to 'False'
[1.039s] Level 5:colcon.colcon_core.verb:set package 'tr1200_description' build argument 'ament_cmake_args' from command line to 'None'
[1.039s] Level 5:colcon.colcon_core.verb:set package 'tr1200_description' build argument 'catkin_cmake_args' from command line to 'None'
[1.039s] Level 5:colcon.colcon_core.verb:set package 'tr1200_description' build argument 'catkin_skip_building_tests' from command line to 'False'
[1.039s] DEBUG:colcon.colcon_core.verb:Building package 'tr1200_description' with the following arguments: {'ament_cmake_args': None, 'build_base': '/home/ncpa/tr1200_ws/build/tr1200_description', 'catkin_cmake_args': None, 'catkin_skip_building_tests': False, 'cmake_args': None, 'cmake_clean_cache': False, 'cmake_clean_first': False, 'cmake_force_configure': False, 'cmake_target': None, 'cmake_target_skip_unavailable': False, 'install_base': '/home/ncpa/tr1200_ws/install/tr1200_description', 'merge_install': False, 'path': '/home/ncpa/tr1200_ws/tr1200_ros/tr1200_description', 'symlink_install': False, 'test_result_base': None}
[1.041s] Level 5:colcon.colcon_core.verb:set package 'tr1200_control' build argument 'cmake_args' from command line to 'None'
[1.041s] Level 5:colcon.colcon_core.verb:set package 'tr1200_control' build argument 'cmake_target' from command line to 'None'
[1.041s] Level 5:colcon.colcon_core.verb:set package 'tr1200_control' build argument 'cmake_target_skip_unavailable' from command line to 'False'
[1.041s] Level 5:colcon.colcon_core.verb:set package 'tr1200_control' build argument 'cmake_clean_cache' from command line to 'False'
[1.041s] Level 5:colcon.colcon_core.verb:set package 'tr1200_control' build argument 'cmake_clean_first' from command line to 'False'
[1.041s] Level 5:colcon.colcon_core.verb:set package 'tr1200_control' build argument 'cmake_force_configure' from command line to 'False'
[1.041s] Level 5:colcon.colcon_core.verb:set package 'tr1200_control' build argument 'ament_cmake_args' from command line to 'None'
[1.041s] Level 5:colcon.colcon_core.verb:set package 'tr1200_control' build argument 'catkin_cmake_args' from command line to 'None'
[1.041s] Level 5:colcon.colcon_core.verb:set package 'tr1200_control' build argument 'catkin_skip_building_tests' from command line to 'False'
[1.041s] DEBUG:colcon.colcon_core.verb:Building package 'tr1200_control' with the following arguments: {'ament_cmake_args': None, 'build_base': '/home/ncpa/tr1200_ws/build/tr1200_control', 'catkin_cmake_args': None, 'catkin_skip_building_tests': False, 'cmake_args': None, 'cmake_clean_cache': False, 'cmake_clean_first': False, 'cmake_force_configure': False, 'cmake_target': None, 'cmake_target_skip_unavailable': False, 'install_base': '/home/ncpa/tr1200_ws/install/tr1200_control', 'merge_install': False, 'path': '/home/ncpa/tr1200_ws/tr1200_ros/tr1200_control', 'symlink_install': False, 'test_result_base': None}
[1.043s] Level 5:colcon.colcon_core.verb:set package 'tr1200_ros' build argument 'cmake_args' from command line to 'None'
[1.043s] Level 5:colcon.colcon_core.verb:set package 'tr1200_ros' build argument 'cmake_target' from command line to 'None'
[1.043s] Level 5:colcon.colcon_core.verb:set package 'tr1200_ros' build argument 'cmake_target_skip_unavailable' from command line to 'False'
[1.043s] Level 5:colcon.colcon_core.verb:set package 'tr1200_ros' build argument 'cmake_clean_cache' from command line to 'False'
[1.043s] Level 5:colcon.colcon_core.verb:set package 'tr1200_ros' build argument 'cmake_clean_first' from command line to 'False'
[1.043s] Level 5:colcon.colcon_core.verb:set package 'tr1200_ros' build argument 'cmake_force_configure' from command line to 'False'
[1.044s] Level 5:colcon.colcon_core.verb:set package 'tr1200_ros' build argument 'ament_cmake_args' from command line to 'None'
[1.044s] Level 5:colcon.colcon_core.verb:set package 'tr1200_ros' build argument 'catkin_cmake_args' from command line to 'None'
[1.044s] Level 5:colcon.colcon_core.verb:set package 'tr1200_ros' build argument 'catkin_skip_building_tests' from command line to 'False'
[1.044s] DEBUG:colcon.colcon_core.verb:Building package 'tr1200_ros' with the following arguments: {'ament_cmake_args': None, 'build_base': '/home/ncpa/tr1200_ws/build/tr1200_ros', 'catkin_cmake_args': None, 'catkin_skip_building_tests': False, 'cmake_args': None, 'cmake_clean_cache': False, 'cmake_clean_first': False, 'cmake_force_configure': False, 'cmake_target': None, 'cmake_target_skip_unavailable': False, 'install_base': '/home/ncpa/tr1200_ws/install/tr1200_ros', 'merge_install': False, 'path': '/home/ncpa/tr1200_ws/tr1200_ros/tr1200_ros', 'symlink_install': False, 'test_result_base': None}
[1.044s] INFO:colcon.colcon_core.executor:Executing jobs using 'parallel' executor
[1.048s] DEBUG:colcon.colcon_parallel_executor.executor.parallel:run_until_complete
[1.049s] INFO:colcon.colcon_ros.task.ament_python.build:Building ROS package in '/home/ncpa/tr1200_ws/tr1200_ros/tr1200_modules' with build type 'ament_python'
[1.050s] Level 1:colcon.colcon_core.shell:create_environment_hook('tr1200_modules', 'ament_prefix_path')
[1.058s] INFO:colcon.colcon_core.plugin_system:Skipping extension 'colcon_core.shell.bat': Not used on non-Windows systems
[1.059s] INFO:colcon.colcon_core.shell:Creating environment hook '/home/ncpa/tr1200_ws/install/tr1200_modules/share/tr1200_modules/hook/ament_prefix_path.ps1'
[1.089s] INFO:colcon.colcon_core.shell:Creating environment descriptor '/home/ncpa/tr1200_ws/install/tr1200_modules/share/tr1200_modules/hook/ament_prefix_path.dsv'
[1.091s] INFO:colcon.colcon_core.shell:Creating environment hook '/home/ncpa/tr1200_ws/install/tr1200_modules/share/tr1200_modules/hook/ament_prefix_path.sh'
[1.094s] INFO:colcon.colcon_core.shell:Skip shell extension 'powershell' for command environment: Not usable outside of PowerShell
[1.094s] DEBUG:colcon.colcon_core.shell:Skip shell extension 'dsv' for command environment
[1.099s] INFO:colcon.colcon_ros.task.ament_cmake.build:Building ROS package in '/home/ncpa/tr1200_ws/tr1200_ros/tr1200_base' with build type 'ament_cmake'
[1.100s] INFO:colcon.colcon_cmake.task.cmake.build:Building CMake package in '/home/ncpa/tr1200_ws/tr1200_ros/tr1200_base'
[1.101s] INFO:colcon.colcon_core.shell:Skip shell extension 'powershell' for command environment: Not usable outside of PowerShell
[1.102s] DEBUG:colcon.colcon_core.shell:Skip shell extension 'dsv' for command environment
[1.106s] INFO:colcon.colcon_ros.task.ament_cmake.build:Building ROS package in '/home/ncpa/tr1200_ws/tr1200_ros/tr1200_teleop' with build type 'ament_cmake'
[1.107s] INFO:colcon.colcon_cmake.task.cmake.build:Building CMake package in '/home/ncpa/tr1200_ws/tr1200_ros/tr1200_teleop'
[1.107s] INFO:colcon.colcon_core.shell:Skip shell extension 'powershell' for command environment: Not usable outside of PowerShell
[1.108s] DEBUG:colcon.colcon_core.shell:Skip shell extension 'dsv' for command environment
[1.870s] INFO:colcon.colcon_core.task.python.build:Building Python package in '/home/ncpa/tr1200_ws/tr1200_ros/tr1200_modules'
[1.871s] INFO:colcon.colcon_core.shell:Skip shell extension 'powershell' for command environment: Not usable outside of PowerShell
[1.871s] DEBUG:colcon.colcon_core.shell:Skip shell extension 'dsv' for command environment
[1.922s] DEBUG:colcon.colcon_core.event_handler.log_command:Invoking command in '/home/ncpa/tr1200_ws/build/tr1200_base': /usr/bin/cmake --build /home/ncpa/tr1200_ws/build/tr1200_base -- -j4 -l4
[1.935s] DEBUG:colcon.colcon_core.event_handler.log_command:Invoking command in '/home/ncpa/tr1200_ws/build/tr1200_teleop': /usr/bin/cmake --build /home/ncpa/tr1200_ws/build/tr1200_teleop -- -j4 -l4
[2.027s] DEBUG:colcon.colcon_core.event_handler.log_command:Invoked command in '/home/ncpa/tr1200_ws/build/tr1200_teleop' returned '0': /usr/bin/cmake --build /home/ncpa/tr1200_ws/build/tr1200_teleop -- -j4 -l4
[2.105s] DEBUG:colcon.colcon_core.event_handler.log_command:Invoking command in '/home/ncpa/tr1200_ws/build/tr1200_teleop': /usr/bin/cmake --install /home/ncpa/tr1200_ws/build/tr1200_teleop
[2.109s] DEBUG:colcon.colcon_core.event_handler.log_command:Invoked command in '/home/ncpa/tr1200_ws/build/tr1200_base' returned '0': /usr/bin/cmake --build /home/ncpa/tr1200_ws/build/tr1200_base -- -j4 -l4
[2.160s] Level 1:colcon.colcon_core.environment:create_environment_scripts_only(tr1200_teleop)
[2.161s] DEBUG:colcon.colcon_core.event_handler.log_command:Invoked command in '/home/ncpa/tr1200_ws/build/tr1200_teleop' returned '0': /usr/bin/cmake --install /home/ncpa/tr1200_ws/build/tr1200_teleop
[2.171s] Level 1:colcon.colcon_core.environment:checking '/home/ncpa/tr1200_ws/install/tr1200_teleop' for CMake module files
[2.173s] Level 1:colcon.colcon_core.environment:checking '/home/ncpa/tr1200_ws/install/tr1200_teleop' for CMake config files
[2.174s] Level 1:colcon.colcon_core.shell:create_environment_hook('tr1200_teleop', 'cmake_prefix_path')
[2.175s] INFO:colcon.colcon_core.shell:Creating environment hook '/home/ncpa/tr1200_ws/install/tr1200_teleop/share/tr1200_teleop/hook/cmake_prefix_path.ps1'
[2.177s] INFO:colcon.colcon_core.shell:Creating environment descriptor '/home/ncpa/tr1200_ws/install/tr1200_teleop/share/tr1200_teleop/hook/cmake_prefix_path.dsv'
[2.179s] INFO:colcon.colcon_core.shell:Creating environment hook '/home/ncpa/tr1200_ws/install/tr1200_teleop/share/tr1200_teleop/hook/cmake_prefix_path.sh'
[2.183s] Level 1:colcon.colcon_core.environment:checking '/home/ncpa/tr1200_ws/install/tr1200_teleop/bin'
[2.184s] Level 1:colcon.colcon_core.environment:checking '/home/ncpa/tr1200_ws/install/tr1200_teleop/lib/pkgconfig/tr1200_teleop.pc'
[2.185s] Level 1:colcon.colcon_core.environment:checking '/home/ncpa/tr1200_ws/install/tr1200_teleop/lib/python3.10/site-packages'
[2.185s] Level 1:colcon.colcon_core.environment:checking '/home/ncpa/tr1200_ws/install/tr1200_teleop/bin'
[2.187s] INFO:colcon.colcon_core.shell:Creating package script '/home/ncpa/tr1200_ws/install/tr1200_teleop/share/tr1200_teleop/package.ps1'
[2.190s] INFO:colcon.colcon_core.shell:Creating package descriptor '/home/ncpa/tr1200_ws/install/tr1200_teleop/share/tr1200_teleop/package.dsv'
[2.192s] INFO:colcon.colcon_core.shell:Creating package script '/home/ncpa/tr1200_ws/install/tr1200_teleop/share/tr1200_teleop/package.sh'
[2.195s] INFO:colcon.colcon_core.shell:Creating package script '/home/ncpa/tr1200_ws/install/tr1200_teleop/share/tr1200_teleop/package.bash'
[2.198s] INFO:colcon.colcon_core.shell:Creating package script '/home/ncpa/tr1200_ws/install/tr1200_teleop/share/tr1200_teleop/package.zsh'
[2.201s] Level 1:colcon.colcon_core.environment:create_file_with_runtime_dependencies(/home/ncpa/tr1200_ws/install/tr1200_teleop/share/colcon-core/packages/tr1200_teleop)
[2.215s] DEBUG:colcon.colcon_core.event_handler.log_command:Invoking command in '/home/ncpa/tr1200_ws/build/tr1200_base': /usr/bin/cmake --install /home/ncpa/tr1200_ws/build/tr1200_base
[2.244s] Level 1:colcon.colcon_core.environment:create_environment_scripts_only(tr1200_base)
[2.245s] Level 1:colcon.colcon_core.environment:checking '/home/ncpa/tr1200_ws/install/tr1200_base' for CMake module files
[2.251s] DEBUG:colcon.colcon_core.event_handler.log_command:Invoked command in '/home/ncpa/tr1200_ws/build/tr1200_base' returned '0': /usr/bin/cmake --install /home/ncpa/tr1200_ws/build/tr1200_base
[2.252s] Level 1:colcon.colcon_core.environment:checking '/home/ncpa/tr1200_ws/install/tr1200_base' for CMake config files
[2.254s] Level 1:colcon.colcon_core.shell:create_environment_hook('tr1200_base', 'cmake_prefix_path')
[2.255s] INFO:colcon.colcon_core.shell:Creating environment hook '/home/ncpa/tr1200_ws/install/tr1200_base/share/tr1200_base/hook/cmake_prefix_path.ps1'
[2.258s] INFO:colcon.colcon_core.shell:Creating environment descriptor '/home/ncpa/tr1200_ws/install/tr1200_base/share/tr1200_base/hook/cmake_prefix_path.dsv'
[2.260s] INFO:colcon.colcon_core.shell:Creating environment hook '/home/ncpa/tr1200_ws/install/tr1200_base/share/tr1200_base/hook/cmake_prefix_path.sh'
[2.262s] Level 1:colcon.colcon_core.environment:checking '/home/ncpa/tr1200_ws/install/tr1200_base/lib'
[2.263s] Level 1:colcon.colcon_core.shell:create_environment_hook('tr1200_base', 'ld_library_path_lib')
[2.264s] INFO:colcon.colcon_core.shell:Creating environment hook '/home/ncpa/tr1200_ws/install/tr1200_base/share/tr1200_base/hook/ld_library_path_lib.ps1'
[2.266s] INFO:colcon.colcon_core.shell:Creating environment descriptor '/home/ncpa/tr1200_ws/install/tr1200_base/share/tr1200_base/hook/ld_library_path_lib.dsv'
[2.267s] INFO:colcon.colcon_core.shell:Creating environment hook '/home/ncpa/tr1200_ws/install/tr1200_base/share/tr1200_base/hook/ld_library_path_lib.sh'
[2.269s] Level 1:colcon.colcon_core.environment:checking '/home/ncpa/tr1200_ws/install/tr1200_base/bin'
[2.270s] Level 1:colcon.colcon_core.environment:checking '/home/ncpa/tr1200_ws/install/tr1200_base/lib/pkgconfig/tr1200_base.pc'
[2.271s] Level 1:colcon.colcon_core.environment:checking '/home/ncpa/tr1200_ws/install/tr1200_base/lib/python3.10/site-packages'
[2.272s] Level 1:colcon.colcon_core.environment:checking '/home/ncpa/tr1200_ws/install/tr1200_base/bin'
[2.273s] INFO:colcon.colcon_core.shell:Creating package script '/home/ncpa/tr1200_ws/install/tr1200_base/share/tr1200_base/package.ps1'
[2.275s] INFO:colcon.colcon_core.shell:Creating package descriptor '/home/ncpa/tr1200_ws/install/tr1200_base/share/tr1200_base/package.dsv'
[2.277s] INFO:colcon.colcon_core.shell:Creating package script '/home/ncpa/tr1200_ws/install/tr1200_base/share/tr1200_base/package.sh'
[2.279s] INFO:colcon.colcon_core.shell:Creating package script '/home/ncpa/tr1200_ws/install/tr1200_base/share/tr1200_base/package.bash'
[2.281s] INFO:colcon.colcon_core.shell:Creating package script '/home/ncpa/tr1200_ws/install/tr1200_base/share/tr1200_base/package.zsh'
[2.283s] Level 1:colcon.colcon_core.environment:create_file_with_runtime_dependencies(/home/ncpa/tr1200_ws/install/tr1200_base/share/colcon-core/packages/tr1200_base)
[2.288s] Level 1:colcon.colcon_core.environment:create_environment_scripts_only(tr1200_teleop)
[2.290s] Level 1:colcon.colcon_core.environment:checking '/home/ncpa/tr1200_ws/install/tr1200_teleop' for CMake module files
[2.292s] Level 1:colcon.colcon_core.environment:checking '/home/ncpa/tr1200_ws/install/tr1200_teleop' for CMake config files
[2.293s] Level 1:colcon.colcon_core.shell:create_environment_hook('tr1200_teleop', 'cmake_prefix_path')
[2.294s] INFO:colcon.colcon_core.shell:Creating environment hook '/home/ncpa/tr1200_ws/install/tr1200_teleop/share/tr1200_teleop/hook/cmake_prefix_path.ps1'
[2.296s] INFO:colcon.colcon_core.shell:Creating environment descriptor '/home/ncpa/tr1200_ws/install/tr1200_teleop/share/tr1200_teleop/hook/cmake_prefix_path.dsv'
[2.298s] INFO:colcon.colcon_core.shell:Creating environment hook '/home/ncpa/tr1200_ws/install/tr1200_teleop/share/tr1200_teleop/hook/cmake_prefix_path.sh'
[2.301s] Level 1:colcon.colcon_core.environment:checking '/home/ncpa/tr1200_ws/install/tr1200_teleop/bin'
[2.301s] Level 1:colcon.colcon_core.environment:checking '/home/ncpa/tr1200_ws/install/tr1200_teleop/lib/pkgconfig/tr1200_teleop.pc'
[2.302s] Level 1:colcon.colcon_core.environment:checking '/home/ncpa/tr1200_ws/install/tr1200_teleop/lib/python3.10/site-packages'
[2.303s] Level 1:colcon.colcon_core.environment:checking '/home/ncpa/tr1200_ws/install/tr1200_teleop/bin'
[2.304s] INFO:colcon.colcon_core.shell:Creating package script '/home/ncpa/tr1200_ws/install/tr1200_teleop/share/tr1200_teleop/package.ps1'
[2.307s] INFO:colcon.colcon_core.shell:Creating package descriptor '/home/ncpa/tr1200_ws/install/tr1200_teleop/share/tr1200_teleop/package.dsv'
[2.309s] INFO:colcon.colcon_core.shell:Creating package script '/home/ncpa/tr1200_ws/install/tr1200_teleop/share/tr1200_teleop/package.sh'
[2.311s] INFO:colcon.colcon_core.shell:Creating package script '/home/ncpa/tr1200_ws/install/tr1200_teleop/share/tr1200_teleop/package.bash'
[2.313s] INFO:colcon.colcon_core.shell:Creating package script '/home/ncpa/tr1200_ws/install/tr1200_teleop/share/tr1200_teleop/package.zsh'
[2.316s] Level 1:colcon.colcon_core.environment:create_file_with_runtime_dependencies(/home/ncpa/tr1200_ws/install/tr1200_teleop/share/colcon-core/packages/tr1200_teleop)
[2.349s] Level 1:colcon.colcon_core.environment:create_environment_scripts_only(tr1200_base)
[2.350s] Level 1:colcon.colcon_core.environment:checking '/home/ncpa/tr1200_ws/install/tr1200_base' for CMake module files
[2.352s] Level 1:colcon.colcon_core.environment:checking '/home/ncpa/tr1200_ws/install/tr1200_base' for CMake config files
[2.353s] Level 1:colcon.colcon_core.shell:create_environment_hook('tr1200_base', 'cmake_prefix_path')
[2.354s] INFO:colcon.colcon_core.shell:Creating environment hook '/home/ncpa/tr1200_ws/install/tr1200_base/share/tr1200_base/hook/cmake_prefix_path.ps1'
[2.356s] INFO:colcon.colcon_core.shell:Creating environment descriptor '/home/ncpa/tr1200_ws/install/tr1200_base/share/tr1200_base/hook/cmake_prefix_path.dsv'
[2.358s] INFO:colcon.colcon_core.shell:Creating environment hook '/home/ncpa/tr1200_ws/install/tr1200_base/share/tr1200_base/hook/cmake_prefix_path.sh'
[2.361s] Level 1:colcon.colcon_core.environment:checking '/home/ncpa/tr1200_ws/install/tr1200_base/lib'
[2.361s] Level 1:colcon.colcon_core.shell:create_environment_hook('tr1200_base', 'ld_library_path_lib')
[2.362s] INFO:colcon.colcon_core.shell:Creating environment hook '/home/ncpa/tr1200_ws/install/tr1200_base/share/tr1200_base/hook/ld_library_path_lib.ps1'
[2.364s] INFO:colcon.colcon_core.shell:Creating environment descriptor '/home/ncpa/tr1200_ws/install/tr1200_base/share/tr1200_base/hook/ld_library_path_lib.dsv'
[2.366s] INFO:colcon.colcon_core.shell:Creating environment hook '/home/ncpa/tr1200_ws/install/tr1200_base/share/tr1200_base/hook/ld_library_path_lib.sh'
[2.368s] Level 1:colcon.colcon_core.environment:checking '/home/ncpa/tr1200_ws/install/tr1200_base/bin'
[2.368s] Level 1:colcon.colcon_core.environment:checking '/home/ncpa/tr1200_ws/install/tr1200_base/lib/pkgconfig/tr1200_base.pc'
[2.369s] Level 1:colcon.colcon_core.environment:checking '/home/ncpa/tr1200_ws/install/tr1200_base/lib/python3.10/site-packages'
[2.369s] Level 1:colcon.colcon_core.environment:checking '/home/ncpa/tr1200_ws/install/tr1200_base/bin'
[2.371s] INFO:colcon.colcon_core.shell:Creating package script '/home/ncpa/tr1200_ws/install/tr1200_base/share/tr1200_base/package.ps1'
[2.373s] INFO:colcon.colcon_core.shell:Creating package descriptor '/home/ncpa/tr1200_ws/install/tr1200_base/share/tr1200_base/package.dsv'
[2.376s] INFO:colcon.colcon_core.shell:Creating package script '/home/ncpa/tr1200_ws/install/tr1200_base/share/tr1200_base/package.sh'
[2.378s] INFO:colcon.colcon_core.shell:Creating package script '/home/ncpa/tr1200_ws/install/tr1200_base/share/tr1200_base/package.bash'
[2.380s] INFO:colcon.colcon_core.shell:Creating package script '/home/ncpa/tr1200_ws/install/tr1200_base/share/tr1200_base/package.zsh'
[2.382s] Level 1:colcon.colcon_core.environment:create_file_with_runtime_dependencies(/home/ncpa/tr1200_ws/install/tr1200_base/share/colcon-core/packages/tr1200_base)
[3.100s] DEBUG:colcon.colcon_core.event_handler.log_command:Invoking command in '/home/ncpa/tr1200_ws/tr1200_ros/tr1200_modules': PYTHONPATH=/home/ncpa/tr1200_ws/build/tr1200_modules/prefix_override:/usr/lib/python3/dist-packages/colcon_core/task/python/colcon_distutils_commands:/home/ncpa/tr1200_ws/install/tr1200_modules/lib/python3.10/site-packages: /usr/bin/python3 -W ignore:setup.py install is deprecated setup.py egg_info --egg-base ../../build/tr1200_modules build --build-base /home/ncpa/tr1200_ws/build/tr1200_modules/build install --record /home/ncpa/tr1200_ws/build/tr1200_modules/install.log --single-version-externally-managed install_data
[4.048s] Level 1:colcon.colcon_core.environment:checking '/home/ncpa/tr1200_ws/install/tr1200_modules' for CMake module files
[4.049s] DEBUG:colcon.colcon_core.event_handler.log_command:Invoked command in '/home/ncpa/tr1200_ws/tr1200_ros/tr1200_modules' returned '0': PYTHONPATH=/home/ncpa/tr1200_ws/build/tr1200_modules/prefix_override:/usr/lib/python3/dist-packages/colcon_core/task/python/colcon_distutils_commands:/home/ncpa/tr1200_ws/install/tr1200_modules/lib/python3.10/site-packages: /usr/bin/python3 -W ignore:setup.py install is deprecated setup.py egg_info --egg-base ../../build/tr1200_modules build --build-base /home/ncpa/tr1200_ws/build/tr1200_modules/build install --record /home/ncpa/tr1200_ws/build/tr1200_modules/install.log --single-version-externally-managed install_data
[4.050s] Level 1:colcon.colcon_core.environment:checking '/home/ncpa/tr1200_ws/install/tr1200_modules' for CMake config files
[4.052s] Level 1:colcon.colcon_core.environment:checking '/home/ncpa/tr1200_ws/install/tr1200_modules/lib'
[4.052s] Level 1:colcon.colcon_core.environment:checking '/home/ncpa/tr1200_ws/install/tr1200_modules/bin'
[4.053s] Level 1:colcon.colcon_core.environment:checking '/home/ncpa/tr1200_ws/install/tr1200_modules/lib/pkgconfig/tr1200_modules.pc'
[4.053s] Level 1:colcon.colcon_core.environment:checking '/home/ncpa/tr1200_ws/install/tr1200_modules/lib/python3.10/site-packages'
[4.054s] Level 1:colcon.colcon_core.shell:create_environment_hook('tr1200_modules', 'pythonpath')
[4.055s] INFO:colcon.colcon_core.shell:Creating environment hook '/home/ncpa/tr1200_ws/install/tr1200_modules/share/tr1200_modules/hook/pythonpath.ps1'
[4.082s] INFO:colcon.colcon_core.shell:Creating environment descriptor '/home/ncpa/tr1200_ws/install/tr1200_modules/share/tr1200_modules/hook/pythonpath.dsv'
[4.085s] INFO:colcon.colcon_core.shell:Creating environment hook '/home/ncpa/tr1200_ws/install/tr1200_modules/share/tr1200_modules/hook/pythonpath.sh'
[4.089s] Level 1:colcon.colcon_core.environment:checking '/home/ncpa/tr1200_ws/install/tr1200_modules/bin'
[4.090s] Level 1:colcon.colcon_core.environment:create_environment_scripts_only(tr1200_modules)
[4.092s] INFO:colcon.colcon_core.shell:Creating package script '/home/ncpa/tr1200_ws/install/tr1200_modules/share/tr1200_modules/package.ps1'
[4.096s] INFO:colcon.colcon_core.shell:Creating package descriptor '/home/ncpa/tr1200_ws/install/tr1200_modules/share/tr1200_modules/package.dsv'
[4.100s] INFO:colcon.colcon_core.shell:Creating package script '/home/ncpa/tr1200_ws/install/tr1200_modules/share/tr1200_modules/package.sh'
[4.104s] INFO:colcon.colcon_core.shell:Creating package script '/home/ncpa/tr1200_ws/install/tr1200_modules/share/tr1200_modules/package.bash'
[4.107s] INFO:colcon.colcon_core.shell:Creating package script '/home/ncpa/tr1200_ws/install/tr1200_modules/share/tr1200_modules/package.zsh'
[4.110s] Level 1:colcon.colcon_core.environment:create_file_with_runtime_dependencies(/home/ncpa/tr1200_ws/install/tr1200_modules/share/colcon-core/packages/tr1200_modules)
[4.113s] INFO:colcon.colcon_ros.task.ament_cmake.build:Building ROS package in '/home/ncpa/tr1200_ws/tr1200_ros/tr1200_description' with build type 'ament_cmake'
[4.114s] INFO:colcon.colcon_cmake.task.cmake.build:Building CMake package in '/home/ncpa/tr1200_ws/tr1200_ros/tr1200_description'
[4.116s] INFO:colcon.colcon_core.shell:Skip shell extension 'powershell' for command environment: Not usable outside of PowerShell
[4.116s] DEBUG:colcon.colcon_core.shell:Skip shell extension 'dsv' for command environment
[4.141s] DEBUG:colcon.colcon_core.event_handler.log_command:Invoking command in '/home/ncpa/tr1200_ws/build/tr1200_description': AMENT_PREFIX_PATH=/home/ncpa/tr1200_ws/install/tr1200_modules PYTHONPATH=/home/ncpa/tr1200_ws/install/tr1200_modules/lib/python3.10/site-packages /usr/bin/cmake --build /home/ncpa/tr1200_ws/build/tr1200_description -- -j4 -l4
[4.235s] DEBUG:colcon.colcon_core.event_handler.log_command:Invoked command in '/home/ncpa/tr1200_ws/build/tr1200_description' returned '0': AMENT_PREFIX_PATH=/home/ncpa/tr1200_ws/install/tr1200_modules PYTHONPATH=/home/ncpa/tr1200_ws/install/tr1200_modules/lib/python3.10/site-packages /usr/bin/cmake --build /home/ncpa/tr1200_ws/build/tr1200_description -- -j4 -l4
[4.295s] DEBUG:colcon.colcon_core.event_handler.log_command:Invoking command in '/home/ncpa/tr1200_ws/build/tr1200_description': AMENT_PREFIX_PATH=/home/ncpa/tr1200_ws/install/tr1200_modules PYTHONPATH=/home/ncpa/tr1200_ws/install/tr1200_modules/lib/python3.10/site-packages /usr/bin/cmake --install /home/ncpa/tr1200_ws/build/tr1200_description
[4.345s] Level 1:colcon.colcon_core.environment:create_environment_scripts_only(tr1200_description)
[4.347s] Level 1:colcon.colcon_core.environment:checking '/home/ncpa/tr1200_ws/install/tr1200_description' for CMake module files
[4.349s] DEBUG:colcon.colcon_core.event_handler.log_command:Invoked command in '/home/ncpa/tr1200_ws/build/tr1200_description' returned '0': AMENT_PREFIX_PATH=/home/ncpa/tr1200_ws/install/tr1200_modules PYTHONPATH=/home/ncpa/tr1200_ws/install/tr1200_modules/lib/python3.10/site-packages /usr/bin/cmake --install /home/ncpa/tr1200_ws/build/tr1200_description
[4.351s] Level 1:colcon.colcon_core.environment:checking '/home/ncpa/tr1200_ws/install/tr1200_description' for CMake config files
[4.352s] Level 1:colcon.colcon_core.shell:create_environment_hook('tr1200_description', 'cmake_prefix_path')
[4.353s] INFO:colcon.colcon_core.shell:Creating environment hook '/home/ncpa/tr1200_ws/install/tr1200_description/share/tr1200_description/hook/cmake_prefix_path.ps1'
[4.356s] INFO:colcon.colcon_core.shell:Creating environment descriptor '/home/ncpa/tr1200_ws/install/tr1200_description/share/tr1200_description/hook/cmake_prefix_path.dsv'
[4.358s] INFO:colcon.colcon_core.shell:Creating environment hook '/home/ncpa/tr1200_ws/install/tr1200_description/share/tr1200_description/hook/cmake_prefix_path.sh'
[4.361s] Level 1:colcon.colcon_core.environment:checking '/home/ncpa/tr1200_ws/install/tr1200_description/bin'
[4.361s] Level 1:colcon.colcon_core.environment:checking '/home/ncpa/tr1200_ws/install/tr1200_description/lib/pkgconfig/tr1200_description.pc'
[4.362s] Level 1:colcon.colcon_core.environment:checking '/home/ncpa/tr1200_ws/install/tr1200_description/lib/python3.10/site-packages'
[4.363s] Level 1:colcon.colcon_core.environment:checking '/home/ncpa/tr1200_ws/install/tr1200_description/bin'
[4.365s] INFO:colcon.colcon_core.shell:Creating package script '/home/ncpa/tr1200_ws/install/tr1200_description/share/tr1200_description/package.ps1'
[4.367s] INFO:colcon.colcon_core.shell:Creating package descriptor '/home/ncpa/tr1200_ws/install/tr1200_description/share/tr1200_description/package.dsv'
[4.371s] INFO:colcon.colcon_core.shell:Creating package script '/home/ncpa/tr1200_ws/install/tr1200_description/share/tr1200_description/package.sh'
[4.373s] INFO:colcon.colcon_core.shell:Creating package script '/home/ncpa/tr1200_ws/install/tr1200_description/share/tr1200_description/package.bash'
[4.375s] INFO:colcon.colcon_core.shell:Creating package script '/home/ncpa/tr1200_ws/install/tr1200_description/share/tr1200_description/package.zsh'
[4.377s] Level 1:colcon.colcon_core.environment:create_file_with_runtime_dependencies(/home/ncpa/tr1200_ws/install/tr1200_description/share/colcon-core/packages/tr1200_description)
[4.430s] Level 1:colcon.colcon_core.environment:create_environment_scripts_only(tr1200_description)
[4.430s] Level 1:colcon.colcon_core.environment:checking '/home/ncpa/tr1200_ws/install/tr1200_description' for CMake module files
[4.432s] Level 1:colcon.colcon_core.environment:checking '/home/ncpa/tr1200_ws/install/tr1200_description' for CMake config files
[4.433s] Level 1:colcon.colcon_core.shell:create_environment_hook('tr1200_description', 'cmake_prefix_path')
[4.434s] INFO:colcon.colcon_core.shell:Creating environment hook '/home/ncpa/tr1200_ws/install/tr1200_description/share/tr1200_description/hook/cmake_prefix_path.ps1'
[4.436s] INFO:colcon.colcon_core.shell:Creating environment descriptor '/home/ncpa/tr1200_ws/install/tr1200_description/share/tr1200_description/hook/cmake_prefix_path.dsv'
[4.438s] INFO:colcon.colcon_core.shell:Creating environment hook '/home/ncpa/tr1200_ws/install/tr1200_description/share/tr1200_description/hook/cmake_prefix_path.sh'
[4.441s] Level 1:colcon.colcon_core.environment:checking '/home/ncpa/tr1200_ws/install/tr1200_description/bin'
[4.441s] Level 1:colcon.colcon_core.environment:checking '/home/ncpa/tr1200_ws/install/tr1200_description/lib/pkgconfig/tr1200_description.pc'
[4.442s] Level 1:colcon.colcon_core.environment:checking '/home/ncpa/tr1200_ws/install/tr1200_description/lib/python3.10/site-packages'
[4.442s] Level 1:colcon.colcon_core.environment:checking '/home/ncpa/tr1200_ws/install/tr1200_description/bin'
[4.444s] INFO:colcon.colcon_core.shell:Creating package script '/home/ncpa/tr1200_ws/install/tr1200_description/share/tr1200_description/package.ps1'
[4.446s] INFO:colcon.colcon_core.shell:Creating package descriptor '/home/ncpa/tr1200_ws/install/tr1200_description/share/tr1200_description/package.dsv'
[4.448s] INFO:colcon.colcon_core.shell:Creating package script '/home/ncpa/tr1200_ws/install/tr1200_description/share/tr1200_description/package.sh'
[4.450s] INFO:colcon.colcon_core.shell:Creating package script '/home/ncpa/tr1200_ws/install/tr1200_description/share/tr1200_description/package.bash'
[4.452s] INFO:colcon.colcon_core.shell:Creating package script '/home/ncpa/tr1200_ws/install/tr1200_description/share/tr1200_description/package.zsh'
[4.454s] Level 1:colcon.colcon_core.environment:create_file_with_runtime_dependencies(/home/ncpa/tr1200_ws/install/tr1200_description/share/colcon-core/packages/tr1200_description)
[4.456s] INFO:colcon.colcon_ros.task.ament_cmake.build:Building ROS package in '/home/ncpa/tr1200_ws/tr1200_ros/tr1200_control' with build type 'ament_cmake'
[4.456s] INFO:colcon.colcon_cmake.task.cmake.build:Building CMake package in '/home/ncpa/tr1200_ws/tr1200_ros/tr1200_control'
[4.457s] INFO:colcon.colcon_core.shell:Skip shell extension 'powershell' for command environment: Not usable outside of PowerShell
[4.457s] DEBUG:colcon.colcon_core.shell:Skip shell extension 'dsv' for command environment
[4.484s] DEBUG:colcon.colcon_core.event_handler.log_command:Invoking command in '/home/ncpa/tr1200_ws/build/tr1200_control': AMENT_PREFIX_PATH=/home/ncpa/tr1200_ws/install/tr1200_description:/home/ncpa/tr1200_ws/install/tr1200_modules:/home/ncpa/tr1200_ws/install/tr1200_base CMAKE_PREFIX_PATH=/home/ncpa/tr1200_ws/install/tr1200_description:/home/ncpa/tr1200_ws/install/tr1200_base LD_LIBRARY_PATH=/home/ncpa/tr1200_ws/install/tr1200_base/lib PYTHONPATH=/home/ncpa/tr1200_ws/install/tr1200_modules/lib/python3.10/site-packages /usr/bin/cmake --build /home/ncpa/tr1200_ws/build/tr1200_control -- -j4 -l4
[4.576s] DEBUG:colcon.colcon_core.event_handler.log_command:Invoked command in '/home/ncpa/tr1200_ws/build/tr1200_control' returned '0': AMENT_PREFIX_PATH=/home/ncpa/tr1200_ws/install/tr1200_description:/home/ncpa/tr1200_ws/install/tr1200_modules:/home/ncpa/tr1200_ws/install/tr1200_base CMAKE_PREFIX_PATH=/home/ncpa/tr1200_ws/install/tr1200_description:/home/ncpa/tr1200_ws/install/tr1200_base LD_LIBRARY_PATH=/home/ncpa/tr1200_ws/install/tr1200_base/lib PYTHONPATH=/home/ncpa/tr1200_ws/install/tr1200_modules/lib/python3.10/site-packages /usr/bin/cmake --build /home/ncpa/tr1200_ws/build/tr1200_control -- -j4 -l4
[4.633s] DEBUG:colcon.colcon_core.event_handler.log_command:Invoking command in '/home/ncpa/tr1200_ws/build/tr1200_control': AMENT_PREFIX_PATH=/home/ncpa/tr1200_ws/install/tr1200_description:/home/ncpa/tr1200_ws/install/tr1200_modules:/home/ncpa/tr1200_ws/install/tr1200_base CMAKE_PREFIX_PATH=/home/ncpa/tr1200_ws/install/tr1200_description:/home/ncpa/tr1200_ws/install/tr1200_base LD_LIBRARY_PATH=/home/ncpa/tr1200_ws/install/tr1200_base/lib PYTHONPATH=/home/ncpa/tr1200_ws/install/tr1200_modules/lib/python3.10/site-packages /usr/bin/cmake --install /home/ncpa/tr1200_ws/build/tr1200_control
[4.683s] Level 1:colcon.colcon_core.environment:create_environment_scripts_only(tr1200_control)
[4.684s] Level 1:colcon.colcon_core.environment:checking '/home/ncpa/tr1200_ws/install/tr1200_control' for CMake module files
[4.685s] DEBUG:colcon.colcon_core.event_handler.log_command:Invoked command in '/home/ncpa/tr1200_ws/build/tr1200_control' returned '0': AMENT_PREFIX_PATH=/home/ncpa/tr1200_ws/install/tr1200_description:/home/ncpa/tr1200_ws/install/tr1200_modules:/home/ncpa/tr1200_ws/install/tr1200_base CMAKE_PREFIX_PATH=/home/ncpa/tr1200_ws/install/tr1200_description:/home/ncpa/tr1200_ws/install/tr1200_base LD_LIBRARY_PATH=/home/ncpa/tr1200_ws/install/tr1200_base/lib PYTHONPATH=/home/ncpa/tr1200_ws/install/tr1200_modules/lib/python3.10/site-packages /usr/bin/cmake --install /home/ncpa/tr1200_ws/build/tr1200_control
[4.687s] Level 1:colcon.colcon_core.environment:checking '/home/ncpa/tr1200_ws/install/tr1200_control' for CMake config files
[4.688s] Level 1:colcon.colcon_core.shell:create_environment_hook('tr1200_control', 'cmake_prefix_path')
[4.689s] INFO:colcon.colcon_core.shell:Creating environment hook '/home/ncpa/tr1200_ws/install/tr1200_control/share/tr1200_control/hook/cmake_prefix_path.ps1'
[4.690s] INFO:colcon.colcon_core.shell:Creating environment descriptor '/home/ncpa/tr1200_ws/install/tr1200_control/share/tr1200_control/hook/cmake_prefix_path.dsv'
[4.692s] INFO:colcon.colcon_core.shell:Creating environment hook '/home/ncpa/tr1200_ws/install/tr1200_control/share/tr1200_control/hook/cmake_prefix_path.sh'
[4.695s] Level 1:colcon.colcon_core.environment:checking '/home/ncpa/tr1200_ws/install/tr1200_control/bin'
[4.695s] Level 1:colcon.colcon_core.environment:checking '/home/ncpa/tr1200_ws/install/tr1200_control/lib/pkgconfig/tr1200_control.pc'
[4.696s] Level 1:colcon.colcon_core.environment:checking '/home/ncpa/tr1200_ws/install/tr1200_control/lib/python3.10/site-packages'
[4.697s] Level 1:colcon.colcon_core.environment:checking '/home/ncpa/tr1200_ws/install/tr1200_control/bin'
[4.698s] INFO:colcon.colcon_core.shell:Creating package script '/home/ncpa/tr1200_ws/install/tr1200_control/share/tr1200_control/package.ps1'
[4.700s] INFO:colcon.colcon_core.shell:Creating package descriptor '/home/ncpa/tr1200_ws/install/tr1200_control/share/tr1200_control/package.dsv'
[4.703s] INFO:colcon.colcon_core.shell:Creating package script '/home/ncpa/tr1200_ws/install/tr1200_control/share/tr1200_control/package.sh'
[4.706s] INFO:colcon.colcon_core.shell:Creating package script '/home/ncpa/tr1200_ws/install/tr1200_control/share/tr1200_control/package.bash'
[4.709s] INFO:colcon.colcon_core.shell:Creating package script '/home/ncpa/tr1200_ws/install/tr1200_control/share/tr1200_control/package.zsh'
[4.712s] Level 1:colcon.colcon_core.environment:create_file_with_runtime_dependencies(/home/ncpa/tr1200_ws/install/tr1200_control/share/colcon-core/packages/tr1200_control)
[4.772s] Level 1:colcon.colcon_core.environment:create_environment_scripts_only(tr1200_control)
[4.773s] Level 1:colcon.colcon_core.environment:checking '/home/ncpa/tr1200_ws/install/tr1200_control' for CMake module files
[4.775s] Level 1:colcon.colcon_core.environment:checking '/home/ncpa/tr1200_ws/install/tr1200_control' for CMake config files
[4.776s] Level 1:colcon.colcon_core.shell:create_environment_hook('tr1200_control', 'cmake_prefix_path')
[4.777s] INFO:colcon.colcon_core.shell:Creating environment hook '/home/ncpa/tr1200_ws/install/tr1200_control/share/tr1200_control/hook/cmake_prefix_path.ps1'
[4.823s] INFO:colcon.colcon_core.shell:Creating environment descriptor '/home/ncpa/tr1200_ws/install/tr1200_control/share/tr1200_control/hook/cmake_prefix_path.dsv'
[4.826s] INFO:colcon.colcon_core.shell:Creating environment hook '/home/ncpa/tr1200_ws/install/tr1200_control/share/tr1200_control/hook/cmake_prefix_path.sh'
[4.830s] Level 1:colcon.colcon_core.environment:checking '/home/ncpa/tr1200_ws/install/tr1200_control/bin'
[4.831s] Level 1:colcon.colcon_core.environment:checking '/home/ncpa/tr1200_ws/install/tr1200_control/lib/pkgconfig/tr1200_control.pc'
[4.833s] Level 1:colcon.colcon_core.environment:checking '/home/ncpa/tr1200_ws/install/tr1200_control/lib/python3.10/site-packages'
[4.834s] Level 1:colcon.colcon_core.environment:checking '/home/ncpa/tr1200_ws/install/tr1200_control/bin'
[4.837s] INFO:colcon.colcon_core.shell:Creating package script '/home/ncpa/tr1200_ws/install/tr1200_control/share/tr1200_control/package.ps1'
[4.841s] INFO:colcon.colcon_core.shell:Creating package descriptor '/home/ncpa/tr1200_ws/install/tr1200_control/share/tr1200_control/package.dsv'
[4.845s] INFO:colcon.colcon_core.shell:Creating package script '/home/ncpa/tr1200_ws/install/tr1200_control/share/tr1200_control/package.sh'
[4.849s] INFO:colcon.colcon_core.shell:Creating package script '/home/ncpa/tr1200_ws/install/tr1200_control/share/tr1200_control/package.bash'
[4.852s] INFO:colcon.colcon_core.shell:Creating package script '/home/ncpa/tr1200_ws/install/tr1200_control/share/tr1200_control/package.zsh'
[4.856s] Level 1:colcon.colcon_core.environment:create_file_with_runtime_dependencies(/home/ncpa/tr1200_ws/install/tr1200_control/share/colcon-core/packages/tr1200_control)
[4.858s] INFO:colcon.colcon_ros.task.ament_cmake.build:Building ROS package in '/home/ncpa/tr1200_ws/tr1200_ros/tr1200_ros' with build type 'ament_cmake'
[4.859s] INFO:colcon.colcon_cmake.task.cmake.build:Building CMake package in '/home/ncpa/tr1200_ws/tr1200_ros/tr1200_ros'
[4.860s] INFO:colcon.colcon_core.shell:Skip shell extension 'powershell' for command environment: Not usable outside of PowerShell
[4.860s] DEBUG:colcon.colcon_core.shell:Skip shell extension 'dsv' for command environment
[4.895s] DEBUG:colcon.colcon_core.event_handler.log_command:Invoking command in '/home/ncpa/tr1200_ws/build/tr1200_ros': AMENT_PREFIX_PATH=/home/ncpa/tr1200_ws/install/tr1200_control:/home/ncpa/tr1200_ws/install/tr1200_description:/home/ncpa/tr1200_ws/install/tr1200_teleop:/home/ncpa/tr1200_ws/install/tr1200_modules:/home/ncpa/tr1200_ws/install/tr1200_base CMAKE_PREFIX_PATH=/home/ncpa/tr1200_ws/install/tr1200_control:/home/ncpa/tr1200_ws/install/tr1200_description:/home/ncpa/tr1200_ws/install/tr1200_teleop:/home/ncpa/tr1200_ws/install/tr1200_base LD_LIBRARY_PATH=/home/ncpa/tr1200_ws/install/tr1200_base/lib PYTHONPATH=/home/ncpa/tr1200_ws/install/tr1200_modules/lib/python3.10/site-packages /usr/bin/cmake --build /home/ncpa/tr1200_ws/build/tr1200_ros -- -j4 -l4
[4.989s] DEBUG:colcon.colcon_core.event_handler.log_command:Invoked command in '/home/ncpa/tr1200_ws/build/tr1200_ros' returned '0': AMENT_PREFIX_PATH=/home/ncpa/tr1200_ws/install/tr1200_control:/home/ncpa/tr1200_ws/install/tr1200_description:/home/ncpa/tr1200_ws/install/tr1200_teleop:/home/ncpa/tr1200_ws/install/tr1200_modules:/home/ncpa/tr1200_ws/install/tr1200_base CMAKE_PREFIX_PATH=/home/ncpa/tr1200_ws/install/tr1200_control:/home/ncpa/tr1200_ws/install/tr1200_description:/home/ncpa/tr1200_ws/install/tr1200_teleop:/home/ncpa/tr1200_ws/install/tr1200_base LD_LIBRARY_PATH=/home/ncpa/tr1200_ws/install/tr1200_base/lib PYTHONPATH=/home/ncpa/tr1200_ws/install/tr1200_modules/lib/python3.10/site-packages /usr/bin/cmake --build /home/ncpa/tr1200_ws/build/tr1200_ros -- -j4 -l4
[5.049s] DEBUG:colcon.colcon_core.event_handler.log_command:Invoking command in '/home/ncpa/tr1200_ws/build/tr1200_ros': AMENT_PREFIX_PATH=/home/ncpa/tr1200_ws/install/tr1200_control:/home/ncpa/tr1200_ws/install/tr1200_description:/home/ncpa/tr1200_ws/install/tr1200_teleop:/home/ncpa/tr1200_ws/install/tr1200_modules:/home/ncpa/tr1200_ws/install/tr1200_base CMAKE_PREFIX_PATH=/home/ncpa/tr1200_ws/install/tr1200_control:/home/ncpa/tr1200_ws/install/tr1200_description:/home/ncpa/tr1200_ws/install/tr1200_teleop:/home/ncpa/tr1200_ws/install/tr1200_base LD_LIBRARY_PATH=/home/ncpa/tr1200_ws/install/tr1200_base/lib PYTHONPATH=/home/ncpa/tr1200_ws/install/tr1200_modules/lib/python3.10/site-packages /usr/bin/cmake --install /home/ncpa/tr1200_ws/build/tr1200_ros
[5.100s] Level 1:colcon.colcon_core.environment:create_environment_scripts_only(tr1200_ros)
[5.102s] Level 1:colcon.colcon_core.environment:checking '/home/ncpa/tr1200_ws/install/tr1200_ros' for CMake module files
[5.103s] DEBUG:colcon.colcon_core.event_handler.log_command:Invoked command in '/home/ncpa/tr1200_ws/build/tr1200_ros' returned '0': AMENT_PREFIX_PATH=/home/ncpa/tr1200_ws/install/tr1200_control:/home/ncpa/tr1200_ws/install/tr1200_description:/home/ncpa/tr1200_ws/install/tr1200_teleop:/home/ncpa/tr1200_ws/install/tr1200_modules:/home/ncpa/tr1200_ws/install/tr1200_base CMAKE_PREFIX_PATH=/home/ncpa/tr1200_ws/install/tr1200_control:/home/ncpa/tr1200_ws/install/tr1200_description:/home/ncpa/tr1200_ws/install/tr1200_teleop:/home/ncpa/tr1200_ws/install/tr1200_base LD_LIBRARY_PATH=/home/ncpa/tr1200_ws/install/tr1200_base/lib PYTHONPATH=/home/ncpa/tr1200_ws/install/tr1200_modules/lib/python3.10/site-packages /usr/bin/cmake --install /home/ncpa/tr1200_ws/build/tr1200_ros
[5.105s] Level 1:colcon.colcon_core.environment:checking '/home/ncpa/tr1200_ws/install/tr1200_ros' for CMake config files
[5.106s] Level 1:colcon.colcon_core.shell:create_environment_hook('tr1200_ros', 'cmake_prefix_path')
[5.107s] INFO:colcon.colcon_core.shell:Creating environment hook '/home/ncpa/tr1200_ws/install/tr1200_ros/share/tr1200_ros/hook/cmake_prefix_path.ps1'
[5.110s] INFO:colcon.colcon_core.shell:Creating environment descriptor '/home/ncpa/tr1200_ws/install/tr1200_ros/share/tr1200_ros/hook/cmake_prefix_path.dsv'
[5.112s] INFO:colcon.colcon_core.shell:Creating environment hook '/home/ncpa/tr1200_ws/install/tr1200_ros/share/tr1200_ros/hook/cmake_prefix_path.sh'
[5.115s] Level 1:colcon.colcon_core.environment:checking '/home/ncpa/tr1200_ws/install/tr1200_ros/bin'
[5.116s] Level 1:colcon.colcon_core.environment:checking '/home/ncpa/tr1200_ws/install/tr1200_ros/lib/pkgconfig/tr1200_ros.pc'
[5.117s] Level 1:colcon.colcon_core.environment:checking '/home/ncpa/tr1200_ws/install/tr1200_ros/lib/python3.10/site-packages'
[5.118s] Level 1:colcon.colcon_core.environment:checking '/home/ncpa/tr1200_ws/install/tr1200_ros/bin'
[5.119s] INFO:colcon.colcon_core.shell:Creating package script '/home/ncpa/tr1200_ws/install/tr1200_ros/share/tr1200_ros/package.ps1'
[5.122s] INFO:colcon.colcon_core.shell:Creating package descriptor '/home/ncpa/tr1200_ws/install/tr1200_ros/share/tr1200_ros/package.dsv'
[5.124s] INFO:colcon.colcon_core.shell:Creating package script '/home/ncpa/tr1200_ws/install/tr1200_ros/share/tr1200_ros/package.sh'
[5.127s] INFO:colcon.colcon_core.shell:Creating package script '/home/ncpa/tr1200_ws/install/tr1200_ros/share/tr1200_ros/package.bash'
[5.129s] INFO:colcon.colcon_core.shell:Creating package script '/home/ncpa/tr1200_ws/install/tr1200_ros/share/tr1200_ros/package.zsh'
[5.132s] Level 1:colcon.colcon_core.environment:create_file_with_runtime_dependencies(/home/ncpa/tr1200_ws/install/tr1200_ros/share/colcon-core/packages/tr1200_ros)
[5.190s] Level 1:colcon.colcon_core.environment:create_environment_scripts_only(tr1200_ros)
[5.191s] Level 1:colcon.colcon_core.environment:checking '/home/ncpa/tr1200_ws/install/tr1200_ros' for CMake module files
[5.193s] Level 1:colcon.colcon_core.environment:checking '/home/ncpa/tr1200_ws/install/tr1200_ros' for CMake config files
[5.193s] Level 1:colcon.colcon_core.shell:create_environment_hook('tr1200_ros', 'cmake_prefix_path')
[5.194s] INFO:colcon.colcon_core.shell:Creating environment hook '/home/ncpa/tr1200_ws/install/tr1200_ros/share/tr1200_ros/hook/cmake_prefix_path.ps1'
[5.242s] INFO:colcon.colcon_core.shell:Creating environment descriptor '/home/ncpa/tr1200_ws/install/tr1200_ros/share/tr1200_ros/hook/cmake_prefix_path.dsv'
[5.245s] INFO:colcon.colcon_core.shell:Creating environment hook '/home/ncpa/tr1200_ws/install/tr1200_ros/share/tr1200_ros/hook/cmake_prefix_path.sh'
[5.250s] Level 1:colcon.colcon_core.environment:checking '/home/ncpa/tr1200_ws/install/tr1200_ros/bin'
[5.251s] Level 1:colcon.colcon_core.environment:checking '/home/ncpa/tr1200_ws/install/tr1200_ros/lib/pkgconfig/tr1200_ros.pc'
[5.252s] Level 1:colcon.colcon_core.environment:checking '/home/ncpa/tr1200_ws/install/tr1200_ros/lib/python3.10/site-packages'
[5.254s] Level 1:colcon.colcon_core.environment:checking '/home/ncpa/tr1200_ws/install/tr1200_ros/bin'
[5.256s] INFO:colcon.colcon_core.shell:Creating package script '/home/ncpa/tr1200_ws/install/tr1200_ros/share/tr1200_ros/package.ps1'
[5.260s] INFO:colcon.colcon_core.shell:Creating package descriptor '/home/ncpa/tr1200_ws/install/tr1200_ros/share/tr1200_ros/package.dsv'
[5.264s] INFO:colcon.colcon_core.shell:Creating package script '/home/ncpa/tr1200_ws/install/tr1200_ros/share/tr1200_ros/package.sh'
[5.267s] INFO:colcon.colcon_core.shell:Creating package script '/home/ncpa/tr1200_ws/install/tr1200_ros/share/tr1200_ros/package.bash'
[5.271s] INFO:colcon.colcon_core.shell:Creating package script '/home/ncpa/tr1200_ws/install/tr1200_ros/share/tr1200_ros/package.zsh'
[5.274s] Level 1:colcon.colcon_core.environment:create_file_with_runtime_dependencies(/home/ncpa/tr1200_ws/install/tr1200_ros/share/colcon-core/packages/tr1200_ros)
[5.276s] DEBUG:colcon.colcon_parallel_executor.executor.parallel:closing loop
[5.278s] DEBUG:colcon.colcon_parallel_executor.executor.parallel:loop closed
[5.279s] DEBUG:colcon.colcon_parallel_executor.executor.parallel:run_until_complete finished with '0'
[5.279s] DEBUG:colcon.colcon_core.event_reactor:joining thread
[5.296s] INFO:colcon.colcon_core.plugin_system:Skipping extension 'colcon_notification.desktop_notification.terminal_notifier': Not used on non-Darwin systems
[5.297s] INFO:colcon.colcon_core.plugin_system:Skipping extension 'colcon_notification.desktop_notification.win32': Not used on non-Windows systems
[5.297s] INFO:colcon.colcon_notification.desktop_notification:Sending desktop notification using 'notify2'
[5.304s] DEBUG:colcon.colcon_notification.desktop_notification.notify2:Failed to initialize notify2: org.freedesktop.DBus.Error.ServiceUnknown: The name org.freedesktop.Notifications was not provided by any .service files
[5.304s] DEBUG:colcon.colcon_core.event_reactor:joined thread
[5.306s] INFO:colcon.colcon_core.shell:Creating prefix script '/home/ncpa/tr1200_ws/install/local_setup.ps1'
[5.313s] INFO:colcon.colcon_core.shell:Creating prefix util module '/home/ncpa/tr1200_ws/install/_local_setup_util_ps1.py'
[5.323s] INFO:colcon.colcon_core.shell:Creating prefix chain script '/home/ncpa/tr1200_ws/install/setup.ps1'
[5.330s] INFO:colcon.colcon_core.shell:Creating prefix script '/home/ncpa/tr1200_ws/install/local_setup.sh'
[5.334s] INFO:colcon.colcon_core.shell:Creating prefix util module '/home/ncpa/tr1200_ws/install/_local_setup_util_sh.py'
[5.338s] INFO:colcon.colcon_core.shell:Creating prefix chain script '/home/ncpa/tr1200_ws/install/setup.sh'
[5.343s] INFO:colcon.colcon_core.shell:Creating prefix script '/home/ncpa/tr1200_ws/install/local_setup.bash'
[5.346s] INFO:colcon.colcon_core.shell:Creating prefix chain script '/home/ncpa/tr1200_ws/install/setup.bash'
[5.351s] INFO:colcon.colcon_core.shell:Creating prefix script '/home/ncpa/tr1200_ws/install/local_setup.zsh'
[5.353s] INFO:colcon.colcon_core.shell:Creating prefix chain script '/home/ncpa/tr1200_ws/install/setup.zsh'
