[0.043s] Invoking command in '/home/ncpa/tr1200_ws/build/tr1200_ros': AMENT_PREFIX_PATH=/home/ncpa/tr1200_ws/install/tr1200_modules:/home/ncpa/tr1200_ws/install/tr1200_ros:/home/ncpa/tr1200_ws/install/tr1200_teleop:/home/ncpa/tr1200_ws/install/tr1200_control:/home/ncpa/tr1200_ws/install/tr1200_description:/home/ncpa/tr1200_ws/install/tr1200_base:/opt/ros/humble CMAKE_PREFIX_PATH=/home/ncpa/tr1200_ws/install/tr1200_control:/home/ncpa/tr1200_ws/install/tr1200_description:/home/ncpa/tr1200_ws/install/tr1200_teleop:/home/ncpa/tr1200_ws/install/tr1200_base:/home/ncpa/tr1200_ws/install/tr1200_ros:/home/ncpa/tr1200_ws/install/tr1200_modules:/opt/ros/humble /usr/bin/cmake --build /home/ncpa/tr1200_ws/build/tr1200_ros -- -j4 -l4
[0.144s] Invoked command in '/home/ncpa/tr1200_ws/build/tr1200_ros' returned '0': AMENT_PREFIX_PATH=/home/ncpa/tr1200_ws/install/tr1200_modules:/home/ncpa/tr1200_ws/install/tr1200_ros:/home/ncpa/tr1200_ws/install/tr1200_teleop:/home/ncpa/tr1200_ws/install/tr1200_control:/home/ncpa/tr1200_ws/install/tr1200_description:/home/ncpa/tr1200_ws/install/tr1200_base:/opt/ros/humble CMAKE_PREFIX_PATH=/home/ncpa/tr1200_ws/install/tr1200_control:/home/ncpa/tr1200_ws/install/tr1200_description:/home/ncpa/tr1200_ws/install/tr1200_teleop:/home/ncpa/tr1200_ws/install/tr1200_base:/home/ncpa/tr1200_ws/install/tr1200_ros:/home/ncpa/tr1200_ws/install/tr1200_modules:/opt/ros/humble /usr/bin/cmake --build /home/ncpa/tr1200_ws/build/tr1200_ros -- -j4 -l4
[0.206s] Invoking command in '/home/ncpa/tr1200_ws/build/tr1200_ros': AMENT_PREFIX_PATH=/home/ncpa/tr1200_ws/install/tr1200_modules:/home/ncpa/tr1200_ws/install/tr1200_ros:/home/ncpa/tr1200_ws/install/tr1200_teleop:/home/ncpa/tr1200_ws/install/tr1200_control:/home/ncpa/tr1200_ws/install/tr1200_description:/home/ncpa/tr1200_ws/install/tr1200_base:/opt/ros/humble CMAKE_PREFIX_PATH=/home/ncpa/tr1200_ws/install/tr1200_control:/home/ncpa/tr1200_ws/install/tr1200_description:/home/ncpa/tr1200_ws/install/tr1200_teleop:/home/ncpa/tr1200_ws/install/tr1200_base:/home/ncpa/tr1200_ws/install/tr1200_ros:/home/ncpa/tr1200_ws/install/tr1200_modules:/opt/ros/humble /usr/bin/cmake --install /home/ncpa/tr1200_ws/build/tr1200_ros
[0.250s] -- Install configuration: ""
[0.251s] -- Up-to-date: /home/ncpa/tr1200_ws/install/tr1200_ros/share/ament_index/resource_index/package_run_dependencies/tr1200_ros
[0.252s] -- Up-to-date: /home/ncpa/tr1200_ws/install/tr1200_ros/share/ament_index/resource_index/parent_prefix_path/tr1200_ros
[0.253s] -- Up-to-date: /home/ncpa/tr1200_ws/install/tr1200_ros/share/tr1200_ros/environment/ament_prefix_path.sh
[0.253s] -- Up-to-date: /home/ncpa/tr1200_ws/install/tr1200_ros/share/tr1200_ros/environment/ament_prefix_path.dsv
[0.253s] -- Up-to-date: /home/ncpa/tr1200_ws/install/tr1200_ros/share/tr1200_ros/environment/path.sh
[0.254s] -- Up-to-date: /home/ncpa/tr1200_ws/install/tr1200_ros/share/tr1200_ros/environment/path.dsv
[0.254s] -- Up-to-date: /home/ncpa/tr1200_ws/install/tr1200_ros/share/tr1200_ros/local_setup.bash
[0.255s] -- Up-to-date: /home/ncpa/tr1200_ws/install/tr1200_ros/share/tr1200_ros/local_setup.sh
[0.255s] -- Up-to-date: /home/ncpa/tr1200_ws/install/tr1200_ros/share/tr1200_ros/local_setup.zsh
[0.256s] -- Up-to-date: /home/ncpa/tr1200_ws/install/tr1200_ros/share/tr1200_ros/local_setup.dsv
[0.256s] -- Installing: /home/ncpa/tr1200_ws/install/tr1200_ros/share/tr1200_ros/package.dsv
[0.257s] -- Up-to-date: /home/ncpa/tr1200_ws/install/tr1200_ros/share/ament_index/resource_index/packages/tr1200_ros
[0.257s] -- Up-to-date: /home/ncpa/tr1200_ws/install/tr1200_ros/share/tr1200_ros/cmake/tr1200_rosConfig.cmake
[0.258s] -- Up-to-date: /home/ncpa/tr1200_ws/install/tr1200_ros/share/tr1200_ros/cmake/tr1200_rosConfig-version.cmake
[0.259s] -- Up-to-date: /home/ncpa/tr1200_ws/install/tr1200_ros/share/tr1200_ros/package.xml
[0.262s] Invoked command in '/home/ncpa/tr1200_ws/build/tr1200_ros' returned '0': AMENT_PREFIX_PATH=/home/ncpa/tr1200_ws/install/tr1200_modules:/home/ncpa/tr1200_ws/install/tr1200_ros:/home/ncpa/tr1200_ws/install/tr1200_teleop:/home/ncpa/tr1200_ws/install/tr1200_control:/home/ncpa/tr1200_ws/install/tr1200_description:/home/ncpa/tr1200_ws/install/tr1200_base:/opt/ros/humble CMAKE_PREFIX_PATH=/home/ncpa/tr1200_ws/install/tr1200_control:/home/ncpa/tr1200_ws/install/tr1200_description:/home/ncpa/tr1200_ws/install/tr1200_teleop:/home/ncpa/tr1200_ws/install/tr1200_base:/home/ncpa/tr1200_ws/install/tr1200_ros:/home/ncpa/tr1200_ws/install/tr1200_modules:/opt/ros/humble /usr/bin/cmake --install /home/ncpa/tr1200_ws/build/tr1200_ros
