-- Found ament_cmake: 1.3.10 (/opt/ros/humble/share/ament_cmake/cmake)
-- Found Python3: /usr/bin/python3 (found version "3.10.12") found components: Interpreter 
-- Found hardware_interface: 2.43.1 (/opt/ros/humble/share/hardware_interface/cmake)
-- Found rosidl_generator_c: 3.1.5 (/opt/ros/humble/share/rosidl_generator_c/cmake)
-- Found rosidl_adapter: 3.1.5 (/opt/ros/humble/share/rosidl_adapter/cmake)
-- Found rosidl_generator_cpp: 3.1.5 (/opt/ros/humble/share/rosidl_generator_cpp/cmake)
-- Using all available rosidl_typesupport_c: rosidl_typesupport_fastrtps_c;rosidl_typesupport_introspection_c
-- Using all available rosidl_typesupport_cpp: rosidl_typesupport_fastrtps_cpp;rosidl_typesupport_introspection_cpp
-- Found rmw_implementation_cmake: 6.1.2 (/opt/ros/humble/share/rmw_implementation_cmake/cmake)
-- Found rmw_fastrtps_cpp: 6.2.7 (/opt/ros/humble/share/rmw_fastrtps_cpp/cmake)
-- Found TinyXML2 via Config file: TinyXML2_DIR-NOTFOUND
-- Found OpenSSL: /usr/lib/x86_64-linux-gnu/libcrypto.so (found version "3.0.2")  
-- Found TinyXML2 via Config file: TinyXML2_DIR-NOTFOUND
-- Found FastRTPS: /opt/ros/humble/include  
-- Found TinyXML2 via Config file: TinyXML2_DIR-NOTFOUND
-- Found TinyXML2 via Config file: TinyXML2_DIR-NOTFOUND
-- Using RMW implementation 'rmw_fastrtps_cpp' as default
-- Looking for pthread.h
-- Looking for pthread.h - found
-- Performing Test CMAKE_HAVE_LIBC_PTHREAD
-- Performing Test CMAKE_HAVE_LIBC_PTHREAD - Success
-- Found Threads: TRUE  
-- Found ament_lint_auto: 0.12.11 (/opt/ros/humble/share/ament_lint_auto/cmake)
-- Added test 'copyright' to check source files copyright and LICENSE
-- Added test 'cppcheck' to perform static code analysis on C / C++ code
-- Configured cppcheck include dirs: /home/ncpa/tr1200_ws/tr1200_ros/tr1200_base/include
-- Configured cppcheck exclude dirs and/or files: 
-- Added test 'cpplint' to check C / C++ code against the Google style
-- Configured cpplint exclude dirs and/or files: 
-- Added test 'lint_cmake' to check CMake code style
-- Added test 'uncrustify' to check C / C++ code style
-- Configured uncrustify additional arguments: 
-- Added test 'xmllint' to check XML markup files
-- Configuring done
-- Generating done
-- Build files have been written to: /home/ncpa/tr1200_ws/build/tr1200_base
[ 50%] [32mBuilding CXX object CMakeFiles/tr1200_base.dir/src/hardware.cpp.o[0m
In file included from [01m[K/home/ncpa/tr1200_ws/tr1200_ros/tr1200_base/include/tr1200_base/driver.hpp:49[m[K,
                 from [01m[K/home/ncpa/tr1200_ws/tr1200_ros/tr1200_base/include/tr1200_base/hardware.hpp:44[m[K,
                 from [01m[K/home/ncpa/tr1200_ws/tr1200_ros/tr1200_base/src/hardware.cpp:29[m[K:
[01m[K/home/ncpa/tr1200_ws/tr1200_ros/tr1200_base/include/tr1200_base/logging.hpp:69:14:[m[K [01;35m[Kwarning: [m[K‘[01m[Ktr1200_driver::logging::_level[m[K’ defined but not used [[01;35m[K]8;;https://gcc.gnu.org/onlinedocs/gcc/Warning-Options.html#index-Wunused-variable-Wunused-variable]8;;[m[K]
   69 | static Level [01;35m[K_level[m[K = Level::INFO;
      |              [01;35m[K^~~~~~[m[K
[100%] [32m[1mLinking CXX shared library libtr1200_base.so[0m
[100%] Built target tr1200_base
-- Install configuration: ""
-- Installing: /home/ncpa/tr1200_ws/install/tr1200_base/share/tr1200_base/tr1200_base.xml
-- Installing: /home/ncpa/tr1200_ws/install/tr1200_base/include
-- Installing: /home/ncpa/tr1200_ws/install/tr1200_base/include/tr1200_base
-- Installing: /home/ncpa/tr1200_ws/install/tr1200_base/include/tr1200_base/can.hpp
-- Installing: /home/ncpa/tr1200_ws/install/tr1200_base/include/tr1200_base/logging.hpp
-- Installing: /home/ncpa/tr1200_ws/install/tr1200_base/include/tr1200_base/hardware.hpp
-- Installing: /home/ncpa/tr1200_ws/install/tr1200_base/include/tr1200_base/driver.hpp
-- Installing: /home/ncpa/tr1200_ws/install/tr1200_base/include/tr1200_base/driver_version.hpp
-- Installing: /home/ncpa/tr1200_ws/install/tr1200_base/lib/libtr1200_base.so
-- Set runtime path of "/home/ncpa/tr1200_ws/install/tr1200_base/lib/libtr1200_base.so" to ""
-- Installing: /home/ncpa/tr1200_ws/install/tr1200_base/lib/libtr1200_driver.so
-- Installing: /home/ncpa/tr1200_ws/install/tr1200_base/share/ament_index/resource_index/package_run_dependencies/tr1200_base
-- Installing: /home/ncpa/tr1200_ws/install/tr1200_base/share/ament_index/resource_index/parent_prefix_path/tr1200_base
-- Installing: /home/ncpa/tr1200_ws/install/tr1200_base/share/tr1200_base/environment/ament_prefix_path.sh
-- Installing: /home/ncpa/tr1200_ws/install/tr1200_base/share/tr1200_base/environment/ament_prefix_path.dsv
-- Installing: /home/ncpa/tr1200_ws/install/tr1200_base/share/tr1200_base/environment/path.sh
-- Installing: /home/ncpa/tr1200_ws/install/tr1200_base/share/tr1200_base/environment/path.dsv
-- Installing: /home/ncpa/tr1200_ws/install/tr1200_base/share/tr1200_base/local_setup.bash
-- Installing: /home/ncpa/tr1200_ws/install/tr1200_base/share/tr1200_base/local_setup.sh
-- Installing: /home/ncpa/tr1200_ws/install/tr1200_base/share/tr1200_base/local_setup.zsh
-- Installing: /home/ncpa/tr1200_ws/install/tr1200_base/share/tr1200_base/local_setup.dsv
-- Installing: /home/ncpa/tr1200_ws/install/tr1200_base/share/tr1200_base/package.dsv
-- Installing: /home/ncpa/tr1200_ws/install/tr1200_base/share/ament_index/resource_index/packages/tr1200_base
-- Installing: /home/ncpa/tr1200_ws/install/tr1200_base/share/ament_index/resource_index/hardware_interface__pluginlib__plugin/tr1200_base
-- Installing: /home/ncpa/tr1200_ws/install/tr1200_base/share/tr1200_base/cmake/tr1200_baseConfig.cmake
-- Installing: /home/ncpa/tr1200_ws/install/tr1200_base/share/tr1200_base/cmake/tr1200_baseConfig-version.cmake
-- Installing: /home/ncpa/tr1200_ws/install/tr1200_base/share/tr1200_base/package.xml
