[1.032s] Invoking command in '/home/ncpa/tr1200_ws/build/tr1200_base': CMAKE_PREFIX_PATH=/opt/ros/humble /usr/bin/cmake /home/ncpa/tr1200_ws/tr1200_ros/tr1200_base -DCMAKE_INSTALL_PREFIX=/home/ncpa/tr1200_ws/install/tr1200_base
[1.075s] -- Found ament_cmake: 1.3.10 (/opt/ros/humble/share/ament_cmake/cmake)
[1.640s] -- Found Python3: /usr/bin/python3 (found version "3.10.12") found components: Interpreter 
[2.029s] -- Found hardware_interface: 2.43.1 (/opt/ros/humble/share/hardware_interface/cmake)
[2.191s] -- Found rosidl_generator_c: 3.1.5 (/opt/ros/humble/share/rosidl_generator_c/cmake)
[2.211s] -- Found rosidl_adapter: 3.1.5 (/opt/ros/humble/share/rosidl_adapter/cmake)
[2.254s] -- Found rosidl_generator_cpp: 3.1.5 (/opt/ros/humble/share/rosidl_generator_cpp/cmake)
[2.314s] -- Using all available rosidl_typesupport_c: rosidl_typesupport_fastrtps_c;rosidl_typesupport_introspection_c
[2.381s] -- Using all available rosidl_typesupport_cpp: rosidl_typesupport_fastrtps_cpp;rosidl_typesupport_introspection_cpp
[3.279s] -- Found rmw_implementation_cmake: 6.1.2 (/opt/ros/humble/share/rmw_implementation_cmake/cmake)
[3.289s] -- Found rmw_fastrtps_cpp: 6.2.7 (/opt/ros/humble/share/rmw_fastrtps_cpp/cmake)
[3.399s] -- Found TinyXML2 via Config file: TinyXML2_DIR-NOTFOUND
[3.578s] -- Found OpenSSL: /usr/lib/x86_64-linux-gnu/libcrypto.so (found version "3.0.2")  
[3.590s] -- Found TinyXML2 via Config file: TinyXML2_DIR-NOTFOUND
[3.628s] -- Found FastRTPS: /opt/ros/humble/include  
[3.638s] -- Found TinyXML2 via Config file: TinyXML2_DIR-NOTFOUND
[3.661s] -- Found TinyXML2 via Config file: TinyXML2_DIR-NOTFOUND
[3.688s] -- Using RMW implementation 'rmw_fastrtps_cpp' as default
[3.721s] -- Looking for pthread.h
[3.950s] -- Looking for pthread.h - found
[3.950s] -- Performing Test CMAKE_HAVE_LIBC_PTHREAD
[4.196s] -- Performing Test CMAKE_HAVE_LIBC_PTHREAD - Success
[4.199s] -- Found Threads: TRUE  
[4.417s] -- Found ament_lint_auto: 0.12.11 (/opt/ros/humble/share/ament_lint_auto/cmake)
[4.687s] -- Added test 'copyright' to check source files copyright and LICENSE
[4.691s] -- Added test 'cppcheck' to perform static code analysis on C / C++ code
[4.692s] -- Configured cppcheck include dirs: /home/ncpa/tr1200_ws/tr1200_ros/tr1200_base/include
[4.692s] -- Configured cppcheck exclude dirs and/or files: 
[4.695s] -- Added test 'cpplint' to check C / C++ code against the Google style
[4.695s] -- Configured cpplint exclude dirs and/or files: 
[4.698s] -- Added test 'lint_cmake' to check CMake code style
[4.701s] -- Added test 'uncrustify' to check C / C++ code style
[4.704s] -- Configured uncrustify additional arguments: 
[4.704s] -- Added test 'xmllint' to check XML markup files
[4.706s] -- Configuring done
[4.860s] -- Generating done
[4.866s] -- Build files have been written to: /home/ncpa/tr1200_ws/build/tr1200_base
[4.892s] Invoked command in '/home/ncpa/tr1200_ws/build/tr1200_base' returned '0': CMAKE_PREFIX_PATH=/opt/ros/humble /usr/bin/cmake /home/ncpa/tr1200_ws/tr1200_ros/tr1200_base -DCMAKE_INSTALL_PREFIX=/home/ncpa/tr1200_ws/install/tr1200_base
[4.898s] Invoking command in '/home/ncpa/tr1200_ws/build/tr1200_base': CMAKE_PREFIX_PATH=/opt/ros/humble /usr/bin/cmake --build /home/ncpa/tr1200_ws/build/tr1200_base -- -j4 -l4
[5.024s] [ 50%] [32mBuilding CXX object CMakeFiles/tr1200_base.dir/src/hardware.cpp.o[0m
[19.158s] In file included from [01m[K/home/ncpa/tr1200_ws/tr1200_ros/tr1200_base/include/tr1200_base/driver.hpp:49[m[K,
[19.158s]                  from [01m[K/home/ncpa/tr1200_ws/tr1200_ros/tr1200_base/include/tr1200_base/hardware.hpp:44[m[K,
[19.159s]                  from [01m[K/home/ncpa/tr1200_ws/tr1200_ros/tr1200_base/src/hardware.cpp:29[m[K:
[19.159s] [01m[K/home/ncpa/tr1200_ws/tr1200_ros/tr1200_base/include/tr1200_base/logging.hpp:69:14:[m[K [01;35m[Kwarning: [m[K‘[01m[Ktr1200_driver::logging::_level[m[K’ defined but not used [[01;35m[K]8;;https://gcc.gnu.org/onlinedocs/gcc/Warning-Options.html#index-Wunused-variable-Wunused-variable]8;;[m[K]
[19.160s]    69 | static Level [01;35m[K_level[m[K = Level::INFO;
[19.160s]       |              [01;35m[K^~~~~~[m[K
[25.442s] [100%] [32m[1mLinking CXX shared library libtr1200_base.so[0m
[27.044s] [100%] Built target tr1200_base
[27.078s] Invoked command in '/home/ncpa/tr1200_ws/build/tr1200_base' returned '0': CMAKE_PREFIX_PATH=/opt/ros/humble /usr/bin/cmake --build /home/ncpa/tr1200_ws/build/tr1200_base -- -j4 -l4
[27.150s] Invoking command in '/home/ncpa/tr1200_ws/build/tr1200_base': CMAKE_PREFIX_PATH=/opt/ros/humble /usr/bin/cmake --install /home/ncpa/tr1200_ws/build/tr1200_base
[27.169s] -- Install configuration: ""
[27.170s] -- Installing: /home/ncpa/tr1200_ws/install/tr1200_base/share/tr1200_base/tr1200_base.xml
[27.170s] -- Installing: /home/ncpa/tr1200_ws/install/tr1200_base/include
[27.171s] -- Installing: /home/ncpa/tr1200_ws/install/tr1200_base/include/tr1200_base
[27.171s] -- Installing: /home/ncpa/tr1200_ws/install/tr1200_base/include/tr1200_base/can.hpp
[27.171s] -- Installing: /home/ncpa/tr1200_ws/install/tr1200_base/include/tr1200_base/logging.hpp
[27.172s] -- Installing: /home/ncpa/tr1200_ws/install/tr1200_base/include/tr1200_base/hardware.hpp
[27.172s] -- Installing: /home/ncpa/tr1200_ws/install/tr1200_base/include/tr1200_base/driver.hpp
[27.172s] -- Installing: /home/ncpa/tr1200_ws/install/tr1200_base/include/tr1200_base/driver_version.hpp
[27.173s] -- Installing: /home/ncpa/tr1200_ws/install/tr1200_base/lib/libtr1200_base.so
[27.178s] -- Set runtime path of "/home/ncpa/tr1200_ws/install/tr1200_base/lib/libtr1200_base.so" to ""
[27.178s] -- Installing: /home/ncpa/tr1200_ws/install/tr1200_base/lib/libtr1200_driver.so
[27.179s] -- Installing: /home/ncpa/tr1200_ws/install/tr1200_base/share/ament_index/resource_index/package_run_dependencies/tr1200_base
[27.180s] -- Installing: /home/ncpa/tr1200_ws/install/tr1200_base/share/ament_index/resource_index/parent_prefix_path/tr1200_base
[27.180s] -- Installing: /home/ncpa/tr1200_ws/install/tr1200_base/share/tr1200_base/environment/ament_prefix_path.sh
[27.181s] -- Installing: /home/ncpa/tr1200_ws/install/tr1200_base/share/tr1200_base/environment/ament_prefix_path.dsv
[27.181s] -- Installing: /home/ncpa/tr1200_ws/install/tr1200_base/share/tr1200_base/environment/path.sh
[27.182s] -- Installing: /home/ncpa/tr1200_ws/install/tr1200_base/share/tr1200_base/environment/path.dsv
[27.182s] -- Installing: /home/ncpa/tr1200_ws/install/tr1200_base/share/tr1200_base/local_setup.bash
[27.182s] -- Installing: /home/ncpa/tr1200_ws/install/tr1200_base/share/tr1200_base/local_setup.sh
[27.183s] -- Installing: /home/ncpa/tr1200_ws/install/tr1200_base/share/tr1200_base/local_setup.zsh
[27.183s] -- Installing: /home/ncpa/tr1200_ws/install/tr1200_base/share/tr1200_base/local_setup.dsv
[27.183s] -- Installing: /home/ncpa/tr1200_ws/install/tr1200_base/share/tr1200_base/package.dsv
[27.184s] -- Installing: /home/ncpa/tr1200_ws/install/tr1200_base/share/ament_index/resource_index/packages/tr1200_base
[27.184s] -- Installing: /home/ncpa/tr1200_ws/install/tr1200_base/share/ament_index/resource_index/hardware_interface__pluginlib__plugin/tr1200_base
[27.185s] -- Installing: /home/ncpa/tr1200_ws/install/tr1200_base/share/tr1200_base/cmake/tr1200_baseConfig.cmake
[27.185s] -- Installing: /home/ncpa/tr1200_ws/install/tr1200_base/share/tr1200_base/cmake/tr1200_baseConfig-version.cmake
[27.185s] -- Installing: /home/ncpa/tr1200_ws/install/tr1200_base/share/tr1200_base/package.xml
[27.190s] Invoked command in '/home/ncpa/tr1200_ws/build/tr1200_base' returned '0': CMAKE_PREFIX_PATH=/opt/ros/humble /usr/bin/cmake --install /home/ncpa/tr1200_ws/build/tr1200_base
