[ 50%] [32mBuilding CXX object CMakeFiles/tr1200_base.dir/src/hardware.cpp.o[0m
[100%] [32m[1mLinking CXX shared library libtr1200_base.so[0m
[100%] Built target tr1200_base
-- Install configuration: ""
-- Up-to-date: /home/ncpa/tr1200_ws/install/tr1200_base/share/tr1200_base/tr1200_base.xml
-- Up-to-date: /home/ncpa/tr1200_ws/install/tr1200_base/include
-- Up-to-date: /home/ncpa/tr1200_ws/install/tr1200_base/include/tr1200_base
-- Up-to-date: /home/ncpa/tr1200_ws/install/tr1200_base/include/tr1200_base/can.hpp
-- Up-to-date: /home/ncpa/tr1200_ws/install/tr1200_base/include/tr1200_base/logging.hpp
-- Up-to-date: /home/ncpa/tr1200_ws/install/tr1200_base/include/tr1200_base/hardware.hpp
-- Up-to-date: /home/ncpa/tr1200_ws/install/tr1200_base/include/tr1200_base/driver.hpp
-- Up-to-date: /home/ncpa/tr1200_ws/install/tr1200_base/include/tr1200_base/driver_version.hpp
-- Installing: /home/ncpa/tr1200_ws/install/tr1200_base/lib/libtr1200_base.so
-- Set runtime path of "/home/ncpa/tr1200_ws/install/tr1200_base/lib/libtr1200_base.so" to ""
-- Up-to-date: /home/ncpa/tr1200_ws/install/tr1200_base/lib/libtr1200_driver.so
-- Up-to-date: /home/ncpa/tr1200_ws/install/tr1200_base/share/ament_index/resource_index/package_run_dependencies/tr1200_base
-- Up-to-date: /home/ncpa/tr1200_ws/install/tr1200_base/share/ament_index/resource_index/parent_prefix_path/tr1200_base
-- Up-to-date: /home/ncpa/tr1200_ws/install/tr1200_base/share/tr1200_base/environment/ament_prefix_path.sh
-- Up-to-date: /home/ncpa/tr1200_ws/install/tr1200_base/share/tr1200_base/environment/ament_prefix_path.dsv
-- Up-to-date: /home/ncpa/tr1200_ws/install/tr1200_base/share/tr1200_base/environment/path.sh
-- Up-to-date: /home/ncpa/tr1200_ws/install/tr1200_base/share/tr1200_base/environment/path.dsv
-- Up-to-date: /home/ncpa/tr1200_ws/install/tr1200_base/share/tr1200_base/local_setup.bash
-- Up-to-date: /home/ncpa/tr1200_ws/install/tr1200_base/share/tr1200_base/local_setup.sh
-- Up-to-date: /home/ncpa/tr1200_ws/install/tr1200_base/share/tr1200_base/local_setup.zsh
-- Up-to-date: /home/ncpa/tr1200_ws/install/tr1200_base/share/tr1200_base/local_setup.dsv
-- Installing: /home/ncpa/tr1200_ws/install/tr1200_base/share/tr1200_base/package.dsv
-- Up-to-date: /home/ncpa/tr1200_ws/install/tr1200_base/share/ament_index/resource_index/packages/tr1200_base
-- Up-to-date: /home/ncpa/tr1200_ws/install/tr1200_base/share/ament_index/resource_index/hardware_interface__pluginlib__plugin/tr1200_base
-- Up-to-date: /home/ncpa/tr1200_ws/install/tr1200_base/share/tr1200_base/cmake/tr1200_baseConfig.cmake
-- Up-to-date: /home/ncpa/tr1200_ws/install/tr1200_base/share/tr1200_base/cmake/tr1200_baseConfig-version.cmake
-- Up-to-date: /home/ncpa/tr1200_ws/install/tr1200_base/share/tr1200_base/package.xml
